[2022-10-05T08:54:27.175+0000] {processor.py:156} INFO - Started process (PID=224) to work on /home/airflow/.local/lib/python3.7/site-packages/airflow/example_dags/example_xcom.py
[2022-10-05T08:54:27.176+0000] {processor.py:758} INFO - Processing file /home/airflow/.local/lib/python3.7/site-packages/airflow/example_dags/example_xcom.py for tasks to queue
[2022-10-05T08:54:27.176+0000] {logging_mixin.py:117} INFO - [2022-10-05T08:54:27.176+0000] {dagbag.py:525} INFO - Filling up the DagBag from /home/airflow/.local/lib/python3.7/site-packages/airflow/example_dags/example_xcom.py
[2022-10-05T08:54:27.195+0000] {processor.py:768} INFO - DAG(s) dict_keys(['example_xcom']) retrieved from /home/airflow/.local/lib/python3.7/site-packages/airflow/example_dags/example_xcom.py
[2022-10-05T08:54:27.218+0000] {logging_mixin.py:117} INFO - [2022-10-05T08:54:27.218+0000] {dag.py:2573} INFO - Sync 1 DAGs
[2022-10-05T08:54:27.237+0000] {logging_mixin.py:117} INFO - [2022-10-05T08:54:27.237+0000] {dag.py:3328} INFO - Setting next_dagrun for example_xcom to 2021-01-01T00:00:00+00:00, run_after=2021-01-01T00:00:00+00:00
[2022-10-05T08:54:27.251+0000] {processor.py:178} INFO - Processing /home/airflow/.local/lib/python3.7/site-packages/airflow/example_dags/example_xcom.py took 0.077 seconds
[2022-10-05T08:54:58.327+0000] {processor.py:156} INFO - Started process (PID=431) to work on /home/airflow/.local/lib/python3.7/site-packages/airflow/example_dags/example_xcom.py
[2022-10-05T08:54:58.328+0000] {processor.py:758} INFO - Processing file /home/airflow/.local/lib/python3.7/site-packages/airflow/example_dags/example_xcom.py for tasks to queue
[2022-10-05T08:54:58.328+0000] {logging_mixin.py:117} INFO - [2022-10-05T08:54:58.328+0000] {dagbag.py:525} INFO - Filling up the DagBag from /home/airflow/.local/lib/python3.7/site-packages/airflow/example_dags/example_xcom.py
[2022-10-05T08:54:58.350+0000] {processor.py:768} INFO - DAG(s) dict_keys(['example_xcom']) retrieved from /home/airflow/.local/lib/python3.7/site-packages/airflow/example_dags/example_xcom.py
[2022-10-05T08:54:58.381+0000] {logging_mixin.py:117} INFO - [2022-10-05T08:54:58.381+0000] {dag.py:2573} INFO - Sync 1 DAGs
[2022-10-05T08:54:58.401+0000] {logging_mixin.py:117} INFO - [2022-10-05T08:54:58.401+0000] {dag.py:3328} INFO - Setting next_dagrun for example_xcom to 2021-01-01T00:00:00+00:00, run_after=2021-01-01T00:00:00+00:00
[2022-10-05T08:54:58.500+0000] {processor.py:178} INFO - Processing /home/airflow/.local/lib/python3.7/site-packages/airflow/example_dags/example_xcom.py took 0.175 seconds
[2022-10-05T08:55:29.012+0000] {processor.py:156} INFO - Started process (PID=639) to work on /home/airflow/.local/lib/python3.7/site-packages/airflow/example_dags/example_xcom.py
[2022-10-05T08:55:29.013+0000] {processor.py:758} INFO - Processing file /home/airflow/.local/lib/python3.7/site-packages/airflow/example_dags/example_xcom.py for tasks to queue
[2022-10-05T08:55:29.014+0000] {logging_mixin.py:117} INFO - [2022-10-05T08:55:29.014+0000] {dagbag.py:525} INFO - Filling up the DagBag from /home/airflow/.local/lib/python3.7/site-packages/airflow/example_dags/example_xcom.py
[2022-10-05T08:55:29.033+0000] {processor.py:768} INFO - DAG(s) dict_keys(['example_xcom']) retrieved from /home/airflow/.local/lib/python3.7/site-packages/airflow/example_dags/example_xcom.py
[2022-10-05T08:55:29.064+0000] {logging_mixin.py:117} INFO - [2022-10-05T08:55:29.064+0000] {dag.py:2573} INFO - Sync 1 DAGs
[2022-10-05T08:55:29.168+0000] {logging_mixin.py:117} INFO - [2022-10-05T08:55:29.168+0000] {dag.py:3328} INFO - Setting next_dagrun for example_xcom to 2021-01-01T00:00:00+00:00, run_after=2021-01-01T00:00:00+00:00
[2022-10-05T08:55:29.181+0000] {processor.py:178} INFO - Processing /home/airflow/.local/lib/python3.7/site-packages/airflow/example_dags/example_xcom.py took 0.171 seconds
[2022-10-05T08:55:59.992+0000] {processor.py:156} INFO - Started process (PID=846) to work on /home/airflow/.local/lib/python3.7/site-packages/airflow/example_dags/example_xcom.py
[2022-10-05T08:55:59.993+0000] {processor.py:758} INFO - Processing file /home/airflow/.local/lib/python3.7/site-packages/airflow/example_dags/example_xcom.py for tasks to queue
[2022-10-05T08:55:59.993+0000] {logging_mixin.py:117} INFO - [2022-10-05T08:55:59.993+0000] {dagbag.py:525} INFO - Filling up the DagBag from /home/airflow/.local/lib/python3.7/site-packages/airflow/example_dags/example_xcom.py
[2022-10-05T08:56:00.013+0000] {processor.py:768} INFO - DAG(s) dict_keys(['example_xcom']) retrieved from /home/airflow/.local/lib/python3.7/site-packages/airflow/example_dags/example_xcom.py
[2022-10-05T08:56:00.128+0000] {logging_mixin.py:117} INFO - [2022-10-05T08:56:00.128+0000] {dag.py:2573} INFO - Sync 1 DAGs
[2022-10-05T08:56:00.146+0000] {logging_mixin.py:117} INFO - [2022-10-05T08:56:00.146+0000] {dag.py:3328} INFO - Setting next_dagrun for example_xcom to 2021-01-01T00:00:00+00:00, run_after=2021-01-01T00:00:00+00:00
[2022-10-05T08:56:00.160+0000] {processor.py:178} INFO - Processing /home/airflow/.local/lib/python3.7/site-packages/airflow/example_dags/example_xcom.py took 0.170 seconds
[2022-10-05T08:56:30.956+0000] {processor.py:156} INFO - Started process (PID=1044) to work on /home/airflow/.local/lib/python3.7/site-packages/airflow/example_dags/example_xcom.py
[2022-10-05T08:56:30.956+0000] {processor.py:758} INFO - Processing file /home/airflow/.local/lib/python3.7/site-packages/airflow/example_dags/example_xcom.py for tasks to queue
[2022-10-05T08:56:30.957+0000] {logging_mixin.py:117} INFO - [2022-10-05T08:56:30.957+0000] {dagbag.py:525} INFO - Filling up the DagBag from /home/airflow/.local/lib/python3.7/site-packages/airflow/example_dags/example_xcom.py
[2022-10-05T08:56:30.976+0000] {processor.py:768} INFO - DAG(s) dict_keys(['example_xcom']) retrieved from /home/airflow/.local/lib/python3.7/site-packages/airflow/example_dags/example_xcom.py
[2022-10-05T08:56:31.093+0000] {logging_mixin.py:117} INFO - [2022-10-05T08:56:31.093+0000] {dag.py:2573} INFO - Sync 1 DAGs
[2022-10-05T08:56:31.111+0000] {logging_mixin.py:117} INFO - [2022-10-05T08:56:31.110+0000] {dag.py:3328} INFO - Setting next_dagrun for example_xcom to 2021-01-01T00:00:00+00:00, run_after=2021-01-01T00:00:00+00:00
[2022-10-05T08:56:31.124+0000] {processor.py:178} INFO - Processing /home/airflow/.local/lib/python3.7/site-packages/airflow/example_dags/example_xcom.py took 0.171 seconds
[2022-10-05T08:57:02.022+0000] {processor.py:156} INFO - Started process (PID=1251) to work on /home/airflow/.local/lib/python3.7/site-packages/airflow/example_dags/example_xcom.py
[2022-10-05T08:57:02.023+0000] {processor.py:758} INFO - Processing file /home/airflow/.local/lib/python3.7/site-packages/airflow/example_dags/example_xcom.py for tasks to queue
[2022-10-05T08:57:02.023+0000] {logging_mixin.py:117} INFO - [2022-10-05T08:57:02.023+0000] {dagbag.py:525} INFO - Filling up the DagBag from /home/airflow/.local/lib/python3.7/site-packages/airflow/example_dags/example_xcom.py
[2022-10-05T08:57:02.128+0000] {processor.py:768} INFO - DAG(s) dict_keys(['example_xcom']) retrieved from /home/airflow/.local/lib/python3.7/site-packages/airflow/example_dags/example_xcom.py
[2022-10-05T08:57:02.156+0000] {logging_mixin.py:117} INFO - [2022-10-05T08:57:02.155+0000] {dag.py:2573} INFO - Sync 1 DAGs
[2022-10-05T08:57:02.174+0000] {logging_mixin.py:117} INFO - [2022-10-05T08:57:02.174+0000] {dag.py:3328} INFO - Setting next_dagrun for example_xcom to 2021-01-01T00:00:00+00:00, run_after=2021-01-01T00:00:00+00:00
[2022-10-05T08:57:02.187+0000] {processor.py:178} INFO - Processing /home/airflow/.local/lib/python3.7/site-packages/airflow/example_dags/example_xcom.py took 0.167 seconds
[2022-10-05T08:57:32.595+0000] {processor.py:156} INFO - Started process (PID=1456) to work on /home/airflow/.local/lib/python3.7/site-packages/airflow/example_dags/example_xcom.py
[2022-10-05T08:57:32.596+0000] {processor.py:758} INFO - Processing file /home/airflow/.local/lib/python3.7/site-packages/airflow/example_dags/example_xcom.py for tasks to queue
[2022-10-05T08:57:32.596+0000] {logging_mixin.py:117} INFO - [2022-10-05T08:57:32.596+0000] {dagbag.py:525} INFO - Filling up the DagBag from /home/airflow/.local/lib/python3.7/site-packages/airflow/example_dags/example_xcom.py
[2022-10-05T08:57:32.699+0000] {processor.py:768} INFO - DAG(s) dict_keys(['example_xcom']) retrieved from /home/airflow/.local/lib/python3.7/site-packages/airflow/example_dags/example_xcom.py
[2022-10-05T08:57:32.727+0000] {logging_mixin.py:117} INFO - [2022-10-05T08:57:32.726+0000] {dag.py:2573} INFO - Sync 1 DAGs
[2022-10-05T08:57:32.745+0000] {logging_mixin.py:117} INFO - [2022-10-05T08:57:32.745+0000] {dag.py:3328} INFO - Setting next_dagrun for example_xcom to 2021-01-01T00:00:00+00:00, run_after=2021-01-01T00:00:00+00:00
[2022-10-05T08:57:32.759+0000] {processor.py:178} INFO - Processing /home/airflow/.local/lib/python3.7/site-packages/airflow/example_dags/example_xcom.py took 0.165 seconds
[2022-10-05T08:58:03.029+0000] {processor.py:156} INFO - Started process (PID=1665) to work on /home/airflow/.local/lib/python3.7/site-packages/airflow/example_dags/example_xcom.py
[2022-10-05T08:58:03.030+0000] {processor.py:758} INFO - Processing file /home/airflow/.local/lib/python3.7/site-packages/airflow/example_dags/example_xcom.py for tasks to queue
[2022-10-05T08:58:03.030+0000] {logging_mixin.py:117} INFO - [2022-10-05T08:58:03.030+0000] {dagbag.py:525} INFO - Filling up the DagBag from /home/airflow/.local/lib/python3.7/site-packages/airflow/example_dags/example_xcom.py
[2022-10-05T08:58:03.049+0000] {processor.py:768} INFO - DAG(s) dict_keys(['example_xcom']) retrieved from /home/airflow/.local/lib/python3.7/site-packages/airflow/example_dags/example_xcom.py
[2022-10-05T08:58:03.080+0000] {logging_mixin.py:117} INFO - [2022-10-05T08:58:03.080+0000] {dag.py:2573} INFO - Sync 1 DAGs
[2022-10-05T08:58:03.099+0000] {logging_mixin.py:117} INFO - [2022-10-05T08:58:03.099+0000] {dag.py:3328} INFO - Setting next_dagrun for example_xcom to 2021-01-01T00:00:00+00:00, run_after=2021-01-01T00:00:00+00:00
[2022-10-05T08:58:03.113+0000] {processor.py:178} INFO - Processing /home/airflow/.local/lib/python3.7/site-packages/airflow/example_dags/example_xcom.py took 0.085 seconds
[2022-10-05T08:58:33.531+0000] {processor.py:156} INFO - Started process (PID=1872) to work on /home/airflow/.local/lib/python3.7/site-packages/airflow/example_dags/example_xcom.py
[2022-10-05T08:58:33.531+0000] {processor.py:758} INFO - Processing file /home/airflow/.local/lib/python3.7/site-packages/airflow/example_dags/example_xcom.py for tasks to queue
[2022-10-05T08:58:33.532+0000] {logging_mixin.py:117} INFO - [2022-10-05T08:58:33.532+0000] {dagbag.py:525} INFO - Filling up the DagBag from /home/airflow/.local/lib/python3.7/site-packages/airflow/example_dags/example_xcom.py
[2022-10-05T08:58:33.551+0000] {processor.py:768} INFO - DAG(s) dict_keys(['example_xcom']) retrieved from /home/airflow/.local/lib/python3.7/site-packages/airflow/example_dags/example_xcom.py
[2022-10-05T08:58:33.583+0000] {logging_mixin.py:117} INFO - [2022-10-05T08:58:33.583+0000] {dag.py:2573} INFO - Sync 1 DAGs
[2022-10-05T08:58:33.602+0000] {logging_mixin.py:117} INFO - [2022-10-05T08:58:33.602+0000] {dag.py:3328} INFO - Setting next_dagrun for example_xcom to 2021-01-01T00:00:00+00:00, run_after=2021-01-01T00:00:00+00:00
[2022-10-05T08:58:33.617+0000] {processor.py:178} INFO - Processing /home/airflow/.local/lib/python3.7/site-packages/airflow/example_dags/example_xcom.py took 0.088 seconds
[2022-10-05T08:59:03.991+0000] {processor.py:156} INFO - Started process (PID=2070) to work on /home/airflow/.local/lib/python3.7/site-packages/airflow/example_dags/example_xcom.py
[2022-10-05T08:59:03.992+0000] {processor.py:758} INFO - Processing file /home/airflow/.local/lib/python3.7/site-packages/airflow/example_dags/example_xcom.py for tasks to queue
[2022-10-05T08:59:03.992+0000] {logging_mixin.py:117} INFO - [2022-10-05T08:59:03.992+0000] {dagbag.py:525} INFO - Filling up the DagBag from /home/airflow/.local/lib/python3.7/site-packages/airflow/example_dags/example_xcom.py
[2022-10-05T08:59:04.011+0000] {processor.py:768} INFO - DAG(s) dict_keys(['example_xcom']) retrieved from /home/airflow/.local/lib/python3.7/site-packages/airflow/example_dags/example_xcom.py
[2022-10-05T08:59:04.043+0000] {logging_mixin.py:117} INFO - [2022-10-05T08:59:04.043+0000] {dag.py:2573} INFO - Sync 1 DAGs
[2022-10-05T08:59:04.062+0000] {logging_mixin.py:117} INFO - [2022-10-05T08:59:04.062+0000] {dag.py:3328} INFO - Setting next_dagrun for example_xcom to 2021-01-01T00:00:00+00:00, run_after=2021-01-01T00:00:00+00:00
[2022-10-05T08:59:04.076+0000] {processor.py:178} INFO - Processing /home/airflow/.local/lib/python3.7/site-packages/airflow/example_dags/example_xcom.py took 0.087 seconds
[2022-10-05T08:59:34.376+0000] {processor.py:156} INFO - Started process (PID=2277) to work on /home/airflow/.local/lib/python3.7/site-packages/airflow/example_dags/example_xcom.py
[2022-10-05T08:59:34.377+0000] {processor.py:758} INFO - Processing file /home/airflow/.local/lib/python3.7/site-packages/airflow/example_dags/example_xcom.py for tasks to queue
[2022-10-05T08:59:34.377+0000] {logging_mixin.py:117} INFO - [2022-10-05T08:59:34.377+0000] {dagbag.py:525} INFO - Filling up the DagBag from /home/airflow/.local/lib/python3.7/site-packages/airflow/example_dags/example_xcom.py
[2022-10-05T08:59:34.396+0000] {processor.py:768} INFO - DAG(s) dict_keys(['example_xcom']) retrieved from /home/airflow/.local/lib/python3.7/site-packages/airflow/example_dags/example_xcom.py
[2022-10-05T08:59:34.428+0000] {logging_mixin.py:117} INFO - [2022-10-05T08:59:34.428+0000] {dag.py:2573} INFO - Sync 1 DAGs
[2022-10-05T08:59:34.448+0000] {logging_mixin.py:117} INFO - [2022-10-05T08:59:34.448+0000] {dag.py:3328} INFO - Setting next_dagrun for example_xcom to 2021-01-01T00:00:00+00:00, run_after=2021-01-01T00:00:00+00:00
[2022-10-05T08:59:34.462+0000] {processor.py:178} INFO - Processing /home/airflow/.local/lib/python3.7/site-packages/airflow/example_dags/example_xcom.py took 0.088 seconds
[2022-10-05T09:00:04.821+0000] {processor.py:156} INFO - Started process (PID=2484) to work on /home/airflow/.local/lib/python3.7/site-packages/airflow/example_dags/example_xcom.py
[2022-10-05T09:00:04.822+0000] {processor.py:758} INFO - Processing file /home/airflow/.local/lib/python3.7/site-packages/airflow/example_dags/example_xcom.py for tasks to queue
[2022-10-05T09:00:04.822+0000] {logging_mixin.py:117} INFO - [2022-10-05T09:00:04.822+0000] {dagbag.py:525} INFO - Filling up the DagBag from /home/airflow/.local/lib/python3.7/site-packages/airflow/example_dags/example_xcom.py
[2022-10-05T09:00:04.841+0000] {processor.py:768} INFO - DAG(s) dict_keys(['example_xcom']) retrieved from /home/airflow/.local/lib/python3.7/site-packages/airflow/example_dags/example_xcom.py
[2022-10-05T09:00:04.873+0000] {logging_mixin.py:117} INFO - [2022-10-05T09:00:04.873+0000] {dag.py:2573} INFO - Sync 1 DAGs
[2022-10-05T09:00:04.892+0000] {logging_mixin.py:117} INFO - [2022-10-05T09:00:04.892+0000] {dag.py:3328} INFO - Setting next_dagrun for example_xcom to 2021-01-01T00:00:00+00:00, run_after=2021-01-01T00:00:00+00:00
[2022-10-05T09:00:04.905+0000] {processor.py:178} INFO - Processing /home/airflow/.local/lib/python3.7/site-packages/airflow/example_dags/example_xcom.py took 0.087 seconds
[2022-10-05T09:00:35.191+0000] {processor.py:156} INFO - Started process (PID=2691) to work on /home/airflow/.local/lib/python3.7/site-packages/airflow/example_dags/example_xcom.py
[2022-10-05T09:00:35.192+0000] {processor.py:758} INFO - Processing file /home/airflow/.local/lib/python3.7/site-packages/airflow/example_dags/example_xcom.py for tasks to queue
[2022-10-05T09:00:35.192+0000] {logging_mixin.py:117} INFO - [2022-10-05T09:00:35.192+0000] {dagbag.py:525} INFO - Filling up the DagBag from /home/airflow/.local/lib/python3.7/site-packages/airflow/example_dags/example_xcom.py
[2022-10-05T09:00:35.211+0000] {processor.py:768} INFO - DAG(s) dict_keys(['example_xcom']) retrieved from /home/airflow/.local/lib/python3.7/site-packages/airflow/example_dags/example_xcom.py
[2022-10-05T09:00:35.244+0000] {logging_mixin.py:117} INFO - [2022-10-05T09:00:35.244+0000] {dag.py:2573} INFO - Sync 1 DAGs
[2022-10-05T09:00:35.263+0000] {logging_mixin.py:117} INFO - [2022-10-05T09:00:35.263+0000] {dag.py:3328} INFO - Setting next_dagrun for example_xcom to 2021-01-01T00:00:00+00:00, run_after=2021-01-01T00:00:00+00:00
[2022-10-05T09:00:35.277+0000] {processor.py:178} INFO - Processing /home/airflow/.local/lib/python3.7/site-packages/airflow/example_dags/example_xcom.py took 0.089 seconds
[2022-10-05T09:01:05.557+0000] {processor.py:156} INFO - Started process (PID=2889) to work on /home/airflow/.local/lib/python3.7/site-packages/airflow/example_dags/example_xcom.py
[2022-10-05T09:01:05.558+0000] {processor.py:758} INFO - Processing file /home/airflow/.local/lib/python3.7/site-packages/airflow/example_dags/example_xcom.py for tasks to queue
[2022-10-05T09:01:05.558+0000] {logging_mixin.py:117} INFO - [2022-10-05T09:01:05.558+0000] {dagbag.py:525} INFO - Filling up the DagBag from /home/airflow/.local/lib/python3.7/site-packages/airflow/example_dags/example_xcom.py
[2022-10-05T09:01:05.578+0000] {processor.py:768} INFO - DAG(s) dict_keys(['example_xcom']) retrieved from /home/airflow/.local/lib/python3.7/site-packages/airflow/example_dags/example_xcom.py
[2022-10-05T09:01:05.640+0000] {logging_mixin.py:117} INFO - [2022-10-05T09:01:05.640+0000] {dag.py:2573} INFO - Sync 1 DAGs
[2022-10-05T09:01:05.660+0000] {logging_mixin.py:117} INFO - [2022-10-05T09:01:05.660+0000] {dag.py:3328} INFO - Setting next_dagrun for example_xcom to 2021-01-01T00:00:00+00:00, run_after=2021-01-01T00:00:00+00:00
[2022-10-05T09:01:05.674+0000] {processor.py:178} INFO - Processing /home/airflow/.local/lib/python3.7/site-packages/airflow/example_dags/example_xcom.py took 0.119 seconds
[2022-10-05T09:01:36.292+0000] {processor.py:156} INFO - Started process (PID=3096) to work on /home/airflow/.local/lib/python3.7/site-packages/airflow/example_dags/example_xcom.py
[2022-10-05T09:01:36.293+0000] {processor.py:758} INFO - Processing file /home/airflow/.local/lib/python3.7/site-packages/airflow/example_dags/example_xcom.py for tasks to queue
[2022-10-05T09:01:36.294+0000] {logging_mixin.py:117} INFO - [2022-10-05T09:01:36.294+0000] {dagbag.py:525} INFO - Filling up the DagBag from /home/airflow/.local/lib/python3.7/site-packages/airflow/example_dags/example_xcom.py
[2022-10-05T09:01:36.313+0000] {processor.py:768} INFO - DAG(s) dict_keys(['example_xcom']) retrieved from /home/airflow/.local/lib/python3.7/site-packages/airflow/example_dags/example_xcom.py
[2022-10-05T09:01:36.344+0000] {logging_mixin.py:117} INFO - [2022-10-05T09:01:36.344+0000] {dag.py:2573} INFO - Sync 1 DAGs
[2022-10-05T09:01:36.364+0000] {logging_mixin.py:117} INFO - [2022-10-05T09:01:36.364+0000] {dag.py:3328} INFO - Setting next_dagrun for example_xcom to 2021-01-01T00:00:00+00:00, run_after=2021-01-01T00:00:00+00:00
[2022-10-05T09:01:36.377+0000] {processor.py:178} INFO - Processing /home/airflow/.local/lib/python3.7/site-packages/airflow/example_dags/example_xcom.py took 0.087 seconds
[2022-10-05T09:02:06.843+0000] {processor.py:156} INFO - Started process (PID=3303) to work on /home/airflow/.local/lib/python3.7/site-packages/airflow/example_dags/example_xcom.py
[2022-10-05T09:02:06.844+0000] {processor.py:758} INFO - Processing file /home/airflow/.local/lib/python3.7/site-packages/airflow/example_dags/example_xcom.py for tasks to queue
[2022-10-05T09:02:06.844+0000] {logging_mixin.py:117} INFO - [2022-10-05T09:02:06.844+0000] {dagbag.py:525} INFO - Filling up the DagBag from /home/airflow/.local/lib/python3.7/site-packages/airflow/example_dags/example_xcom.py
[2022-10-05T09:02:06.863+0000] {processor.py:768} INFO - DAG(s) dict_keys(['example_xcom']) retrieved from /home/airflow/.local/lib/python3.7/site-packages/airflow/example_dags/example_xcom.py
[2022-10-05T09:02:06.896+0000] {logging_mixin.py:117} INFO - [2022-10-05T09:02:06.895+0000] {dag.py:2573} INFO - Sync 1 DAGs
[2022-10-05T09:02:06.914+0000] {logging_mixin.py:117} INFO - [2022-10-05T09:02:06.914+0000] {dag.py:3328} INFO - Setting next_dagrun for example_xcom to 2021-01-01T00:00:00+00:00, run_after=2021-01-01T00:00:00+00:00
[2022-10-05T09:02:06.928+0000] {processor.py:178} INFO - Processing /home/airflow/.local/lib/python3.7/site-packages/airflow/example_dags/example_xcom.py took 0.087 seconds
[2022-10-05T09:02:37.460+0000] {processor.py:156} INFO - Started process (PID=3510) to work on /home/airflow/.local/lib/python3.7/site-packages/airflow/example_dags/example_xcom.py
[2022-10-05T09:02:37.461+0000] {processor.py:758} INFO - Processing file /home/airflow/.local/lib/python3.7/site-packages/airflow/example_dags/example_xcom.py for tasks to queue
[2022-10-05T09:02:37.461+0000] {logging_mixin.py:117} INFO - [2022-10-05T09:02:37.461+0000] {dagbag.py:525} INFO - Filling up the DagBag from /home/airflow/.local/lib/python3.7/site-packages/airflow/example_dags/example_xcom.py
[2022-10-05T09:02:37.480+0000] {processor.py:768} INFO - DAG(s) dict_keys(['example_xcom']) retrieved from /home/airflow/.local/lib/python3.7/site-packages/airflow/example_dags/example_xcom.py
[2022-10-05T09:02:37.512+0000] {logging_mixin.py:117} INFO - [2022-10-05T09:02:37.512+0000] {dag.py:2573} INFO - Sync 1 DAGs
[2022-10-05T09:02:37.531+0000] {logging_mixin.py:117} INFO - [2022-10-05T09:02:37.531+0000] {dag.py:3328} INFO - Setting next_dagrun for example_xcom to 2021-01-01T00:00:00+00:00, run_after=2021-01-01T00:00:00+00:00
[2022-10-05T09:02:37.544+0000] {processor.py:178} INFO - Processing /home/airflow/.local/lib/python3.7/site-packages/airflow/example_dags/example_xcom.py took 0.087 seconds
[2022-10-05T09:03:07.985+0000] {processor.py:156} INFO - Started process (PID=3708) to work on /home/airflow/.local/lib/python3.7/site-packages/airflow/example_dags/example_xcom.py
[2022-10-05T09:03:07.986+0000] {processor.py:758} INFO - Processing file /home/airflow/.local/lib/python3.7/site-packages/airflow/example_dags/example_xcom.py for tasks to queue
[2022-10-05T09:03:07.986+0000] {logging_mixin.py:117} INFO - [2022-10-05T09:03:07.986+0000] {dagbag.py:525} INFO - Filling up the DagBag from /home/airflow/.local/lib/python3.7/site-packages/airflow/example_dags/example_xcom.py
[2022-10-05T09:03:08.005+0000] {processor.py:768} INFO - DAG(s) dict_keys(['example_xcom']) retrieved from /home/airflow/.local/lib/python3.7/site-packages/airflow/example_dags/example_xcom.py
[2022-10-05T09:03:08.037+0000] {logging_mixin.py:117} INFO - [2022-10-05T09:03:08.037+0000] {dag.py:2573} INFO - Sync 1 DAGs
[2022-10-05T09:03:08.056+0000] {logging_mixin.py:117} INFO - [2022-10-05T09:03:08.056+0000] {dag.py:3328} INFO - Setting next_dagrun for example_xcom to 2021-01-01T00:00:00+00:00, run_after=2021-01-01T00:00:00+00:00
[2022-10-05T09:03:08.071+0000] {processor.py:178} INFO - Processing /home/airflow/.local/lib/python3.7/site-packages/airflow/example_dags/example_xcom.py took 0.089 seconds
[2022-10-05T09:03:38.560+0000] {processor.py:156} INFO - Started process (PID=3915) to work on /home/airflow/.local/lib/python3.7/site-packages/airflow/example_dags/example_xcom.py
[2022-10-05T09:03:38.561+0000] {processor.py:758} INFO - Processing file /home/airflow/.local/lib/python3.7/site-packages/airflow/example_dags/example_xcom.py for tasks to queue
[2022-10-05T09:03:38.562+0000] {logging_mixin.py:117} INFO - [2022-10-05T09:03:38.561+0000] {dagbag.py:525} INFO - Filling up the DagBag from /home/airflow/.local/lib/python3.7/site-packages/airflow/example_dags/example_xcom.py
[2022-10-05T09:03:38.581+0000] {processor.py:768} INFO - DAG(s) dict_keys(['example_xcom']) retrieved from /home/airflow/.local/lib/python3.7/site-packages/airflow/example_dags/example_xcom.py
[2022-10-05T09:03:38.613+0000] {logging_mixin.py:117} INFO - [2022-10-05T09:03:38.612+0000] {dag.py:2573} INFO - Sync 1 DAGs
[2022-10-05T09:03:38.632+0000] {logging_mixin.py:117} INFO - [2022-10-05T09:03:38.632+0000] {dag.py:3328} INFO - Setting next_dagrun for example_xcom to 2021-01-01T00:00:00+00:00, run_after=2021-01-01T00:00:00+00:00
[2022-10-05T09:03:38.646+0000] {processor.py:178} INFO - Processing /home/airflow/.local/lib/python3.7/site-packages/airflow/example_dags/example_xcom.py took 0.087 seconds
[2022-10-05T09:04:09.138+0000] {processor.py:156} INFO - Started process (PID=4122) to work on /home/airflow/.local/lib/python3.7/site-packages/airflow/example_dags/example_xcom.py
[2022-10-05T09:04:09.139+0000] {processor.py:758} INFO - Processing file /home/airflow/.local/lib/python3.7/site-packages/airflow/example_dags/example_xcom.py for tasks to queue
[2022-10-05T09:04:09.140+0000] {logging_mixin.py:117} INFO - [2022-10-05T09:04:09.140+0000] {dagbag.py:525} INFO - Filling up the DagBag from /home/airflow/.local/lib/python3.7/site-packages/airflow/example_dags/example_xcom.py
[2022-10-05T09:04:09.159+0000] {processor.py:768} INFO - DAG(s) dict_keys(['example_xcom']) retrieved from /home/airflow/.local/lib/python3.7/site-packages/airflow/example_dags/example_xcom.py
[2022-10-05T09:04:09.191+0000] {logging_mixin.py:117} INFO - [2022-10-05T09:04:09.191+0000] {dag.py:2573} INFO - Sync 1 DAGs
[2022-10-05T09:04:09.210+0000] {logging_mixin.py:117} INFO - [2022-10-05T09:04:09.210+0000] {dag.py:3328} INFO - Setting next_dagrun for example_xcom to 2021-01-01T00:00:00+00:00, run_after=2021-01-01T00:00:00+00:00
[2022-10-05T09:04:09.224+0000] {processor.py:178} INFO - Processing /home/airflow/.local/lib/python3.7/site-packages/airflow/example_dags/example_xcom.py took 0.088 seconds
[2022-10-05T09:04:39.696+0000] {processor.py:156} INFO - Started process (PID=4329) to work on /home/airflow/.local/lib/python3.7/site-packages/airflow/example_dags/example_xcom.py
[2022-10-05T09:04:39.697+0000] {processor.py:758} INFO - Processing file /home/airflow/.local/lib/python3.7/site-packages/airflow/example_dags/example_xcom.py for tasks to queue
[2022-10-05T09:04:39.698+0000] {logging_mixin.py:117} INFO - [2022-10-05T09:04:39.698+0000] {dagbag.py:525} INFO - Filling up the DagBag from /home/airflow/.local/lib/python3.7/site-packages/airflow/example_dags/example_xcom.py
[2022-10-05T09:04:39.716+0000] {processor.py:768} INFO - DAG(s) dict_keys(['example_xcom']) retrieved from /home/airflow/.local/lib/python3.7/site-packages/airflow/example_dags/example_xcom.py
[2022-10-05T09:04:39.749+0000] {logging_mixin.py:117} INFO - [2022-10-05T09:04:39.748+0000] {dag.py:2573} INFO - Sync 1 DAGs
[2022-10-05T09:04:39.767+0000] {logging_mixin.py:117} INFO - [2022-10-05T09:04:39.767+0000] {dag.py:3328} INFO - Setting next_dagrun for example_xcom to 2021-01-01T00:00:00+00:00, run_after=2021-01-01T00:00:00+00:00
[2022-10-05T09:04:39.781+0000] {processor.py:178} INFO - Processing /home/airflow/.local/lib/python3.7/site-packages/airflow/example_dags/example_xcom.py took 0.086 seconds
[2022-10-05T09:05:10.137+0000] {processor.py:156} INFO - Started process (PID=4534) to work on /home/airflow/.local/lib/python3.7/site-packages/airflow/example_dags/example_xcom.py
[2022-10-05T09:05:10.138+0000] {processor.py:758} INFO - Processing file /home/airflow/.local/lib/python3.7/site-packages/airflow/example_dags/example_xcom.py for tasks to queue
[2022-10-05T09:05:10.138+0000] {logging_mixin.py:117} INFO - [2022-10-05T09:05:10.138+0000] {dagbag.py:525} INFO - Filling up the DagBag from /home/airflow/.local/lib/python3.7/site-packages/airflow/example_dags/example_xcom.py
[2022-10-05T09:05:10.158+0000] {processor.py:768} INFO - DAG(s) dict_keys(['example_xcom']) retrieved from /home/airflow/.local/lib/python3.7/site-packages/airflow/example_dags/example_xcom.py
[2022-10-05T09:05:10.190+0000] {logging_mixin.py:117} INFO - [2022-10-05T09:05:10.190+0000] {dag.py:2573} INFO - Sync 1 DAGs
[2022-10-05T09:05:10.210+0000] {logging_mixin.py:117} INFO - [2022-10-05T09:05:10.210+0000] {dag.py:3328} INFO - Setting next_dagrun for example_xcom to 2021-01-01T00:00:00+00:00, run_after=2021-01-01T00:00:00+00:00
[2022-10-05T09:05:10.225+0000] {processor.py:178} INFO - Processing /home/airflow/.local/lib/python3.7/site-packages/airflow/example_dags/example_xcom.py took 0.090 seconds
[2022-10-05T09:05:40.519+0000] {processor.py:156} INFO - Started process (PID=4734) to work on /home/airflow/.local/lib/python3.7/site-packages/airflow/example_dags/example_xcom.py
[2022-10-05T09:05:40.520+0000] {processor.py:758} INFO - Processing file /home/airflow/.local/lib/python3.7/site-packages/airflow/example_dags/example_xcom.py for tasks to queue
[2022-10-05T09:05:40.521+0000] {logging_mixin.py:117} INFO - [2022-10-05T09:05:40.521+0000] {dagbag.py:525} INFO - Filling up the DagBag from /home/airflow/.local/lib/python3.7/site-packages/airflow/example_dags/example_xcom.py
[2022-10-05T09:05:40.540+0000] {processor.py:768} INFO - DAG(s) dict_keys(['example_xcom']) retrieved from /home/airflow/.local/lib/python3.7/site-packages/airflow/example_dags/example_xcom.py
[2022-10-05T09:05:40.571+0000] {logging_mixin.py:117} INFO - [2022-10-05T09:05:40.571+0000] {dag.py:2573} INFO - Sync 1 DAGs
[2022-10-05T09:05:40.591+0000] {logging_mixin.py:117} INFO - [2022-10-05T09:05:40.591+0000] {dag.py:3328} INFO - Setting next_dagrun for example_xcom to 2021-01-01T00:00:00+00:00, run_after=2021-01-01T00:00:00+00:00
[2022-10-05T09:05:40.604+0000] {processor.py:178} INFO - Processing /home/airflow/.local/lib/python3.7/site-packages/airflow/example_dags/example_xcom.py took 0.087 seconds
[2022-10-05T09:06:10.986+0000] {processor.py:156} INFO - Started process (PID=4941) to work on /home/airflow/.local/lib/python3.7/site-packages/airflow/example_dags/example_xcom.py
[2022-10-05T09:06:10.987+0000] {processor.py:758} INFO - Processing file /home/airflow/.local/lib/python3.7/site-packages/airflow/example_dags/example_xcom.py for tasks to queue
[2022-10-05T09:06:10.988+0000] {logging_mixin.py:117} INFO - [2022-10-05T09:06:10.988+0000] {dagbag.py:525} INFO - Filling up the DagBag from /home/airflow/.local/lib/python3.7/site-packages/airflow/example_dags/example_xcom.py
[2022-10-05T09:06:11.007+0000] {processor.py:768} INFO - DAG(s) dict_keys(['example_xcom']) retrieved from /home/airflow/.local/lib/python3.7/site-packages/airflow/example_dags/example_xcom.py
[2022-10-05T09:06:11.040+0000] {logging_mixin.py:117} INFO - [2022-10-05T09:06:11.039+0000] {dag.py:2573} INFO - Sync 1 DAGs
[2022-10-05T09:06:11.058+0000] {logging_mixin.py:117} INFO - [2022-10-05T09:06:11.058+0000] {dag.py:3328} INFO - Setting next_dagrun for example_xcom to 2021-01-01T00:00:00+00:00, run_after=2021-01-01T00:00:00+00:00
[2022-10-05T09:06:11.072+0000] {processor.py:178} INFO - Processing /home/airflow/.local/lib/python3.7/site-packages/airflow/example_dags/example_xcom.py took 0.087 seconds
[2022-10-05T09:06:41.298+0000] {processor.py:156} INFO - Started process (PID=5148) to work on /home/airflow/.local/lib/python3.7/site-packages/airflow/example_dags/example_xcom.py
[2022-10-05T09:06:41.298+0000] {processor.py:758} INFO - Processing file /home/airflow/.local/lib/python3.7/site-packages/airflow/example_dags/example_xcom.py for tasks to queue
[2022-10-05T09:06:41.299+0000] {logging_mixin.py:117} INFO - [2022-10-05T09:06:41.299+0000] {dagbag.py:525} INFO - Filling up the DagBag from /home/airflow/.local/lib/python3.7/site-packages/airflow/example_dags/example_xcom.py
[2022-10-05T09:06:41.318+0000] {processor.py:768} INFO - DAG(s) dict_keys(['example_xcom']) retrieved from /home/airflow/.local/lib/python3.7/site-packages/airflow/example_dags/example_xcom.py
[2022-10-05T09:06:41.350+0000] {logging_mixin.py:117} INFO - [2022-10-05T09:06:41.350+0000] {dag.py:2573} INFO - Sync 1 DAGs
[2022-10-05T09:06:41.369+0000] {logging_mixin.py:117} INFO - [2022-10-05T09:06:41.369+0000] {dag.py:3328} INFO - Setting next_dagrun for example_xcom to 2021-01-01T00:00:00+00:00, run_after=2021-01-01T00:00:00+00:00
[2022-10-05T09:06:41.383+0000] {processor.py:178} INFO - Processing /home/airflow/.local/lib/python3.7/site-packages/airflow/example_dags/example_xcom.py took 0.088 seconds
[2022-10-05T09:07:11.714+0000] {processor.py:156} INFO - Started process (PID=5355) to work on /home/airflow/.local/lib/python3.7/site-packages/airflow/example_dags/example_xcom.py
[2022-10-05T09:07:11.715+0000] {processor.py:758} INFO - Processing file /home/airflow/.local/lib/python3.7/site-packages/airflow/example_dags/example_xcom.py for tasks to queue
[2022-10-05T09:07:11.715+0000] {logging_mixin.py:117} INFO - [2022-10-05T09:07:11.715+0000] {dagbag.py:525} INFO - Filling up the DagBag from /home/airflow/.local/lib/python3.7/site-packages/airflow/example_dags/example_xcom.py
[2022-10-05T09:07:11.735+0000] {processor.py:768} INFO - DAG(s) dict_keys(['example_xcom']) retrieved from /home/airflow/.local/lib/python3.7/site-packages/airflow/example_dags/example_xcom.py
[2022-10-05T09:07:11.767+0000] {logging_mixin.py:117} INFO - [2022-10-05T09:07:11.767+0000] {dag.py:2573} INFO - Sync 1 DAGs
[2022-10-05T09:07:11.787+0000] {logging_mixin.py:117} INFO - [2022-10-05T09:07:11.787+0000] {dag.py:3328} INFO - Setting next_dagrun for example_xcom to 2021-01-01T00:00:00+00:00, run_after=2021-01-01T00:00:00+00:00
[2022-10-05T09:07:11.802+0000] {processor.py:178} INFO - Processing /home/airflow/.local/lib/python3.7/site-packages/airflow/example_dags/example_xcom.py took 0.090 seconds
[2022-10-05T09:07:42.214+0000] {processor.py:156} INFO - Started process (PID=5553) to work on /home/airflow/.local/lib/python3.7/site-packages/airflow/example_dags/example_xcom.py
[2022-10-05T09:07:42.215+0000] {processor.py:758} INFO - Processing file /home/airflow/.local/lib/python3.7/site-packages/airflow/example_dags/example_xcom.py for tasks to queue
[2022-10-05T09:07:42.215+0000] {logging_mixin.py:117} INFO - [2022-10-05T09:07:42.215+0000] {dagbag.py:525} INFO - Filling up the DagBag from /home/airflow/.local/lib/python3.7/site-packages/airflow/example_dags/example_xcom.py
[2022-10-05T09:07:42.234+0000] {processor.py:768} INFO - DAG(s) dict_keys(['example_xcom']) retrieved from /home/airflow/.local/lib/python3.7/site-packages/airflow/example_dags/example_xcom.py
[2022-10-05T09:07:42.265+0000] {logging_mixin.py:117} INFO - [2022-10-05T09:07:42.265+0000] {dag.py:2573} INFO - Sync 1 DAGs
[2022-10-05T09:07:42.285+0000] {logging_mixin.py:117} INFO - [2022-10-05T09:07:42.285+0000] {dag.py:3328} INFO - Setting next_dagrun for example_xcom to 2021-01-01T00:00:00+00:00, run_after=2021-01-01T00:00:00+00:00
[2022-10-05T09:07:42.299+0000] {processor.py:178} INFO - Processing /home/airflow/.local/lib/python3.7/site-packages/airflow/example_dags/example_xcom.py took 0.088 seconds
[2022-10-05T09:08:12.606+0000] {processor.py:156} INFO - Started process (PID=5760) to work on /home/airflow/.local/lib/python3.7/site-packages/airflow/example_dags/example_xcom.py
[2022-10-05T09:08:12.606+0000] {processor.py:758} INFO - Processing file /home/airflow/.local/lib/python3.7/site-packages/airflow/example_dags/example_xcom.py for tasks to queue
[2022-10-05T09:08:12.607+0000] {logging_mixin.py:117} INFO - [2022-10-05T09:08:12.607+0000] {dagbag.py:525} INFO - Filling up the DagBag from /home/airflow/.local/lib/python3.7/site-packages/airflow/example_dags/example_xcom.py
[2022-10-05T09:08:12.625+0000] {processor.py:768} INFO - DAG(s) dict_keys(['example_xcom']) retrieved from /home/airflow/.local/lib/python3.7/site-packages/airflow/example_dags/example_xcom.py
[2022-10-05T09:08:12.658+0000] {logging_mixin.py:117} INFO - [2022-10-05T09:08:12.658+0000] {dag.py:2573} INFO - Sync 1 DAGs
[2022-10-05T09:08:12.677+0000] {logging_mixin.py:117} INFO - [2022-10-05T09:08:12.676+0000] {dag.py:3328} INFO - Setting next_dagrun for example_xcom to 2021-01-01T00:00:00+00:00, run_after=2021-01-01T00:00:00+00:00
[2022-10-05T09:08:12.690+0000] {processor.py:178} INFO - Processing /home/airflow/.local/lib/python3.7/site-packages/airflow/example_dags/example_xcom.py took 0.087 seconds
[2022-10-05T09:08:43.102+0000] {processor.py:156} INFO - Started process (PID=5967) to work on /home/airflow/.local/lib/python3.7/site-packages/airflow/example_dags/example_xcom.py
[2022-10-05T09:08:43.103+0000] {processor.py:758} INFO - Processing file /home/airflow/.local/lib/python3.7/site-packages/airflow/example_dags/example_xcom.py for tasks to queue
[2022-10-05T09:08:43.104+0000] {logging_mixin.py:117} INFO - [2022-10-05T09:08:43.104+0000] {dagbag.py:525} INFO - Filling up the DagBag from /home/airflow/.local/lib/python3.7/site-packages/airflow/example_dags/example_xcom.py
[2022-10-05T09:08:43.122+0000] {processor.py:768} INFO - DAG(s) dict_keys(['example_xcom']) retrieved from /home/airflow/.local/lib/python3.7/site-packages/airflow/example_dags/example_xcom.py
[2022-10-05T09:08:43.154+0000] {logging_mixin.py:117} INFO - [2022-10-05T09:08:43.154+0000] {dag.py:2573} INFO - Sync 1 DAGs
[2022-10-05T09:08:43.173+0000] {logging_mixin.py:117} INFO - [2022-10-05T09:08:43.172+0000] {dag.py:3328} INFO - Setting next_dagrun for example_xcom to 2021-01-01T00:00:00+00:00, run_after=2021-01-01T00:00:00+00:00
[2022-10-05T09:08:43.186+0000] {processor.py:178} INFO - Processing /home/airflow/.local/lib/python3.7/site-packages/airflow/example_dags/example_xcom.py took 0.086 seconds
[2022-10-05T09:09:13.759+0000] {processor.py:156} INFO - Started process (PID=6174) to work on /home/airflow/.local/lib/python3.7/site-packages/airflow/example_dags/example_xcom.py
[2022-10-05T09:09:13.760+0000] {processor.py:758} INFO - Processing file /home/airflow/.local/lib/python3.7/site-packages/airflow/example_dags/example_xcom.py for tasks to queue
[2022-10-05T09:09:13.761+0000] {logging_mixin.py:117} INFO - [2022-10-05T09:09:13.761+0000] {dagbag.py:525} INFO - Filling up the DagBag from /home/airflow/.local/lib/python3.7/site-packages/airflow/example_dags/example_xcom.py
[2022-10-05T09:09:13.780+0000] {processor.py:768} INFO - DAG(s) dict_keys(['example_xcom']) retrieved from /home/airflow/.local/lib/python3.7/site-packages/airflow/example_dags/example_xcom.py
[2022-10-05T09:09:13.812+0000] {logging_mixin.py:117} INFO - [2022-10-05T09:09:13.812+0000] {dag.py:2573} INFO - Sync 1 DAGs
[2022-10-05T09:09:13.831+0000] {logging_mixin.py:117} INFO - [2022-10-05T09:09:13.830+0000] {dag.py:3328} INFO - Setting next_dagrun for example_xcom to 2021-01-01T00:00:00+00:00, run_after=2021-01-01T00:00:00+00:00
[2022-10-05T09:09:13.844+0000] {processor.py:178} INFO - Processing /home/airflow/.local/lib/python3.7/site-packages/airflow/example_dags/example_xcom.py took 0.087 seconds
[2022-10-05T09:09:44.025+0000] {processor.py:156} INFO - Started process (PID=6372) to work on /home/airflow/.local/lib/python3.7/site-packages/airflow/example_dags/example_xcom.py
[2022-10-05T09:09:44.025+0000] {processor.py:758} INFO - Processing file /home/airflow/.local/lib/python3.7/site-packages/airflow/example_dags/example_xcom.py for tasks to queue
[2022-10-05T09:09:44.026+0000] {logging_mixin.py:117} INFO - [2022-10-05T09:09:44.026+0000] {dagbag.py:525} INFO - Filling up the DagBag from /home/airflow/.local/lib/python3.7/site-packages/airflow/example_dags/example_xcom.py
[2022-10-05T09:09:44.045+0000] {processor.py:768} INFO - DAG(s) dict_keys(['example_xcom']) retrieved from /home/airflow/.local/lib/python3.7/site-packages/airflow/example_dags/example_xcom.py
[2022-10-05T09:09:44.077+0000] {logging_mixin.py:117} INFO - [2022-10-05T09:09:44.077+0000] {dag.py:2573} INFO - Sync 1 DAGs
[2022-10-05T09:09:44.097+0000] {logging_mixin.py:117} INFO - [2022-10-05T09:09:44.097+0000] {dag.py:3328} INFO - Setting next_dagrun for example_xcom to 2021-01-01T00:00:00+00:00, run_after=2021-01-01T00:00:00+00:00
[2022-10-05T09:09:44.111+0000] {processor.py:178} INFO - Processing /home/airflow/.local/lib/python3.7/site-packages/airflow/example_dags/example_xcom.py took 0.089 seconds
[2022-10-05T09:10:14.438+0000] {processor.py:156} INFO - Started process (PID=6579) to work on /home/airflow/.local/lib/python3.7/site-packages/airflow/example_dags/example_xcom.py
[2022-10-05T09:10:14.439+0000] {processor.py:758} INFO - Processing file /home/airflow/.local/lib/python3.7/site-packages/airflow/example_dags/example_xcom.py for tasks to queue
[2022-10-05T09:10:14.439+0000] {logging_mixin.py:117} INFO - [2022-10-05T09:10:14.439+0000] {dagbag.py:525} INFO - Filling up the DagBag from /home/airflow/.local/lib/python3.7/site-packages/airflow/example_dags/example_xcom.py
[2022-10-05T09:10:14.458+0000] {processor.py:768} INFO - DAG(s) dict_keys(['example_xcom']) retrieved from /home/airflow/.local/lib/python3.7/site-packages/airflow/example_dags/example_xcom.py
[2022-10-05T09:10:14.491+0000] {logging_mixin.py:117} INFO - [2022-10-05T09:10:14.491+0000] {dag.py:2573} INFO - Sync 1 DAGs
[2022-10-05T09:10:14.510+0000] {logging_mixin.py:117} INFO - [2022-10-05T09:10:14.510+0000] {dag.py:3328} INFO - Setting next_dagrun for example_xcom to 2021-01-01T00:00:00+00:00, run_after=2021-01-01T00:00:00+00:00
[2022-10-05T09:10:14.524+0000] {processor.py:178} INFO - Processing /home/airflow/.local/lib/python3.7/site-packages/airflow/example_dags/example_xcom.py took 0.088 seconds
[2022-10-05T09:10:44.899+0000] {processor.py:156} INFO - Started process (PID=6786) to work on /home/airflow/.local/lib/python3.7/site-packages/airflow/example_dags/example_xcom.py
[2022-10-05T09:10:44.899+0000] {processor.py:758} INFO - Processing file /home/airflow/.local/lib/python3.7/site-packages/airflow/example_dags/example_xcom.py for tasks to queue
[2022-10-05T09:10:44.900+0000] {logging_mixin.py:117} INFO - [2022-10-05T09:10:44.900+0000] {dagbag.py:525} INFO - Filling up the DagBag from /home/airflow/.local/lib/python3.7/site-packages/airflow/example_dags/example_xcom.py
[2022-10-05T09:10:44.918+0000] {processor.py:768} INFO - DAG(s) dict_keys(['example_xcom']) retrieved from /home/airflow/.local/lib/python3.7/site-packages/airflow/example_dags/example_xcom.py
[2022-10-05T09:10:44.952+0000] {logging_mixin.py:117} INFO - [2022-10-05T09:10:44.951+0000] {dag.py:2573} INFO - Sync 1 DAGs
[2022-10-05T09:10:44.971+0000] {logging_mixin.py:117} INFO - [2022-10-05T09:10:44.970+0000] {dag.py:3328} INFO - Setting next_dagrun for example_xcom to 2021-01-01T00:00:00+00:00, run_after=2021-01-01T00:00:00+00:00
[2022-10-05T09:10:44.984+0000] {processor.py:178} INFO - Processing /home/airflow/.local/lib/python3.7/site-packages/airflow/example_dags/example_xcom.py took 0.088 seconds
[2022-10-05T09:11:15.271+0000] {processor.py:156} INFO - Started process (PID=6993) to work on /home/airflow/.local/lib/python3.7/site-packages/airflow/example_dags/example_xcom.py
[2022-10-05T09:11:15.272+0000] {processor.py:758} INFO - Processing file /home/airflow/.local/lib/python3.7/site-packages/airflow/example_dags/example_xcom.py for tasks to queue
[2022-10-05T09:11:15.272+0000] {logging_mixin.py:117} INFO - [2022-10-05T09:11:15.272+0000] {dagbag.py:525} INFO - Filling up the DagBag from /home/airflow/.local/lib/python3.7/site-packages/airflow/example_dags/example_xcom.py
[2022-10-05T09:11:15.290+0000] {processor.py:768} INFO - DAG(s) dict_keys(['example_xcom']) retrieved from /home/airflow/.local/lib/python3.7/site-packages/airflow/example_dags/example_xcom.py
[2022-10-05T09:11:15.322+0000] {logging_mixin.py:117} INFO - [2022-10-05T09:11:15.322+0000] {dag.py:2573} INFO - Sync 1 DAGs
[2022-10-05T09:11:15.341+0000] {logging_mixin.py:117} INFO - [2022-10-05T09:11:15.341+0000] {dag.py:3328} INFO - Setting next_dagrun for example_xcom to 2021-01-01T00:00:00+00:00, run_after=2021-01-01T00:00:00+00:00
[2022-10-05T09:11:15.355+0000] {processor.py:178} INFO - Processing /home/airflow/.local/lib/python3.7/site-packages/airflow/example_dags/example_xcom.py took 0.086 seconds
[2022-10-05T09:11:45.508+0000] {processor.py:156} INFO - Started process (PID=7191) to work on /home/airflow/.local/lib/python3.7/site-packages/airflow/example_dags/example_xcom.py
[2022-10-05T09:11:45.509+0000] {processor.py:758} INFO - Processing file /home/airflow/.local/lib/python3.7/site-packages/airflow/example_dags/example_xcom.py for tasks to queue
[2022-10-05T09:11:45.509+0000] {logging_mixin.py:117} INFO - [2022-10-05T09:11:45.509+0000] {dagbag.py:525} INFO - Filling up the DagBag from /home/airflow/.local/lib/python3.7/site-packages/airflow/example_dags/example_xcom.py
[2022-10-05T09:11:45.528+0000] {processor.py:768} INFO - DAG(s) dict_keys(['example_xcom']) retrieved from /home/airflow/.local/lib/python3.7/site-packages/airflow/example_dags/example_xcom.py
[2022-10-05T09:11:45.559+0000] {logging_mixin.py:117} INFO - [2022-10-05T09:11:45.559+0000] {dag.py:2573} INFO - Sync 1 DAGs
[2022-10-05T09:11:45.579+0000] {logging_mixin.py:117} INFO - [2022-10-05T09:11:45.579+0000] {dag.py:3328} INFO - Setting next_dagrun for example_xcom to 2021-01-01T00:00:00+00:00, run_after=2021-01-01T00:00:00+00:00
[2022-10-05T09:11:45.592+0000] {processor.py:178} INFO - Processing /home/airflow/.local/lib/python3.7/site-packages/airflow/example_dags/example_xcom.py took 0.087 seconds
[2022-10-05T09:12:16.012+0000] {processor.py:156} INFO - Started process (PID=7398) to work on /home/airflow/.local/lib/python3.7/site-packages/airflow/example_dags/example_xcom.py
[2022-10-05T09:12:16.013+0000] {processor.py:758} INFO - Processing file /home/airflow/.local/lib/python3.7/site-packages/airflow/example_dags/example_xcom.py for tasks to queue
[2022-10-05T09:12:16.014+0000] {logging_mixin.py:117} INFO - [2022-10-05T09:12:16.014+0000] {dagbag.py:525} INFO - Filling up the DagBag from /home/airflow/.local/lib/python3.7/site-packages/airflow/example_dags/example_xcom.py
[2022-10-05T09:12:16.033+0000] {processor.py:768} INFO - DAG(s) dict_keys(['example_xcom']) retrieved from /home/airflow/.local/lib/python3.7/site-packages/airflow/example_dags/example_xcom.py
[2022-10-05T09:12:16.066+0000] {logging_mixin.py:117} INFO - [2022-10-05T09:12:16.065+0000] {dag.py:2573} INFO - Sync 1 DAGs
[2022-10-05T09:12:16.085+0000] {logging_mixin.py:117} INFO - [2022-10-05T09:12:16.085+0000] {dag.py:3328} INFO - Setting next_dagrun for example_xcom to 2021-01-01T00:00:00+00:00, run_after=2021-01-01T00:00:00+00:00
[2022-10-05T09:12:16.099+0000] {processor.py:178} INFO - Processing /home/airflow/.local/lib/python3.7/site-packages/airflow/example_dags/example_xcom.py took 0.089 seconds
[2022-10-05T09:12:46.405+0000] {processor.py:156} INFO - Started process (PID=7605) to work on /home/airflow/.local/lib/python3.7/site-packages/airflow/example_dags/example_xcom.py
[2022-10-05T09:12:46.406+0000] {processor.py:758} INFO - Processing file /home/airflow/.local/lib/python3.7/site-packages/airflow/example_dags/example_xcom.py for tasks to queue
[2022-10-05T09:12:46.406+0000] {logging_mixin.py:117} INFO - [2022-10-05T09:12:46.406+0000] {dagbag.py:525} INFO - Filling up the DagBag from /home/airflow/.local/lib/python3.7/site-packages/airflow/example_dags/example_xcom.py
[2022-10-05T09:12:46.425+0000] {processor.py:768} INFO - DAG(s) dict_keys(['example_xcom']) retrieved from /home/airflow/.local/lib/python3.7/site-packages/airflow/example_dags/example_xcom.py
[2022-10-05T09:12:46.458+0000] {logging_mixin.py:117} INFO - [2022-10-05T09:12:46.458+0000] {dag.py:2573} INFO - Sync 1 DAGs
[2022-10-05T09:12:46.477+0000] {logging_mixin.py:117} INFO - [2022-10-05T09:12:46.477+0000] {dag.py:3328} INFO - Setting next_dagrun for example_xcom to 2021-01-01T00:00:00+00:00, run_after=2021-01-01T00:00:00+00:00
[2022-10-05T09:12:46.491+0000] {processor.py:178} INFO - Processing /home/airflow/.local/lib/python3.7/site-packages/airflow/example_dags/example_xcom.py took 0.089 seconds
[2022-10-05T09:13:16.872+0000] {processor.py:156} INFO - Started process (PID=7812) to work on /home/airflow/.local/lib/python3.7/site-packages/airflow/example_dags/example_xcom.py
[2022-10-05T09:13:16.873+0000] {processor.py:758} INFO - Processing file /home/airflow/.local/lib/python3.7/site-packages/airflow/example_dags/example_xcom.py for tasks to queue
[2022-10-05T09:13:16.873+0000] {logging_mixin.py:117} INFO - [2022-10-05T09:13:16.873+0000] {dagbag.py:525} INFO - Filling up the DagBag from /home/airflow/.local/lib/python3.7/site-packages/airflow/example_dags/example_xcom.py
[2022-10-05T09:13:16.892+0000] {processor.py:768} INFO - DAG(s) dict_keys(['example_xcom']) retrieved from /home/airflow/.local/lib/python3.7/site-packages/airflow/example_dags/example_xcom.py
[2022-10-05T09:13:16.924+0000] {logging_mixin.py:117} INFO - [2022-10-05T09:13:16.924+0000] {dag.py:2573} INFO - Sync 1 DAGs
[2022-10-05T09:13:16.943+0000] {logging_mixin.py:117} INFO - [2022-10-05T09:13:16.943+0000] {dag.py:3328} INFO - Setting next_dagrun for example_xcom to 2021-01-01T00:00:00+00:00, run_after=2021-01-01T00:00:00+00:00
[2022-10-05T09:13:16.957+0000] {processor.py:178} INFO - Processing /home/airflow/.local/lib/python3.7/site-packages/airflow/example_dags/example_xcom.py took 0.087 seconds
[2022-10-05T09:13:47.226+0000] {processor.py:156} INFO - Started process (PID=8010) to work on /home/airflow/.local/lib/python3.7/site-packages/airflow/example_dags/example_xcom.py
[2022-10-05T09:13:47.227+0000] {processor.py:758} INFO - Processing file /home/airflow/.local/lib/python3.7/site-packages/airflow/example_dags/example_xcom.py for tasks to queue
[2022-10-05T09:13:47.227+0000] {logging_mixin.py:117} INFO - [2022-10-05T09:13:47.227+0000] {dagbag.py:525} INFO - Filling up the DagBag from /home/airflow/.local/lib/python3.7/site-packages/airflow/example_dags/example_xcom.py
[2022-10-05T09:13:47.246+0000] {processor.py:768} INFO - DAG(s) dict_keys(['example_xcom']) retrieved from /home/airflow/.local/lib/python3.7/site-packages/airflow/example_dags/example_xcom.py
[2022-10-05T09:13:47.278+0000] {logging_mixin.py:117} INFO - [2022-10-05T09:13:47.277+0000] {dag.py:2573} INFO - Sync 1 DAGs
[2022-10-05T09:13:47.297+0000] {logging_mixin.py:117} INFO - [2022-10-05T09:13:47.297+0000] {dag.py:3328} INFO - Setting next_dagrun for example_xcom to 2021-01-01T00:00:00+00:00, run_after=2021-01-01T00:00:00+00:00
[2022-10-05T09:13:47.311+0000] {processor.py:178} INFO - Processing /home/airflow/.local/lib/python3.7/site-packages/airflow/example_dags/example_xcom.py took 0.087 seconds
[2022-10-05T09:14:17.708+0000] {processor.py:156} INFO - Started process (PID=8217) to work on /home/airflow/.local/lib/python3.7/site-packages/airflow/example_dags/example_xcom.py
[2022-10-05T09:14:17.708+0000] {processor.py:758} INFO - Processing file /home/airflow/.local/lib/python3.7/site-packages/airflow/example_dags/example_xcom.py for tasks to queue
[2022-10-05T09:14:17.709+0000] {logging_mixin.py:117} INFO - [2022-10-05T09:14:17.709+0000] {dagbag.py:525} INFO - Filling up the DagBag from /home/airflow/.local/lib/python3.7/site-packages/airflow/example_dags/example_xcom.py
[2022-10-05T09:14:17.728+0000] {processor.py:768} INFO - DAG(s) dict_keys(['example_xcom']) retrieved from /home/airflow/.local/lib/python3.7/site-packages/airflow/example_dags/example_xcom.py
[2022-10-05T09:14:17.760+0000] {logging_mixin.py:117} INFO - [2022-10-05T09:14:17.760+0000] {dag.py:2573} INFO - Sync 1 DAGs
[2022-10-05T09:14:17.781+0000] {logging_mixin.py:117} INFO - [2022-10-05T09:14:17.780+0000] {dag.py:3328} INFO - Setting next_dagrun for example_xcom to 2021-01-01T00:00:00+00:00, run_after=2021-01-01T00:00:00+00:00
[2022-10-05T09:14:17.794+0000] {processor.py:178} INFO - Processing /home/airflow/.local/lib/python3.7/site-packages/airflow/example_dags/example_xcom.py took 0.089 seconds
[2022-10-05T09:14:48.107+0000] {processor.py:156} INFO - Started process (PID=8424) to work on /home/airflow/.local/lib/python3.7/site-packages/airflow/example_dags/example_xcom.py
[2022-10-05T09:14:48.108+0000] {processor.py:758} INFO - Processing file /home/airflow/.local/lib/python3.7/site-packages/airflow/example_dags/example_xcom.py for tasks to queue
[2022-10-05T09:14:48.108+0000] {logging_mixin.py:117} INFO - [2022-10-05T09:14:48.108+0000] {dagbag.py:525} INFO - Filling up the DagBag from /home/airflow/.local/lib/python3.7/site-packages/airflow/example_dags/example_xcom.py
[2022-10-05T09:14:48.128+0000] {processor.py:768} INFO - DAG(s) dict_keys(['example_xcom']) retrieved from /home/airflow/.local/lib/python3.7/site-packages/airflow/example_dags/example_xcom.py
[2022-10-05T09:14:48.162+0000] {logging_mixin.py:117} INFO - [2022-10-05T09:14:48.162+0000] {dag.py:2573} INFO - Sync 1 DAGs
[2022-10-05T09:14:48.181+0000] {logging_mixin.py:117} INFO - [2022-10-05T09:14:48.181+0000] {dag.py:3328} INFO - Setting next_dagrun for example_xcom to 2021-01-01T00:00:00+00:00, run_after=2021-01-01T00:00:00+00:00
[2022-10-05T09:14:48.195+0000] {processor.py:178} INFO - Processing /home/airflow/.local/lib/python3.7/site-packages/airflow/example_dags/example_xcom.py took 0.090 seconds
[2022-10-05T09:15:18.569+0000] {processor.py:156} INFO - Started process (PID=8631) to work on /home/airflow/.local/lib/python3.7/site-packages/airflow/example_dags/example_xcom.py
[2022-10-05T09:15:18.569+0000] {processor.py:758} INFO - Processing file /home/airflow/.local/lib/python3.7/site-packages/airflow/example_dags/example_xcom.py for tasks to queue
[2022-10-05T09:15:18.570+0000] {logging_mixin.py:117} INFO - [2022-10-05T09:15:18.570+0000] {dagbag.py:525} INFO - Filling up the DagBag from /home/airflow/.local/lib/python3.7/site-packages/airflow/example_dags/example_xcom.py
[2022-10-05T09:15:18.589+0000] {processor.py:768} INFO - DAG(s) dict_keys(['example_xcom']) retrieved from /home/airflow/.local/lib/python3.7/site-packages/airflow/example_dags/example_xcom.py
[2022-10-05T09:15:18.622+0000] {logging_mixin.py:117} INFO - [2022-10-05T09:15:18.622+0000] {dag.py:2573} INFO - Sync 1 DAGs
[2022-10-05T09:15:18.641+0000] {logging_mixin.py:117} INFO - [2022-10-05T09:15:18.641+0000] {dag.py:3328} INFO - Setting next_dagrun for example_xcom to 2021-01-01T00:00:00+00:00, run_after=2021-01-01T00:00:00+00:00
[2022-10-05T09:15:18.655+0000] {processor.py:178} INFO - Processing /home/airflow/.local/lib/python3.7/site-packages/airflow/example_dags/example_xcom.py took 0.089 seconds
[2022-10-05T09:15:48.959+0000] {processor.py:156} INFO - Started process (PID=8829) to work on /home/airflow/.local/lib/python3.7/site-packages/airflow/example_dags/example_xcom.py
[2022-10-05T09:15:48.959+0000] {processor.py:758} INFO - Processing file /home/airflow/.local/lib/python3.7/site-packages/airflow/example_dags/example_xcom.py for tasks to queue
[2022-10-05T09:15:48.960+0000] {logging_mixin.py:117} INFO - [2022-10-05T09:15:48.960+0000] {dagbag.py:525} INFO - Filling up the DagBag from /home/airflow/.local/lib/python3.7/site-packages/airflow/example_dags/example_xcom.py
[2022-10-05T09:15:48.979+0000] {processor.py:768} INFO - DAG(s) dict_keys(['example_xcom']) retrieved from /home/airflow/.local/lib/python3.7/site-packages/airflow/example_dags/example_xcom.py
[2022-10-05T09:15:49.011+0000] {logging_mixin.py:117} INFO - [2022-10-05T09:15:49.011+0000] {dag.py:2573} INFO - Sync 1 DAGs
[2022-10-05T09:15:49.031+0000] {logging_mixin.py:117} INFO - [2022-10-05T09:15:49.031+0000] {dag.py:3328} INFO - Setting next_dagrun for example_xcom to 2021-01-01T00:00:00+00:00, run_after=2021-01-01T00:00:00+00:00
[2022-10-05T09:15:49.044+0000] {processor.py:178} INFO - Processing /home/airflow/.local/lib/python3.7/site-packages/airflow/example_dags/example_xcom.py took 0.088 seconds
[2022-10-05T09:16:19.287+0000] {processor.py:156} INFO - Started process (PID=9034) to work on /home/airflow/.local/lib/python3.7/site-packages/airflow/example_dags/example_xcom.py
[2022-10-05T09:16:19.288+0000] {processor.py:758} INFO - Processing file /home/airflow/.local/lib/python3.7/site-packages/airflow/example_dags/example_xcom.py for tasks to queue
[2022-10-05T09:16:19.288+0000] {logging_mixin.py:117} INFO - [2022-10-05T09:16:19.288+0000] {dagbag.py:525} INFO - Filling up the DagBag from /home/airflow/.local/lib/python3.7/site-packages/airflow/example_dags/example_xcom.py
[2022-10-05T09:16:19.307+0000] {processor.py:768} INFO - DAG(s) dict_keys(['example_xcom']) retrieved from /home/airflow/.local/lib/python3.7/site-packages/airflow/example_dags/example_xcom.py
[2022-10-05T09:16:19.339+0000] {logging_mixin.py:117} INFO - [2022-10-05T09:16:19.339+0000] {dag.py:2573} INFO - Sync 1 DAGs
[2022-10-05T09:16:19.360+0000] {logging_mixin.py:117} INFO - [2022-10-05T09:16:19.360+0000] {dag.py:3328} INFO - Setting next_dagrun for example_xcom to 2021-01-01T00:00:00+00:00, run_after=2021-01-01T00:00:00+00:00
[2022-10-05T09:16:19.374+0000] {processor.py:178} INFO - Processing /home/airflow/.local/lib/python3.7/site-packages/airflow/example_dags/example_xcom.py took 0.089 seconds
[2022-10-05T09:16:49.647+0000] {processor.py:156} INFO - Started process (PID=9243) to work on /home/airflow/.local/lib/python3.7/site-packages/airflow/example_dags/example_xcom.py
[2022-10-05T09:16:49.648+0000] {processor.py:758} INFO - Processing file /home/airflow/.local/lib/python3.7/site-packages/airflow/example_dags/example_xcom.py for tasks to queue
[2022-10-05T09:16:49.648+0000] {logging_mixin.py:117} INFO - [2022-10-05T09:16:49.648+0000] {dagbag.py:525} INFO - Filling up the DagBag from /home/airflow/.local/lib/python3.7/site-packages/airflow/example_dags/example_xcom.py
[2022-10-05T09:16:49.667+0000] {processor.py:768} INFO - DAG(s) dict_keys(['example_xcom']) retrieved from /home/airflow/.local/lib/python3.7/site-packages/airflow/example_dags/example_xcom.py
[2022-10-05T09:16:49.700+0000] {logging_mixin.py:117} INFO - [2022-10-05T09:16:49.700+0000] {dag.py:2573} INFO - Sync 1 DAGs
[2022-10-05T09:16:49.719+0000] {logging_mixin.py:117} INFO - [2022-10-05T09:16:49.719+0000] {dag.py:3328} INFO - Setting next_dagrun for example_xcom to 2021-01-01T00:00:00+00:00, run_after=2021-01-01T00:00:00+00:00
[2022-10-05T09:16:49.732+0000] {processor.py:178} INFO - Processing /home/airflow/.local/lib/python3.7/site-packages/airflow/example_dags/example_xcom.py took 0.087 seconds
[2022-10-05T09:17:19.977+0000] {processor.py:156} INFO - Started process (PID=9450) to work on /home/airflow/.local/lib/python3.7/site-packages/airflow/example_dags/example_xcom.py
[2022-10-05T09:17:19.978+0000] {processor.py:758} INFO - Processing file /home/airflow/.local/lib/python3.7/site-packages/airflow/example_dags/example_xcom.py for tasks to queue
[2022-10-05T09:17:19.979+0000] {logging_mixin.py:117} INFO - [2022-10-05T09:17:19.979+0000] {dagbag.py:525} INFO - Filling up the DagBag from /home/airflow/.local/lib/python3.7/site-packages/airflow/example_dags/example_xcom.py
[2022-10-05T09:17:19.997+0000] {processor.py:768} INFO - DAG(s) dict_keys(['example_xcom']) retrieved from /home/airflow/.local/lib/python3.7/site-packages/airflow/example_dags/example_xcom.py
[2022-10-05T09:17:20.030+0000] {logging_mixin.py:117} INFO - [2022-10-05T09:17:20.030+0000] {dag.py:2573} INFO - Sync 1 DAGs
[2022-10-05T09:17:20.049+0000] {logging_mixin.py:117} INFO - [2022-10-05T09:17:20.049+0000] {dag.py:3328} INFO - Setting next_dagrun for example_xcom to 2021-01-01T00:00:00+00:00, run_after=2021-01-01T00:00:00+00:00
[2022-10-05T09:17:20.063+0000] {processor.py:178} INFO - Processing /home/airflow/.local/lib/python3.7/site-packages/airflow/example_dags/example_xcom.py took 0.088 seconds
[2022-10-05T09:17:50.484+0000] {processor.py:156} INFO - Started process (PID=9648) to work on /home/airflow/.local/lib/python3.7/site-packages/airflow/example_dags/example_xcom.py
[2022-10-05T09:17:50.485+0000] {processor.py:758} INFO - Processing file /home/airflow/.local/lib/python3.7/site-packages/airflow/example_dags/example_xcom.py for tasks to queue
[2022-10-05T09:17:50.486+0000] {logging_mixin.py:117} INFO - [2022-10-05T09:17:50.486+0000] {dagbag.py:525} INFO - Filling up the DagBag from /home/airflow/.local/lib/python3.7/site-packages/airflow/example_dags/example_xcom.py
[2022-10-05T09:17:50.505+0000] {processor.py:768} INFO - DAG(s) dict_keys(['example_xcom']) retrieved from /home/airflow/.local/lib/python3.7/site-packages/airflow/example_dags/example_xcom.py
[2022-10-05T09:17:50.537+0000] {logging_mixin.py:117} INFO - [2022-10-05T09:17:50.537+0000] {dag.py:2573} INFO - Sync 1 DAGs
[2022-10-05T09:17:50.556+0000] {logging_mixin.py:117} INFO - [2022-10-05T09:17:50.555+0000] {dag.py:3328} INFO - Setting next_dagrun for example_xcom to 2021-01-01T00:00:00+00:00, run_after=2021-01-01T00:00:00+00:00
[2022-10-05T09:17:50.571+0000] {processor.py:178} INFO - Processing /home/airflow/.local/lib/python3.7/site-packages/airflow/example_dags/example_xcom.py took 0.088 seconds
[2022-10-05T09:18:20.765+0000] {processor.py:156} INFO - Started process (PID=9855) to work on /home/airflow/.local/lib/python3.7/site-packages/airflow/example_dags/example_xcom.py
[2022-10-05T09:18:20.766+0000] {processor.py:758} INFO - Processing file /home/airflow/.local/lib/python3.7/site-packages/airflow/example_dags/example_xcom.py for tasks to queue
[2022-10-05T09:18:20.766+0000] {logging_mixin.py:117} INFO - [2022-10-05T09:18:20.766+0000] {dagbag.py:525} INFO - Filling up the DagBag from /home/airflow/.local/lib/python3.7/site-packages/airflow/example_dags/example_xcom.py
[2022-10-05T09:18:20.785+0000] {processor.py:768} INFO - DAG(s) dict_keys(['example_xcom']) retrieved from /home/airflow/.local/lib/python3.7/site-packages/airflow/example_dags/example_xcom.py
[2022-10-05T09:18:20.817+0000] {logging_mixin.py:117} INFO - [2022-10-05T09:18:20.817+0000] {dag.py:2573} INFO - Sync 1 DAGs
[2022-10-05T09:18:20.837+0000] {logging_mixin.py:117} INFO - [2022-10-05T09:18:20.837+0000] {dag.py:3328} INFO - Setting next_dagrun for example_xcom to 2021-01-01T00:00:00+00:00, run_after=2021-01-01T00:00:00+00:00
[2022-10-05T09:18:20.850+0000] {processor.py:178} INFO - Processing /home/airflow/.local/lib/python3.7/site-packages/airflow/example_dags/example_xcom.py took 0.087 seconds
[2022-10-05T09:18:51.481+0000] {processor.py:156} INFO - Started process (PID=10062) to work on /home/airflow/.local/lib/python3.7/site-packages/airflow/example_dags/example_xcom.py
[2022-10-05T09:18:51.482+0000] {processor.py:758} INFO - Processing file /home/airflow/.local/lib/python3.7/site-packages/airflow/example_dags/example_xcom.py for tasks to queue
[2022-10-05T09:18:51.482+0000] {logging_mixin.py:117} INFO - [2022-10-05T09:18:51.482+0000] {dagbag.py:525} INFO - Filling up the DagBag from /home/airflow/.local/lib/python3.7/site-packages/airflow/example_dags/example_xcom.py
[2022-10-05T09:18:51.502+0000] {processor.py:768} INFO - DAG(s) dict_keys(['example_xcom']) retrieved from /home/airflow/.local/lib/python3.7/site-packages/airflow/example_dags/example_xcom.py
[2022-10-05T09:18:51.535+0000] {logging_mixin.py:117} INFO - [2022-10-05T09:18:51.535+0000] {dag.py:2573} INFO - Sync 1 DAGs
[2022-10-05T09:18:51.554+0000] {logging_mixin.py:117} INFO - [2022-10-05T09:18:51.554+0000] {dag.py:3328} INFO - Setting next_dagrun for example_xcom to 2021-01-01T00:00:00+00:00, run_after=2021-01-01T00:00:00+00:00
[2022-10-05T09:18:51.569+0000] {processor.py:178} INFO - Processing /home/airflow/.local/lib/python3.7/site-packages/airflow/example_dags/example_xcom.py took 0.090 seconds
[2022-10-05T09:19:22.053+0000] {processor.py:156} INFO - Started process (PID=10269) to work on /home/airflow/.local/lib/python3.7/site-packages/airflow/example_dags/example_xcom.py
[2022-10-05T09:19:22.054+0000] {processor.py:758} INFO - Processing file /home/airflow/.local/lib/python3.7/site-packages/airflow/example_dags/example_xcom.py for tasks to queue
[2022-10-05T09:19:22.054+0000] {logging_mixin.py:117} INFO - [2022-10-05T09:19:22.054+0000] {dagbag.py:525} INFO - Filling up the DagBag from /home/airflow/.local/lib/python3.7/site-packages/airflow/example_dags/example_xcom.py
[2022-10-05T09:19:22.073+0000] {processor.py:768} INFO - DAG(s) dict_keys(['example_xcom']) retrieved from /home/airflow/.local/lib/python3.7/site-packages/airflow/example_dags/example_xcom.py
[2022-10-05T09:19:22.106+0000] {logging_mixin.py:117} INFO - [2022-10-05T09:19:22.106+0000] {dag.py:2573} INFO - Sync 1 DAGs
[2022-10-05T09:19:22.125+0000] {logging_mixin.py:117} INFO - [2022-10-05T09:19:22.125+0000] {dag.py:3328} INFO - Setting next_dagrun for example_xcom to 2021-01-01T00:00:00+00:00, run_after=2021-01-01T00:00:00+00:00
[2022-10-05T09:19:22.139+0000] {processor.py:178} INFO - Processing /home/airflow/.local/lib/python3.7/site-packages/airflow/example_dags/example_xcom.py took 0.089 seconds
[2022-10-05T09:19:52.601+0000] {processor.py:156} INFO - Started process (PID=10476) to work on /home/airflow/.local/lib/python3.7/site-packages/airflow/example_dags/example_xcom.py
[2022-10-05T09:19:52.602+0000] {processor.py:758} INFO - Processing file /home/airflow/.local/lib/python3.7/site-packages/airflow/example_dags/example_xcom.py for tasks to queue
[2022-10-05T09:19:52.602+0000] {logging_mixin.py:117} INFO - [2022-10-05T09:19:52.602+0000] {dagbag.py:525} INFO - Filling up the DagBag from /home/airflow/.local/lib/python3.7/site-packages/airflow/example_dags/example_xcom.py
[2022-10-05T09:19:52.622+0000] {processor.py:768} INFO - DAG(s) dict_keys(['example_xcom']) retrieved from /home/airflow/.local/lib/python3.7/site-packages/airflow/example_dags/example_xcom.py
[2022-10-05T09:19:52.655+0000] {logging_mixin.py:117} INFO - [2022-10-05T09:19:52.655+0000] {dag.py:2573} INFO - Sync 1 DAGs
[2022-10-05T09:19:52.675+0000] {logging_mixin.py:117} INFO - [2022-10-05T09:19:52.675+0000] {dag.py:3328} INFO - Setting next_dagrun for example_xcom to 2021-01-01T00:00:00+00:00, run_after=2021-01-01T00:00:00+00:00
[2022-10-05T09:19:52.690+0000] {processor.py:178} INFO - Processing /home/airflow/.local/lib/python3.7/site-packages/airflow/example_dags/example_xcom.py took 0.091 seconds
[2022-10-05T09:20:23.145+0000] {processor.py:156} INFO - Started process (PID=10674) to work on /home/airflow/.local/lib/python3.7/site-packages/airflow/example_dags/example_xcom.py
[2022-10-05T09:20:23.146+0000] {processor.py:758} INFO - Processing file /home/airflow/.local/lib/python3.7/site-packages/airflow/example_dags/example_xcom.py for tasks to queue
[2022-10-05T09:20:23.146+0000] {logging_mixin.py:117} INFO - [2022-10-05T09:20:23.146+0000] {dagbag.py:525} INFO - Filling up the DagBag from /home/airflow/.local/lib/python3.7/site-packages/airflow/example_dags/example_xcom.py
[2022-10-05T09:20:23.165+0000] {processor.py:768} INFO - DAG(s) dict_keys(['example_xcom']) retrieved from /home/airflow/.local/lib/python3.7/site-packages/airflow/example_dags/example_xcom.py
[2022-10-05T09:20:23.197+0000] {logging_mixin.py:117} INFO - [2022-10-05T09:20:23.197+0000] {dag.py:2573} INFO - Sync 1 DAGs
[2022-10-05T09:20:23.217+0000] {logging_mixin.py:117} INFO - [2022-10-05T09:20:23.216+0000] {dag.py:3328} INFO - Setting next_dagrun for example_xcom to 2021-01-01T00:00:00+00:00, run_after=2021-01-01T00:00:00+00:00
[2022-10-05T09:20:23.230+0000] {processor.py:178} INFO - Processing /home/airflow/.local/lib/python3.7/site-packages/airflow/example_dags/example_xcom.py took 0.087 seconds
[2022-10-05T09:20:53.864+0000] {processor.py:156} INFO - Started process (PID=10881) to work on /home/airflow/.local/lib/python3.7/site-packages/airflow/example_dags/example_xcom.py
[2022-10-05T09:20:53.865+0000] {processor.py:758} INFO - Processing file /home/airflow/.local/lib/python3.7/site-packages/airflow/example_dags/example_xcom.py for tasks to queue
[2022-10-05T09:20:53.865+0000] {logging_mixin.py:117} INFO - [2022-10-05T09:20:53.865+0000] {dagbag.py:525} INFO - Filling up the DagBag from /home/airflow/.local/lib/python3.7/site-packages/airflow/example_dags/example_xcom.py
[2022-10-05T09:20:53.885+0000] {processor.py:768} INFO - DAG(s) dict_keys(['example_xcom']) retrieved from /home/airflow/.local/lib/python3.7/site-packages/airflow/example_dags/example_xcom.py
[2022-10-05T09:20:53.918+0000] {logging_mixin.py:117} INFO - [2022-10-05T09:20:53.918+0000] {dag.py:2573} INFO - Sync 1 DAGs
[2022-10-05T09:20:53.937+0000] {logging_mixin.py:117} INFO - [2022-10-05T09:20:53.937+0000] {dag.py:3328} INFO - Setting next_dagrun for example_xcom to 2021-01-01T00:00:00+00:00, run_after=2021-01-01T00:00:00+00:00
[2022-10-05T09:20:53.951+0000] {processor.py:178} INFO - Processing /home/airflow/.local/lib/python3.7/site-packages/airflow/example_dags/example_xcom.py took 0.089 seconds
[2022-10-05T09:21:24.463+0000] {processor.py:156} INFO - Started process (PID=11088) to work on /home/airflow/.local/lib/python3.7/site-packages/airflow/example_dags/example_xcom.py
[2022-10-05T09:21:24.464+0000] {processor.py:758} INFO - Processing file /home/airflow/.local/lib/python3.7/site-packages/airflow/example_dags/example_xcom.py for tasks to queue
[2022-10-05T09:21:24.464+0000] {logging_mixin.py:117} INFO - [2022-10-05T09:21:24.464+0000] {dagbag.py:525} INFO - Filling up the DagBag from /home/airflow/.local/lib/python3.7/site-packages/airflow/example_dags/example_xcom.py
[2022-10-05T09:21:24.483+0000] {processor.py:768} INFO - DAG(s) dict_keys(['example_xcom']) retrieved from /home/airflow/.local/lib/python3.7/site-packages/airflow/example_dags/example_xcom.py
[2022-10-05T09:21:24.517+0000] {logging_mixin.py:117} INFO - [2022-10-05T09:21:24.516+0000] {dag.py:2573} INFO - Sync 1 DAGs
[2022-10-05T09:21:24.536+0000] {logging_mixin.py:117} INFO - [2022-10-05T09:21:24.536+0000] {dag.py:3328} INFO - Setting next_dagrun for example_xcom to 2021-01-01T00:00:00+00:00, run_after=2021-01-01T00:00:00+00:00
[2022-10-05T09:21:24.550+0000] {processor.py:178} INFO - Processing /home/airflow/.local/lib/python3.7/site-packages/airflow/example_dags/example_xcom.py took 0.090 seconds
[2022-10-05T09:21:55.110+0000] {processor.py:156} INFO - Started process (PID=11295) to work on /home/airflow/.local/lib/python3.7/site-packages/airflow/example_dags/example_xcom.py
[2022-10-05T09:21:55.111+0000] {processor.py:758} INFO - Processing file /home/airflow/.local/lib/python3.7/site-packages/airflow/example_dags/example_xcom.py for tasks to queue
[2022-10-05T09:21:55.111+0000] {logging_mixin.py:117} INFO - [2022-10-05T09:21:55.111+0000] {dagbag.py:525} INFO - Filling up the DagBag from /home/airflow/.local/lib/python3.7/site-packages/airflow/example_dags/example_xcom.py
[2022-10-05T09:21:55.130+0000] {processor.py:768} INFO - DAG(s) dict_keys(['example_xcom']) retrieved from /home/airflow/.local/lib/python3.7/site-packages/airflow/example_dags/example_xcom.py
[2022-10-05T09:21:55.192+0000] {logging_mixin.py:117} INFO - [2022-10-05T09:21:55.192+0000] {dag.py:2573} INFO - Sync 1 DAGs
[2022-10-05T09:21:55.211+0000] {logging_mixin.py:117} INFO - [2022-10-05T09:21:55.211+0000] {dag.py:3328} INFO - Setting next_dagrun for example_xcom to 2021-01-01T00:00:00+00:00, run_after=2021-01-01T00:00:00+00:00
[2022-10-05T09:21:55.226+0000] {processor.py:178} INFO - Processing /home/airflow/.local/lib/python3.7/site-packages/airflow/example_dags/example_xcom.py took 0.118 seconds
[2022-10-05T09:22:25.642+0000] {processor.py:156} INFO - Started process (PID=11491) to work on /home/airflow/.local/lib/python3.7/site-packages/airflow/example_dags/example_xcom.py
[2022-10-05T09:22:25.643+0000] {processor.py:758} INFO - Processing file /home/airflow/.local/lib/python3.7/site-packages/airflow/example_dags/example_xcom.py for tasks to queue
[2022-10-05T09:22:25.643+0000] {logging_mixin.py:117} INFO - [2022-10-05T09:22:25.643+0000] {dagbag.py:525} INFO - Filling up the DagBag from /home/airflow/.local/lib/python3.7/site-packages/airflow/example_dags/example_xcom.py
[2022-10-05T09:22:25.662+0000] {processor.py:768} INFO - DAG(s) dict_keys(['example_xcom']) retrieved from /home/airflow/.local/lib/python3.7/site-packages/airflow/example_dags/example_xcom.py
[2022-10-05T09:22:25.694+0000] {logging_mixin.py:117} INFO - [2022-10-05T09:22:25.693+0000] {dag.py:2573} INFO - Sync 1 DAGs
[2022-10-05T09:22:25.713+0000] {logging_mixin.py:117} INFO - [2022-10-05T09:22:25.713+0000] {dag.py:3328} INFO - Setting next_dagrun for example_xcom to 2021-01-01T00:00:00+00:00, run_after=2021-01-01T00:00:00+00:00
[2022-10-05T09:22:25.727+0000] {processor.py:178} INFO - Processing /home/airflow/.local/lib/python3.7/site-packages/airflow/example_dags/example_xcom.py took 0.088 seconds
[2022-10-05T09:22:56.114+0000] {processor.py:156} INFO - Started process (PID=11700) to work on /home/airflow/.local/lib/python3.7/site-packages/airflow/example_dags/example_xcom.py
[2022-10-05T09:22:56.115+0000] {processor.py:758} INFO - Processing file /home/airflow/.local/lib/python3.7/site-packages/airflow/example_dags/example_xcom.py for tasks to queue
[2022-10-05T09:22:56.116+0000] {logging_mixin.py:117} INFO - [2022-10-05T09:22:56.116+0000] {dagbag.py:525} INFO - Filling up the DagBag from /home/airflow/.local/lib/python3.7/site-packages/airflow/example_dags/example_xcom.py
[2022-10-05T09:22:56.135+0000] {processor.py:768} INFO - DAG(s) dict_keys(['example_xcom']) retrieved from /home/airflow/.local/lib/python3.7/site-packages/airflow/example_dags/example_xcom.py
[2022-10-05T09:22:56.169+0000] {logging_mixin.py:117} INFO - [2022-10-05T09:22:56.169+0000] {dag.py:2573} INFO - Sync 1 DAGs
[2022-10-05T09:22:56.188+0000] {logging_mixin.py:117} INFO - [2022-10-05T09:22:56.188+0000] {dag.py:3328} INFO - Setting next_dagrun for example_xcom to 2021-01-01T00:00:00+00:00, run_after=2021-01-01T00:00:00+00:00
[2022-10-05T09:22:56.202+0000] {processor.py:178} INFO - Processing /home/airflow/.local/lib/python3.7/site-packages/airflow/example_dags/example_xcom.py took 0.090 seconds
[2022-10-05T09:23:26.467+0000] {processor.py:156} INFO - Started process (PID=11907) to work on /home/airflow/.local/lib/python3.7/site-packages/airflow/example_dags/example_xcom.py
[2022-10-05T09:23:26.467+0000] {processor.py:758} INFO - Processing file /home/airflow/.local/lib/python3.7/site-packages/airflow/example_dags/example_xcom.py for tasks to queue
[2022-10-05T09:23:26.468+0000] {logging_mixin.py:117} INFO - [2022-10-05T09:23:26.468+0000] {dagbag.py:525} INFO - Filling up the DagBag from /home/airflow/.local/lib/python3.7/site-packages/airflow/example_dags/example_xcom.py
[2022-10-05T09:23:26.487+0000] {processor.py:768} INFO - DAG(s) dict_keys(['example_xcom']) retrieved from /home/airflow/.local/lib/python3.7/site-packages/airflow/example_dags/example_xcom.py
[2022-10-05T09:23:26.519+0000] {logging_mixin.py:117} INFO - [2022-10-05T09:23:26.519+0000] {dag.py:2573} INFO - Sync 1 DAGs
[2022-10-05T09:23:26.538+0000] {logging_mixin.py:117} INFO - [2022-10-05T09:23:26.538+0000] {dag.py:3328} INFO - Setting next_dagrun for example_xcom to 2021-01-01T00:00:00+00:00, run_after=2021-01-01T00:00:00+00:00
[2022-10-05T09:23:26.552+0000] {processor.py:178} INFO - Processing /home/airflow/.local/lib/python3.7/site-packages/airflow/example_dags/example_xcom.py took 0.087 seconds
[2022-10-05T09:23:56.879+0000] {processor.py:156} INFO - Started process (PID=12114) to work on /home/airflow/.local/lib/python3.7/site-packages/airflow/example_dags/example_xcom.py
[2022-10-05T09:23:56.880+0000] {processor.py:758} INFO - Processing file /home/airflow/.local/lib/python3.7/site-packages/airflow/example_dags/example_xcom.py for tasks to queue
[2022-10-05T09:23:56.881+0000] {logging_mixin.py:117} INFO - [2022-10-05T09:23:56.880+0000] {dagbag.py:525} INFO - Filling up the DagBag from /home/airflow/.local/lib/python3.7/site-packages/airflow/example_dags/example_xcom.py
[2022-10-05T09:23:56.900+0000] {processor.py:768} INFO - DAG(s) dict_keys(['example_xcom']) retrieved from /home/airflow/.local/lib/python3.7/site-packages/airflow/example_dags/example_xcom.py
[2022-10-05T09:23:56.932+0000] {logging_mixin.py:117} INFO - [2022-10-05T09:23:56.932+0000] {dag.py:2573} INFO - Sync 1 DAGs
[2022-10-05T09:23:56.951+0000] {logging_mixin.py:117} INFO - [2022-10-05T09:23:56.951+0000] {dag.py:3328} INFO - Setting next_dagrun for example_xcom to 2021-01-01T00:00:00+00:00, run_after=2021-01-01T00:00:00+00:00
[2022-10-05T09:23:56.966+0000] {processor.py:178} INFO - Processing /home/airflow/.local/lib/python3.7/site-packages/airflow/example_dags/example_xcom.py took 0.089 seconds
[2022-10-05T09:24:27.261+0000] {processor.py:156} INFO - Started process (PID=12312) to work on /home/airflow/.local/lib/python3.7/site-packages/airflow/example_dags/example_xcom.py
[2022-10-05T09:24:27.262+0000] {processor.py:758} INFO - Processing file /home/airflow/.local/lib/python3.7/site-packages/airflow/example_dags/example_xcom.py for tasks to queue
[2022-10-05T09:24:27.262+0000] {logging_mixin.py:117} INFO - [2022-10-05T09:24:27.262+0000] {dagbag.py:525} INFO - Filling up the DagBag from /home/airflow/.local/lib/python3.7/site-packages/airflow/example_dags/example_xcom.py
[2022-10-05T09:24:27.281+0000] {processor.py:768} INFO - DAG(s) dict_keys(['example_xcom']) retrieved from /home/airflow/.local/lib/python3.7/site-packages/airflow/example_dags/example_xcom.py
[2022-10-05T09:24:27.314+0000] {logging_mixin.py:117} INFO - [2022-10-05T09:24:27.313+0000] {dag.py:2573} INFO - Sync 1 DAGs
[2022-10-05T09:24:27.333+0000] {logging_mixin.py:117} INFO - [2022-10-05T09:24:27.333+0000] {dag.py:3328} INFO - Setting next_dagrun for example_xcom to 2021-01-01T00:00:00+00:00, run_after=2021-01-01T00:00:00+00:00
[2022-10-05T09:24:27.347+0000] {processor.py:178} INFO - Processing /home/airflow/.local/lib/python3.7/site-packages/airflow/example_dags/example_xcom.py took 0.088 seconds
[2022-10-05T09:24:57.685+0000] {processor.py:156} INFO - Started process (PID=12519) to work on /home/airflow/.local/lib/python3.7/site-packages/airflow/example_dags/example_xcom.py
[2022-10-05T09:24:57.686+0000] {processor.py:758} INFO - Processing file /home/airflow/.local/lib/python3.7/site-packages/airflow/example_dags/example_xcom.py for tasks to queue
[2022-10-05T09:24:57.686+0000] {logging_mixin.py:117} INFO - [2022-10-05T09:24:57.686+0000] {dagbag.py:525} INFO - Filling up the DagBag from /home/airflow/.local/lib/python3.7/site-packages/airflow/example_dags/example_xcom.py
[2022-10-05T09:24:57.705+0000] {processor.py:768} INFO - DAG(s) dict_keys(['example_xcom']) retrieved from /home/airflow/.local/lib/python3.7/site-packages/airflow/example_dags/example_xcom.py
[2022-10-05T09:24:57.738+0000] {logging_mixin.py:117} INFO - [2022-10-05T09:24:57.738+0000] {dag.py:2573} INFO - Sync 1 DAGs
[2022-10-05T09:24:57.757+0000] {logging_mixin.py:117} INFO - [2022-10-05T09:24:57.757+0000] {dag.py:3328} INFO - Setting next_dagrun for example_xcom to 2021-01-01T00:00:00+00:00, run_after=2021-01-01T00:00:00+00:00
[2022-10-05T09:24:57.771+0000] {processor.py:178} INFO - Processing /home/airflow/.local/lib/python3.7/site-packages/airflow/example_dags/example_xcom.py took 0.088 seconds
[2022-10-05T09:25:28.079+0000] {processor.py:156} INFO - Started process (PID=12726) to work on /home/airflow/.local/lib/python3.7/site-packages/airflow/example_dags/example_xcom.py
[2022-10-05T09:25:28.080+0000] {processor.py:758} INFO - Processing file /home/airflow/.local/lib/python3.7/site-packages/airflow/example_dags/example_xcom.py for tasks to queue
[2022-10-05T09:25:28.080+0000] {logging_mixin.py:117} INFO - [2022-10-05T09:25:28.080+0000] {dagbag.py:525} INFO - Filling up the DagBag from /home/airflow/.local/lib/python3.7/site-packages/airflow/example_dags/example_xcom.py
[2022-10-05T09:25:28.099+0000] {processor.py:768} INFO - DAG(s) dict_keys(['example_xcom']) retrieved from /home/airflow/.local/lib/python3.7/site-packages/airflow/example_dags/example_xcom.py
[2022-10-05T09:25:28.131+0000] {logging_mixin.py:117} INFO - [2022-10-05T09:25:28.131+0000] {dag.py:2573} INFO - Sync 1 DAGs
[2022-10-05T09:25:28.150+0000] {logging_mixin.py:117} INFO - [2022-10-05T09:25:28.150+0000] {dag.py:3328} INFO - Setting next_dagrun for example_xcom to 2021-01-01T00:00:00+00:00, run_after=2021-01-01T00:00:00+00:00
[2022-10-05T09:25:28.164+0000] {processor.py:178} INFO - Processing /home/airflow/.local/lib/python3.7/site-packages/airflow/example_dags/example_xcom.py took 0.087 seconds
[2022-10-05T09:25:58.463+0000] {processor.py:156} INFO - Started process (PID=12933) to work on /home/airflow/.local/lib/python3.7/site-packages/airflow/example_dags/example_xcom.py
[2022-10-05T09:25:58.463+0000] {processor.py:758} INFO - Processing file /home/airflow/.local/lib/python3.7/site-packages/airflow/example_dags/example_xcom.py for tasks to queue
[2022-10-05T09:25:58.464+0000] {logging_mixin.py:117} INFO - [2022-10-05T09:25:58.464+0000] {dagbag.py:525} INFO - Filling up the DagBag from /home/airflow/.local/lib/python3.7/site-packages/airflow/example_dags/example_xcom.py
[2022-10-05T09:25:58.483+0000] {processor.py:768} INFO - DAG(s) dict_keys(['example_xcom']) retrieved from /home/airflow/.local/lib/python3.7/site-packages/airflow/example_dags/example_xcom.py
[2022-10-05T09:25:58.516+0000] {logging_mixin.py:117} INFO - [2022-10-05T09:25:58.515+0000] {dag.py:2573} INFO - Sync 1 DAGs
[2022-10-05T09:25:58.535+0000] {logging_mixin.py:117} INFO - [2022-10-05T09:25:58.535+0000] {dag.py:3328} INFO - Setting next_dagrun for example_xcom to 2021-01-01T00:00:00+00:00, run_after=2021-01-01T00:00:00+00:00
[2022-10-05T09:25:58.549+0000] {processor.py:178} INFO - Processing /home/airflow/.local/lib/python3.7/site-packages/airflow/example_dags/example_xcom.py took 0.089 seconds
[2022-10-05T09:26:28.741+0000] {processor.py:156} INFO - Started process (PID=13137) to work on /home/airflow/.local/lib/python3.7/site-packages/airflow/example_dags/example_xcom.py
[2022-10-05T09:26:28.742+0000] {processor.py:758} INFO - Processing file /home/airflow/.local/lib/python3.7/site-packages/airflow/example_dags/example_xcom.py for tasks to queue
[2022-10-05T09:26:28.742+0000] {logging_mixin.py:117} INFO - [2022-10-05T09:26:28.742+0000] {dagbag.py:525} INFO - Filling up the DagBag from /home/airflow/.local/lib/python3.7/site-packages/airflow/example_dags/example_xcom.py
[2022-10-05T09:26:28.761+0000] {processor.py:768} INFO - DAG(s) dict_keys(['example_xcom']) retrieved from /home/airflow/.local/lib/python3.7/site-packages/airflow/example_dags/example_xcom.py
[2022-10-05T09:26:28.794+0000] {logging_mixin.py:117} INFO - [2022-10-05T09:26:28.793+0000] {dag.py:2573} INFO - Sync 1 DAGs
[2022-10-05T09:26:28.814+0000] {logging_mixin.py:117} INFO - [2022-10-05T09:26:28.813+0000] {dag.py:3328} INFO - Setting next_dagrun for example_xcom to 2021-01-01T00:00:00+00:00, run_after=2021-01-01T00:00:00+00:00
[2022-10-05T09:26:28.827+0000] {processor.py:178} INFO - Processing /home/airflow/.local/lib/python3.7/site-packages/airflow/example_dags/example_xcom.py took 0.088 seconds
[2022-10-05T09:26:59.245+0000] {processor.py:156} INFO - Started process (PID=13338) to work on /home/airflow/.local/lib/python3.7/site-packages/airflow/example_dags/example_xcom.py
[2022-10-05T09:26:59.245+0000] {processor.py:758} INFO - Processing file /home/airflow/.local/lib/python3.7/site-packages/airflow/example_dags/example_xcom.py for tasks to queue
[2022-10-05T09:26:59.246+0000] {logging_mixin.py:117} INFO - [2022-10-05T09:26:59.246+0000] {dagbag.py:525} INFO - Filling up the DagBag from /home/airflow/.local/lib/python3.7/site-packages/airflow/example_dags/example_xcom.py
[2022-10-05T09:26:59.265+0000] {processor.py:768} INFO - DAG(s) dict_keys(['example_xcom']) retrieved from /home/airflow/.local/lib/python3.7/site-packages/airflow/example_dags/example_xcom.py
[2022-10-05T09:26:59.297+0000] {logging_mixin.py:117} INFO - [2022-10-05T09:26:59.297+0000] {dag.py:2573} INFO - Sync 1 DAGs
[2022-10-05T09:26:59.316+0000] {logging_mixin.py:117} INFO - [2022-10-05T09:26:59.316+0000] {dag.py:3328} INFO - Setting next_dagrun for example_xcom to 2021-01-01T00:00:00+00:00, run_after=2021-01-01T00:00:00+00:00
[2022-10-05T09:26:59.330+0000] {processor.py:178} INFO - Processing /home/airflow/.local/lib/python3.7/site-packages/airflow/example_dags/example_xcom.py took 0.088 seconds
[2022-10-05T09:27:29.620+0000] {processor.py:156} INFO - Started process (PID=13545) to work on /home/airflow/.local/lib/python3.7/site-packages/airflow/example_dags/example_xcom.py
[2022-10-05T09:27:29.621+0000] {processor.py:758} INFO - Processing file /home/airflow/.local/lib/python3.7/site-packages/airflow/example_dags/example_xcom.py for tasks to queue
[2022-10-05T09:27:29.621+0000] {logging_mixin.py:117} INFO - [2022-10-05T09:27:29.621+0000] {dagbag.py:525} INFO - Filling up the DagBag from /home/airflow/.local/lib/python3.7/site-packages/airflow/example_dags/example_xcom.py
[2022-10-05T09:27:29.640+0000] {processor.py:768} INFO - DAG(s) dict_keys(['example_xcom']) retrieved from /home/airflow/.local/lib/python3.7/site-packages/airflow/example_dags/example_xcom.py
[2022-10-05T09:27:29.672+0000] {logging_mixin.py:117} INFO - [2022-10-05T09:27:29.672+0000] {dag.py:2573} INFO - Sync 1 DAGs
[2022-10-05T09:27:29.691+0000] {logging_mixin.py:117} INFO - [2022-10-05T09:27:29.691+0000] {dag.py:3328} INFO - Setting next_dagrun for example_xcom to 2021-01-01T00:00:00+00:00, run_after=2021-01-01T00:00:00+00:00
[2022-10-05T09:27:29.705+0000] {processor.py:178} INFO - Processing /home/airflow/.local/lib/python3.7/site-packages/airflow/example_dags/example_xcom.py took 0.088 seconds
[2022-10-05T09:27:59.981+0000] {processor.py:156} INFO - Started process (PID=13752) to work on /home/airflow/.local/lib/python3.7/site-packages/airflow/example_dags/example_xcom.py
[2022-10-05T09:27:59.982+0000] {processor.py:758} INFO - Processing file /home/airflow/.local/lib/python3.7/site-packages/airflow/example_dags/example_xcom.py for tasks to queue
[2022-10-05T09:27:59.982+0000] {logging_mixin.py:117} INFO - [2022-10-05T09:27:59.982+0000] {dagbag.py:525} INFO - Filling up the DagBag from /home/airflow/.local/lib/python3.7/site-packages/airflow/example_dags/example_xcom.py
[2022-10-05T09:28:00.001+0000] {processor.py:768} INFO - DAG(s) dict_keys(['example_xcom']) retrieved from /home/airflow/.local/lib/python3.7/site-packages/airflow/example_dags/example_xcom.py
[2022-10-05T09:28:00.034+0000] {logging_mixin.py:117} INFO - [2022-10-05T09:28:00.033+0000] {dag.py:2573} INFO - Sync 1 DAGs
[2022-10-05T09:28:00.052+0000] {logging_mixin.py:117} INFO - [2022-10-05T09:28:00.052+0000] {dag.py:3328} INFO - Setting next_dagrun for example_xcom to 2021-01-01T00:00:00+00:00, run_after=2021-01-01T00:00:00+00:00
[2022-10-05T09:28:00.066+0000] {processor.py:178} INFO - Processing /home/airflow/.local/lib/python3.7/site-packages/airflow/example_dags/example_xcom.py took 0.087 seconds
[2022-10-05T09:28:30.373+0000] {processor.py:156} INFO - Started process (PID=13959) to work on /home/airflow/.local/lib/python3.7/site-packages/airflow/example_dags/example_xcom.py
[2022-10-05T09:28:30.373+0000] {processor.py:758} INFO - Processing file /home/airflow/.local/lib/python3.7/site-packages/airflow/example_dags/example_xcom.py for tasks to queue
[2022-10-05T09:28:30.374+0000] {logging_mixin.py:117} INFO - [2022-10-05T09:28:30.374+0000] {dagbag.py:525} INFO - Filling up the DagBag from /home/airflow/.local/lib/python3.7/site-packages/airflow/example_dags/example_xcom.py
[2022-10-05T09:28:30.393+0000] {processor.py:768} INFO - DAG(s) dict_keys(['example_xcom']) retrieved from /home/airflow/.local/lib/python3.7/site-packages/airflow/example_dags/example_xcom.py
[2022-10-05T09:28:30.426+0000] {logging_mixin.py:117} INFO - [2022-10-05T09:28:30.426+0000] {dag.py:2573} INFO - Sync 1 DAGs
[2022-10-05T09:28:30.446+0000] {logging_mixin.py:117} INFO - [2022-10-05T09:28:30.446+0000] {dag.py:3328} INFO - Setting next_dagrun for example_xcom to 2021-01-01T00:00:00+00:00, run_after=2021-01-01T00:00:00+00:00
[2022-10-05T09:28:30.460+0000] {processor.py:178} INFO - Processing /home/airflow/.local/lib/python3.7/site-packages/airflow/example_dags/example_xcom.py took 0.089 seconds
[2022-10-05T09:29:00.718+0000] {processor.py:156} INFO - Started process (PID=14157) to work on /home/airflow/.local/lib/python3.7/site-packages/airflow/example_dags/example_xcom.py
[2022-10-05T09:29:00.719+0000] {processor.py:758} INFO - Processing file /home/airflow/.local/lib/python3.7/site-packages/airflow/example_dags/example_xcom.py for tasks to queue
[2022-10-05T09:29:00.720+0000] {logging_mixin.py:117} INFO - [2022-10-05T09:29:00.720+0000] {dagbag.py:525} INFO - Filling up the DagBag from /home/airflow/.local/lib/python3.7/site-packages/airflow/example_dags/example_xcom.py
[2022-10-05T09:29:00.739+0000] {processor.py:768} INFO - DAG(s) dict_keys(['example_xcom']) retrieved from /home/airflow/.local/lib/python3.7/site-packages/airflow/example_dags/example_xcom.py
[2022-10-05T09:29:00.770+0000] {logging_mixin.py:117} INFO - [2022-10-05T09:29:00.770+0000] {dag.py:2573} INFO - Sync 1 DAGs
[2022-10-05T09:29:00.790+0000] {logging_mixin.py:117} INFO - [2022-10-05T09:29:00.790+0000] {dag.py:3328} INFO - Setting next_dagrun for example_xcom to 2021-01-01T00:00:00+00:00, run_after=2021-01-01T00:00:00+00:00
[2022-10-05T09:29:00.804+0000] {processor.py:178} INFO - Processing /home/airflow/.local/lib/python3.7/site-packages/airflow/example_dags/example_xcom.py took 0.088 seconds
[2022-10-05T09:29:31.296+0000] {processor.py:156} INFO - Started process (PID=14364) to work on /home/airflow/.local/lib/python3.7/site-packages/airflow/example_dags/example_xcom.py
[2022-10-05T09:29:31.297+0000] {processor.py:758} INFO - Processing file /home/airflow/.local/lib/python3.7/site-packages/airflow/example_dags/example_xcom.py for tasks to queue
[2022-10-05T09:29:31.297+0000] {logging_mixin.py:117} INFO - [2022-10-05T09:29:31.297+0000] {dagbag.py:525} INFO - Filling up the DagBag from /home/airflow/.local/lib/python3.7/site-packages/airflow/example_dags/example_xcom.py
[2022-10-05T09:29:31.316+0000] {processor.py:768} INFO - DAG(s) dict_keys(['example_xcom']) retrieved from /home/airflow/.local/lib/python3.7/site-packages/airflow/example_dags/example_xcom.py
[2022-10-05T09:29:31.349+0000] {logging_mixin.py:117} INFO - [2022-10-05T09:29:31.349+0000] {dag.py:2573} INFO - Sync 1 DAGs
[2022-10-05T09:29:31.368+0000] {logging_mixin.py:117} INFO - [2022-10-05T09:29:31.368+0000] {dag.py:3328} INFO - Setting next_dagrun for example_xcom to 2021-01-01T00:00:00+00:00, run_after=2021-01-01T00:00:00+00:00
[2022-10-05T09:29:31.381+0000] {processor.py:178} INFO - Processing /home/airflow/.local/lib/python3.7/site-packages/airflow/example_dags/example_xcom.py took 0.088 seconds
[2022-10-05T09:30:01.655+0000] {processor.py:156} INFO - Started process (PID=14571) to work on /home/airflow/.local/lib/python3.7/site-packages/airflow/example_dags/example_xcom.py
[2022-10-05T09:30:01.656+0000] {processor.py:758} INFO - Processing file /home/airflow/.local/lib/python3.7/site-packages/airflow/example_dags/example_xcom.py for tasks to queue
[2022-10-05T09:30:01.656+0000] {logging_mixin.py:117} INFO - [2022-10-05T09:30:01.656+0000] {dagbag.py:525} INFO - Filling up the DagBag from /home/airflow/.local/lib/python3.7/site-packages/airflow/example_dags/example_xcom.py
[2022-10-05T09:30:01.675+0000] {processor.py:768} INFO - DAG(s) dict_keys(['example_xcom']) retrieved from /home/airflow/.local/lib/python3.7/site-packages/airflow/example_dags/example_xcom.py
[2022-10-05T09:30:01.708+0000] {logging_mixin.py:117} INFO - [2022-10-05T09:30:01.707+0000] {dag.py:2573} INFO - Sync 1 DAGs
[2022-10-05T09:30:01.726+0000] {logging_mixin.py:117} INFO - [2022-10-05T09:30:01.726+0000] {dag.py:3328} INFO - Setting next_dagrun for example_xcom to 2021-01-01T00:00:00+00:00, run_after=2021-01-01T00:00:00+00:00
[2022-10-05T09:30:01.740+0000] {processor.py:178} INFO - Processing /home/airflow/.local/lib/python3.7/site-packages/airflow/example_dags/example_xcom.py took 0.087 seconds
[2022-10-05T09:30:32.037+0000] {processor.py:156} INFO - Started process (PID=14778) to work on /home/airflow/.local/lib/python3.7/site-packages/airflow/example_dags/example_xcom.py
[2022-10-05T09:30:32.037+0000] {processor.py:758} INFO - Processing file /home/airflow/.local/lib/python3.7/site-packages/airflow/example_dags/example_xcom.py for tasks to queue
[2022-10-05T09:30:32.038+0000] {logging_mixin.py:117} INFO - [2022-10-05T09:30:32.038+0000] {dagbag.py:525} INFO - Filling up the DagBag from /home/airflow/.local/lib/python3.7/site-packages/airflow/example_dags/example_xcom.py
[2022-10-05T09:30:32.057+0000] {processor.py:768} INFO - DAG(s) dict_keys(['example_xcom']) retrieved from /home/airflow/.local/lib/python3.7/site-packages/airflow/example_dags/example_xcom.py
[2022-10-05T09:30:32.091+0000] {logging_mixin.py:117} INFO - [2022-10-05T09:30:32.090+0000] {dag.py:2573} INFO - Sync 1 DAGs
[2022-10-05T09:30:32.112+0000] {logging_mixin.py:117} INFO - [2022-10-05T09:30:32.111+0000] {dag.py:3328} INFO - Setting next_dagrun for example_xcom to 2021-01-01T00:00:00+00:00, run_after=2021-01-01T00:00:00+00:00
[2022-10-05T09:30:32.126+0000] {processor.py:178} INFO - Processing /home/airflow/.local/lib/python3.7/site-packages/airflow/example_dags/example_xcom.py took 0.092 seconds
[2022-10-05T09:31:02.500+0000] {processor.py:156} INFO - Started process (PID=14976) to work on /home/airflow/.local/lib/python3.7/site-packages/airflow/example_dags/example_xcom.py
[2022-10-05T09:31:02.501+0000] {processor.py:758} INFO - Processing file /home/airflow/.local/lib/python3.7/site-packages/airflow/example_dags/example_xcom.py for tasks to queue
[2022-10-05T09:31:02.502+0000] {logging_mixin.py:117} INFO - [2022-10-05T09:31:02.501+0000] {dagbag.py:525} INFO - Filling up the DagBag from /home/airflow/.local/lib/python3.7/site-packages/airflow/example_dags/example_xcom.py
[2022-10-05T09:31:02.520+0000] {processor.py:768} INFO - DAG(s) dict_keys(['example_xcom']) retrieved from /home/airflow/.local/lib/python3.7/site-packages/airflow/example_dags/example_xcom.py
[2022-10-05T09:31:02.552+0000] {logging_mixin.py:117} INFO - [2022-10-05T09:31:02.552+0000] {dag.py:2573} INFO - Sync 1 DAGs
[2022-10-05T09:31:02.572+0000] {logging_mixin.py:117} INFO - [2022-10-05T09:31:02.572+0000] {dag.py:3328} INFO - Setting next_dagrun for example_xcom to 2021-01-01T00:00:00+00:00, run_after=2021-01-01T00:00:00+00:00
[2022-10-05T09:31:02.585+0000] {processor.py:178} INFO - Processing /home/airflow/.local/lib/python3.7/site-packages/airflow/example_dags/example_xcom.py took 0.087 seconds
[2022-10-05T09:31:32.916+0000] {processor.py:156} INFO - Started process (PID=15183) to work on /home/airflow/.local/lib/python3.7/site-packages/airflow/example_dags/example_xcom.py
[2022-10-05T09:31:32.917+0000] {processor.py:758} INFO - Processing file /home/airflow/.local/lib/python3.7/site-packages/airflow/example_dags/example_xcom.py for tasks to queue
[2022-10-05T09:31:32.918+0000] {logging_mixin.py:117} INFO - [2022-10-05T09:31:32.918+0000] {dagbag.py:525} INFO - Filling up the DagBag from /home/airflow/.local/lib/python3.7/site-packages/airflow/example_dags/example_xcom.py
[2022-10-05T09:31:32.937+0000] {processor.py:768} INFO - DAG(s) dict_keys(['example_xcom']) retrieved from /home/airflow/.local/lib/python3.7/site-packages/airflow/example_dags/example_xcom.py
[2022-10-05T09:31:32.969+0000] {logging_mixin.py:117} INFO - [2022-10-05T09:31:32.969+0000] {dag.py:2573} INFO - Sync 1 DAGs
[2022-10-05T09:31:32.988+0000] {logging_mixin.py:117} INFO - [2022-10-05T09:31:32.988+0000] {dag.py:3328} INFO - Setting next_dagrun for example_xcom to 2021-01-01T00:00:00+00:00, run_after=2021-01-01T00:00:00+00:00
[2022-10-05T09:31:33.002+0000] {processor.py:178} INFO - Processing /home/airflow/.local/lib/python3.7/site-packages/airflow/example_dags/example_xcom.py took 0.087 seconds
[2022-10-05T09:32:03.330+0000] {processor.py:156} INFO - Started process (PID=15390) to work on /home/airflow/.local/lib/python3.7/site-packages/airflow/example_dags/example_xcom.py
[2022-10-05T09:32:03.331+0000] {processor.py:758} INFO - Processing file /home/airflow/.local/lib/python3.7/site-packages/airflow/example_dags/example_xcom.py for tasks to queue
[2022-10-05T09:32:03.331+0000] {logging_mixin.py:117} INFO - [2022-10-05T09:32:03.331+0000] {dagbag.py:525} INFO - Filling up the DagBag from /home/airflow/.local/lib/python3.7/site-packages/airflow/example_dags/example_xcom.py
[2022-10-05T09:32:03.350+0000] {processor.py:768} INFO - DAG(s) dict_keys(['example_xcom']) retrieved from /home/airflow/.local/lib/python3.7/site-packages/airflow/example_dags/example_xcom.py
[2022-10-05T09:32:03.383+0000] {logging_mixin.py:117} INFO - [2022-10-05T09:32:03.383+0000] {dag.py:2573} INFO - Sync 1 DAGs
[2022-10-05T09:32:03.402+0000] {logging_mixin.py:117} INFO - [2022-10-05T09:32:03.402+0000] {dag.py:3328} INFO - Setting next_dagrun for example_xcom to 2021-01-01T00:00:00+00:00, run_after=2021-01-01T00:00:00+00:00
[2022-10-05T09:32:03.415+0000] {processor.py:178} INFO - Processing /home/airflow/.local/lib/python3.7/site-packages/airflow/example_dags/example_xcom.py took 0.087 seconds
