[2022-10-05T08:54:27.004+0000] {processor.py:156} INFO - Started process (PID=212) to work on /home/airflow/.local/lib/python3.7/site-packages/airflow/example_dags/example_latest_only.py
[2022-10-05T08:54:27.005+0000] {processor.py:758} INFO - Processing file /home/airflow/.local/lib/python3.7/site-packages/airflow/example_dags/example_latest_only.py for tasks to queue
[2022-10-05T08:54:27.005+0000] {logging_mixin.py:117} INFO - [2022-10-05T08:54:27.005+0000] {dagbag.py:525} INFO - Filling up the DagBag from /home/airflow/.local/lib/python3.7/site-packages/airflow/example_dags/example_latest_only.py
[2022-10-05T08:54:27.016+0000] {processor.py:768} INFO - DAG(s) dict_keys(['latest_only']) retrieved from /home/airflow/.local/lib/python3.7/site-packages/airflow/example_dags/example_latest_only.py
[2022-10-05T08:54:27.037+0000] {logging_mixin.py:117} INFO - [2022-10-05T08:54:27.037+0000] {dag.py:2573} INFO - Sync 1 DAGs
[2022-10-05T08:54:27.056+0000] {logging_mixin.py:117} INFO - [2022-10-05T08:54:27.056+0000] {dag.py:3328} INFO - Setting next_dagrun for latest_only to 2022-10-05T04:54:27.056222+00:00, run_after=2022-10-05T08:54:27.056222+00:00
[2022-10-05T08:54:27.070+0000] {processor.py:178} INFO - Processing /home/airflow/.local/lib/python3.7/site-packages/airflow/example_dags/example_latest_only.py took 0.067 seconds
[2022-10-05T08:54:58.043+0000] {processor.py:156} INFO - Started process (PID=419) to work on /home/airflow/.local/lib/python3.7/site-packages/airflow/example_dags/example_latest_only.py
[2022-10-05T08:54:58.043+0000] {processor.py:758} INFO - Processing file /home/airflow/.local/lib/python3.7/site-packages/airflow/example_dags/example_latest_only.py for tasks to queue
[2022-10-05T08:54:58.044+0000] {logging_mixin.py:117} INFO - [2022-10-05T08:54:58.044+0000] {dagbag.py:525} INFO - Filling up the DagBag from /home/airflow/.local/lib/python3.7/site-packages/airflow/example_dags/example_latest_only.py
[2022-10-05T08:54:58.056+0000] {processor.py:768} INFO - DAG(s) dict_keys(['latest_only']) retrieved from /home/airflow/.local/lib/python3.7/site-packages/airflow/example_dags/example_latest_only.py
[2022-10-05T08:54:58.085+0000] {logging_mixin.py:117} INFO - [2022-10-05T08:54:58.085+0000] {dag.py:2573} INFO - Sync 1 DAGs
[2022-10-05T08:54:58.104+0000] {logging_mixin.py:117} INFO - [2022-10-05T08:54:58.104+0000] {dag.py:3328} INFO - Setting next_dagrun for latest_only to 2022-10-05T04:54:58.104544+00:00, run_after=2022-10-05T08:54:58.104544+00:00
[2022-10-05T08:54:58.119+0000] {processor.py:178} INFO - Processing /home/airflow/.local/lib/python3.7/site-packages/airflow/example_dags/example_latest_only.py took 0.078 seconds
[2022-10-05T08:55:28.656+0000] {processor.py:156} INFO - Started process (PID=627) to work on /home/airflow/.local/lib/python3.7/site-packages/airflow/example_dags/example_latest_only.py
[2022-10-05T08:55:28.656+0000] {processor.py:758} INFO - Processing file /home/airflow/.local/lib/python3.7/site-packages/airflow/example_dags/example_latest_only.py for tasks to queue
[2022-10-05T08:55:28.657+0000] {logging_mixin.py:117} INFO - [2022-10-05T08:55:28.657+0000] {dagbag.py:525} INFO - Filling up the DagBag from /home/airflow/.local/lib/python3.7/site-packages/airflow/example_dags/example_latest_only.py
[2022-10-05T08:55:28.667+0000] {processor.py:768} INFO - DAG(s) dict_keys(['latest_only']) retrieved from /home/airflow/.local/lib/python3.7/site-packages/airflow/example_dags/example_latest_only.py
[2022-10-05T08:55:28.698+0000] {logging_mixin.py:117} INFO - [2022-10-05T08:55:28.698+0000] {dag.py:2573} INFO - Sync 1 DAGs
[2022-10-05T08:55:28.802+0000] {logging_mixin.py:117} INFO - [2022-10-05T08:55:28.802+0000] {dag.py:3328} INFO - Setting next_dagrun for latest_only to 2022-10-05T04:55:28.802503+00:00, run_after=2022-10-05T08:55:28.802503+00:00
[2022-10-05T08:55:28.817+0000] {processor.py:178} INFO - Processing /home/airflow/.local/lib/python3.7/site-packages/airflow/example_dags/example_latest_only.py took 0.163 seconds
[2022-10-05T08:55:59.625+0000] {processor.py:156} INFO - Started process (PID=834) to work on /home/airflow/.local/lib/python3.7/site-packages/airflow/example_dags/example_latest_only.py
[2022-10-05T08:55:59.626+0000] {processor.py:758} INFO - Processing file /home/airflow/.local/lib/python3.7/site-packages/airflow/example_dags/example_latest_only.py for tasks to queue
[2022-10-05T08:55:59.626+0000] {logging_mixin.py:117} INFO - [2022-10-05T08:55:59.626+0000] {dagbag.py:525} INFO - Filling up the DagBag from /home/airflow/.local/lib/python3.7/site-packages/airflow/example_dags/example_latest_only.py
[2022-10-05T08:55:59.636+0000] {processor.py:768} INFO - DAG(s) dict_keys(['latest_only']) retrieved from /home/airflow/.local/lib/python3.7/site-packages/airflow/example_dags/example_latest_only.py
[2022-10-05T08:55:59.668+0000] {logging_mixin.py:117} INFO - [2022-10-05T08:55:59.668+0000] {dag.py:2573} INFO - Sync 1 DAGs
[2022-10-05T08:55:59.772+0000] {logging_mixin.py:117} INFO - [2022-10-05T08:55:59.771+0000] {dag.py:3328} INFO - Setting next_dagrun for latest_only to 2022-10-05T04:55:59.771751+00:00, run_after=2022-10-05T08:55:59.771751+00:00
[2022-10-05T08:55:59.785+0000] {processor.py:178} INFO - Processing /home/airflow/.local/lib/python3.7/site-packages/airflow/example_dags/example_latest_only.py took 0.162 seconds
[2022-10-05T08:56:30.604+0000] {processor.py:156} INFO - Started process (PID=1032) to work on /home/airflow/.local/lib/python3.7/site-packages/airflow/example_dags/example_latest_only.py
[2022-10-05T08:56:30.605+0000] {processor.py:758} INFO - Processing file /home/airflow/.local/lib/python3.7/site-packages/airflow/example_dags/example_latest_only.py for tasks to queue
[2022-10-05T08:56:30.606+0000] {logging_mixin.py:117} INFO - [2022-10-05T08:56:30.606+0000] {dagbag.py:525} INFO - Filling up the DagBag from /home/airflow/.local/lib/python3.7/site-packages/airflow/example_dags/example_latest_only.py
[2022-10-05T08:56:30.616+0000] {processor.py:768} INFO - DAG(s) dict_keys(['latest_only']) retrieved from /home/airflow/.local/lib/python3.7/site-packages/airflow/example_dags/example_latest_only.py
[2022-10-05T08:56:30.730+0000] {logging_mixin.py:117} INFO - [2022-10-05T08:56:30.730+0000] {dag.py:2573} INFO - Sync 1 DAGs
[2022-10-05T08:56:30.748+0000] {logging_mixin.py:117} INFO - [2022-10-05T08:56:30.748+0000] {dag.py:3328} INFO - Setting next_dagrun for latest_only to 2022-10-05T04:56:30.748048+00:00, run_after=2022-10-05T08:56:30.748048+00:00
[2022-10-05T08:56:30.762+0000] {processor.py:178} INFO - Processing /home/airflow/.local/lib/python3.7/site-packages/airflow/example_dags/example_latest_only.py took 0.159 seconds
[2022-10-05T08:57:01.676+0000] {processor.py:156} INFO - Started process (PID=1239) to work on /home/airflow/.local/lib/python3.7/site-packages/airflow/example_dags/example_latest_only.py
[2022-10-05T08:57:01.677+0000] {processor.py:758} INFO - Processing file /home/airflow/.local/lib/python3.7/site-packages/airflow/example_dags/example_latest_only.py for tasks to queue
[2022-10-05T08:57:01.677+0000] {logging_mixin.py:117} INFO - [2022-10-05T08:57:01.677+0000] {dagbag.py:525} INFO - Filling up the DagBag from /home/airflow/.local/lib/python3.7/site-packages/airflow/example_dags/example_latest_only.py
[2022-10-05T08:57:01.687+0000] {processor.py:768} INFO - DAG(s) dict_keys(['latest_only']) retrieved from /home/airflow/.local/lib/python3.7/site-packages/airflow/example_dags/example_latest_only.py
[2022-10-05T08:57:01.798+0000] {logging_mixin.py:117} INFO - [2022-10-05T08:57:01.798+0000] {dag.py:2573} INFO - Sync 1 DAGs
[2022-10-05T08:57:01.816+0000] {logging_mixin.py:117} INFO - [2022-10-05T08:57:01.816+0000] {dag.py:3328} INFO - Setting next_dagrun for latest_only to 2022-10-05T04:57:01.816074+00:00, run_after=2022-10-05T08:57:01.816074+00:00
[2022-10-05T08:57:01.829+0000] {processor.py:178} INFO - Processing /home/airflow/.local/lib/python3.7/site-packages/airflow/example_dags/example_latest_only.py took 0.155 seconds
[2022-10-05T08:57:32.420+0000] {processor.py:156} INFO - Started process (PID=1446) to work on /home/airflow/.local/lib/python3.7/site-packages/airflow/example_dags/example_latest_only.py
[2022-10-05T08:57:32.421+0000] {processor.py:758} INFO - Processing file /home/airflow/.local/lib/python3.7/site-packages/airflow/example_dags/example_latest_only.py for tasks to queue
[2022-10-05T08:57:32.421+0000] {logging_mixin.py:117} INFO - [2022-10-05T08:57:32.421+0000] {dagbag.py:525} INFO - Filling up the DagBag from /home/airflow/.local/lib/python3.7/site-packages/airflow/example_dags/example_latest_only.py
[2022-10-05T08:57:32.516+0000] {processor.py:768} INFO - DAG(s) dict_keys(['latest_only']) retrieved from /home/airflow/.local/lib/python3.7/site-packages/airflow/example_dags/example_latest_only.py
[2022-10-05T08:57:32.542+0000] {logging_mixin.py:117} INFO - [2022-10-05T08:57:32.542+0000] {dag.py:2573} INFO - Sync 1 DAGs
[2022-10-05T08:57:32.561+0000] {logging_mixin.py:117} INFO - [2022-10-05T08:57:32.561+0000] {dag.py:3328} INFO - Setting next_dagrun for latest_only to 2022-10-05T04:57:32.561382+00:00, run_after=2022-10-05T08:57:32.561382+00:00
[2022-10-05T08:57:32.575+0000] {processor.py:178} INFO - Processing /home/airflow/.local/lib/python3.7/site-packages/airflow/example_dags/example_latest_only.py took 0.157 seconds
[2022-10-05T08:58:02.838+0000] {processor.py:156} INFO - Started process (PID=1653) to work on /home/airflow/.local/lib/python3.7/site-packages/airflow/example_dags/example_latest_only.py
[2022-10-05T08:58:02.839+0000] {processor.py:758} INFO - Processing file /home/airflow/.local/lib/python3.7/site-packages/airflow/example_dags/example_latest_only.py for tasks to queue
[2022-10-05T08:58:02.839+0000] {logging_mixin.py:117} INFO - [2022-10-05T08:58:02.839+0000] {dagbag.py:525} INFO - Filling up the DagBag from /home/airflow/.local/lib/python3.7/site-packages/airflow/example_dags/example_latest_only.py
[2022-10-05T08:58:02.850+0000] {processor.py:768} INFO - DAG(s) dict_keys(['latest_only']) retrieved from /home/airflow/.local/lib/python3.7/site-packages/airflow/example_dags/example_latest_only.py
[2022-10-05T08:58:02.881+0000] {logging_mixin.py:117} INFO - [2022-10-05T08:58:02.881+0000] {dag.py:2573} INFO - Sync 1 DAGs
[2022-10-05T08:58:02.900+0000] {logging_mixin.py:117} INFO - [2022-10-05T08:58:02.899+0000] {dag.py:3328} INFO - Setting next_dagrun for latest_only to 2022-10-05T04:58:02.899686+00:00, run_after=2022-10-05T08:58:02.899686+00:00
[2022-10-05T08:58:02.913+0000] {processor.py:178} INFO - Processing /home/airflow/.local/lib/python3.7/site-packages/airflow/example_dags/example_latest_only.py took 0.077 seconds
[2022-10-05T08:58:33.334+0000] {processor.py:156} INFO - Started process (PID=1858) to work on /home/airflow/.local/lib/python3.7/site-packages/airflow/example_dags/example_latest_only.py
[2022-10-05T08:58:33.335+0000] {processor.py:758} INFO - Processing file /home/airflow/.local/lib/python3.7/site-packages/airflow/example_dags/example_latest_only.py for tasks to queue
[2022-10-05T08:58:33.335+0000] {logging_mixin.py:117} INFO - [2022-10-05T08:58:33.335+0000] {dagbag.py:525} INFO - Filling up the DagBag from /home/airflow/.local/lib/python3.7/site-packages/airflow/example_dags/example_latest_only.py
[2022-10-05T08:58:33.346+0000] {processor.py:768} INFO - DAG(s) dict_keys(['latest_only']) retrieved from /home/airflow/.local/lib/python3.7/site-packages/airflow/example_dags/example_latest_only.py
[2022-10-05T08:58:33.378+0000] {logging_mixin.py:117} INFO - [2022-10-05T08:58:33.378+0000] {dag.py:2573} INFO - Sync 1 DAGs
[2022-10-05T08:58:33.397+0000] {logging_mixin.py:117} INFO - [2022-10-05T08:58:33.397+0000] {dag.py:3328} INFO - Setting next_dagrun for latest_only to 2022-10-05T04:58:33.397432+00:00, run_after=2022-10-05T08:58:33.397432+00:00
[2022-10-05T08:58:33.412+0000] {processor.py:178} INFO - Processing /home/airflow/.local/lib/python3.7/site-packages/airflow/example_dags/example_latest_only.py took 0.079 seconds
[2022-10-05T08:59:03.800+0000] {processor.py:156} INFO - Started process (PID=2058) to work on /home/airflow/.local/lib/python3.7/site-packages/airflow/example_dags/example_latest_only.py
[2022-10-05T08:59:03.800+0000] {processor.py:758} INFO - Processing file /home/airflow/.local/lib/python3.7/site-packages/airflow/example_dags/example_latest_only.py for tasks to queue
[2022-10-05T08:59:03.801+0000] {logging_mixin.py:117} INFO - [2022-10-05T08:59:03.801+0000] {dagbag.py:525} INFO - Filling up the DagBag from /home/airflow/.local/lib/python3.7/site-packages/airflow/example_dags/example_latest_only.py
[2022-10-05T08:59:03.811+0000] {processor.py:768} INFO - DAG(s) dict_keys(['latest_only']) retrieved from /home/airflow/.local/lib/python3.7/site-packages/airflow/example_dags/example_latest_only.py
[2022-10-05T08:59:03.841+0000] {logging_mixin.py:117} INFO - [2022-10-05T08:59:03.841+0000] {dag.py:2573} INFO - Sync 1 DAGs
[2022-10-05T08:59:03.860+0000] {logging_mixin.py:117} INFO - [2022-10-05T08:59:03.860+0000] {dag.py:3328} INFO - Setting next_dagrun for latest_only to 2022-10-05T04:59:03.860330+00:00, run_after=2022-10-05T08:59:03.860330+00:00
[2022-10-05T08:59:03.875+0000] {processor.py:178} INFO - Processing /home/airflow/.local/lib/python3.7/site-packages/airflow/example_dags/example_latest_only.py took 0.077 seconds
[2022-10-05T08:59:34.182+0000] {processor.py:156} INFO - Started process (PID=2265) to work on /home/airflow/.local/lib/python3.7/site-packages/airflow/example_dags/example_latest_only.py
[2022-10-05T08:59:34.183+0000] {processor.py:758} INFO - Processing file /home/airflow/.local/lib/python3.7/site-packages/airflow/example_dags/example_latest_only.py for tasks to queue
[2022-10-05T08:59:34.183+0000] {logging_mixin.py:117} INFO - [2022-10-05T08:59:34.183+0000] {dagbag.py:525} INFO - Filling up the DagBag from /home/airflow/.local/lib/python3.7/site-packages/airflow/example_dags/example_latest_only.py
[2022-10-05T08:59:34.194+0000] {processor.py:768} INFO - DAG(s) dict_keys(['latest_only']) retrieved from /home/airflow/.local/lib/python3.7/site-packages/airflow/example_dags/example_latest_only.py
[2022-10-05T08:59:34.224+0000] {logging_mixin.py:117} INFO - [2022-10-05T08:59:34.224+0000] {dag.py:2573} INFO - Sync 1 DAGs
[2022-10-05T08:59:34.243+0000] {logging_mixin.py:117} INFO - [2022-10-05T08:59:34.243+0000] {dag.py:3328} INFO - Setting next_dagrun for latest_only to 2022-10-05T04:59:34.243647+00:00, run_after=2022-10-05T08:59:34.243647+00:00
[2022-10-05T08:59:34.257+0000] {processor.py:178} INFO - Processing /home/airflow/.local/lib/python3.7/site-packages/airflow/example_dags/example_latest_only.py took 0.077 seconds
[2022-10-05T09:00:04.629+0000] {processor.py:156} INFO - Started process (PID=2472) to work on /home/airflow/.local/lib/python3.7/site-packages/airflow/example_dags/example_latest_only.py
[2022-10-05T09:00:04.630+0000] {processor.py:758} INFO - Processing file /home/airflow/.local/lib/python3.7/site-packages/airflow/example_dags/example_latest_only.py for tasks to queue
[2022-10-05T09:00:04.631+0000] {logging_mixin.py:117} INFO - [2022-10-05T09:00:04.631+0000] {dagbag.py:525} INFO - Filling up the DagBag from /home/airflow/.local/lib/python3.7/site-packages/airflow/example_dags/example_latest_only.py
[2022-10-05T09:00:04.641+0000] {processor.py:768} INFO - DAG(s) dict_keys(['latest_only']) retrieved from /home/airflow/.local/lib/python3.7/site-packages/airflow/example_dags/example_latest_only.py
[2022-10-05T09:00:04.672+0000] {logging_mixin.py:117} INFO - [2022-10-05T09:00:04.671+0000] {dag.py:2573} INFO - Sync 1 DAGs
[2022-10-05T09:00:04.691+0000] {logging_mixin.py:117} INFO - [2022-10-05T09:00:04.691+0000] {dag.py:3328} INFO - Setting next_dagrun for latest_only to 2022-10-05T05:00:04.691552+00:00, run_after=2022-10-05T09:00:04.691552+00:00
[2022-10-05T09:00:04.705+0000] {processor.py:178} INFO - Processing /home/airflow/.local/lib/python3.7/site-packages/airflow/example_dags/example_latest_only.py took 0.078 seconds
[2022-10-05T09:00:34.995+0000] {processor.py:156} INFO - Started process (PID=2679) to work on /home/airflow/.local/lib/python3.7/site-packages/airflow/example_dags/example_latest_only.py
[2022-10-05T09:00:34.996+0000] {processor.py:758} INFO - Processing file /home/airflow/.local/lib/python3.7/site-packages/airflow/example_dags/example_latest_only.py for tasks to queue
[2022-10-05T09:00:34.996+0000] {logging_mixin.py:117} INFO - [2022-10-05T09:00:34.996+0000] {dagbag.py:525} INFO - Filling up the DagBag from /home/airflow/.local/lib/python3.7/site-packages/airflow/example_dags/example_latest_only.py
[2022-10-05T09:00:35.007+0000] {processor.py:768} INFO - DAG(s) dict_keys(['latest_only']) retrieved from /home/airflow/.local/lib/python3.7/site-packages/airflow/example_dags/example_latest_only.py
[2022-10-05T09:00:35.038+0000] {logging_mixin.py:117} INFO - [2022-10-05T09:00:35.038+0000] {dag.py:2573} INFO - Sync 1 DAGs
[2022-10-05T09:00:35.058+0000] {logging_mixin.py:117} INFO - [2022-10-05T09:00:35.057+0000] {dag.py:3328} INFO - Setting next_dagrun for latest_only to 2022-10-05T05:00:35.057614+00:00, run_after=2022-10-05T09:00:35.057614+00:00
[2022-10-05T09:00:35.072+0000] {processor.py:178} INFO - Processing /home/airflow/.local/lib/python3.7/site-packages/airflow/example_dags/example_latest_only.py took 0.079 seconds
[2022-10-05T09:01:05.366+0000] {processor.py:156} INFO - Started process (PID=2877) to work on /home/airflow/.local/lib/python3.7/site-packages/airflow/example_dags/example_latest_only.py
[2022-10-05T09:01:05.366+0000] {processor.py:758} INFO - Processing file /home/airflow/.local/lib/python3.7/site-packages/airflow/example_dags/example_latest_only.py for tasks to queue
[2022-10-05T09:01:05.367+0000] {logging_mixin.py:117} INFO - [2022-10-05T09:01:05.367+0000] {dagbag.py:525} INFO - Filling up the DagBag from /home/airflow/.local/lib/python3.7/site-packages/airflow/example_dags/example_latest_only.py
[2022-10-05T09:01:05.377+0000] {processor.py:768} INFO - DAG(s) dict_keys(['latest_only']) retrieved from /home/airflow/.local/lib/python3.7/site-packages/airflow/example_dags/example_latest_only.py
[2022-10-05T09:01:05.407+0000] {logging_mixin.py:117} INFO - [2022-10-05T09:01:05.407+0000] {dag.py:2573} INFO - Sync 1 DAGs
[2022-10-05T09:01:05.426+0000] {logging_mixin.py:117} INFO - [2022-10-05T09:01:05.426+0000] {dag.py:3328} INFO - Setting next_dagrun for latest_only to 2022-10-05T05:01:05.426522+00:00, run_after=2022-10-05T09:01:05.426522+00:00
[2022-10-05T09:01:05.440+0000] {processor.py:178} INFO - Processing /home/airflow/.local/lib/python3.7/site-packages/airflow/example_dags/example_latest_only.py took 0.077 seconds
[2022-10-05T09:01:36.096+0000] {processor.py:156} INFO - Started process (PID=3084) to work on /home/airflow/.local/lib/python3.7/site-packages/airflow/example_dags/example_latest_only.py
[2022-10-05T09:01:36.097+0000] {processor.py:758} INFO - Processing file /home/airflow/.local/lib/python3.7/site-packages/airflow/example_dags/example_latest_only.py for tasks to queue
[2022-10-05T09:01:36.097+0000] {logging_mixin.py:117} INFO - [2022-10-05T09:01:36.097+0000] {dagbag.py:525} INFO - Filling up the DagBag from /home/airflow/.local/lib/python3.7/site-packages/airflow/example_dags/example_latest_only.py
[2022-10-05T09:01:36.108+0000] {processor.py:768} INFO - DAG(s) dict_keys(['latest_only']) retrieved from /home/airflow/.local/lib/python3.7/site-packages/airflow/example_dags/example_latest_only.py
[2022-10-05T09:01:36.137+0000] {logging_mixin.py:117} INFO - [2022-10-05T09:01:36.137+0000] {dag.py:2573} INFO - Sync 1 DAGs
[2022-10-05T09:01:36.157+0000] {logging_mixin.py:117} INFO - [2022-10-05T09:01:36.157+0000] {dag.py:3328} INFO - Setting next_dagrun for latest_only to 2022-10-05T05:01:36.157062+00:00, run_after=2022-10-05T09:01:36.157062+00:00
[2022-10-05T09:01:36.171+0000] {processor.py:178} INFO - Processing /home/airflow/.local/lib/python3.7/site-packages/airflow/example_dags/example_latest_only.py took 0.077 seconds
[2022-10-05T09:02:06.649+0000] {processor.py:156} INFO - Started process (PID=3291) to work on /home/airflow/.local/lib/python3.7/site-packages/airflow/example_dags/example_latest_only.py
[2022-10-05T09:02:06.650+0000] {processor.py:758} INFO - Processing file /home/airflow/.local/lib/python3.7/site-packages/airflow/example_dags/example_latest_only.py for tasks to queue
[2022-10-05T09:02:06.650+0000] {logging_mixin.py:117} INFO - [2022-10-05T09:02:06.650+0000] {dagbag.py:525} INFO - Filling up the DagBag from /home/airflow/.local/lib/python3.7/site-packages/airflow/example_dags/example_latest_only.py
[2022-10-05T09:02:06.661+0000] {processor.py:768} INFO - DAG(s) dict_keys(['latest_only']) retrieved from /home/airflow/.local/lib/python3.7/site-packages/airflow/example_dags/example_latest_only.py
[2022-10-05T09:02:06.691+0000] {logging_mixin.py:117} INFO - [2022-10-05T09:02:06.691+0000] {dag.py:2573} INFO - Sync 1 DAGs
[2022-10-05T09:02:06.711+0000] {logging_mixin.py:117} INFO - [2022-10-05T09:02:06.711+0000] {dag.py:3328} INFO - Setting next_dagrun for latest_only to 2022-10-05T05:02:06.710934+00:00, run_after=2022-10-05T09:02:06.710934+00:00
[2022-10-05T09:02:06.725+0000] {processor.py:178} INFO - Processing /home/airflow/.local/lib/python3.7/site-packages/airflow/example_dags/example_latest_only.py took 0.078 seconds
[2022-10-05T09:02:37.268+0000] {processor.py:156} INFO - Started process (PID=3498) to work on /home/airflow/.local/lib/python3.7/site-packages/airflow/example_dags/example_latest_only.py
[2022-10-05T09:02:37.269+0000] {processor.py:758} INFO - Processing file /home/airflow/.local/lib/python3.7/site-packages/airflow/example_dags/example_latest_only.py for tasks to queue
[2022-10-05T09:02:37.269+0000] {logging_mixin.py:117} INFO - [2022-10-05T09:02:37.269+0000] {dagbag.py:525} INFO - Filling up the DagBag from /home/airflow/.local/lib/python3.7/site-packages/airflow/example_dags/example_latest_only.py
[2022-10-05T09:02:37.279+0000] {processor.py:768} INFO - DAG(s) dict_keys(['latest_only']) retrieved from /home/airflow/.local/lib/python3.7/site-packages/airflow/example_dags/example_latest_only.py
[2022-10-05T09:02:37.310+0000] {logging_mixin.py:117} INFO - [2022-10-05T09:02:37.310+0000] {dag.py:2573} INFO - Sync 1 DAGs
[2022-10-05T09:02:37.329+0000] {logging_mixin.py:117} INFO - [2022-10-05T09:02:37.328+0000] {dag.py:3328} INFO - Setting next_dagrun for latest_only to 2022-10-05T05:02:37.328721+00:00, run_after=2022-10-05T09:02:37.328721+00:00
[2022-10-05T09:02:37.342+0000] {processor.py:178} INFO - Processing /home/airflow/.local/lib/python3.7/site-packages/airflow/example_dags/example_latest_only.py took 0.076 seconds
[2022-10-05T09:03:07.793+0000] {processor.py:156} INFO - Started process (PID=3696) to work on /home/airflow/.local/lib/python3.7/site-packages/airflow/example_dags/example_latest_only.py
[2022-10-05T09:03:07.794+0000] {processor.py:758} INFO - Processing file /home/airflow/.local/lib/python3.7/site-packages/airflow/example_dags/example_latest_only.py for tasks to queue
[2022-10-05T09:03:07.795+0000] {logging_mixin.py:117} INFO - [2022-10-05T09:03:07.795+0000] {dagbag.py:525} INFO - Filling up the DagBag from /home/airflow/.local/lib/python3.7/site-packages/airflow/example_dags/example_latest_only.py
[2022-10-05T09:03:07.805+0000] {processor.py:768} INFO - DAG(s) dict_keys(['latest_only']) retrieved from /home/airflow/.local/lib/python3.7/site-packages/airflow/example_dags/example_latest_only.py
[2022-10-05T09:03:07.835+0000] {logging_mixin.py:117} INFO - [2022-10-05T09:03:07.835+0000] {dag.py:2573} INFO - Sync 1 DAGs
[2022-10-05T09:03:07.854+0000] {logging_mixin.py:117} INFO - [2022-10-05T09:03:07.854+0000] {dag.py:3328} INFO - Setting next_dagrun for latest_only to 2022-10-05T05:03:07.854162+00:00, run_after=2022-10-05T09:03:07.854162+00:00
[2022-10-05T09:03:07.868+0000] {processor.py:178} INFO - Processing /home/airflow/.local/lib/python3.7/site-packages/airflow/example_dags/example_latest_only.py took 0.077 seconds
[2022-10-05T09:03:38.367+0000] {processor.py:156} INFO - Started process (PID=3903) to work on /home/airflow/.local/lib/python3.7/site-packages/airflow/example_dags/example_latest_only.py
[2022-10-05T09:03:38.368+0000] {processor.py:758} INFO - Processing file /home/airflow/.local/lib/python3.7/site-packages/airflow/example_dags/example_latest_only.py for tasks to queue
[2022-10-05T09:03:38.368+0000] {logging_mixin.py:117} INFO - [2022-10-05T09:03:38.368+0000] {dagbag.py:525} INFO - Filling up the DagBag from /home/airflow/.local/lib/python3.7/site-packages/airflow/example_dags/example_latest_only.py
[2022-10-05T09:03:38.379+0000] {processor.py:768} INFO - DAG(s) dict_keys(['latest_only']) retrieved from /home/airflow/.local/lib/python3.7/site-packages/airflow/example_dags/example_latest_only.py
[2022-10-05T09:03:38.408+0000] {logging_mixin.py:117} INFO - [2022-10-05T09:03:38.408+0000] {dag.py:2573} INFO - Sync 1 DAGs
[2022-10-05T09:03:38.427+0000] {logging_mixin.py:117} INFO - [2022-10-05T09:03:38.427+0000] {dag.py:3328} INFO - Setting next_dagrun for latest_only to 2022-10-05T05:03:38.426833+00:00, run_after=2022-10-05T09:03:38.426833+00:00
[2022-10-05T09:03:38.441+0000] {processor.py:178} INFO - Processing /home/airflow/.local/lib/python3.7/site-packages/airflow/example_dags/example_latest_only.py took 0.076 seconds
[2022-10-05T09:04:08.946+0000] {processor.py:156} INFO - Started process (PID=4110) to work on /home/airflow/.local/lib/python3.7/site-packages/airflow/example_dags/example_latest_only.py
[2022-10-05T09:04:08.946+0000] {processor.py:758} INFO - Processing file /home/airflow/.local/lib/python3.7/site-packages/airflow/example_dags/example_latest_only.py for tasks to queue
[2022-10-05T09:04:08.947+0000] {logging_mixin.py:117} INFO - [2022-10-05T09:04:08.947+0000] {dagbag.py:525} INFO - Filling up the DagBag from /home/airflow/.local/lib/python3.7/site-packages/airflow/example_dags/example_latest_only.py
[2022-10-05T09:04:08.957+0000] {processor.py:768} INFO - DAG(s) dict_keys(['latest_only']) retrieved from /home/airflow/.local/lib/python3.7/site-packages/airflow/example_dags/example_latest_only.py
[2022-10-05T09:04:08.986+0000] {logging_mixin.py:117} INFO - [2022-10-05T09:04:08.986+0000] {dag.py:2573} INFO - Sync 1 DAGs
[2022-10-05T09:04:09.006+0000] {logging_mixin.py:117} INFO - [2022-10-05T09:04:09.006+0000] {dag.py:3328} INFO - Setting next_dagrun for latest_only to 2022-10-05T05:04:09.006342+00:00, run_after=2022-10-05T09:04:09.006342+00:00
[2022-10-05T09:04:09.020+0000] {processor.py:178} INFO - Processing /home/airflow/.local/lib/python3.7/site-packages/airflow/example_dags/example_latest_only.py took 0.076 seconds
[2022-10-05T09:04:39.505+0000] {processor.py:156} INFO - Started process (PID=4317) to work on /home/airflow/.local/lib/python3.7/site-packages/airflow/example_dags/example_latest_only.py
[2022-10-05T09:04:39.506+0000] {processor.py:758} INFO - Processing file /home/airflow/.local/lib/python3.7/site-packages/airflow/example_dags/example_latest_only.py for tasks to queue
[2022-10-05T09:04:39.507+0000] {logging_mixin.py:117} INFO - [2022-10-05T09:04:39.506+0000] {dagbag.py:525} INFO - Filling up the DagBag from /home/airflow/.local/lib/python3.7/site-packages/airflow/example_dags/example_latest_only.py
[2022-10-05T09:04:39.516+0000] {processor.py:768} INFO - DAG(s) dict_keys(['latest_only']) retrieved from /home/airflow/.local/lib/python3.7/site-packages/airflow/example_dags/example_latest_only.py
[2022-10-05T09:04:39.547+0000] {logging_mixin.py:117} INFO - [2022-10-05T09:04:39.546+0000] {dag.py:2573} INFO - Sync 1 DAGs
[2022-10-05T09:04:39.565+0000] {logging_mixin.py:117} INFO - [2022-10-05T09:04:39.565+0000] {dag.py:3328} INFO - Setting next_dagrun for latest_only to 2022-10-05T05:04:39.565220+00:00, run_after=2022-10-05T09:04:39.565220+00:00
[2022-10-05T09:04:39.578+0000] {processor.py:178} INFO - Processing /home/airflow/.local/lib/python3.7/site-packages/airflow/example_dags/example_latest_only.py took 0.075 seconds
[2022-10-05T09:05:09.917+0000] {processor.py:156} INFO - Started process (PID=4515) to work on /home/airflow/.local/lib/python3.7/site-packages/airflow/example_dags/example_latest_only.py
[2022-10-05T09:05:09.918+0000] {processor.py:758} INFO - Processing file /home/airflow/.local/lib/python3.7/site-packages/airflow/example_dags/example_latest_only.py for tasks to queue
[2022-10-05T09:05:09.918+0000] {logging_mixin.py:117} INFO - [2022-10-05T09:05:09.918+0000] {dagbag.py:525} INFO - Filling up the DagBag from /home/airflow/.local/lib/python3.7/site-packages/airflow/example_dags/example_latest_only.py
[2022-10-05T09:05:09.928+0000] {processor.py:768} INFO - DAG(s) dict_keys(['latest_only']) retrieved from /home/airflow/.local/lib/python3.7/site-packages/airflow/example_dags/example_latest_only.py
[2022-10-05T09:05:09.958+0000] {logging_mixin.py:117} INFO - [2022-10-05T09:05:09.958+0000] {dag.py:2573} INFO - Sync 1 DAGs
[2022-10-05T09:05:09.977+0000] {logging_mixin.py:117} INFO - [2022-10-05T09:05:09.977+0000] {dag.py:3328} INFO - Setting next_dagrun for latest_only to 2022-10-05T05:05:09.977203+00:00, run_after=2022-10-05T09:05:09.977203+00:00
[2022-10-05T09:05:09.991+0000] {processor.py:178} INFO - Processing /home/airflow/.local/lib/python3.7/site-packages/airflow/example_dags/example_latest_only.py took 0.077 seconds
[2022-10-05T09:05:40.325+0000] {processor.py:156} INFO - Started process (PID=4722) to work on /home/airflow/.local/lib/python3.7/site-packages/airflow/example_dags/example_latest_only.py
[2022-10-05T09:05:40.326+0000] {processor.py:758} INFO - Processing file /home/airflow/.local/lib/python3.7/site-packages/airflow/example_dags/example_latest_only.py for tasks to queue
[2022-10-05T09:05:40.326+0000] {logging_mixin.py:117} INFO - [2022-10-05T09:05:40.326+0000] {dagbag.py:525} INFO - Filling up the DagBag from /home/airflow/.local/lib/python3.7/site-packages/airflow/example_dags/example_latest_only.py
[2022-10-05T09:05:40.337+0000] {processor.py:768} INFO - DAG(s) dict_keys(['latest_only']) retrieved from /home/airflow/.local/lib/python3.7/site-packages/airflow/example_dags/example_latest_only.py
[2022-10-05T09:05:40.366+0000] {logging_mixin.py:117} INFO - [2022-10-05T09:05:40.366+0000] {dag.py:2573} INFO - Sync 1 DAGs
[2022-10-05T09:05:40.385+0000] {logging_mixin.py:117} INFO - [2022-10-05T09:05:40.384+0000] {dag.py:3328} INFO - Setting next_dagrun for latest_only to 2022-10-05T05:05:40.384800+00:00, run_after=2022-10-05T09:05:40.384800+00:00
[2022-10-05T09:05:40.399+0000] {processor.py:178} INFO - Processing /home/airflow/.local/lib/python3.7/site-packages/airflow/example_dags/example_latest_only.py took 0.076 seconds
[2022-10-05T09:06:10.795+0000] {processor.py:156} INFO - Started process (PID=4929) to work on /home/airflow/.local/lib/python3.7/site-packages/airflow/example_dags/example_latest_only.py
[2022-10-05T09:06:10.796+0000] {processor.py:758} INFO - Processing file /home/airflow/.local/lib/python3.7/site-packages/airflow/example_dags/example_latest_only.py for tasks to queue
[2022-10-05T09:06:10.796+0000] {logging_mixin.py:117} INFO - [2022-10-05T09:06:10.796+0000] {dagbag.py:525} INFO - Filling up the DagBag from /home/airflow/.local/lib/python3.7/site-packages/airflow/example_dags/example_latest_only.py
[2022-10-05T09:06:10.807+0000] {processor.py:768} INFO - DAG(s) dict_keys(['latest_only']) retrieved from /home/airflow/.local/lib/python3.7/site-packages/airflow/example_dags/example_latest_only.py
[2022-10-05T09:06:10.837+0000] {logging_mixin.py:117} INFO - [2022-10-05T09:06:10.837+0000] {dag.py:2573} INFO - Sync 1 DAGs
[2022-10-05T09:06:10.858+0000] {logging_mixin.py:117} INFO - [2022-10-05T09:06:10.857+0000] {dag.py:3328} INFO - Setting next_dagrun for latest_only to 2022-10-05T05:06:10.857698+00:00, run_after=2022-10-05T09:06:10.857698+00:00
[2022-10-05T09:06:10.871+0000] {processor.py:178} INFO - Processing /home/airflow/.local/lib/python3.7/site-packages/airflow/example_dags/example_latest_only.py took 0.078 seconds
[2022-10-05T09:06:41.104+0000] {processor.py:156} INFO - Started process (PID=5136) to work on /home/airflow/.local/lib/python3.7/site-packages/airflow/example_dags/example_latest_only.py
[2022-10-05T09:06:41.105+0000] {processor.py:758} INFO - Processing file /home/airflow/.local/lib/python3.7/site-packages/airflow/example_dags/example_latest_only.py for tasks to queue
[2022-10-05T09:06:41.105+0000] {logging_mixin.py:117} INFO - [2022-10-05T09:06:41.105+0000] {dagbag.py:525} INFO - Filling up the DagBag from /home/airflow/.local/lib/python3.7/site-packages/airflow/example_dags/example_latest_only.py
[2022-10-05T09:06:41.115+0000] {processor.py:768} INFO - DAG(s) dict_keys(['latest_only']) retrieved from /home/airflow/.local/lib/python3.7/site-packages/airflow/example_dags/example_latest_only.py
[2022-10-05T09:06:41.146+0000] {logging_mixin.py:117} INFO - [2022-10-05T09:06:41.146+0000] {dag.py:2573} INFO - Sync 1 DAGs
[2022-10-05T09:06:41.165+0000] {logging_mixin.py:117} INFO - [2022-10-05T09:06:41.165+0000] {dag.py:3328} INFO - Setting next_dagrun for latest_only to 2022-10-05T05:06:41.164841+00:00, run_after=2022-10-05T09:06:41.164841+00:00
[2022-10-05T09:06:41.178+0000] {processor.py:178} INFO - Processing /home/airflow/.local/lib/python3.7/site-packages/airflow/example_dags/example_latest_only.py took 0.076 seconds
[2022-10-05T09:07:11.519+0000] {processor.py:156} INFO - Started process (PID=5343) to work on /home/airflow/.local/lib/python3.7/site-packages/airflow/example_dags/example_latest_only.py
[2022-10-05T09:07:11.520+0000] {processor.py:758} INFO - Processing file /home/airflow/.local/lib/python3.7/site-packages/airflow/example_dags/example_latest_only.py for tasks to queue
[2022-10-05T09:07:11.520+0000] {logging_mixin.py:117} INFO - [2022-10-05T09:07:11.520+0000] {dagbag.py:525} INFO - Filling up the DagBag from /home/airflow/.local/lib/python3.7/site-packages/airflow/example_dags/example_latest_only.py
[2022-10-05T09:07:11.531+0000] {processor.py:768} INFO - DAG(s) dict_keys(['latest_only']) retrieved from /home/airflow/.local/lib/python3.7/site-packages/airflow/example_dags/example_latest_only.py
[2022-10-05T09:07:11.562+0000] {logging_mixin.py:117} INFO - [2022-10-05T09:07:11.561+0000] {dag.py:2573} INFO - Sync 1 DAGs
[2022-10-05T09:07:11.581+0000] {logging_mixin.py:117} INFO - [2022-10-05T09:07:11.581+0000] {dag.py:3328} INFO - Setting next_dagrun for latest_only to 2022-10-05T05:07:11.580843+00:00, run_after=2022-10-05T09:07:11.580843+00:00
[2022-10-05T09:07:11.594+0000] {processor.py:178} INFO - Processing /home/airflow/.local/lib/python3.7/site-packages/airflow/example_dags/example_latest_only.py took 0.078 seconds
[2022-10-05T09:07:42.119+0000] {processor.py:156} INFO - Started process (PID=5543) to work on /home/airflow/.local/lib/python3.7/site-packages/airflow/example_dags/example_latest_only.py
[2022-10-05T09:07:42.119+0000] {processor.py:758} INFO - Processing file /home/airflow/.local/lib/python3.7/site-packages/airflow/example_dags/example_latest_only.py for tasks to queue
[2022-10-05T09:07:42.120+0000] {logging_mixin.py:117} INFO - [2022-10-05T09:07:42.120+0000] {dagbag.py:525} INFO - Filling up the DagBag from /home/airflow/.local/lib/python3.7/site-packages/airflow/example_dags/example_latest_only.py
[2022-10-05T09:07:42.130+0000] {processor.py:768} INFO - DAG(s) dict_keys(['latest_only']) retrieved from /home/airflow/.local/lib/python3.7/site-packages/airflow/example_dags/example_latest_only.py
[2022-10-05T09:07:42.161+0000] {logging_mixin.py:117} INFO - [2022-10-05T09:07:42.161+0000] {dag.py:2573} INFO - Sync 1 DAGs
[2022-10-05T09:07:42.180+0000] {logging_mixin.py:117} INFO - [2022-10-05T09:07:42.180+0000] {dag.py:3328} INFO - Setting next_dagrun for latest_only to 2022-10-05T05:07:42.180264+00:00, run_after=2022-10-05T09:07:42.180264+00:00
[2022-10-05T09:07:42.195+0000] {processor.py:178} INFO - Processing /home/airflow/.local/lib/python3.7/site-packages/airflow/example_dags/example_latest_only.py took 0.078 seconds
[2022-10-05T09:08:12.414+0000] {processor.py:156} INFO - Started process (PID=5748) to work on /home/airflow/.local/lib/python3.7/site-packages/airflow/example_dags/example_latest_only.py
[2022-10-05T09:08:12.415+0000] {processor.py:758} INFO - Processing file /home/airflow/.local/lib/python3.7/site-packages/airflow/example_dags/example_latest_only.py for tasks to queue
[2022-10-05T09:08:12.415+0000] {logging_mixin.py:117} INFO - [2022-10-05T09:08:12.415+0000] {dagbag.py:525} INFO - Filling up the DagBag from /home/airflow/.local/lib/python3.7/site-packages/airflow/example_dags/example_latest_only.py
[2022-10-05T09:08:12.425+0000] {processor.py:768} INFO - DAG(s) dict_keys(['latest_only']) retrieved from /home/airflow/.local/lib/python3.7/site-packages/airflow/example_dags/example_latest_only.py
[2022-10-05T09:08:12.455+0000] {logging_mixin.py:117} INFO - [2022-10-05T09:08:12.455+0000] {dag.py:2573} INFO - Sync 1 DAGs
[2022-10-05T09:08:12.475+0000] {logging_mixin.py:117} INFO - [2022-10-05T09:08:12.474+0000] {dag.py:3328} INFO - Setting next_dagrun for latest_only to 2022-10-05T05:08:12.474767+00:00, run_after=2022-10-05T09:08:12.474767+00:00
[2022-10-05T09:08:12.488+0000] {processor.py:178} INFO - Processing /home/airflow/.local/lib/python3.7/site-packages/airflow/example_dags/example_latest_only.py took 0.076 seconds
[2022-10-05T09:08:43.006+0000] {processor.py:156} INFO - Started process (PID=5957) to work on /home/airflow/.local/lib/python3.7/site-packages/airflow/example_dags/example_latest_only.py
[2022-10-05T09:08:43.007+0000] {processor.py:758} INFO - Processing file /home/airflow/.local/lib/python3.7/site-packages/airflow/example_dags/example_latest_only.py for tasks to queue
[2022-10-05T09:08:43.008+0000] {logging_mixin.py:117} INFO - [2022-10-05T09:08:43.007+0000] {dagbag.py:525} INFO - Filling up the DagBag from /home/airflow/.local/lib/python3.7/site-packages/airflow/example_dags/example_latest_only.py
[2022-10-05T09:08:43.018+0000] {processor.py:768} INFO - DAG(s) dict_keys(['latest_only']) retrieved from /home/airflow/.local/lib/python3.7/site-packages/airflow/example_dags/example_latest_only.py
[2022-10-05T09:08:43.050+0000] {logging_mixin.py:117} INFO - [2022-10-05T09:08:43.049+0000] {dag.py:2573} INFO - Sync 1 DAGs
[2022-10-05T09:08:43.069+0000] {logging_mixin.py:117} INFO - [2022-10-05T09:08:43.069+0000] {dag.py:3328} INFO - Setting next_dagrun for latest_only to 2022-10-05T05:08:43.068985+00:00, run_after=2022-10-05T09:08:43.068985+00:00
[2022-10-05T09:08:43.083+0000] {processor.py:178} INFO - Processing /home/airflow/.local/lib/python3.7/site-packages/airflow/example_dags/example_latest_only.py took 0.079 seconds
[2022-10-05T09:09:13.568+0000] {processor.py:156} INFO - Started process (PID=6162) to work on /home/airflow/.local/lib/python3.7/site-packages/airflow/example_dags/example_latest_only.py
[2022-10-05T09:09:13.568+0000] {processor.py:758} INFO - Processing file /home/airflow/.local/lib/python3.7/site-packages/airflow/example_dags/example_latest_only.py for tasks to queue
[2022-10-05T09:09:13.569+0000] {logging_mixin.py:117} INFO - [2022-10-05T09:09:13.569+0000] {dagbag.py:525} INFO - Filling up the DagBag from /home/airflow/.local/lib/python3.7/site-packages/airflow/example_dags/example_latest_only.py
[2022-10-05T09:09:13.579+0000] {processor.py:768} INFO - DAG(s) dict_keys(['latest_only']) retrieved from /home/airflow/.local/lib/python3.7/site-packages/airflow/example_dags/example_latest_only.py
[2022-10-05T09:09:13.609+0000] {logging_mixin.py:117} INFO - [2022-10-05T09:09:13.609+0000] {dag.py:2573} INFO - Sync 1 DAGs
[2022-10-05T09:09:13.628+0000] {logging_mixin.py:117} INFO - [2022-10-05T09:09:13.628+0000] {dag.py:3328} INFO - Setting next_dagrun for latest_only to 2022-10-05T05:09:13.628468+00:00, run_after=2022-10-05T09:09:13.628468+00:00
[2022-10-05T09:09:13.642+0000] {processor.py:178} INFO - Processing /home/airflow/.local/lib/python3.7/site-packages/airflow/example_dags/example_latest_only.py took 0.076 seconds
[2022-10-05T09:09:43.832+0000] {processor.py:156} INFO - Started process (PID=6360) to work on /home/airflow/.local/lib/python3.7/site-packages/airflow/example_dags/example_latest_only.py
[2022-10-05T09:09:43.832+0000] {processor.py:758} INFO - Processing file /home/airflow/.local/lib/python3.7/site-packages/airflow/example_dags/example_latest_only.py for tasks to queue
[2022-10-05T09:09:43.833+0000] {logging_mixin.py:117} INFO - [2022-10-05T09:09:43.833+0000] {dagbag.py:525} INFO - Filling up the DagBag from /home/airflow/.local/lib/python3.7/site-packages/airflow/example_dags/example_latest_only.py
[2022-10-05T09:09:43.843+0000] {processor.py:768} INFO - DAG(s) dict_keys(['latest_only']) retrieved from /home/airflow/.local/lib/python3.7/site-packages/airflow/example_dags/example_latest_only.py
[2022-10-05T09:09:43.873+0000] {logging_mixin.py:117} INFO - [2022-10-05T09:09:43.873+0000] {dag.py:2573} INFO - Sync 1 DAGs
[2022-10-05T09:09:43.891+0000] {logging_mixin.py:117} INFO - [2022-10-05T09:09:43.891+0000] {dag.py:3328} INFO - Setting next_dagrun for latest_only to 2022-10-05T05:09:43.891558+00:00, run_after=2022-10-05T09:09:43.891558+00:00
[2022-10-05T09:09:43.906+0000] {processor.py:178} INFO - Processing /home/airflow/.local/lib/python3.7/site-packages/airflow/example_dags/example_latest_only.py took 0.076 seconds
[2022-10-05T09:10:14.246+0000] {processor.py:156} INFO - Started process (PID=6567) to work on /home/airflow/.local/lib/python3.7/site-packages/airflow/example_dags/example_latest_only.py
[2022-10-05T09:10:14.247+0000] {processor.py:758} INFO - Processing file /home/airflow/.local/lib/python3.7/site-packages/airflow/example_dags/example_latest_only.py for tasks to queue
[2022-10-05T09:10:14.247+0000] {logging_mixin.py:117} INFO - [2022-10-05T09:10:14.247+0000] {dagbag.py:525} INFO - Filling up the DagBag from /home/airflow/.local/lib/python3.7/site-packages/airflow/example_dags/example_latest_only.py
[2022-10-05T09:10:14.258+0000] {processor.py:768} INFO - DAG(s) dict_keys(['latest_only']) retrieved from /home/airflow/.local/lib/python3.7/site-packages/airflow/example_dags/example_latest_only.py
[2022-10-05T09:10:14.287+0000] {logging_mixin.py:117} INFO - [2022-10-05T09:10:14.287+0000] {dag.py:2573} INFO - Sync 1 DAGs
[2022-10-05T09:10:14.307+0000] {logging_mixin.py:117} INFO - [2022-10-05T09:10:14.307+0000] {dag.py:3328} INFO - Setting next_dagrun for latest_only to 2022-10-05T05:10:14.306961+00:00, run_after=2022-10-05T09:10:14.306961+00:00
[2022-10-05T09:10:14.320+0000] {processor.py:178} INFO - Processing /home/airflow/.local/lib/python3.7/site-packages/airflow/example_dags/example_latest_only.py took 0.076 seconds
[2022-10-05T09:10:44.708+0000] {processor.py:156} INFO - Started process (PID=6774) to work on /home/airflow/.local/lib/python3.7/site-packages/airflow/example_dags/example_latest_only.py
[2022-10-05T09:10:44.708+0000] {processor.py:758} INFO - Processing file /home/airflow/.local/lib/python3.7/site-packages/airflow/example_dags/example_latest_only.py for tasks to queue
[2022-10-05T09:10:44.709+0000] {logging_mixin.py:117} INFO - [2022-10-05T09:10:44.709+0000] {dagbag.py:525} INFO - Filling up the DagBag from /home/airflow/.local/lib/python3.7/site-packages/airflow/example_dags/example_latest_only.py
[2022-10-05T09:10:44.718+0000] {processor.py:768} INFO - DAG(s) dict_keys(['latest_only']) retrieved from /home/airflow/.local/lib/python3.7/site-packages/airflow/example_dags/example_latest_only.py
[2022-10-05T09:10:44.749+0000] {logging_mixin.py:117} INFO - [2022-10-05T09:10:44.749+0000] {dag.py:2573} INFO - Sync 1 DAGs
[2022-10-05T09:10:44.768+0000] {logging_mixin.py:117} INFO - [2022-10-05T09:10:44.768+0000] {dag.py:3328} INFO - Setting next_dagrun for latest_only to 2022-10-05T05:10:44.768280+00:00, run_after=2022-10-05T09:10:44.768280+00:00
[2022-10-05T09:10:44.782+0000] {processor.py:178} INFO - Processing /home/airflow/.local/lib/python3.7/site-packages/airflow/example_dags/example_latest_only.py took 0.076 seconds
[2022-10-05T09:11:15.075+0000] {processor.py:156} INFO - Started process (PID=6981) to work on /home/airflow/.local/lib/python3.7/site-packages/airflow/example_dags/example_latest_only.py
[2022-10-05T09:11:15.076+0000] {processor.py:758} INFO - Processing file /home/airflow/.local/lib/python3.7/site-packages/airflow/example_dags/example_latest_only.py for tasks to queue
[2022-10-05T09:11:15.077+0000] {logging_mixin.py:117} INFO - [2022-10-05T09:11:15.077+0000] {dagbag.py:525} INFO - Filling up the DagBag from /home/airflow/.local/lib/python3.7/site-packages/airflow/example_dags/example_latest_only.py
[2022-10-05T09:11:15.087+0000] {processor.py:768} INFO - DAG(s) dict_keys(['latest_only']) retrieved from /home/airflow/.local/lib/python3.7/site-packages/airflow/example_dags/example_latest_only.py
[2022-10-05T09:11:15.118+0000] {logging_mixin.py:117} INFO - [2022-10-05T09:11:15.118+0000] {dag.py:2573} INFO - Sync 1 DAGs
[2022-10-05T09:11:15.138+0000] {logging_mixin.py:117} INFO - [2022-10-05T09:11:15.137+0000] {dag.py:3328} INFO - Setting next_dagrun for latest_only to 2022-10-05T05:11:15.137730+00:00, run_after=2022-10-05T09:11:15.137730+00:00
[2022-10-05T09:11:15.151+0000] {processor.py:178} INFO - Processing /home/airflow/.local/lib/python3.7/site-packages/airflow/example_dags/example_latest_only.py took 0.079 seconds
[2022-10-05T09:11:45.316+0000] {processor.py:156} INFO - Started process (PID=7179) to work on /home/airflow/.local/lib/python3.7/site-packages/airflow/example_dags/example_latest_only.py
[2022-10-05T09:11:45.317+0000] {processor.py:758} INFO - Processing file /home/airflow/.local/lib/python3.7/site-packages/airflow/example_dags/example_latest_only.py for tasks to queue
[2022-10-05T09:11:45.318+0000] {logging_mixin.py:117} INFO - [2022-10-05T09:11:45.318+0000] {dagbag.py:525} INFO - Filling up the DagBag from /home/airflow/.local/lib/python3.7/site-packages/airflow/example_dags/example_latest_only.py
[2022-10-05T09:11:45.328+0000] {processor.py:768} INFO - DAG(s) dict_keys(['latest_only']) retrieved from /home/airflow/.local/lib/python3.7/site-packages/airflow/example_dags/example_latest_only.py
[2022-10-05T09:11:45.359+0000] {logging_mixin.py:117} INFO - [2022-10-05T09:11:45.359+0000] {dag.py:2573} INFO - Sync 1 DAGs
[2022-10-05T09:11:45.378+0000] {logging_mixin.py:117} INFO - [2022-10-05T09:11:45.378+0000] {dag.py:3328} INFO - Setting next_dagrun for latest_only to 2022-10-05T05:11:45.378130+00:00, run_after=2022-10-05T09:11:45.378130+00:00
[2022-10-05T09:11:45.393+0000] {processor.py:178} INFO - Processing /home/airflow/.local/lib/python3.7/site-packages/airflow/example_dags/example_latest_only.py took 0.079 seconds
[2022-10-05T09:12:15.820+0000] {processor.py:156} INFO - Started process (PID=7386) to work on /home/airflow/.local/lib/python3.7/site-packages/airflow/example_dags/example_latest_only.py
[2022-10-05T09:12:15.821+0000] {processor.py:758} INFO - Processing file /home/airflow/.local/lib/python3.7/site-packages/airflow/example_dags/example_latest_only.py for tasks to queue
[2022-10-05T09:12:15.822+0000] {logging_mixin.py:117} INFO - [2022-10-05T09:12:15.822+0000] {dagbag.py:525} INFO - Filling up the DagBag from /home/airflow/.local/lib/python3.7/site-packages/airflow/example_dags/example_latest_only.py
[2022-10-05T09:12:15.832+0000] {processor.py:768} INFO - DAG(s) dict_keys(['latest_only']) retrieved from /home/airflow/.local/lib/python3.7/site-packages/airflow/example_dags/example_latest_only.py
[2022-10-05T09:12:15.862+0000] {logging_mixin.py:117} INFO - [2022-10-05T09:12:15.862+0000] {dag.py:2573} INFO - Sync 1 DAGs
[2022-10-05T09:12:15.882+0000] {logging_mixin.py:117} INFO - [2022-10-05T09:12:15.882+0000] {dag.py:3328} INFO - Setting next_dagrun for latest_only to 2022-10-05T05:12:15.881888+00:00, run_after=2022-10-05T09:12:15.881888+00:00
[2022-10-05T09:12:15.895+0000] {processor.py:178} INFO - Processing /home/airflow/.local/lib/python3.7/site-packages/airflow/example_dags/example_latest_only.py took 0.077 seconds
[2022-10-05T09:12:46.206+0000] {processor.py:156} INFO - Started process (PID=7593) to work on /home/airflow/.local/lib/python3.7/site-packages/airflow/example_dags/example_latest_only.py
[2022-10-05T09:12:46.207+0000] {processor.py:758} INFO - Processing file /home/airflow/.local/lib/python3.7/site-packages/airflow/example_dags/example_latest_only.py for tasks to queue
[2022-10-05T09:12:46.208+0000] {logging_mixin.py:117} INFO - [2022-10-05T09:12:46.208+0000] {dagbag.py:525} INFO - Filling up the DagBag from /home/airflow/.local/lib/python3.7/site-packages/airflow/example_dags/example_latest_only.py
[2022-10-05T09:12:46.218+0000] {processor.py:768} INFO - DAG(s) dict_keys(['latest_only']) retrieved from /home/airflow/.local/lib/python3.7/site-packages/airflow/example_dags/example_latest_only.py
[2022-10-05T09:12:46.248+0000] {logging_mixin.py:117} INFO - [2022-10-05T09:12:46.248+0000] {dag.py:2573} INFO - Sync 1 DAGs
[2022-10-05T09:12:46.267+0000] {logging_mixin.py:117} INFO - [2022-10-05T09:12:46.267+0000] {dag.py:3328} INFO - Setting next_dagrun for latest_only to 2022-10-05T05:12:46.267391+00:00, run_after=2022-10-05T09:12:46.267391+00:00
[2022-10-05T09:12:46.281+0000] {processor.py:178} INFO - Processing /home/airflow/.local/lib/python3.7/site-packages/airflow/example_dags/example_latest_only.py took 0.077 seconds
[2022-10-05T09:13:16.677+0000] {processor.py:156} INFO - Started process (PID=7800) to work on /home/airflow/.local/lib/python3.7/site-packages/airflow/example_dags/example_latest_only.py
[2022-10-05T09:13:16.678+0000] {processor.py:758} INFO - Processing file /home/airflow/.local/lib/python3.7/site-packages/airflow/example_dags/example_latest_only.py for tasks to queue
[2022-10-05T09:13:16.678+0000] {logging_mixin.py:117} INFO - [2022-10-05T09:13:16.678+0000] {dagbag.py:525} INFO - Filling up the DagBag from /home/airflow/.local/lib/python3.7/site-packages/airflow/example_dags/example_latest_only.py
[2022-10-05T09:13:16.689+0000] {processor.py:768} INFO - DAG(s) dict_keys(['latest_only']) retrieved from /home/airflow/.local/lib/python3.7/site-packages/airflow/example_dags/example_latest_only.py
[2022-10-05T09:13:16.719+0000] {logging_mixin.py:117} INFO - [2022-10-05T09:13:16.719+0000] {dag.py:2573} INFO - Sync 1 DAGs
[2022-10-05T09:13:16.738+0000] {logging_mixin.py:117} INFO - [2022-10-05T09:13:16.738+0000] {dag.py:3328} INFO - Setting next_dagrun for latest_only to 2022-10-05T05:13:16.738101+00:00, run_after=2022-10-05T09:13:16.738101+00:00
[2022-10-05T09:13:16.751+0000] {processor.py:178} INFO - Processing /home/airflow/.local/lib/python3.7/site-packages/airflow/example_dags/example_latest_only.py took 0.076 seconds
[2022-10-05T09:13:47.032+0000] {processor.py:156} INFO - Started process (PID=7998) to work on /home/airflow/.local/lib/python3.7/site-packages/airflow/example_dags/example_latest_only.py
[2022-10-05T09:13:47.033+0000] {processor.py:758} INFO - Processing file /home/airflow/.local/lib/python3.7/site-packages/airflow/example_dags/example_latest_only.py for tasks to queue
[2022-10-05T09:13:47.034+0000] {logging_mixin.py:117} INFO - [2022-10-05T09:13:47.034+0000] {dagbag.py:525} INFO - Filling up the DagBag from /home/airflow/.local/lib/python3.7/site-packages/airflow/example_dags/example_latest_only.py
[2022-10-05T09:13:47.044+0000] {processor.py:768} INFO - DAG(s) dict_keys(['latest_only']) retrieved from /home/airflow/.local/lib/python3.7/site-packages/airflow/example_dags/example_latest_only.py
[2022-10-05T09:13:47.074+0000] {logging_mixin.py:117} INFO - [2022-10-05T09:13:47.074+0000] {dag.py:2573} INFO - Sync 1 DAGs
[2022-10-05T09:13:47.093+0000] {logging_mixin.py:117} INFO - [2022-10-05T09:13:47.093+0000] {dag.py:3328} INFO - Setting next_dagrun for latest_only to 2022-10-05T05:13:47.093396+00:00, run_after=2022-10-05T09:13:47.093396+00:00
[2022-10-05T09:13:47.107+0000] {processor.py:178} INFO - Processing /home/airflow/.local/lib/python3.7/site-packages/airflow/example_dags/example_latest_only.py took 0.076 seconds
[2022-10-05T09:14:17.516+0000] {processor.py:156} INFO - Started process (PID=8205) to work on /home/airflow/.local/lib/python3.7/site-packages/airflow/example_dags/example_latest_only.py
[2022-10-05T09:14:17.516+0000] {processor.py:758} INFO - Processing file /home/airflow/.local/lib/python3.7/site-packages/airflow/example_dags/example_latest_only.py for tasks to queue
[2022-10-05T09:14:17.517+0000] {logging_mixin.py:117} INFO - [2022-10-05T09:14:17.517+0000] {dagbag.py:525} INFO - Filling up the DagBag from /home/airflow/.local/lib/python3.7/site-packages/airflow/example_dags/example_latest_only.py
[2022-10-05T09:14:17.527+0000] {processor.py:768} INFO - DAG(s) dict_keys(['latest_only']) retrieved from /home/airflow/.local/lib/python3.7/site-packages/airflow/example_dags/example_latest_only.py
[2022-10-05T09:14:17.556+0000] {logging_mixin.py:117} INFO - [2022-10-05T09:14:17.556+0000] {dag.py:2573} INFO - Sync 1 DAGs
[2022-10-05T09:14:17.576+0000] {logging_mixin.py:117} INFO - [2022-10-05T09:14:17.576+0000] {dag.py:3328} INFO - Setting next_dagrun for latest_only to 2022-10-05T05:14:17.576241+00:00, run_after=2022-10-05T09:14:17.576241+00:00
[2022-10-05T09:14:17.589+0000] {processor.py:178} INFO - Processing /home/airflow/.local/lib/python3.7/site-packages/airflow/example_dags/example_latest_only.py took 0.076 seconds
[2022-10-05T09:14:47.912+0000] {processor.py:156} INFO - Started process (PID=8412) to work on /home/airflow/.local/lib/python3.7/site-packages/airflow/example_dags/example_latest_only.py
[2022-10-05T09:14:47.912+0000] {processor.py:758} INFO - Processing file /home/airflow/.local/lib/python3.7/site-packages/airflow/example_dags/example_latest_only.py for tasks to queue
[2022-10-05T09:14:47.913+0000] {logging_mixin.py:117} INFO - [2022-10-05T09:14:47.913+0000] {dagbag.py:525} INFO - Filling up the DagBag from /home/airflow/.local/lib/python3.7/site-packages/airflow/example_dags/example_latest_only.py
[2022-10-05T09:14:47.923+0000] {processor.py:768} INFO - DAG(s) dict_keys(['latest_only']) retrieved from /home/airflow/.local/lib/python3.7/site-packages/airflow/example_dags/example_latest_only.py
[2022-10-05T09:14:47.954+0000] {logging_mixin.py:117} INFO - [2022-10-05T09:14:47.954+0000] {dag.py:2573} INFO - Sync 1 DAGs
[2022-10-05T09:14:47.972+0000] {logging_mixin.py:117} INFO - [2022-10-05T09:14:47.972+0000] {dag.py:3328} INFO - Setting next_dagrun for latest_only to 2022-10-05T05:14:47.972662+00:00, run_after=2022-10-05T09:14:47.972662+00:00
[2022-10-05T09:14:47.986+0000] {processor.py:178} INFO - Processing /home/airflow/.local/lib/python3.7/site-packages/airflow/example_dags/example_latest_only.py took 0.076 seconds
[2022-10-05T09:15:18.376+0000] {processor.py:156} INFO - Started process (PID=8619) to work on /home/airflow/.local/lib/python3.7/site-packages/airflow/example_dags/example_latest_only.py
[2022-10-05T09:15:18.377+0000] {processor.py:758} INFO - Processing file /home/airflow/.local/lib/python3.7/site-packages/airflow/example_dags/example_latest_only.py for tasks to queue
[2022-10-05T09:15:18.377+0000] {logging_mixin.py:117} INFO - [2022-10-05T09:15:18.377+0000] {dagbag.py:525} INFO - Filling up the DagBag from /home/airflow/.local/lib/python3.7/site-packages/airflow/example_dags/example_latest_only.py
[2022-10-05T09:15:18.388+0000] {processor.py:768} INFO - DAG(s) dict_keys(['latest_only']) retrieved from /home/airflow/.local/lib/python3.7/site-packages/airflow/example_dags/example_latest_only.py
[2022-10-05T09:15:18.419+0000] {logging_mixin.py:117} INFO - [2022-10-05T09:15:18.419+0000] {dag.py:2573} INFO - Sync 1 DAGs
[2022-10-05T09:15:18.438+0000] {logging_mixin.py:117} INFO - [2022-10-05T09:15:18.438+0000] {dag.py:3328} INFO - Setting next_dagrun for latest_only to 2022-10-05T05:15:18.438022+00:00, run_after=2022-10-05T09:15:18.438022+00:00
[2022-10-05T09:15:18.451+0000] {processor.py:178} INFO - Processing /home/airflow/.local/lib/python3.7/site-packages/airflow/example_dags/example_latest_only.py took 0.078 seconds
[2022-10-05T09:15:48.765+0000] {processor.py:156} INFO - Started process (PID=8817) to work on /home/airflow/.local/lib/python3.7/site-packages/airflow/example_dags/example_latest_only.py
[2022-10-05T09:15:48.766+0000] {processor.py:758} INFO - Processing file /home/airflow/.local/lib/python3.7/site-packages/airflow/example_dags/example_latest_only.py for tasks to queue
[2022-10-05T09:15:48.766+0000] {logging_mixin.py:117} INFO - [2022-10-05T09:15:48.766+0000] {dagbag.py:525} INFO - Filling up the DagBag from /home/airflow/.local/lib/python3.7/site-packages/airflow/example_dags/example_latest_only.py
[2022-10-05T09:15:48.777+0000] {processor.py:768} INFO - DAG(s) dict_keys(['latest_only']) retrieved from /home/airflow/.local/lib/python3.7/site-packages/airflow/example_dags/example_latest_only.py
[2022-10-05T09:15:48.807+0000] {logging_mixin.py:117} INFO - [2022-10-05T09:15:48.807+0000] {dag.py:2573} INFO - Sync 1 DAGs
[2022-10-05T09:15:48.826+0000] {logging_mixin.py:117} INFO - [2022-10-05T09:15:48.826+0000] {dag.py:3328} INFO - Setting next_dagrun for latest_only to 2022-10-05T05:15:48.825972+00:00, run_after=2022-10-05T09:15:48.825972+00:00
[2022-10-05T09:15:48.839+0000] {processor.py:178} INFO - Processing /home/airflow/.local/lib/python3.7/site-packages/airflow/example_dags/example_latest_only.py took 0.077 seconds
[2022-10-05T09:16:19.191+0000] {processor.py:156} INFO - Started process (PID=9024) to work on /home/airflow/.local/lib/python3.7/site-packages/airflow/example_dags/example_latest_only.py
[2022-10-05T09:16:19.191+0000] {processor.py:758} INFO - Processing file /home/airflow/.local/lib/python3.7/site-packages/airflow/example_dags/example_latest_only.py for tasks to queue
[2022-10-05T09:16:19.192+0000] {logging_mixin.py:117} INFO - [2022-10-05T09:16:19.192+0000] {dagbag.py:525} INFO - Filling up the DagBag from /home/airflow/.local/lib/python3.7/site-packages/airflow/example_dags/example_latest_only.py
[2022-10-05T09:16:19.202+0000] {processor.py:768} INFO - DAG(s) dict_keys(['latest_only']) retrieved from /home/airflow/.local/lib/python3.7/site-packages/airflow/example_dags/example_latest_only.py
[2022-10-05T09:16:19.233+0000] {logging_mixin.py:117} INFO - [2022-10-05T09:16:19.233+0000] {dag.py:2573} INFO - Sync 1 DAGs
[2022-10-05T09:16:19.254+0000] {logging_mixin.py:117} INFO - [2022-10-05T09:16:19.253+0000] {dag.py:3328} INFO - Setting next_dagrun for latest_only to 2022-10-05T05:16:19.253760+00:00, run_after=2022-10-05T09:16:19.253760+00:00
[2022-10-05T09:16:19.267+0000] {processor.py:178} INFO - Processing /home/airflow/.local/lib/python3.7/site-packages/airflow/example_dags/example_latest_only.py took 0.079 seconds
[2022-10-05T09:16:49.514+0000] {processor.py:156} INFO - Started process (PID=9233) to work on /home/airflow/.local/lib/python3.7/site-packages/airflow/example_dags/example_latest_only.py
[2022-10-05T09:16:49.515+0000] {processor.py:758} INFO - Processing file /home/airflow/.local/lib/python3.7/site-packages/airflow/example_dags/example_latest_only.py for tasks to queue
[2022-10-05T09:16:49.516+0000] {logging_mixin.py:117} INFO - [2022-10-05T09:16:49.516+0000] {dagbag.py:525} INFO - Filling up the DagBag from /home/airflow/.local/lib/python3.7/site-packages/airflow/example_dags/example_latest_only.py
[2022-10-05T09:16:49.526+0000] {processor.py:768} INFO - DAG(s) dict_keys(['latest_only']) retrieved from /home/airflow/.local/lib/python3.7/site-packages/airflow/example_dags/example_latest_only.py
[2022-10-05T09:16:49.592+0000] {logging_mixin.py:117} INFO - [2022-10-05T09:16:49.592+0000] {dag.py:2573} INFO - Sync 1 DAGs
[2022-10-05T09:16:49.612+0000] {logging_mixin.py:117} INFO - [2022-10-05T09:16:49.612+0000] {dag.py:3328} INFO - Setting next_dagrun for latest_only to 2022-10-05T05:16:49.612148+00:00, run_after=2022-10-05T09:16:49.612148+00:00
[2022-10-05T09:16:49.627+0000] {processor.py:178} INFO - Processing /home/airflow/.local/lib/python3.7/site-packages/airflow/example_dags/example_latest_only.py took 0.115 seconds
[2022-10-05T09:17:19.786+0000] {processor.py:156} INFO - Started process (PID=9438) to work on /home/airflow/.local/lib/python3.7/site-packages/airflow/example_dags/example_latest_only.py
[2022-10-05T09:17:19.786+0000] {processor.py:758} INFO - Processing file /home/airflow/.local/lib/python3.7/site-packages/airflow/example_dags/example_latest_only.py for tasks to queue
[2022-10-05T09:17:19.787+0000] {logging_mixin.py:117} INFO - [2022-10-05T09:17:19.787+0000] {dagbag.py:525} INFO - Filling up the DagBag from /home/airflow/.local/lib/python3.7/site-packages/airflow/example_dags/example_latest_only.py
[2022-10-05T09:17:19.798+0000] {processor.py:768} INFO - DAG(s) dict_keys(['latest_only']) retrieved from /home/airflow/.local/lib/python3.7/site-packages/airflow/example_dags/example_latest_only.py
[2022-10-05T09:17:19.829+0000] {logging_mixin.py:117} INFO - [2022-10-05T09:17:19.829+0000] {dag.py:2573} INFO - Sync 1 DAGs
[2022-10-05T09:17:19.848+0000] {logging_mixin.py:117} INFO - [2022-10-05T09:17:19.848+0000] {dag.py:3328} INFO - Setting next_dagrun for latest_only to 2022-10-05T05:17:19.848030+00:00, run_after=2022-10-05T09:17:19.848030+00:00
[2022-10-05T09:17:19.862+0000] {processor.py:178} INFO - Processing /home/airflow/.local/lib/python3.7/site-packages/airflow/example_dags/example_latest_only.py took 0.078 seconds
[2022-10-05T09:17:50.289+0000] {processor.py:156} INFO - Started process (PID=9636) to work on /home/airflow/.local/lib/python3.7/site-packages/airflow/example_dags/example_latest_only.py
[2022-10-05T09:17:50.290+0000] {processor.py:758} INFO - Processing file /home/airflow/.local/lib/python3.7/site-packages/airflow/example_dags/example_latest_only.py for tasks to queue
[2022-10-05T09:17:50.290+0000] {logging_mixin.py:117} INFO - [2022-10-05T09:17:50.290+0000] {dagbag.py:525} INFO - Filling up the DagBag from /home/airflow/.local/lib/python3.7/site-packages/airflow/example_dags/example_latest_only.py
[2022-10-05T09:17:50.301+0000] {processor.py:768} INFO - DAG(s) dict_keys(['latest_only']) retrieved from /home/airflow/.local/lib/python3.7/site-packages/airflow/example_dags/example_latest_only.py
[2022-10-05T09:17:50.332+0000] {logging_mixin.py:117} INFO - [2022-10-05T09:17:50.332+0000] {dag.py:2573} INFO - Sync 1 DAGs
[2022-10-05T09:17:50.351+0000] {logging_mixin.py:117} INFO - [2022-10-05T09:17:50.351+0000] {dag.py:3328} INFO - Setting next_dagrun for latest_only to 2022-10-05T05:17:50.351029+00:00, run_after=2022-10-05T09:17:50.351029+00:00
[2022-10-05T09:17:50.365+0000] {processor.py:178} INFO - Processing /home/airflow/.local/lib/python3.7/site-packages/airflow/example_dags/example_latest_only.py took 0.078 seconds
[2022-10-05T09:18:20.571+0000] {processor.py:156} INFO - Started process (PID=9843) to work on /home/airflow/.local/lib/python3.7/site-packages/airflow/example_dags/example_latest_only.py
[2022-10-05T09:18:20.571+0000] {processor.py:758} INFO - Processing file /home/airflow/.local/lib/python3.7/site-packages/airflow/example_dags/example_latest_only.py for tasks to queue
[2022-10-05T09:18:20.572+0000] {logging_mixin.py:117} INFO - [2022-10-05T09:18:20.572+0000] {dagbag.py:525} INFO - Filling up the DagBag from /home/airflow/.local/lib/python3.7/site-packages/airflow/example_dags/example_latest_only.py
[2022-10-05T09:18:20.582+0000] {processor.py:768} INFO - DAG(s) dict_keys(['latest_only']) retrieved from /home/airflow/.local/lib/python3.7/site-packages/airflow/example_dags/example_latest_only.py
[2022-10-05T09:18:20.613+0000] {logging_mixin.py:117} INFO - [2022-10-05T09:18:20.613+0000] {dag.py:2573} INFO - Sync 1 DAGs
[2022-10-05T09:18:20.633+0000] {logging_mixin.py:117} INFO - [2022-10-05T09:18:20.633+0000] {dag.py:3328} INFO - Setting next_dagrun for latest_only to 2022-10-05T05:18:20.633259+00:00, run_after=2022-10-05T09:18:20.633259+00:00
[2022-10-05T09:18:20.647+0000] {processor.py:178} INFO - Processing /home/airflow/.local/lib/python3.7/site-packages/airflow/example_dags/example_latest_only.py took 0.079 seconds
[2022-10-05T09:18:51.284+0000] {processor.py:156} INFO - Started process (PID=10050) to work on /home/airflow/.local/lib/python3.7/site-packages/airflow/example_dags/example_latest_only.py
[2022-10-05T09:18:51.285+0000] {processor.py:758} INFO - Processing file /home/airflow/.local/lib/python3.7/site-packages/airflow/example_dags/example_latest_only.py for tasks to queue
[2022-10-05T09:18:51.286+0000] {logging_mixin.py:117} INFO - [2022-10-05T09:18:51.286+0000] {dagbag.py:525} INFO - Filling up the DagBag from /home/airflow/.local/lib/python3.7/site-packages/airflow/example_dags/example_latest_only.py
[2022-10-05T09:18:51.296+0000] {processor.py:768} INFO - DAG(s) dict_keys(['latest_only']) retrieved from /home/airflow/.local/lib/python3.7/site-packages/airflow/example_dags/example_latest_only.py
[2022-10-05T09:18:51.327+0000] {logging_mixin.py:117} INFO - [2022-10-05T09:18:51.327+0000] {dag.py:2573} INFO - Sync 1 DAGs
[2022-10-05T09:18:51.347+0000] {logging_mixin.py:117} INFO - [2022-10-05T09:18:51.347+0000] {dag.py:3328} INFO - Setting next_dagrun for latest_only to 2022-10-05T05:18:51.347016+00:00, run_after=2022-10-05T09:18:51.347016+00:00
[2022-10-05T09:18:51.361+0000] {processor.py:178} INFO - Processing /home/airflow/.local/lib/python3.7/site-packages/airflow/example_dags/example_latest_only.py took 0.079 seconds
[2022-10-05T09:19:21.858+0000] {processor.py:156} INFO - Started process (PID=10257) to work on /home/airflow/.local/lib/python3.7/site-packages/airflow/example_dags/example_latest_only.py
[2022-10-05T09:19:21.859+0000] {processor.py:758} INFO - Processing file /home/airflow/.local/lib/python3.7/site-packages/airflow/example_dags/example_latest_only.py for tasks to queue
[2022-10-05T09:19:21.860+0000] {logging_mixin.py:117} INFO - [2022-10-05T09:19:21.859+0000] {dagbag.py:525} INFO - Filling up the DagBag from /home/airflow/.local/lib/python3.7/site-packages/airflow/example_dags/example_latest_only.py
[2022-10-05T09:19:21.870+0000] {processor.py:768} INFO - DAG(s) dict_keys(['latest_only']) retrieved from /home/airflow/.local/lib/python3.7/site-packages/airflow/example_dags/example_latest_only.py
[2022-10-05T09:19:21.901+0000] {logging_mixin.py:117} INFO - [2022-10-05T09:19:21.901+0000] {dag.py:2573} INFO - Sync 1 DAGs
[2022-10-05T09:19:21.920+0000] {logging_mixin.py:117} INFO - [2022-10-05T09:19:21.919+0000] {dag.py:3328} INFO - Setting next_dagrun for latest_only to 2022-10-05T05:19:21.919753+00:00, run_after=2022-10-05T09:19:21.919753+00:00
[2022-10-05T09:19:21.933+0000] {processor.py:178} INFO - Processing /home/airflow/.local/lib/python3.7/site-packages/airflow/example_dags/example_latest_only.py took 0.077 seconds
[2022-10-05T09:19:52.403+0000] {processor.py:156} INFO - Started process (PID=10464) to work on /home/airflow/.local/lib/python3.7/site-packages/airflow/example_dags/example_latest_only.py
[2022-10-05T09:19:52.404+0000] {processor.py:758} INFO - Processing file /home/airflow/.local/lib/python3.7/site-packages/airflow/example_dags/example_latest_only.py for tasks to queue
[2022-10-05T09:19:52.404+0000] {logging_mixin.py:117} INFO - [2022-10-05T09:19:52.404+0000] {dagbag.py:525} INFO - Filling up the DagBag from /home/airflow/.local/lib/python3.7/site-packages/airflow/example_dags/example_latest_only.py
[2022-10-05T09:19:52.415+0000] {processor.py:768} INFO - DAG(s) dict_keys(['latest_only']) retrieved from /home/airflow/.local/lib/python3.7/site-packages/airflow/example_dags/example_latest_only.py
[2022-10-05T09:19:52.446+0000] {logging_mixin.py:117} INFO - [2022-10-05T09:19:52.446+0000] {dag.py:2573} INFO - Sync 1 DAGs
[2022-10-05T09:19:52.465+0000] {logging_mixin.py:117} INFO - [2022-10-05T09:19:52.464+0000] {dag.py:3328} INFO - Setting next_dagrun for latest_only to 2022-10-05T05:19:52.464712+00:00, run_after=2022-10-05T09:19:52.464712+00:00
[2022-10-05T09:19:52.478+0000] {processor.py:178} INFO - Processing /home/airflow/.local/lib/python3.7/site-packages/airflow/example_dags/example_latest_only.py took 0.077 seconds
[2022-10-05T09:20:22.951+0000] {processor.py:156} INFO - Started process (PID=10662) to work on /home/airflow/.local/lib/python3.7/site-packages/airflow/example_dags/example_latest_only.py
[2022-10-05T09:20:22.952+0000] {processor.py:758} INFO - Processing file /home/airflow/.local/lib/python3.7/site-packages/airflow/example_dags/example_latest_only.py for tasks to queue
[2022-10-05T09:20:22.952+0000] {logging_mixin.py:117} INFO - [2022-10-05T09:20:22.952+0000] {dagbag.py:525} INFO - Filling up the DagBag from /home/airflow/.local/lib/python3.7/site-packages/airflow/example_dags/example_latest_only.py
[2022-10-05T09:20:22.964+0000] {processor.py:768} INFO - DAG(s) dict_keys(['latest_only']) retrieved from /home/airflow/.local/lib/python3.7/site-packages/airflow/example_dags/example_latest_only.py
[2022-10-05T09:20:22.995+0000] {logging_mixin.py:117} INFO - [2022-10-05T09:20:22.995+0000] {dag.py:2573} INFO - Sync 1 DAGs
[2022-10-05T09:20:23.015+0000] {logging_mixin.py:117} INFO - [2022-10-05T09:20:23.015+0000] {dag.py:3328} INFO - Setting next_dagrun for latest_only to 2022-10-05T05:20:23.015162+00:00, run_after=2022-10-05T09:20:23.015162+00:00
[2022-10-05T09:20:23.029+0000] {processor.py:178} INFO - Processing /home/airflow/.local/lib/python3.7/site-packages/airflow/example_dags/example_latest_only.py took 0.080 seconds
[2022-10-05T09:20:53.667+0000] {processor.py:156} INFO - Started process (PID=10869) to work on /home/airflow/.local/lib/python3.7/site-packages/airflow/example_dags/example_latest_only.py
[2022-10-05T09:20:53.668+0000] {processor.py:758} INFO - Processing file /home/airflow/.local/lib/python3.7/site-packages/airflow/example_dags/example_latest_only.py for tasks to queue
[2022-10-05T09:20:53.668+0000] {logging_mixin.py:117} INFO - [2022-10-05T09:20:53.668+0000] {dagbag.py:525} INFO - Filling up the DagBag from /home/airflow/.local/lib/python3.7/site-packages/airflow/example_dags/example_latest_only.py
[2022-10-05T09:20:53.679+0000] {processor.py:768} INFO - DAG(s) dict_keys(['latest_only']) retrieved from /home/airflow/.local/lib/python3.7/site-packages/airflow/example_dags/example_latest_only.py
[2022-10-05T09:20:53.710+0000] {logging_mixin.py:117} INFO - [2022-10-05T09:20:53.710+0000] {dag.py:2573} INFO - Sync 1 DAGs
[2022-10-05T09:20:53.730+0000] {logging_mixin.py:117} INFO - [2022-10-05T09:20:53.730+0000] {dag.py:3328} INFO - Setting next_dagrun for latest_only to 2022-10-05T05:20:53.730241+00:00, run_after=2022-10-05T09:20:53.730241+00:00
[2022-10-05T09:20:53.744+0000] {processor.py:178} INFO - Processing /home/airflow/.local/lib/python3.7/site-packages/airflow/example_dags/example_latest_only.py took 0.080 seconds
[2022-10-05T09:21:24.266+0000] {processor.py:156} INFO - Started process (PID=11076) to work on /home/airflow/.local/lib/python3.7/site-packages/airflow/example_dags/example_latest_only.py
[2022-10-05T09:21:24.267+0000] {processor.py:758} INFO - Processing file /home/airflow/.local/lib/python3.7/site-packages/airflow/example_dags/example_latest_only.py for tasks to queue
[2022-10-05T09:21:24.267+0000] {logging_mixin.py:117} INFO - [2022-10-05T09:21:24.267+0000] {dagbag.py:525} INFO - Filling up the DagBag from /home/airflow/.local/lib/python3.7/site-packages/airflow/example_dags/example_latest_only.py
[2022-10-05T09:21:24.277+0000] {processor.py:768} INFO - DAG(s) dict_keys(['latest_only']) retrieved from /home/airflow/.local/lib/python3.7/site-packages/airflow/example_dags/example_latest_only.py
[2022-10-05T09:21:24.308+0000] {logging_mixin.py:117} INFO - [2022-10-05T09:21:24.308+0000] {dag.py:2573} INFO - Sync 1 DAGs
[2022-10-05T09:21:24.326+0000] {logging_mixin.py:117} INFO - [2022-10-05T09:21:24.326+0000] {dag.py:3328} INFO - Setting next_dagrun for latest_only to 2022-10-05T05:21:24.326568+00:00, run_after=2022-10-05T09:21:24.326568+00:00
[2022-10-05T09:21:24.341+0000] {processor.py:178} INFO - Processing /home/airflow/.local/lib/python3.7/site-packages/airflow/example_dags/example_latest_only.py took 0.077 seconds
[2022-10-05T09:21:54.876+0000] {processor.py:156} INFO - Started process (PID=11283) to work on /home/airflow/.local/lib/python3.7/site-packages/airflow/example_dags/example_latest_only.py
[2022-10-05T09:21:54.877+0000] {processor.py:758} INFO - Processing file /home/airflow/.local/lib/python3.7/site-packages/airflow/example_dags/example_latest_only.py for tasks to queue
[2022-10-05T09:21:54.878+0000] {logging_mixin.py:117} INFO - [2022-10-05T09:21:54.878+0000] {dagbag.py:525} INFO - Filling up the DagBag from /home/airflow/.local/lib/python3.7/site-packages/airflow/example_dags/example_latest_only.py
[2022-10-05T09:21:54.887+0000] {processor.py:768} INFO - DAG(s) dict_keys(['latest_only']) retrieved from /home/airflow/.local/lib/python3.7/site-packages/airflow/example_dags/example_latest_only.py
[2022-10-05T09:21:54.918+0000] {logging_mixin.py:117} INFO - [2022-10-05T09:21:54.917+0000] {dag.py:2573} INFO - Sync 1 DAGs
[2022-10-05T09:21:54.936+0000] {logging_mixin.py:117} INFO - [2022-10-05T09:21:54.936+0000] {dag.py:3328} INFO - Setting next_dagrun for latest_only to 2022-10-05T05:21:54.936362+00:00, run_after=2022-10-05T09:21:54.936362+00:00
[2022-10-05T09:21:54.950+0000] {processor.py:178} INFO - Processing /home/airflow/.local/lib/python3.7/site-packages/airflow/example_dags/example_latest_only.py took 0.075 seconds
[2022-10-05T09:22:25.543+0000] {processor.py:156} INFO - Started process (PID=11481) to work on /home/airflow/.local/lib/python3.7/site-packages/airflow/example_dags/example_latest_only.py
[2022-10-05T09:22:25.544+0000] {processor.py:758} INFO - Processing file /home/airflow/.local/lib/python3.7/site-packages/airflow/example_dags/example_latest_only.py for tasks to queue
[2022-10-05T09:22:25.544+0000] {logging_mixin.py:117} INFO - [2022-10-05T09:22:25.544+0000] {dagbag.py:525} INFO - Filling up the DagBag from /home/airflow/.local/lib/python3.7/site-packages/airflow/example_dags/example_latest_only.py
[2022-10-05T09:22:25.555+0000] {processor.py:768} INFO - DAG(s) dict_keys(['latest_only']) retrieved from /home/airflow/.local/lib/python3.7/site-packages/airflow/example_dags/example_latest_only.py
[2022-10-05T09:22:25.587+0000] {logging_mixin.py:117} INFO - [2022-10-05T09:22:25.587+0000] {dag.py:2573} INFO - Sync 1 DAGs
[2022-10-05T09:22:25.606+0000] {logging_mixin.py:117} INFO - [2022-10-05T09:22:25.606+0000] {dag.py:3328} INFO - Setting next_dagrun for latest_only to 2022-10-05T05:22:25.606525+00:00, run_after=2022-10-05T09:22:25.606525+00:00
[2022-10-05T09:22:25.622+0000] {processor.py:178} INFO - Processing /home/airflow/.local/lib/python3.7/site-packages/airflow/example_dags/example_latest_only.py took 0.082 seconds
[2022-10-05T09:22:55.912+0000] {processor.py:156} INFO - Started process (PID=11688) to work on /home/airflow/.local/lib/python3.7/site-packages/airflow/example_dags/example_latest_only.py
[2022-10-05T09:22:55.913+0000] {processor.py:758} INFO - Processing file /home/airflow/.local/lib/python3.7/site-packages/airflow/example_dags/example_latest_only.py for tasks to queue
[2022-10-05T09:22:55.913+0000] {logging_mixin.py:117} INFO - [2022-10-05T09:22:55.913+0000] {dagbag.py:525} INFO - Filling up the DagBag from /home/airflow/.local/lib/python3.7/site-packages/airflow/example_dags/example_latest_only.py
[2022-10-05T09:22:55.924+0000] {processor.py:768} INFO - DAG(s) dict_keys(['latest_only']) retrieved from /home/airflow/.local/lib/python3.7/site-packages/airflow/example_dags/example_latest_only.py
[2022-10-05T09:22:55.955+0000] {logging_mixin.py:117} INFO - [2022-10-05T09:22:55.954+0000] {dag.py:2573} INFO - Sync 1 DAGs
[2022-10-05T09:22:55.975+0000] {logging_mixin.py:117} INFO - [2022-10-05T09:22:55.975+0000] {dag.py:3328} INFO - Setting next_dagrun for latest_only to 2022-10-05T05:22:55.974854+00:00, run_after=2022-10-05T09:22:55.974854+00:00
[2022-10-05T09:22:55.989+0000] {processor.py:178} INFO - Processing /home/airflow/.local/lib/python3.7/site-packages/airflow/example_dags/example_latest_only.py took 0.079 seconds
[2022-10-05T09:23:26.273+0000] {processor.py:156} INFO - Started process (PID=11895) to work on /home/airflow/.local/lib/python3.7/site-packages/airflow/example_dags/example_latest_only.py
[2022-10-05T09:23:26.273+0000] {processor.py:758} INFO - Processing file /home/airflow/.local/lib/python3.7/site-packages/airflow/example_dags/example_latest_only.py for tasks to queue
[2022-10-05T09:23:26.274+0000] {logging_mixin.py:117} INFO - [2022-10-05T09:23:26.274+0000] {dagbag.py:525} INFO - Filling up the DagBag from /home/airflow/.local/lib/python3.7/site-packages/airflow/example_dags/example_latest_only.py
[2022-10-05T09:23:26.284+0000] {processor.py:768} INFO - DAG(s) dict_keys(['latest_only']) retrieved from /home/airflow/.local/lib/python3.7/site-packages/airflow/example_dags/example_latest_only.py
[2022-10-05T09:23:26.316+0000] {logging_mixin.py:117} INFO - [2022-10-05T09:23:26.316+0000] {dag.py:2573} INFO - Sync 1 DAGs
[2022-10-05T09:23:26.335+0000] {logging_mixin.py:117} INFO - [2022-10-05T09:23:26.335+0000] {dag.py:3328} INFO - Setting next_dagrun for latest_only to 2022-10-05T05:23:26.334839+00:00, run_after=2022-10-05T09:23:26.334839+00:00
[2022-10-05T09:23:26.348+0000] {processor.py:178} INFO - Processing /home/airflow/.local/lib/python3.7/site-packages/airflow/example_dags/example_latest_only.py took 0.078 seconds
[2022-10-05T09:23:56.688+0000] {processor.py:156} INFO - Started process (PID=12102) to work on /home/airflow/.local/lib/python3.7/site-packages/airflow/example_dags/example_latest_only.py
[2022-10-05T09:23:56.688+0000] {processor.py:758} INFO - Processing file /home/airflow/.local/lib/python3.7/site-packages/airflow/example_dags/example_latest_only.py for tasks to queue
[2022-10-05T09:23:56.689+0000] {logging_mixin.py:117} INFO - [2022-10-05T09:23:56.689+0000] {dagbag.py:525} INFO - Filling up the DagBag from /home/airflow/.local/lib/python3.7/site-packages/airflow/example_dags/example_latest_only.py
[2022-10-05T09:23:56.699+0000] {processor.py:768} INFO - DAG(s) dict_keys(['latest_only']) retrieved from /home/airflow/.local/lib/python3.7/site-packages/airflow/example_dags/example_latest_only.py
[2022-10-05T09:23:56.730+0000] {logging_mixin.py:117} INFO - [2022-10-05T09:23:56.730+0000] {dag.py:2573} INFO - Sync 1 DAGs
[2022-10-05T09:23:56.749+0000] {logging_mixin.py:117} INFO - [2022-10-05T09:23:56.749+0000] {dag.py:3328} INFO - Setting next_dagrun for latest_only to 2022-10-05T05:23:56.749574+00:00, run_after=2022-10-05T09:23:56.749574+00:00
[2022-10-05T09:23:56.763+0000] {processor.py:178} INFO - Processing /home/airflow/.local/lib/python3.7/site-packages/airflow/example_dags/example_latest_only.py took 0.078 seconds
[2022-10-05T09:24:27.067+0000] {processor.py:156} INFO - Started process (PID=12300) to work on /home/airflow/.local/lib/python3.7/site-packages/airflow/example_dags/example_latest_only.py
[2022-10-05T09:24:27.068+0000] {processor.py:758} INFO - Processing file /home/airflow/.local/lib/python3.7/site-packages/airflow/example_dags/example_latest_only.py for tasks to queue
[2022-10-05T09:24:27.068+0000] {logging_mixin.py:117} INFO - [2022-10-05T09:24:27.068+0000] {dagbag.py:525} INFO - Filling up the DagBag from /home/airflow/.local/lib/python3.7/site-packages/airflow/example_dags/example_latest_only.py
[2022-10-05T09:24:27.079+0000] {processor.py:768} INFO - DAG(s) dict_keys(['latest_only']) retrieved from /home/airflow/.local/lib/python3.7/site-packages/airflow/example_dags/example_latest_only.py
[2022-10-05T09:24:27.110+0000] {logging_mixin.py:117} INFO - [2022-10-05T09:24:27.109+0000] {dag.py:2573} INFO - Sync 1 DAGs
[2022-10-05T09:24:27.129+0000] {logging_mixin.py:117} INFO - [2022-10-05T09:24:27.129+0000] {dag.py:3328} INFO - Setting next_dagrun for latest_only to 2022-10-05T05:24:27.128896+00:00, run_after=2022-10-05T09:24:27.128896+00:00
[2022-10-05T09:24:27.144+0000] {processor.py:178} INFO - Processing /home/airflow/.local/lib/python3.7/site-packages/airflow/example_dags/example_latest_only.py took 0.079 seconds
[2022-10-05T09:24:57.492+0000] {processor.py:156} INFO - Started process (PID=12507) to work on /home/airflow/.local/lib/python3.7/site-packages/airflow/example_dags/example_latest_only.py
[2022-10-05T09:24:57.493+0000] {processor.py:758} INFO - Processing file /home/airflow/.local/lib/python3.7/site-packages/airflow/example_dags/example_latest_only.py for tasks to queue
[2022-10-05T09:24:57.493+0000] {logging_mixin.py:117} INFO - [2022-10-05T09:24:57.493+0000] {dagbag.py:525} INFO - Filling up the DagBag from /home/airflow/.local/lib/python3.7/site-packages/airflow/example_dags/example_latest_only.py
[2022-10-05T09:24:57.504+0000] {processor.py:768} INFO - DAG(s) dict_keys(['latest_only']) retrieved from /home/airflow/.local/lib/python3.7/site-packages/airflow/example_dags/example_latest_only.py
[2022-10-05T09:24:57.534+0000] {logging_mixin.py:117} INFO - [2022-10-05T09:24:57.534+0000] {dag.py:2573} INFO - Sync 1 DAGs
[2022-10-05T09:24:57.554+0000] {logging_mixin.py:117} INFO - [2022-10-05T09:24:57.554+0000] {dag.py:3328} INFO - Setting next_dagrun for latest_only to 2022-10-05T05:24:57.554318+00:00, run_after=2022-10-05T09:24:57.554318+00:00
[2022-10-05T09:24:57.568+0000] {processor.py:178} INFO - Processing /home/airflow/.local/lib/python3.7/site-packages/airflow/example_dags/example_latest_only.py took 0.078 seconds
[2022-10-05T09:25:27.887+0000] {processor.py:156} INFO - Started process (PID=12714) to work on /home/airflow/.local/lib/python3.7/site-packages/airflow/example_dags/example_latest_only.py
[2022-10-05T09:25:27.887+0000] {processor.py:758} INFO - Processing file /home/airflow/.local/lib/python3.7/site-packages/airflow/example_dags/example_latest_only.py for tasks to queue
[2022-10-05T09:25:27.888+0000] {logging_mixin.py:117} INFO - [2022-10-05T09:25:27.888+0000] {dagbag.py:525} INFO - Filling up the DagBag from /home/airflow/.local/lib/python3.7/site-packages/airflow/example_dags/example_latest_only.py
[2022-10-05T09:25:27.898+0000] {processor.py:768} INFO - DAG(s) dict_keys(['latest_only']) retrieved from /home/airflow/.local/lib/python3.7/site-packages/airflow/example_dags/example_latest_only.py
[2022-10-05T09:25:27.929+0000] {logging_mixin.py:117} INFO - [2022-10-05T09:25:27.929+0000] {dag.py:2573} INFO - Sync 1 DAGs
[2022-10-05T09:25:27.948+0000] {logging_mixin.py:117} INFO - [2022-10-05T09:25:27.948+0000] {dag.py:3328} INFO - Setting next_dagrun for latest_only to 2022-10-05T05:25:27.948490+00:00, run_after=2022-10-05T09:25:27.948490+00:00
[2022-10-05T09:25:27.962+0000] {processor.py:178} INFO - Processing /home/airflow/.local/lib/python3.7/site-packages/airflow/example_dags/example_latest_only.py took 0.078 seconds
[2022-10-05T09:25:58.269+0000] {processor.py:156} INFO - Started process (PID=12923) to work on /home/airflow/.local/lib/python3.7/site-packages/airflow/example_dags/example_latest_only.py
[2022-10-05T09:25:58.269+0000] {processor.py:758} INFO - Processing file /home/airflow/.local/lib/python3.7/site-packages/airflow/example_dags/example_latest_only.py for tasks to queue
[2022-10-05T09:25:58.270+0000] {logging_mixin.py:117} INFO - [2022-10-05T09:25:58.270+0000] {dagbag.py:525} INFO - Filling up the DagBag from /home/airflow/.local/lib/python3.7/site-packages/airflow/example_dags/example_latest_only.py
[2022-10-05T09:25:58.280+0000] {processor.py:768} INFO - DAG(s) dict_keys(['latest_only']) retrieved from /home/airflow/.local/lib/python3.7/site-packages/airflow/example_dags/example_latest_only.py
[2022-10-05T09:25:58.312+0000] {logging_mixin.py:117} INFO - [2022-10-05T09:25:58.312+0000] {dag.py:2573} INFO - Sync 1 DAGs
[2022-10-05T09:25:58.331+0000] {logging_mixin.py:117} INFO - [2022-10-05T09:25:58.331+0000] {dag.py:3328} INFO - Setting next_dagrun for latest_only to 2022-10-05T05:25:58.330863+00:00, run_after=2022-10-05T09:25:58.330863+00:00
[2022-10-05T09:25:58.344+0000] {processor.py:178} INFO - Processing /home/airflow/.local/lib/python3.7/site-packages/airflow/example_dags/example_latest_only.py took 0.078 seconds
[2022-10-05T09:26:28.639+0000] {processor.py:156} INFO - Started process (PID=13121) to work on /home/airflow/.local/lib/python3.7/site-packages/airflow/example_dags/example_latest_only.py
[2022-10-05T09:26:28.639+0000] {processor.py:758} INFO - Processing file /home/airflow/.local/lib/python3.7/site-packages/airflow/example_dags/example_latest_only.py for tasks to queue
[2022-10-05T09:26:28.640+0000] {logging_mixin.py:117} INFO - [2022-10-05T09:26:28.640+0000] {dagbag.py:525} INFO - Filling up the DagBag from /home/airflow/.local/lib/python3.7/site-packages/airflow/example_dags/example_latest_only.py
[2022-10-05T09:26:28.651+0000] {processor.py:768} INFO - DAG(s) dict_keys(['latest_only']) retrieved from /home/airflow/.local/lib/python3.7/site-packages/airflow/example_dags/example_latest_only.py
[2022-10-05T09:26:28.682+0000] {logging_mixin.py:117} INFO - [2022-10-05T09:26:28.682+0000] {dag.py:2573} INFO - Sync 1 DAGs
[2022-10-05T09:26:28.702+0000] {logging_mixin.py:117} INFO - [2022-10-05T09:26:28.702+0000] {dag.py:3328} INFO - Setting next_dagrun for latest_only to 2022-10-05T05:26:28.702076+00:00, run_after=2022-10-05T09:26:28.702076+00:00
[2022-10-05T09:26:28.717+0000] {processor.py:178} INFO - Processing /home/airflow/.local/lib/python3.7/site-packages/airflow/example_dags/example_latest_only.py took 0.081 seconds
[2022-10-05T09:26:59.052+0000] {processor.py:156} INFO - Started process (PID=13326) to work on /home/airflow/.local/lib/python3.7/site-packages/airflow/example_dags/example_latest_only.py
[2022-10-05T09:26:59.053+0000] {processor.py:758} INFO - Processing file /home/airflow/.local/lib/python3.7/site-packages/airflow/example_dags/example_latest_only.py for tasks to queue
[2022-10-05T09:26:59.053+0000] {logging_mixin.py:117} INFO - [2022-10-05T09:26:59.053+0000] {dagbag.py:525} INFO - Filling up the DagBag from /home/airflow/.local/lib/python3.7/site-packages/airflow/example_dags/example_latest_only.py
[2022-10-05T09:26:59.063+0000] {processor.py:768} INFO - DAG(s) dict_keys(['latest_only']) retrieved from /home/airflow/.local/lib/python3.7/site-packages/airflow/example_dags/example_latest_only.py
[2022-10-05T09:26:59.093+0000] {logging_mixin.py:117} INFO - [2022-10-05T09:26:59.093+0000] {dag.py:2573} INFO - Sync 1 DAGs
[2022-10-05T09:26:59.113+0000] {logging_mixin.py:117} INFO - [2022-10-05T09:26:59.113+0000] {dag.py:3328} INFO - Setting next_dagrun for latest_only to 2022-10-05T05:26:59.113184+00:00, run_after=2022-10-05T09:26:59.113184+00:00
[2022-10-05T09:26:59.127+0000] {processor.py:178} INFO - Processing /home/airflow/.local/lib/python3.7/site-packages/airflow/example_dags/example_latest_only.py took 0.077 seconds
[2022-10-05T09:27:29.423+0000] {processor.py:156} INFO - Started process (PID=13533) to work on /home/airflow/.local/lib/python3.7/site-packages/airflow/example_dags/example_latest_only.py
[2022-10-05T09:27:29.424+0000] {processor.py:758} INFO - Processing file /home/airflow/.local/lib/python3.7/site-packages/airflow/example_dags/example_latest_only.py for tasks to queue
[2022-10-05T09:27:29.425+0000] {logging_mixin.py:117} INFO - [2022-10-05T09:27:29.425+0000] {dagbag.py:525} INFO - Filling up the DagBag from /home/airflow/.local/lib/python3.7/site-packages/airflow/example_dags/example_latest_only.py
[2022-10-05T09:27:29.435+0000] {processor.py:768} INFO - DAG(s) dict_keys(['latest_only']) retrieved from /home/airflow/.local/lib/python3.7/site-packages/airflow/example_dags/example_latest_only.py
[2022-10-05T09:27:29.465+0000] {logging_mixin.py:117} INFO - [2022-10-05T09:27:29.465+0000] {dag.py:2573} INFO - Sync 1 DAGs
[2022-10-05T09:27:29.484+0000] {logging_mixin.py:117} INFO - [2022-10-05T09:27:29.484+0000] {dag.py:3328} INFO - Setting next_dagrun for latest_only to 2022-10-05T05:27:29.483973+00:00, run_after=2022-10-05T09:27:29.483973+00:00
[2022-10-05T09:27:29.497+0000] {processor.py:178} INFO - Processing /home/airflow/.local/lib/python3.7/site-packages/airflow/example_dags/example_latest_only.py took 0.076 seconds
[2022-10-05T09:27:59.789+0000] {processor.py:156} INFO - Started process (PID=13740) to work on /home/airflow/.local/lib/python3.7/site-packages/airflow/example_dags/example_latest_only.py
[2022-10-05T09:27:59.790+0000] {processor.py:758} INFO - Processing file /home/airflow/.local/lib/python3.7/site-packages/airflow/example_dags/example_latest_only.py for tasks to queue
[2022-10-05T09:27:59.790+0000] {logging_mixin.py:117} INFO - [2022-10-05T09:27:59.790+0000] {dagbag.py:525} INFO - Filling up the DagBag from /home/airflow/.local/lib/python3.7/site-packages/airflow/example_dags/example_latest_only.py
[2022-10-05T09:27:59.801+0000] {processor.py:768} INFO - DAG(s) dict_keys(['latest_only']) retrieved from /home/airflow/.local/lib/python3.7/site-packages/airflow/example_dags/example_latest_only.py
[2022-10-05T09:27:59.831+0000] {logging_mixin.py:117} INFO - [2022-10-05T09:27:59.831+0000] {dag.py:2573} INFO - Sync 1 DAGs
[2022-10-05T09:27:59.850+0000] {logging_mixin.py:117} INFO - [2022-10-05T09:27:59.849+0000] {dag.py:3328} INFO - Setting next_dagrun for latest_only to 2022-10-05T05:27:59.849708+00:00, run_after=2022-10-05T09:27:59.849708+00:00
[2022-10-05T09:27:59.863+0000] {processor.py:178} INFO - Processing /home/airflow/.local/lib/python3.7/site-packages/airflow/example_dags/example_latest_only.py took 0.076 seconds
[2022-10-05T09:28:30.175+0000] {processor.py:156} INFO - Started process (PID=13947) to work on /home/airflow/.local/lib/python3.7/site-packages/airflow/example_dags/example_latest_only.py
[2022-10-05T09:28:30.176+0000] {processor.py:758} INFO - Processing file /home/airflow/.local/lib/python3.7/site-packages/airflow/example_dags/example_latest_only.py for tasks to queue
[2022-10-05T09:28:30.176+0000] {logging_mixin.py:117} INFO - [2022-10-05T09:28:30.176+0000] {dagbag.py:525} INFO - Filling up the DagBag from /home/airflow/.local/lib/python3.7/site-packages/airflow/example_dags/example_latest_only.py
[2022-10-05T09:28:30.187+0000] {processor.py:768} INFO - DAG(s) dict_keys(['latest_only']) retrieved from /home/airflow/.local/lib/python3.7/site-packages/airflow/example_dags/example_latest_only.py
[2022-10-05T09:28:30.218+0000] {logging_mixin.py:117} INFO - [2022-10-05T09:28:30.218+0000] {dag.py:2573} INFO - Sync 1 DAGs
[2022-10-05T09:28:30.238+0000] {logging_mixin.py:117} INFO - [2022-10-05T09:28:30.237+0000] {dag.py:3328} INFO - Setting next_dagrun for latest_only to 2022-10-05T05:28:30.237723+00:00, run_after=2022-10-05T09:28:30.237723+00:00
[2022-10-05T09:28:30.253+0000] {processor.py:178} INFO - Processing /home/airflow/.local/lib/python3.7/site-packages/airflow/example_dags/example_latest_only.py took 0.080 seconds
[2022-10-05T09:29:00.521+0000] {processor.py:156} INFO - Started process (PID=14147) to work on /home/airflow/.local/lib/python3.7/site-packages/airflow/example_dags/example_latest_only.py
[2022-10-05T09:29:00.522+0000] {processor.py:758} INFO - Processing file /home/airflow/.local/lib/python3.7/site-packages/airflow/example_dags/example_latest_only.py for tasks to queue
[2022-10-05T09:29:00.522+0000] {logging_mixin.py:117} INFO - [2022-10-05T09:29:00.522+0000] {dagbag.py:525} INFO - Filling up the DagBag from /home/airflow/.local/lib/python3.7/site-packages/airflow/example_dags/example_latest_only.py
[2022-10-05T09:29:00.533+0000] {processor.py:768} INFO - DAG(s) dict_keys(['latest_only']) retrieved from /home/airflow/.local/lib/python3.7/site-packages/airflow/example_dags/example_latest_only.py
[2022-10-05T09:29:00.563+0000] {logging_mixin.py:117} INFO - [2022-10-05T09:29:00.563+0000] {dag.py:2573} INFO - Sync 1 DAGs
[2022-10-05T09:29:00.583+0000] {logging_mixin.py:117} INFO - [2022-10-05T09:29:00.583+0000] {dag.py:3328} INFO - Setting next_dagrun for latest_only to 2022-10-05T05:29:00.583376+00:00, run_after=2022-10-05T09:29:00.583376+00:00
[2022-10-05T09:29:00.597+0000] {processor.py:178} INFO - Processing /home/airflow/.local/lib/python3.7/site-packages/airflow/example_dags/example_latest_only.py took 0.078 seconds
[2022-10-05T09:29:31.103+0000] {processor.py:156} INFO - Started process (PID=14352) to work on /home/airflow/.local/lib/python3.7/site-packages/airflow/example_dags/example_latest_only.py
[2022-10-05T09:29:31.103+0000] {processor.py:758} INFO - Processing file /home/airflow/.local/lib/python3.7/site-packages/airflow/example_dags/example_latest_only.py for tasks to queue
[2022-10-05T09:29:31.104+0000] {logging_mixin.py:117} INFO - [2022-10-05T09:29:31.104+0000] {dagbag.py:525} INFO - Filling up the DagBag from /home/airflow/.local/lib/python3.7/site-packages/airflow/example_dags/example_latest_only.py
[2022-10-05T09:29:31.115+0000] {processor.py:768} INFO - DAG(s) dict_keys(['latest_only']) retrieved from /home/airflow/.local/lib/python3.7/site-packages/airflow/example_dags/example_latest_only.py
[2022-10-05T09:29:31.146+0000] {logging_mixin.py:117} INFO - [2022-10-05T09:29:31.146+0000] {dag.py:2573} INFO - Sync 1 DAGs
[2022-10-05T09:29:31.165+0000] {logging_mixin.py:117} INFO - [2022-10-05T09:29:31.165+0000] {dag.py:3328} INFO - Setting next_dagrun for latest_only to 2022-10-05T05:29:31.164919+00:00, run_after=2022-10-05T09:29:31.164919+00:00
[2022-10-05T09:29:31.178+0000] {processor.py:178} INFO - Processing /home/airflow/.local/lib/python3.7/site-packages/airflow/example_dags/example_latest_only.py took 0.078 seconds
[2022-10-05T09:30:01.463+0000] {processor.py:156} INFO - Started process (PID=14559) to work on /home/airflow/.local/lib/python3.7/site-packages/airflow/example_dags/example_latest_only.py
[2022-10-05T09:30:01.464+0000] {processor.py:758} INFO - Processing file /home/airflow/.local/lib/python3.7/site-packages/airflow/example_dags/example_latest_only.py for tasks to queue
[2022-10-05T09:30:01.464+0000] {logging_mixin.py:117} INFO - [2022-10-05T09:30:01.464+0000] {dagbag.py:525} INFO - Filling up the DagBag from /home/airflow/.local/lib/python3.7/site-packages/airflow/example_dags/example_latest_only.py
[2022-10-05T09:30:01.475+0000] {processor.py:768} INFO - DAG(s) dict_keys(['latest_only']) retrieved from /home/airflow/.local/lib/python3.7/site-packages/airflow/example_dags/example_latest_only.py
[2022-10-05T09:30:01.506+0000] {logging_mixin.py:117} INFO - [2022-10-05T09:30:01.505+0000] {dag.py:2573} INFO - Sync 1 DAGs
[2022-10-05T09:30:01.524+0000] {logging_mixin.py:117} INFO - [2022-10-05T09:30:01.524+0000] {dag.py:3328} INFO - Setting next_dagrun for latest_only to 2022-10-05T05:30:01.524531+00:00, run_after=2022-10-05T09:30:01.524531+00:00
[2022-10-05T09:30:01.538+0000] {processor.py:178} INFO - Processing /home/airflow/.local/lib/python3.7/site-packages/airflow/example_dags/example_latest_only.py took 0.077 seconds
[2022-10-05T09:30:31.841+0000] {processor.py:156} INFO - Started process (PID=14766) to work on /home/airflow/.local/lib/python3.7/site-packages/airflow/example_dags/example_latest_only.py
[2022-10-05T09:30:31.842+0000] {processor.py:758} INFO - Processing file /home/airflow/.local/lib/python3.7/site-packages/airflow/example_dags/example_latest_only.py for tasks to queue
[2022-10-05T09:30:31.842+0000] {logging_mixin.py:117} INFO - [2022-10-05T09:30:31.842+0000] {dagbag.py:525} INFO - Filling up the DagBag from /home/airflow/.local/lib/python3.7/site-packages/airflow/example_dags/example_latest_only.py
[2022-10-05T09:30:31.853+0000] {processor.py:768} INFO - DAG(s) dict_keys(['latest_only']) retrieved from /home/airflow/.local/lib/python3.7/site-packages/airflow/example_dags/example_latest_only.py
[2022-10-05T09:30:31.883+0000] {logging_mixin.py:117} INFO - [2022-10-05T09:30:31.883+0000] {dag.py:2573} INFO - Sync 1 DAGs
[2022-10-05T09:30:31.902+0000] {logging_mixin.py:117} INFO - [2022-10-05T09:30:31.902+0000] {dag.py:3328} INFO - Setting next_dagrun for latest_only to 2022-10-05T05:30:31.902016+00:00, run_after=2022-10-05T09:30:31.902016+00:00
[2022-10-05T09:30:31.915+0000] {processor.py:178} INFO - Processing /home/airflow/.local/lib/python3.7/site-packages/airflow/example_dags/example_latest_only.py took 0.077 seconds
[2022-10-05T09:31:02.309+0000] {processor.py:156} INFO - Started process (PID=14964) to work on /home/airflow/.local/lib/python3.7/site-packages/airflow/example_dags/example_latest_only.py
[2022-10-05T09:31:02.310+0000] {processor.py:758} INFO - Processing file /home/airflow/.local/lib/python3.7/site-packages/airflow/example_dags/example_latest_only.py for tasks to queue
[2022-10-05T09:31:02.310+0000] {logging_mixin.py:117} INFO - [2022-10-05T09:31:02.310+0000] {dagbag.py:525} INFO - Filling up the DagBag from /home/airflow/.local/lib/python3.7/site-packages/airflow/example_dags/example_latest_only.py
[2022-10-05T09:31:02.320+0000] {processor.py:768} INFO - DAG(s) dict_keys(['latest_only']) retrieved from /home/airflow/.local/lib/python3.7/site-packages/airflow/example_dags/example_latest_only.py
[2022-10-05T09:31:02.351+0000] {logging_mixin.py:117} INFO - [2022-10-05T09:31:02.351+0000] {dag.py:2573} INFO - Sync 1 DAGs
[2022-10-05T09:31:02.371+0000] {logging_mixin.py:117} INFO - [2022-10-05T09:31:02.371+0000] {dag.py:3328} INFO - Setting next_dagrun for latest_only to 2022-10-05T05:31:02.371152+00:00, run_after=2022-10-05T09:31:02.371152+00:00
[2022-10-05T09:31:02.385+0000] {processor.py:178} INFO - Processing /home/airflow/.local/lib/python3.7/site-packages/airflow/example_dags/example_latest_only.py took 0.078 seconds
