[2022-10-05T08:54:28.302+0000] {processor.py:156} INFO - Started process (PID=337) to work on /home/airflow/.local/lib/python3.7/site-packages/airflow/example_dags/example_complex.py
[2022-10-05T08:54:28.302+0000] {processor.py:758} INFO - Processing file /home/airflow/.local/lib/python3.7/site-packages/airflow/example_dags/example_complex.py for tasks to queue
[2022-10-05T08:54:28.303+0000] {logging_mixin.py:117} INFO - [2022-10-05T08:54:28.303+0000] {dagbag.py:525} INFO - Filling up the DagBag from /home/airflow/.local/lib/python3.7/site-packages/airflow/example_dags/example_complex.py
[2022-10-05T08:54:28.320+0000] {processor.py:768} INFO - DAG(s) dict_keys(['example_complex']) retrieved from /home/airflow/.local/lib/python3.7/site-packages/airflow/example_dags/example_complex.py
[2022-10-05T08:54:28.342+0000] {logging_mixin.py:117} INFO - [2022-10-05T08:54:28.342+0000] {dag.py:2573} INFO - Sync 1 DAGs
[2022-10-05T08:54:28.362+0000] {logging_mixin.py:117} INFO - [2022-10-05T08:54:28.362+0000] {dag.py:3328} INFO - Setting next_dagrun for example_complex to None, run_after=None
[2022-10-05T08:54:28.377+0000] {processor.py:178} INFO - Processing /home/airflow/.local/lib/python3.7/site-packages/airflow/example_dags/example_complex.py took 0.078 seconds
[2022-10-05T08:55:00.557+0000] {processor.py:156} INFO - Started process (PID=544) to work on /home/airflow/.local/lib/python3.7/site-packages/airflow/example_dags/example_complex.py
[2022-10-05T08:55:00.558+0000] {processor.py:758} INFO - Processing file /home/airflow/.local/lib/python3.7/site-packages/airflow/example_dags/example_complex.py for tasks to queue
[2022-10-05T08:55:00.558+0000] {logging_mixin.py:117} INFO - [2022-10-05T08:55:00.558+0000] {dagbag.py:525} INFO - Filling up the DagBag from /home/airflow/.local/lib/python3.7/site-packages/airflow/example_dags/example_complex.py
[2022-10-05T08:55:00.576+0000] {processor.py:768} INFO - DAG(s) dict_keys(['example_complex']) retrieved from /home/airflow/.local/lib/python3.7/site-packages/airflow/example_dags/example_complex.py
[2022-10-05T08:55:00.612+0000] {logging_mixin.py:117} INFO - [2022-10-05T08:55:00.612+0000] {dag.py:2573} INFO - Sync 1 DAGs
[2022-10-05T08:55:00.631+0000] {logging_mixin.py:117} INFO - [2022-10-05T08:55:00.631+0000] {dag.py:3328} INFO - Setting next_dagrun for example_complex to None, run_after=None
[2022-10-05T08:55:00.727+0000] {processor.py:178} INFO - Processing /home/airflow/.local/lib/python3.7/site-packages/airflow/example_dags/example_complex.py took 0.172 seconds
[2022-10-05T08:55:31.447+0000] {processor.py:156} INFO - Started process (PID=752) to work on /home/airflow/.local/lib/python3.7/site-packages/airflow/example_dags/example_complex.py
[2022-10-05T08:55:31.448+0000] {processor.py:758} INFO - Processing file /home/airflow/.local/lib/python3.7/site-packages/airflow/example_dags/example_complex.py for tasks to queue
[2022-10-05T08:55:31.449+0000] {logging_mixin.py:117} INFO - [2022-10-05T08:55:31.449+0000] {dagbag.py:525} INFO - Filling up the DagBag from /home/airflow/.local/lib/python3.7/site-packages/airflow/example_dags/example_complex.py
[2022-10-05T08:55:31.465+0000] {processor.py:768} INFO - DAG(s) dict_keys(['example_complex']) retrieved from /home/airflow/.local/lib/python3.7/site-packages/airflow/example_dags/example_complex.py
[2022-10-05T08:55:31.541+0000] {logging_mixin.py:117} INFO - [2022-10-05T08:55:31.540+0000] {dag.py:2573} INFO - Sync 1 DAGs
[2022-10-05T08:55:31.643+0000] {logging_mixin.py:117} INFO - [2022-10-05T08:55:31.643+0000] {dag.py:3328} INFO - Setting next_dagrun for example_complex to None, run_after=None
[2022-10-05T08:55:31.657+0000] {processor.py:178} INFO - Processing /home/airflow/.local/lib/python3.7/site-packages/airflow/example_dags/example_complex.py took 0.211 seconds
[2022-10-05T08:56:02.393+0000] {processor.py:156} INFO - Started process (PID=954) to work on /home/airflow/.local/lib/python3.7/site-packages/airflow/example_dags/example_complex.py
[2022-10-05T08:56:02.394+0000] {processor.py:758} INFO - Processing file /home/airflow/.local/lib/python3.7/site-packages/airflow/example_dags/example_complex.py for tasks to queue
[2022-10-05T08:56:02.394+0000] {logging_mixin.py:117} INFO - [2022-10-05T08:56:02.394+0000] {dagbag.py:525} INFO - Filling up the DagBag from /home/airflow/.local/lib/python3.7/site-packages/airflow/example_dags/example_complex.py
[2022-10-05T08:56:02.411+0000] {processor.py:768} INFO - DAG(s) dict_keys(['example_complex']) retrieved from /home/airflow/.local/lib/python3.7/site-packages/airflow/example_dags/example_complex.py
[2022-10-05T08:56:02.524+0000] {logging_mixin.py:117} INFO - [2022-10-05T08:56:02.524+0000] {dag.py:2573} INFO - Sync 1 DAGs
[2022-10-05T08:56:02.542+0000] {logging_mixin.py:117} INFO - [2022-10-05T08:56:02.542+0000] {dag.py:3328} INFO - Setting next_dagrun for example_complex to None, run_after=None
[2022-10-05T08:56:02.555+0000] {processor.py:178} INFO - Processing /home/airflow/.local/lib/python3.7/site-packages/airflow/example_dags/example_complex.py took 0.164 seconds
[2022-10-05T08:56:33.342+0000] {processor.py:156} INFO - Started process (PID=1166) to work on /home/airflow/.local/lib/python3.7/site-packages/airflow/example_dags/example_complex.py
[2022-10-05T08:56:33.343+0000] {processor.py:758} INFO - Processing file /home/airflow/.local/lib/python3.7/site-packages/airflow/example_dags/example_complex.py for tasks to queue
[2022-10-05T08:56:33.344+0000] {logging_mixin.py:117} INFO - [2022-10-05T08:56:33.343+0000] {dagbag.py:525} INFO - Filling up the DagBag from /home/airflow/.local/lib/python3.7/site-packages/airflow/example_dags/example_complex.py
[2022-10-05T08:56:33.360+0000] {processor.py:768} INFO - DAG(s) dict_keys(['example_complex']) retrieved from /home/airflow/.local/lib/python3.7/site-packages/airflow/example_dags/example_complex.py
[2022-10-05T08:56:33.476+0000] {logging_mixin.py:117} INFO - [2022-10-05T08:56:33.476+0000] {dag.py:2573} INFO - Sync 1 DAGs
[2022-10-05T08:56:33.494+0000] {logging_mixin.py:117} INFO - [2022-10-05T08:56:33.494+0000] {dag.py:3328} INFO - Setting next_dagrun for example_complex to None, run_after=None
[2022-10-05T08:56:33.507+0000] {processor.py:178} INFO - Processing /home/airflow/.local/lib/python3.7/site-packages/airflow/example_dags/example_complex.py took 0.167 seconds
[2022-10-05T08:57:04.521+0000] {processor.py:156} INFO - Started process (PID=1364) to work on /home/airflow/.local/lib/python3.7/site-packages/airflow/example_dags/example_complex.py
[2022-10-05T08:57:04.522+0000] {processor.py:758} INFO - Processing file /home/airflow/.local/lib/python3.7/site-packages/airflow/example_dags/example_complex.py for tasks to queue
[2022-10-05T08:57:04.523+0000] {logging_mixin.py:117} INFO - [2022-10-05T08:57:04.523+0000] {dagbag.py:525} INFO - Filling up the DagBag from /home/airflow/.local/lib/python3.7/site-packages/airflow/example_dags/example_complex.py
[2022-10-05T08:57:04.539+0000] {processor.py:768} INFO - DAG(s) dict_keys(['example_complex']) retrieved from /home/airflow/.local/lib/python3.7/site-packages/airflow/example_dags/example_complex.py
[2022-10-05T08:57:04.655+0000] {logging_mixin.py:117} INFO - [2022-10-05T08:57:04.655+0000] {dag.py:2573} INFO - Sync 1 DAGs
[2022-10-05T08:57:04.673+0000] {logging_mixin.py:117} INFO - [2022-10-05T08:57:04.673+0000] {dag.py:3328} INFO - Setting next_dagrun for example_complex to None, run_after=None
[2022-10-05T08:57:04.688+0000] {processor.py:178} INFO - Processing /home/airflow/.local/lib/python3.7/site-packages/airflow/example_dags/example_complex.py took 0.168 seconds
[2022-10-05T08:57:34.929+0000] {processor.py:156} INFO - Started process (PID=1573) to work on /home/airflow/.local/lib/python3.7/site-packages/airflow/example_dags/example_complex.py
[2022-10-05T08:57:34.930+0000] {processor.py:758} INFO - Processing file /home/airflow/.local/lib/python3.7/site-packages/airflow/example_dags/example_complex.py for tasks to queue
[2022-10-05T08:57:34.931+0000] {logging_mixin.py:117} INFO - [2022-10-05T08:57:34.930+0000] {dagbag.py:525} INFO - Filling up the DagBag from /home/airflow/.local/lib/python3.7/site-packages/airflow/example_dags/example_complex.py
[2022-10-05T08:57:35.030+0000] {processor.py:768} INFO - DAG(s) dict_keys(['example_complex']) retrieved from /home/airflow/.local/lib/python3.7/site-packages/airflow/example_dags/example_complex.py
[2022-10-05T08:57:35.062+0000] {logging_mixin.py:117} INFO - [2022-10-05T08:57:35.062+0000] {dag.py:2573} INFO - Sync 1 DAGs
[2022-10-05T08:57:35.081+0000] {logging_mixin.py:117} INFO - [2022-10-05T08:57:35.081+0000] {dag.py:3328} INFO - Setting next_dagrun for example_complex to None, run_after=None
[2022-10-05T08:57:35.094+0000] {processor.py:178} INFO - Processing /home/airflow/.local/lib/python3.7/site-packages/airflow/example_dags/example_complex.py took 0.167 seconds
[2022-10-05T08:58:05.618+0000] {processor.py:156} INFO - Started process (PID=1778) to work on /home/airflow/.local/lib/python3.7/site-packages/airflow/example_dags/example_complex.py
[2022-10-05T08:58:05.619+0000] {processor.py:758} INFO - Processing file /home/airflow/.local/lib/python3.7/site-packages/airflow/example_dags/example_complex.py for tasks to queue
[2022-10-05T08:58:05.619+0000] {logging_mixin.py:117} INFO - [2022-10-05T08:58:05.619+0000] {dagbag.py:525} INFO - Filling up the DagBag from /home/airflow/.local/lib/python3.7/site-packages/airflow/example_dags/example_complex.py
[2022-10-05T08:58:05.635+0000] {processor.py:768} INFO - DAG(s) dict_keys(['example_complex']) retrieved from /home/airflow/.local/lib/python3.7/site-packages/airflow/example_dags/example_complex.py
[2022-10-05T08:58:05.672+0000] {logging_mixin.py:117} INFO - [2022-10-05T08:58:05.672+0000] {dag.py:2573} INFO - Sync 1 DAGs
[2022-10-05T08:58:05.691+0000] {logging_mixin.py:117} INFO - [2022-10-05T08:58:05.691+0000] {dag.py:3328} INFO - Setting next_dagrun for example_complex to None, run_after=None
[2022-10-05T08:58:05.706+0000] {processor.py:178} INFO - Processing /home/airflow/.local/lib/python3.7/site-packages/airflow/example_dags/example_complex.py took 0.090 seconds
[2022-10-05T08:58:36.013+0000] {processor.py:156} INFO - Started process (PID=1985) to work on /home/airflow/.local/lib/python3.7/site-packages/airflow/example_dags/example_complex.py
[2022-10-05T08:58:36.014+0000] {processor.py:758} INFO - Processing file /home/airflow/.local/lib/python3.7/site-packages/airflow/example_dags/example_complex.py for tasks to queue
[2022-10-05T08:58:36.015+0000] {logging_mixin.py:117} INFO - [2022-10-05T08:58:36.014+0000] {dagbag.py:525} INFO - Filling up the DagBag from /home/airflow/.local/lib/python3.7/site-packages/airflow/example_dags/example_complex.py
[2022-10-05T08:58:36.031+0000] {processor.py:768} INFO - DAG(s) dict_keys(['example_complex']) retrieved from /home/airflow/.local/lib/python3.7/site-packages/airflow/example_dags/example_complex.py
[2022-10-05T08:58:36.068+0000] {logging_mixin.py:117} INFO - [2022-10-05T08:58:36.068+0000] {dag.py:2573} INFO - Sync 1 DAGs
[2022-10-05T08:58:36.087+0000] {logging_mixin.py:117} INFO - [2022-10-05T08:58:36.087+0000] {dag.py:3328} INFO - Setting next_dagrun for example_complex to None, run_after=None
[2022-10-05T08:58:36.101+0000] {processor.py:178} INFO - Processing /home/airflow/.local/lib/python3.7/site-packages/airflow/example_dags/example_complex.py took 0.090 seconds
[2022-10-05T08:59:06.474+0000] {processor.py:156} INFO - Started process (PID=2192) to work on /home/airflow/.local/lib/python3.7/site-packages/airflow/example_dags/example_complex.py
[2022-10-05T08:59:06.474+0000] {processor.py:758} INFO - Processing file /home/airflow/.local/lib/python3.7/site-packages/airflow/example_dags/example_complex.py for tasks to queue
[2022-10-05T08:59:06.475+0000] {logging_mixin.py:117} INFO - [2022-10-05T08:59:06.475+0000] {dagbag.py:525} INFO - Filling up the DagBag from /home/airflow/.local/lib/python3.7/site-packages/airflow/example_dags/example_complex.py
[2022-10-05T08:59:06.492+0000] {processor.py:768} INFO - DAG(s) dict_keys(['example_complex']) retrieved from /home/airflow/.local/lib/python3.7/site-packages/airflow/example_dags/example_complex.py
[2022-10-05T08:59:06.528+0000] {logging_mixin.py:117} INFO - [2022-10-05T08:59:06.528+0000] {dag.py:2573} INFO - Sync 1 DAGs
[2022-10-05T08:59:06.549+0000] {logging_mixin.py:117} INFO - [2022-10-05T08:59:06.549+0000] {dag.py:3328} INFO - Setting next_dagrun for example_complex to None, run_after=None
[2022-10-05T08:59:06.563+0000] {processor.py:178} INFO - Processing /home/airflow/.local/lib/python3.7/site-packages/airflow/example_dags/example_complex.py took 0.091 seconds
[2022-10-05T08:59:36.846+0000] {processor.py:156} INFO - Started process (PID=2390) to work on /home/airflow/.local/lib/python3.7/site-packages/airflow/example_dags/example_complex.py
[2022-10-05T08:59:36.846+0000] {processor.py:758} INFO - Processing file /home/airflow/.local/lib/python3.7/site-packages/airflow/example_dags/example_complex.py for tasks to queue
[2022-10-05T08:59:36.847+0000] {logging_mixin.py:117} INFO - [2022-10-05T08:59:36.847+0000] {dagbag.py:525} INFO - Filling up the DagBag from /home/airflow/.local/lib/python3.7/site-packages/airflow/example_dags/example_complex.py
[2022-10-05T08:59:36.863+0000] {processor.py:768} INFO - DAG(s) dict_keys(['example_complex']) retrieved from /home/airflow/.local/lib/python3.7/site-packages/airflow/example_dags/example_complex.py
[2022-10-05T08:59:36.899+0000] {logging_mixin.py:117} INFO - [2022-10-05T08:59:36.898+0000] {dag.py:2573} INFO - Sync 1 DAGs
[2022-10-05T08:59:36.918+0000] {logging_mixin.py:117} INFO - [2022-10-05T08:59:36.918+0000] {dag.py:3328} INFO - Setting next_dagrun for example_complex to None, run_after=None
[2022-10-05T08:59:36.932+0000] {processor.py:178} INFO - Processing /home/airflow/.local/lib/python3.7/site-packages/airflow/example_dags/example_complex.py took 0.088 seconds
[2022-10-05T09:00:07.288+0000] {processor.py:156} INFO - Started process (PID=2597) to work on /home/airflow/.local/lib/python3.7/site-packages/airflow/example_dags/example_complex.py
[2022-10-05T09:00:07.289+0000] {processor.py:758} INFO - Processing file /home/airflow/.local/lib/python3.7/site-packages/airflow/example_dags/example_complex.py for tasks to queue
[2022-10-05T09:00:07.289+0000] {logging_mixin.py:117} INFO - [2022-10-05T09:00:07.289+0000] {dagbag.py:525} INFO - Filling up the DagBag from /home/airflow/.local/lib/python3.7/site-packages/airflow/example_dags/example_complex.py
[2022-10-05T09:00:07.306+0000] {processor.py:768} INFO - DAG(s) dict_keys(['example_complex']) retrieved from /home/airflow/.local/lib/python3.7/site-packages/airflow/example_dags/example_complex.py
[2022-10-05T09:00:07.342+0000] {logging_mixin.py:117} INFO - [2022-10-05T09:00:07.342+0000] {dag.py:2573} INFO - Sync 1 DAGs
[2022-10-05T09:00:07.362+0000] {logging_mixin.py:117} INFO - [2022-10-05T09:00:07.361+0000] {dag.py:3328} INFO - Setting next_dagrun for example_complex to None, run_after=None
[2022-10-05T09:00:07.376+0000] {processor.py:178} INFO - Processing /home/airflow/.local/lib/python3.7/site-packages/airflow/example_dags/example_complex.py took 0.090 seconds
[2022-10-05T09:00:37.706+0000] {processor.py:156} INFO - Started process (PID=2804) to work on /home/airflow/.local/lib/python3.7/site-packages/airflow/example_dags/example_complex.py
[2022-10-05T09:00:37.707+0000] {processor.py:758} INFO - Processing file /home/airflow/.local/lib/python3.7/site-packages/airflow/example_dags/example_complex.py for tasks to queue
[2022-10-05T09:00:37.707+0000] {logging_mixin.py:117} INFO - [2022-10-05T09:00:37.707+0000] {dagbag.py:525} INFO - Filling up the DagBag from /home/airflow/.local/lib/python3.7/site-packages/airflow/example_dags/example_complex.py
[2022-10-05T09:00:37.723+0000] {processor.py:768} INFO - DAG(s) dict_keys(['example_complex']) retrieved from /home/airflow/.local/lib/python3.7/site-packages/airflow/example_dags/example_complex.py
[2022-10-05T09:00:37.760+0000] {logging_mixin.py:117} INFO - [2022-10-05T09:00:37.759+0000] {dag.py:2573} INFO - Sync 1 DAGs
[2022-10-05T09:00:37.778+0000] {logging_mixin.py:117} INFO - [2022-10-05T09:00:37.778+0000] {dag.py:3328} INFO - Setting next_dagrun for example_complex to None, run_after=None
[2022-10-05T09:00:37.792+0000] {processor.py:178} INFO - Processing /home/airflow/.local/lib/python3.7/site-packages/airflow/example_dags/example_complex.py took 0.088 seconds
[2022-10-05T09:01:08.349+0000] {processor.py:156} INFO - Started process (PID=3011) to work on /home/airflow/.local/lib/python3.7/site-packages/airflow/example_dags/example_complex.py
[2022-10-05T09:01:08.350+0000] {processor.py:758} INFO - Processing file /home/airflow/.local/lib/python3.7/site-packages/airflow/example_dags/example_complex.py for tasks to queue
[2022-10-05T09:01:08.350+0000] {logging_mixin.py:117} INFO - [2022-10-05T09:01:08.350+0000] {dagbag.py:525} INFO - Filling up the DagBag from /home/airflow/.local/lib/python3.7/site-packages/airflow/example_dags/example_complex.py
[2022-10-05T09:01:08.367+0000] {processor.py:768} INFO - DAG(s) dict_keys(['example_complex']) retrieved from /home/airflow/.local/lib/python3.7/site-packages/airflow/example_dags/example_complex.py
[2022-10-05T09:01:08.404+0000] {logging_mixin.py:117} INFO - [2022-10-05T09:01:08.403+0000] {dag.py:2573} INFO - Sync 1 DAGs
[2022-10-05T09:01:08.423+0000] {logging_mixin.py:117} INFO - [2022-10-05T09:01:08.422+0000] {dag.py:3328} INFO - Setting next_dagrun for example_complex to None, run_after=None
[2022-10-05T09:01:08.438+0000] {processor.py:178} INFO - Processing /home/airflow/.local/lib/python3.7/site-packages/airflow/example_dags/example_complex.py took 0.091 seconds
[2022-10-05T09:01:38.794+0000] {processor.py:156} INFO - Started process (PID=3209) to work on /home/airflow/.local/lib/python3.7/site-packages/airflow/example_dags/example_complex.py
[2022-10-05T09:01:38.795+0000] {processor.py:758} INFO - Processing file /home/airflow/.local/lib/python3.7/site-packages/airflow/example_dags/example_complex.py for tasks to queue
[2022-10-05T09:01:38.795+0000] {logging_mixin.py:117} INFO - [2022-10-05T09:01:38.795+0000] {dagbag.py:525} INFO - Filling up the DagBag from /home/airflow/.local/lib/python3.7/site-packages/airflow/example_dags/example_complex.py
[2022-10-05T09:01:38.812+0000] {processor.py:768} INFO - DAG(s) dict_keys(['example_complex']) retrieved from /home/airflow/.local/lib/python3.7/site-packages/airflow/example_dags/example_complex.py
[2022-10-05T09:01:38.847+0000] {logging_mixin.py:117} INFO - [2022-10-05T09:01:38.847+0000] {dag.py:2573} INFO - Sync 1 DAGs
[2022-10-05T09:01:38.867+0000] {logging_mixin.py:117} INFO - [2022-10-05T09:01:38.867+0000] {dag.py:3328} INFO - Setting next_dagrun for example_complex to None, run_after=None
[2022-10-05T09:01:38.880+0000] {processor.py:178} INFO - Processing /home/airflow/.local/lib/python3.7/site-packages/airflow/example_dags/example_complex.py took 0.088 seconds
[2022-10-05T09:02:09.390+0000] {processor.py:156} INFO - Started process (PID=3416) to work on /home/airflow/.local/lib/python3.7/site-packages/airflow/example_dags/example_complex.py
[2022-10-05T09:02:09.391+0000] {processor.py:758} INFO - Processing file /home/airflow/.local/lib/python3.7/site-packages/airflow/example_dags/example_complex.py for tasks to queue
[2022-10-05T09:02:09.391+0000] {logging_mixin.py:117} INFO - [2022-10-05T09:02:09.391+0000] {dagbag.py:525} INFO - Filling up the DagBag from /home/airflow/.local/lib/python3.7/site-packages/airflow/example_dags/example_complex.py
[2022-10-05T09:02:09.407+0000] {processor.py:768} INFO - DAG(s) dict_keys(['example_complex']) retrieved from /home/airflow/.local/lib/python3.7/site-packages/airflow/example_dags/example_complex.py
[2022-10-05T09:02:09.444+0000] {logging_mixin.py:117} INFO - [2022-10-05T09:02:09.444+0000] {dag.py:2573} INFO - Sync 1 DAGs
[2022-10-05T09:02:09.463+0000] {logging_mixin.py:117} INFO - [2022-10-05T09:02:09.463+0000] {dag.py:3328} INFO - Setting next_dagrun for example_complex to None, run_after=None
[2022-10-05T09:02:09.477+0000] {processor.py:178} INFO - Processing /home/airflow/.local/lib/python3.7/site-packages/airflow/example_dags/example_complex.py took 0.089 seconds
[2022-10-05T09:02:39.947+0000] {processor.py:156} INFO - Started process (PID=3623) to work on /home/airflow/.local/lib/python3.7/site-packages/airflow/example_dags/example_complex.py
[2022-10-05T09:02:39.948+0000] {processor.py:758} INFO - Processing file /home/airflow/.local/lib/python3.7/site-packages/airflow/example_dags/example_complex.py for tasks to queue
[2022-10-05T09:02:39.949+0000] {logging_mixin.py:117} INFO - [2022-10-05T09:02:39.948+0000] {dagbag.py:525} INFO - Filling up the DagBag from /home/airflow/.local/lib/python3.7/site-packages/airflow/example_dags/example_complex.py
[2022-10-05T09:02:39.964+0000] {processor.py:768} INFO - DAG(s) dict_keys(['example_complex']) retrieved from /home/airflow/.local/lib/python3.7/site-packages/airflow/example_dags/example_complex.py
[2022-10-05T09:02:40.000+0000] {logging_mixin.py:117} INFO - [2022-10-05T09:02:40.000+0000] {dag.py:2573} INFO - Sync 1 DAGs
[2022-10-05T09:02:40.018+0000] {logging_mixin.py:117} INFO - [2022-10-05T09:02:40.018+0000] {dag.py:3328} INFO - Setting next_dagrun for example_complex to None, run_after=None
[2022-10-05T09:02:40.031+0000] {processor.py:178} INFO - Processing /home/airflow/.local/lib/python3.7/site-packages/airflow/example_dags/example_complex.py took 0.087 seconds
[2022-10-05T09:03:10.514+0000] {processor.py:156} INFO - Started process (PID=3830) to work on /home/airflow/.local/lib/python3.7/site-packages/airflow/example_dags/example_complex.py
[2022-10-05T09:03:10.515+0000] {processor.py:758} INFO - Processing file /home/airflow/.local/lib/python3.7/site-packages/airflow/example_dags/example_complex.py for tasks to queue
[2022-10-05T09:03:10.516+0000] {logging_mixin.py:117} INFO - [2022-10-05T09:03:10.515+0000] {dagbag.py:525} INFO - Filling up the DagBag from /home/airflow/.local/lib/python3.7/site-packages/airflow/example_dags/example_complex.py
[2022-10-05T09:03:10.533+0000] {processor.py:768} INFO - DAG(s) dict_keys(['example_complex']) retrieved from /home/airflow/.local/lib/python3.7/site-packages/airflow/example_dags/example_complex.py
[2022-10-05T09:03:10.568+0000] {logging_mixin.py:117} INFO - [2022-10-05T09:03:10.568+0000] {dag.py:2573} INFO - Sync 1 DAGs
[2022-10-05T09:03:10.587+0000] {logging_mixin.py:117} INFO - [2022-10-05T09:03:10.587+0000] {dag.py:3328} INFO - Setting next_dagrun for example_complex to None, run_after=None
[2022-10-05T09:03:10.601+0000] {processor.py:178} INFO - Processing /home/airflow/.local/lib/python3.7/site-packages/airflow/example_dags/example_complex.py took 0.089 seconds
[2022-10-05T09:03:41.091+0000] {processor.py:156} INFO - Started process (PID=4028) to work on /home/airflow/.local/lib/python3.7/site-packages/airflow/example_dags/example_complex.py
[2022-10-05T09:03:41.092+0000] {processor.py:758} INFO - Processing file /home/airflow/.local/lib/python3.7/site-packages/airflow/example_dags/example_complex.py for tasks to queue
[2022-10-05T09:03:41.093+0000] {logging_mixin.py:117} INFO - [2022-10-05T09:03:41.092+0000] {dagbag.py:525} INFO - Filling up the DagBag from /home/airflow/.local/lib/python3.7/site-packages/airflow/example_dags/example_complex.py
[2022-10-05T09:03:41.109+0000] {processor.py:768} INFO - DAG(s) dict_keys(['example_complex']) retrieved from /home/airflow/.local/lib/python3.7/site-packages/airflow/example_dags/example_complex.py
[2022-10-05T09:03:41.145+0000] {logging_mixin.py:117} INFO - [2022-10-05T09:03:41.145+0000] {dag.py:2573} INFO - Sync 1 DAGs
[2022-10-05T09:03:41.165+0000] {logging_mixin.py:117} INFO - [2022-10-05T09:03:41.164+0000] {dag.py:3328} INFO - Setting next_dagrun for example_complex to None, run_after=None
[2022-10-05T09:03:41.178+0000] {processor.py:178} INFO - Processing /home/airflow/.local/lib/python3.7/site-packages/airflow/example_dags/example_complex.py took 0.089 seconds
[2022-10-05T09:04:11.641+0000] {processor.py:156} INFO - Started process (PID=4235) to work on /home/airflow/.local/lib/python3.7/site-packages/airflow/example_dags/example_complex.py
[2022-10-05T09:04:11.642+0000] {processor.py:758} INFO - Processing file /home/airflow/.local/lib/python3.7/site-packages/airflow/example_dags/example_complex.py for tasks to queue
[2022-10-05T09:04:11.642+0000] {logging_mixin.py:117} INFO - [2022-10-05T09:04:11.642+0000] {dagbag.py:525} INFO - Filling up the DagBag from /home/airflow/.local/lib/python3.7/site-packages/airflow/example_dags/example_complex.py
[2022-10-05T09:04:11.658+0000] {processor.py:768} INFO - DAG(s) dict_keys(['example_complex']) retrieved from /home/airflow/.local/lib/python3.7/site-packages/airflow/example_dags/example_complex.py
[2022-10-05T09:04:11.695+0000] {logging_mixin.py:117} INFO - [2022-10-05T09:04:11.695+0000] {dag.py:2573} INFO - Sync 1 DAGs
[2022-10-05T09:04:11.713+0000] {logging_mixin.py:117} INFO - [2022-10-05T09:04:11.713+0000] {dag.py:3328} INFO - Setting next_dagrun for example_complex to None, run_after=None
[2022-10-05T09:04:11.727+0000] {processor.py:178} INFO - Processing /home/airflow/.local/lib/python3.7/site-packages/airflow/example_dags/example_complex.py took 0.088 seconds
[2022-10-05T09:04:42.074+0000] {processor.py:156} INFO - Started process (PID=4437) to work on /home/airflow/.local/lib/python3.7/site-packages/airflow/example_dags/example_complex.py
[2022-10-05T09:04:42.074+0000] {processor.py:758} INFO - Processing file /home/airflow/.local/lib/python3.7/site-packages/airflow/example_dags/example_complex.py for tasks to queue
[2022-10-05T09:04:42.075+0000] {logging_mixin.py:117} INFO - [2022-10-05T09:04:42.075+0000] {dagbag.py:525} INFO - Filling up the DagBag from /home/airflow/.local/lib/python3.7/site-packages/airflow/example_dags/example_complex.py
[2022-10-05T09:04:42.090+0000] {processor.py:768} INFO - DAG(s) dict_keys(['example_complex']) retrieved from /home/airflow/.local/lib/python3.7/site-packages/airflow/example_dags/example_complex.py
[2022-10-05T09:04:42.126+0000] {logging_mixin.py:117} INFO - [2022-10-05T09:04:42.126+0000] {dag.py:2573} INFO - Sync 1 DAGs
[2022-10-05T09:04:42.145+0000] {logging_mixin.py:117} INFO - [2022-10-05T09:04:42.145+0000] {dag.py:3328} INFO - Setting next_dagrun for example_complex to None, run_after=None
[2022-10-05T09:04:42.159+0000] {processor.py:178} INFO - Processing /home/airflow/.local/lib/python3.7/site-packages/airflow/example_dags/example_complex.py took 0.088 seconds
[2022-10-05T09:05:12.634+0000] {processor.py:156} INFO - Started process (PID=4649) to work on /home/airflow/.local/lib/python3.7/site-packages/airflow/example_dags/example_complex.py
[2022-10-05T09:05:12.635+0000] {processor.py:758} INFO - Processing file /home/airflow/.local/lib/python3.7/site-packages/airflow/example_dags/example_complex.py for tasks to queue
[2022-10-05T09:05:12.635+0000] {logging_mixin.py:117} INFO - [2022-10-05T09:05:12.635+0000] {dagbag.py:525} INFO - Filling up the DagBag from /home/airflow/.local/lib/python3.7/site-packages/airflow/example_dags/example_complex.py
[2022-10-05T09:05:12.652+0000] {processor.py:768} INFO - DAG(s) dict_keys(['example_complex']) retrieved from /home/airflow/.local/lib/python3.7/site-packages/airflow/example_dags/example_complex.py
[2022-10-05T09:05:12.688+0000] {logging_mixin.py:117} INFO - [2022-10-05T09:05:12.688+0000] {dag.py:2573} INFO - Sync 1 DAGs
[2022-10-05T09:05:12.707+0000] {logging_mixin.py:117} INFO - [2022-10-05T09:05:12.707+0000] {dag.py:3328} INFO - Setting next_dagrun for example_complex to None, run_after=None
[2022-10-05T09:05:12.722+0000] {processor.py:178} INFO - Processing /home/airflow/.local/lib/python3.7/site-packages/airflow/example_dags/example_complex.py took 0.091 seconds
[2022-10-05T09:05:43.004+0000] {processor.py:156} INFO - Started process (PID=4847) to work on /home/airflow/.local/lib/python3.7/site-packages/airflow/example_dags/example_complex.py
[2022-10-05T09:05:43.004+0000] {processor.py:758} INFO - Processing file /home/airflow/.local/lib/python3.7/site-packages/airflow/example_dags/example_complex.py for tasks to queue
[2022-10-05T09:05:43.005+0000] {logging_mixin.py:117} INFO - [2022-10-05T09:05:43.005+0000] {dagbag.py:525} INFO - Filling up the DagBag from /home/airflow/.local/lib/python3.7/site-packages/airflow/example_dags/example_complex.py
[2022-10-05T09:05:43.021+0000] {processor.py:768} INFO - DAG(s) dict_keys(['example_complex']) retrieved from /home/airflow/.local/lib/python3.7/site-packages/airflow/example_dags/example_complex.py
[2022-10-05T09:05:43.057+0000] {logging_mixin.py:117} INFO - [2022-10-05T09:05:43.057+0000] {dag.py:2573} INFO - Sync 1 DAGs
[2022-10-05T09:05:43.078+0000] {logging_mixin.py:117} INFO - [2022-10-05T09:05:43.077+0000] {dag.py:3328} INFO - Setting next_dagrun for example_complex to None, run_after=None
[2022-10-05T09:05:43.091+0000] {processor.py:178} INFO - Processing /home/airflow/.local/lib/python3.7/site-packages/airflow/example_dags/example_complex.py took 0.090 seconds
[2022-10-05T09:06:13.489+0000] {processor.py:156} INFO - Started process (PID=5054) to work on /home/airflow/.local/lib/python3.7/site-packages/airflow/example_dags/example_complex.py
[2022-10-05T09:06:13.490+0000] {processor.py:758} INFO - Processing file /home/airflow/.local/lib/python3.7/site-packages/airflow/example_dags/example_complex.py for tasks to queue
[2022-10-05T09:06:13.490+0000] {logging_mixin.py:117} INFO - [2022-10-05T09:06:13.490+0000] {dagbag.py:525} INFO - Filling up the DagBag from /home/airflow/.local/lib/python3.7/site-packages/airflow/example_dags/example_complex.py
[2022-10-05T09:06:13.507+0000] {processor.py:768} INFO - DAG(s) dict_keys(['example_complex']) retrieved from /home/airflow/.local/lib/python3.7/site-packages/airflow/example_dags/example_complex.py
[2022-10-05T09:06:13.544+0000] {logging_mixin.py:117} INFO - [2022-10-05T09:06:13.544+0000] {dag.py:2573} INFO - Sync 1 DAGs
[2022-10-05T09:06:13.563+0000] {logging_mixin.py:117} INFO - [2022-10-05T09:06:13.563+0000] {dag.py:3328} INFO - Setting next_dagrun for example_complex to None, run_after=None
[2022-10-05T09:06:13.577+0000] {processor.py:178} INFO - Processing /home/airflow/.local/lib/python3.7/site-packages/airflow/example_dags/example_complex.py took 0.090 seconds
[2022-10-05T09:06:43.864+0000] {processor.py:156} INFO - Started process (PID=5261) to work on /home/airflow/.local/lib/python3.7/site-packages/airflow/example_dags/example_complex.py
[2022-10-05T09:06:43.865+0000] {processor.py:758} INFO - Processing file /home/airflow/.local/lib/python3.7/site-packages/airflow/example_dags/example_complex.py for tasks to queue
[2022-10-05T09:06:43.866+0000] {logging_mixin.py:117} INFO - [2022-10-05T09:06:43.865+0000] {dagbag.py:525} INFO - Filling up the DagBag from /home/airflow/.local/lib/python3.7/site-packages/airflow/example_dags/example_complex.py
[2022-10-05T09:06:43.882+0000] {processor.py:768} INFO - DAG(s) dict_keys(['example_complex']) retrieved from /home/airflow/.local/lib/python3.7/site-packages/airflow/example_dags/example_complex.py
[2022-10-05T09:06:43.918+0000] {logging_mixin.py:117} INFO - [2022-10-05T09:06:43.918+0000] {dag.py:2573} INFO - Sync 1 DAGs
[2022-10-05T09:06:43.937+0000] {logging_mixin.py:117} INFO - [2022-10-05T09:06:43.937+0000] {dag.py:3328} INFO - Setting next_dagrun for example_complex to None, run_after=None
[2022-10-05T09:06:43.951+0000] {processor.py:178} INFO - Processing /home/airflow/.local/lib/python3.7/site-packages/airflow/example_dags/example_complex.py took 0.089 seconds
[2022-10-05T09:07:14.243+0000] {processor.py:156} INFO - Started process (PID=5468) to work on /home/airflow/.local/lib/python3.7/site-packages/airflow/example_dags/example_complex.py
[2022-10-05T09:07:14.244+0000] {processor.py:758} INFO - Processing file /home/airflow/.local/lib/python3.7/site-packages/airflow/example_dags/example_complex.py for tasks to queue
[2022-10-05T09:07:14.244+0000] {logging_mixin.py:117} INFO - [2022-10-05T09:07:14.244+0000] {dagbag.py:525} INFO - Filling up the DagBag from /home/airflow/.local/lib/python3.7/site-packages/airflow/example_dags/example_complex.py
[2022-10-05T09:07:14.261+0000] {processor.py:768} INFO - DAG(s) dict_keys(['example_complex']) retrieved from /home/airflow/.local/lib/python3.7/site-packages/airflow/example_dags/example_complex.py
[2022-10-05T09:07:14.297+0000] {logging_mixin.py:117} INFO - [2022-10-05T09:07:14.297+0000] {dag.py:2573} INFO - Sync 1 DAGs
[2022-10-05T09:07:14.316+0000] {logging_mixin.py:117} INFO - [2022-10-05T09:07:14.316+0000] {dag.py:3328} INFO - Setting next_dagrun for example_complex to None, run_after=None
[2022-10-05T09:07:14.330+0000] {processor.py:178} INFO - Processing /home/airflow/.local/lib/python3.7/site-packages/airflow/example_dags/example_complex.py took 0.089 seconds
[2022-10-05T09:07:44.717+0000] {processor.py:156} INFO - Started process (PID=5675) to work on /home/airflow/.local/lib/python3.7/site-packages/airflow/example_dags/example_complex.py
[2022-10-05T09:07:44.718+0000] {processor.py:758} INFO - Processing file /home/airflow/.local/lib/python3.7/site-packages/airflow/example_dags/example_complex.py for tasks to queue
[2022-10-05T09:07:44.718+0000] {logging_mixin.py:117} INFO - [2022-10-05T09:07:44.718+0000] {dagbag.py:525} INFO - Filling up the DagBag from /home/airflow/.local/lib/python3.7/site-packages/airflow/example_dags/example_complex.py
[2022-10-05T09:07:44.735+0000] {processor.py:768} INFO - DAG(s) dict_keys(['example_complex']) retrieved from /home/airflow/.local/lib/python3.7/site-packages/airflow/example_dags/example_complex.py
[2022-10-05T09:07:44.771+0000] {logging_mixin.py:117} INFO - [2022-10-05T09:07:44.771+0000] {dag.py:2573} INFO - Sync 1 DAGs
[2022-10-05T09:07:44.792+0000] {logging_mixin.py:117} INFO - [2022-10-05T09:07:44.792+0000] {dag.py:3328} INFO - Setting next_dagrun for example_complex to None, run_after=None
[2022-10-05T09:07:44.806+0000] {processor.py:178} INFO - Processing /home/airflow/.local/lib/python3.7/site-packages/airflow/example_dags/example_complex.py took 0.091 seconds
[2022-10-05T09:08:15.078+0000] {processor.py:156} INFO - Started process (PID=5873) to work on /home/airflow/.local/lib/python3.7/site-packages/airflow/example_dags/example_complex.py
[2022-10-05T09:08:15.079+0000] {processor.py:758} INFO - Processing file /home/airflow/.local/lib/python3.7/site-packages/airflow/example_dags/example_complex.py for tasks to queue
[2022-10-05T09:08:15.079+0000] {logging_mixin.py:117} INFO - [2022-10-05T09:08:15.079+0000] {dagbag.py:525} INFO - Filling up the DagBag from /home/airflow/.local/lib/python3.7/site-packages/airflow/example_dags/example_complex.py
[2022-10-05T09:08:15.095+0000] {processor.py:768} INFO - DAG(s) dict_keys(['example_complex']) retrieved from /home/airflow/.local/lib/python3.7/site-packages/airflow/example_dags/example_complex.py
[2022-10-05T09:08:15.131+0000] {logging_mixin.py:117} INFO - [2022-10-05T09:08:15.131+0000] {dag.py:2573} INFO - Sync 1 DAGs
[2022-10-05T09:08:15.151+0000] {logging_mixin.py:117} INFO - [2022-10-05T09:08:15.150+0000] {dag.py:3328} INFO - Setting next_dagrun for example_complex to None, run_after=None
[2022-10-05T09:08:15.164+0000] {processor.py:178} INFO - Processing /home/airflow/.local/lib/python3.7/site-packages/airflow/example_dags/example_complex.py took 0.089 seconds
[2022-10-05T09:08:45.692+0000] {processor.py:156} INFO - Started process (PID=6077) to work on /home/airflow/.local/lib/python3.7/site-packages/airflow/example_dags/example_complex.py
[2022-10-05T09:08:45.693+0000] {processor.py:758} INFO - Processing file /home/airflow/.local/lib/python3.7/site-packages/airflow/example_dags/example_complex.py for tasks to queue
[2022-10-05T09:08:45.694+0000] {logging_mixin.py:117} INFO - [2022-10-05T09:08:45.694+0000] {dagbag.py:525} INFO - Filling up the DagBag from /home/airflow/.local/lib/python3.7/site-packages/airflow/example_dags/example_complex.py
[2022-10-05T09:08:45.710+0000] {processor.py:768} INFO - DAG(s) dict_keys(['example_complex']) retrieved from /home/airflow/.local/lib/python3.7/site-packages/airflow/example_dags/example_complex.py
[2022-10-05T09:08:45.747+0000] {logging_mixin.py:117} INFO - [2022-10-05T09:08:45.747+0000] {dag.py:2573} INFO - Sync 1 DAGs
[2022-10-05T09:08:45.766+0000] {logging_mixin.py:117} INFO - [2022-10-05T09:08:45.766+0000] {dag.py:3328} INFO - Setting next_dagrun for example_complex to None, run_after=None
[2022-10-05T09:08:45.780+0000] {processor.py:178} INFO - Processing /home/airflow/.local/lib/python3.7/site-packages/airflow/example_dags/example_complex.py took 0.089 seconds
[2022-10-05T09:09:16.111+0000] {processor.py:156} INFO - Started process (PID=6287) to work on /home/airflow/.local/lib/python3.7/site-packages/airflow/example_dags/example_complex.py
[2022-10-05T09:09:16.112+0000] {processor.py:758} INFO - Processing file /home/airflow/.local/lib/python3.7/site-packages/airflow/example_dags/example_complex.py for tasks to queue
[2022-10-05T09:09:16.112+0000] {logging_mixin.py:117} INFO - [2022-10-05T09:09:16.112+0000] {dagbag.py:525} INFO - Filling up the DagBag from /home/airflow/.local/lib/python3.7/site-packages/airflow/example_dags/example_complex.py
[2022-10-05T09:09:16.129+0000] {processor.py:768} INFO - DAG(s) dict_keys(['example_complex']) retrieved from /home/airflow/.local/lib/python3.7/site-packages/airflow/example_dags/example_complex.py
[2022-10-05T09:09:16.165+0000] {logging_mixin.py:117} INFO - [2022-10-05T09:09:16.165+0000] {dag.py:2573} INFO - Sync 1 DAGs
[2022-10-05T09:09:16.183+0000] {logging_mixin.py:117} INFO - [2022-10-05T09:09:16.183+0000] {dag.py:3328} INFO - Setting next_dagrun for example_complex to None, run_after=None
[2022-10-05T09:09:16.197+0000] {processor.py:178} INFO - Processing /home/airflow/.local/lib/python3.7/site-packages/airflow/example_dags/example_complex.py took 0.088 seconds
[2022-10-05T09:09:46.537+0000] {processor.py:156} INFO - Started process (PID=6494) to work on /home/airflow/.local/lib/python3.7/site-packages/airflow/example_dags/example_complex.py
[2022-10-05T09:09:46.538+0000] {processor.py:758} INFO - Processing file /home/airflow/.local/lib/python3.7/site-packages/airflow/example_dags/example_complex.py for tasks to queue
[2022-10-05T09:09:46.538+0000] {logging_mixin.py:117} INFO - [2022-10-05T09:09:46.538+0000] {dagbag.py:525} INFO - Filling up the DagBag from /home/airflow/.local/lib/python3.7/site-packages/airflow/example_dags/example_complex.py
[2022-10-05T09:09:46.556+0000] {processor.py:768} INFO - DAG(s) dict_keys(['example_complex']) retrieved from /home/airflow/.local/lib/python3.7/site-packages/airflow/example_dags/example_complex.py
[2022-10-05T09:09:46.593+0000] {logging_mixin.py:117} INFO - [2022-10-05T09:09:46.593+0000] {dag.py:2573} INFO - Sync 1 DAGs
[2022-10-05T09:09:46.613+0000] {logging_mixin.py:117} INFO - [2022-10-05T09:09:46.613+0000] {dag.py:3328} INFO - Setting next_dagrun for example_complex to None, run_after=None
[2022-10-05T09:09:46.627+0000] {processor.py:178} INFO - Processing /home/airflow/.local/lib/python3.7/site-packages/airflow/example_dags/example_complex.py took 0.092 seconds
[2022-10-05T09:10:17.010+0000] {processor.py:156} INFO - Started process (PID=6692) to work on /home/airflow/.local/lib/python3.7/site-packages/airflow/example_dags/example_complex.py
[2022-10-05T09:10:17.011+0000] {processor.py:758} INFO - Processing file /home/airflow/.local/lib/python3.7/site-packages/airflow/example_dags/example_complex.py for tasks to queue
[2022-10-05T09:10:17.011+0000] {logging_mixin.py:117} INFO - [2022-10-05T09:10:17.011+0000] {dagbag.py:525} INFO - Filling up the DagBag from /home/airflow/.local/lib/python3.7/site-packages/airflow/example_dags/example_complex.py
[2022-10-05T09:10:17.028+0000] {processor.py:768} INFO - DAG(s) dict_keys(['example_complex']) retrieved from /home/airflow/.local/lib/python3.7/site-packages/airflow/example_dags/example_complex.py
[2022-10-05T09:10:17.063+0000] {logging_mixin.py:117} INFO - [2022-10-05T09:10:17.063+0000] {dag.py:2573} INFO - Sync 1 DAGs
[2022-10-05T09:10:17.083+0000] {logging_mixin.py:117} INFO - [2022-10-05T09:10:17.083+0000] {dag.py:3328} INFO - Setting next_dagrun for example_complex to None, run_after=None
[2022-10-05T09:10:17.097+0000] {processor.py:178} INFO - Processing /home/airflow/.local/lib/python3.7/site-packages/airflow/example_dags/example_complex.py took 0.089 seconds
[2022-10-05T09:10:47.365+0000] {processor.py:156} INFO - Started process (PID=6899) to work on /home/airflow/.local/lib/python3.7/site-packages/airflow/example_dags/example_complex.py
[2022-10-05T09:10:47.366+0000] {processor.py:758} INFO - Processing file /home/airflow/.local/lib/python3.7/site-packages/airflow/example_dags/example_complex.py for tasks to queue
[2022-10-05T09:10:47.366+0000] {logging_mixin.py:117} INFO - [2022-10-05T09:10:47.366+0000] {dagbag.py:525} INFO - Filling up the DagBag from /home/airflow/.local/lib/python3.7/site-packages/airflow/example_dags/example_complex.py
[2022-10-05T09:10:47.382+0000] {processor.py:768} INFO - DAG(s) dict_keys(['example_complex']) retrieved from /home/airflow/.local/lib/python3.7/site-packages/airflow/example_dags/example_complex.py
[2022-10-05T09:10:47.419+0000] {logging_mixin.py:117} INFO - [2022-10-05T09:10:47.419+0000] {dag.py:2573} INFO - Sync 1 DAGs
[2022-10-05T09:10:47.438+0000] {logging_mixin.py:117} INFO - [2022-10-05T09:10:47.438+0000] {dag.py:3328} INFO - Setting next_dagrun for example_complex to None, run_after=None
[2022-10-05T09:10:47.452+0000] {processor.py:178} INFO - Processing /home/airflow/.local/lib/python3.7/site-packages/airflow/example_dags/example_complex.py took 0.089 seconds
[2022-10-05T09:11:17.660+0000] {processor.py:156} INFO - Started process (PID=7106) to work on /home/airflow/.local/lib/python3.7/site-packages/airflow/example_dags/example_complex.py
[2022-10-05T09:11:17.661+0000] {processor.py:758} INFO - Processing file /home/airflow/.local/lib/python3.7/site-packages/airflow/example_dags/example_complex.py for tasks to queue
[2022-10-05T09:11:17.661+0000] {logging_mixin.py:117} INFO - [2022-10-05T09:11:17.661+0000] {dagbag.py:525} INFO - Filling up the DagBag from /home/airflow/.local/lib/python3.7/site-packages/airflow/example_dags/example_complex.py
[2022-10-05T09:11:17.678+0000] {processor.py:768} INFO - DAG(s) dict_keys(['example_complex']) retrieved from /home/airflow/.local/lib/python3.7/site-packages/airflow/example_dags/example_complex.py
[2022-10-05T09:11:17.714+0000] {logging_mixin.py:117} INFO - [2022-10-05T09:11:17.714+0000] {dag.py:2573} INFO - Sync 1 DAGs
[2022-10-05T09:11:17.733+0000] {logging_mixin.py:117} INFO - [2022-10-05T09:11:17.733+0000] {dag.py:3328} INFO - Setting next_dagrun for example_complex to None, run_after=None
[2022-10-05T09:11:17.747+0000] {processor.py:178} INFO - Processing /home/airflow/.local/lib/python3.7/site-packages/airflow/example_dags/example_complex.py took 0.089 seconds
[2022-10-05T09:11:48.020+0000] {processor.py:156} INFO - Started process (PID=7313) to work on /home/airflow/.local/lib/python3.7/site-packages/airflow/example_dags/example_complex.py
[2022-10-05T09:11:48.021+0000] {processor.py:758} INFO - Processing file /home/airflow/.local/lib/python3.7/site-packages/airflow/example_dags/example_complex.py for tasks to queue
[2022-10-05T09:11:48.021+0000] {logging_mixin.py:117} INFO - [2022-10-05T09:11:48.021+0000] {dagbag.py:525} INFO - Filling up the DagBag from /home/airflow/.local/lib/python3.7/site-packages/airflow/example_dags/example_complex.py
[2022-10-05T09:11:48.038+0000] {processor.py:768} INFO - DAG(s) dict_keys(['example_complex']) retrieved from /home/airflow/.local/lib/python3.7/site-packages/airflow/example_dags/example_complex.py
[2022-10-05T09:11:48.074+0000] {logging_mixin.py:117} INFO - [2022-10-05T09:11:48.074+0000] {dag.py:2573} INFO - Sync 1 DAGs
[2022-10-05T09:11:48.094+0000] {logging_mixin.py:117} INFO - [2022-10-05T09:11:48.094+0000] {dag.py:3328} INFO - Setting next_dagrun for example_complex to None, run_after=None
[2022-10-05T09:11:48.107+0000] {processor.py:178} INFO - Processing /home/airflow/.local/lib/python3.7/site-packages/airflow/example_dags/example_complex.py took 0.090 seconds
[2022-10-05T09:12:18.504+0000] {processor.py:156} INFO - Started process (PID=7511) to work on /home/airflow/.local/lib/python3.7/site-packages/airflow/example_dags/example_complex.py
[2022-10-05T09:12:18.505+0000] {processor.py:758} INFO - Processing file /home/airflow/.local/lib/python3.7/site-packages/airflow/example_dags/example_complex.py for tasks to queue
[2022-10-05T09:12:18.505+0000] {logging_mixin.py:117} INFO - [2022-10-05T09:12:18.505+0000] {dagbag.py:525} INFO - Filling up the DagBag from /home/airflow/.local/lib/python3.7/site-packages/airflow/example_dags/example_complex.py
[2022-10-05T09:12:18.521+0000] {processor.py:768} INFO - DAG(s) dict_keys(['example_complex']) retrieved from /home/airflow/.local/lib/python3.7/site-packages/airflow/example_dags/example_complex.py
[2022-10-05T09:12:18.557+0000] {logging_mixin.py:117} INFO - [2022-10-05T09:12:18.557+0000] {dag.py:2573} INFO - Sync 1 DAGs
[2022-10-05T09:12:18.577+0000] {logging_mixin.py:117} INFO - [2022-10-05T09:12:18.577+0000] {dag.py:3328} INFO - Setting next_dagrun for example_complex to None, run_after=None
[2022-10-05T09:12:18.590+0000] {processor.py:178} INFO - Processing /home/airflow/.local/lib/python3.7/site-packages/airflow/example_dags/example_complex.py took 0.088 seconds
[2022-10-05T09:12:48.886+0000] {processor.py:156} INFO - Started process (PID=7718) to work on /home/airflow/.local/lib/python3.7/site-packages/airflow/example_dags/example_complex.py
[2022-10-05T09:12:48.887+0000] {processor.py:758} INFO - Processing file /home/airflow/.local/lib/python3.7/site-packages/airflow/example_dags/example_complex.py for tasks to queue
[2022-10-05T09:12:48.887+0000] {logging_mixin.py:117} INFO - [2022-10-05T09:12:48.887+0000] {dagbag.py:525} INFO - Filling up the DagBag from /home/airflow/.local/lib/python3.7/site-packages/airflow/example_dags/example_complex.py
[2022-10-05T09:12:48.904+0000] {processor.py:768} INFO - DAG(s) dict_keys(['example_complex']) retrieved from /home/airflow/.local/lib/python3.7/site-packages/airflow/example_dags/example_complex.py
[2022-10-05T09:12:48.940+0000] {logging_mixin.py:117} INFO - [2022-10-05T09:12:48.940+0000] {dag.py:2573} INFO - Sync 1 DAGs
[2022-10-05T09:12:48.958+0000] {logging_mixin.py:117} INFO - [2022-10-05T09:12:48.958+0000] {dag.py:3328} INFO - Setting next_dagrun for example_complex to None, run_after=None
[2022-10-05T09:12:48.972+0000] {processor.py:178} INFO - Processing /home/airflow/.local/lib/python3.7/site-packages/airflow/example_dags/example_complex.py took 0.088 seconds
[2022-10-05T09:13:19.343+0000] {processor.py:156} INFO - Started process (PID=7925) to work on /home/airflow/.local/lib/python3.7/site-packages/airflow/example_dags/example_complex.py
[2022-10-05T09:13:19.344+0000] {processor.py:758} INFO - Processing file /home/airflow/.local/lib/python3.7/site-packages/airflow/example_dags/example_complex.py for tasks to queue
[2022-10-05T09:13:19.345+0000] {logging_mixin.py:117} INFO - [2022-10-05T09:13:19.344+0000] {dagbag.py:525} INFO - Filling up the DagBag from /home/airflow/.local/lib/python3.7/site-packages/airflow/example_dags/example_complex.py
[2022-10-05T09:13:19.361+0000] {processor.py:768} INFO - DAG(s) dict_keys(['example_complex']) retrieved from /home/airflow/.local/lib/python3.7/site-packages/airflow/example_dags/example_complex.py
[2022-10-05T09:13:19.397+0000] {logging_mixin.py:117} INFO - [2022-10-05T09:13:19.397+0000] {dag.py:2573} INFO - Sync 1 DAGs
[2022-10-05T09:13:19.416+0000] {logging_mixin.py:117} INFO - [2022-10-05T09:13:19.416+0000] {dag.py:3328} INFO - Setting next_dagrun for example_complex to None, run_after=None
[2022-10-05T09:13:19.430+0000] {processor.py:178} INFO - Processing /home/airflow/.local/lib/python3.7/site-packages/airflow/example_dags/example_complex.py took 0.089 seconds
[2022-10-05T09:13:49.724+0000] {processor.py:156} INFO - Started process (PID=8132) to work on /home/airflow/.local/lib/python3.7/site-packages/airflow/example_dags/example_complex.py
[2022-10-05T09:13:49.724+0000] {processor.py:758} INFO - Processing file /home/airflow/.local/lib/python3.7/site-packages/airflow/example_dags/example_complex.py for tasks to queue
[2022-10-05T09:13:49.725+0000] {logging_mixin.py:117} INFO - [2022-10-05T09:13:49.725+0000] {dagbag.py:525} INFO - Filling up the DagBag from /home/airflow/.local/lib/python3.7/site-packages/airflow/example_dags/example_complex.py
[2022-10-05T09:13:49.741+0000] {processor.py:768} INFO - DAG(s) dict_keys(['example_complex']) retrieved from /home/airflow/.local/lib/python3.7/site-packages/airflow/example_dags/example_complex.py
[2022-10-05T09:13:49.777+0000] {logging_mixin.py:117} INFO - [2022-10-05T09:13:49.777+0000] {dag.py:2573} INFO - Sync 1 DAGs
[2022-10-05T09:13:49.796+0000] {logging_mixin.py:117} INFO - [2022-10-05T09:13:49.796+0000] {dag.py:3328} INFO - Setting next_dagrun for example_complex to None, run_after=None
[2022-10-05T09:13:49.811+0000] {processor.py:178} INFO - Processing /home/airflow/.local/lib/python3.7/site-packages/airflow/example_dags/example_complex.py took 0.089 seconds
[2022-10-05T09:14:20.194+0000] {processor.py:156} INFO - Started process (PID=8330) to work on /home/airflow/.local/lib/python3.7/site-packages/airflow/example_dags/example_complex.py
[2022-10-05T09:14:20.195+0000] {processor.py:758} INFO - Processing file /home/airflow/.local/lib/python3.7/site-packages/airflow/example_dags/example_complex.py for tasks to queue
[2022-10-05T09:14:20.195+0000] {logging_mixin.py:117} INFO - [2022-10-05T09:14:20.195+0000] {dagbag.py:525} INFO - Filling up the DagBag from /home/airflow/.local/lib/python3.7/site-packages/airflow/example_dags/example_complex.py
[2022-10-05T09:14:20.212+0000] {processor.py:768} INFO - DAG(s) dict_keys(['example_complex']) retrieved from /home/airflow/.local/lib/python3.7/site-packages/airflow/example_dags/example_complex.py
[2022-10-05T09:14:20.248+0000] {logging_mixin.py:117} INFO - [2022-10-05T09:14:20.248+0000] {dag.py:2573} INFO - Sync 1 DAGs
[2022-10-05T09:14:20.270+0000] {logging_mixin.py:117} INFO - [2022-10-05T09:14:20.269+0000] {dag.py:3328} INFO - Setting next_dagrun for example_complex to None, run_after=None
[2022-10-05T09:14:20.284+0000] {processor.py:178} INFO - Processing /home/airflow/.local/lib/python3.7/site-packages/airflow/example_dags/example_complex.py took 0.093 seconds
[2022-10-05T09:14:50.586+0000] {processor.py:156} INFO - Started process (PID=8537) to work on /home/airflow/.local/lib/python3.7/site-packages/airflow/example_dags/example_complex.py
[2022-10-05T09:14:50.587+0000] {processor.py:758} INFO - Processing file /home/airflow/.local/lib/python3.7/site-packages/airflow/example_dags/example_complex.py for tasks to queue
[2022-10-05T09:14:50.587+0000] {logging_mixin.py:117} INFO - [2022-10-05T09:14:50.587+0000] {dagbag.py:525} INFO - Filling up the DagBag from /home/airflow/.local/lib/python3.7/site-packages/airflow/example_dags/example_complex.py
[2022-10-05T09:14:50.603+0000] {processor.py:768} INFO - DAG(s) dict_keys(['example_complex']) retrieved from /home/airflow/.local/lib/python3.7/site-packages/airflow/example_dags/example_complex.py
[2022-10-05T09:14:50.640+0000] {logging_mixin.py:117} INFO - [2022-10-05T09:14:50.639+0000] {dag.py:2573} INFO - Sync 1 DAGs
[2022-10-05T09:14:50.658+0000] {logging_mixin.py:117} INFO - [2022-10-05T09:14:50.658+0000] {dag.py:3328} INFO - Setting next_dagrun for example_complex to None, run_after=None
[2022-10-05T09:14:50.672+0000] {processor.py:178} INFO - Processing /home/airflow/.local/lib/python3.7/site-packages/airflow/example_dags/example_complex.py took 0.088 seconds
[2022-10-05T09:15:21.043+0000] {processor.py:156} INFO - Started process (PID=8744) to work on /home/airflow/.local/lib/python3.7/site-packages/airflow/example_dags/example_complex.py
[2022-10-05T09:15:21.043+0000] {processor.py:758} INFO - Processing file /home/airflow/.local/lib/python3.7/site-packages/airflow/example_dags/example_complex.py for tasks to queue
[2022-10-05T09:15:21.044+0000] {logging_mixin.py:117} INFO - [2022-10-05T09:15:21.044+0000] {dagbag.py:525} INFO - Filling up the DagBag from /home/airflow/.local/lib/python3.7/site-packages/airflow/example_dags/example_complex.py
[2022-10-05T09:15:21.060+0000] {processor.py:768} INFO - DAG(s) dict_keys(['example_complex']) retrieved from /home/airflow/.local/lib/python3.7/site-packages/airflow/example_dags/example_complex.py
[2022-10-05T09:15:21.097+0000] {logging_mixin.py:117} INFO - [2022-10-05T09:15:21.097+0000] {dag.py:2573} INFO - Sync 1 DAGs
[2022-10-05T09:15:21.116+0000] {logging_mixin.py:117} INFO - [2022-10-05T09:15:21.116+0000] {dag.py:3328} INFO - Setting next_dagrun for example_complex to None, run_after=None
[2022-10-05T09:15:21.130+0000] {processor.py:178} INFO - Processing /home/airflow/.local/lib/python3.7/site-packages/airflow/example_dags/example_complex.py took 0.090 seconds
[2022-10-05T09:15:51.498+0000] {processor.py:156} INFO - Started process (PID=8951) to work on /home/airflow/.local/lib/python3.7/site-packages/airflow/example_dags/example_complex.py
[2022-10-05T09:15:51.499+0000] {processor.py:758} INFO - Processing file /home/airflow/.local/lib/python3.7/site-packages/airflow/example_dags/example_complex.py for tasks to queue
[2022-10-05T09:15:51.499+0000] {logging_mixin.py:117} INFO - [2022-10-05T09:15:51.499+0000] {dagbag.py:525} INFO - Filling up the DagBag from /home/airflow/.local/lib/python3.7/site-packages/airflow/example_dags/example_complex.py
[2022-10-05T09:15:51.516+0000] {processor.py:768} INFO - DAG(s) dict_keys(['example_complex']) retrieved from /home/airflow/.local/lib/python3.7/site-packages/airflow/example_dags/example_complex.py
[2022-10-05T09:15:51.552+0000] {logging_mixin.py:117} INFO - [2022-10-05T09:15:51.552+0000] {dag.py:2573} INFO - Sync 1 DAGs
[2022-10-05T09:15:51.571+0000] {logging_mixin.py:117} INFO - [2022-10-05T09:15:51.571+0000] {dag.py:3328} INFO - Setting next_dagrun for example_complex to None, run_after=None
[2022-10-05T09:15:51.586+0000] {processor.py:178} INFO - Processing /home/airflow/.local/lib/python3.7/site-packages/airflow/example_dags/example_complex.py took 0.090 seconds
[2022-10-05T09:16:21.611+0000] {processor.py:156} INFO - Started process (PID=9144) to work on /home/airflow/.local/lib/python3.7/site-packages/airflow/example_dags/example_complex.py
[2022-10-05T09:16:21.612+0000] {processor.py:758} INFO - Processing file /home/airflow/.local/lib/python3.7/site-packages/airflow/example_dags/example_complex.py for tasks to queue
[2022-10-05T09:16:21.612+0000] {logging_mixin.py:117} INFO - [2022-10-05T09:16:21.612+0000] {dagbag.py:525} INFO - Filling up the DagBag from /home/airflow/.local/lib/python3.7/site-packages/airflow/example_dags/example_complex.py
[2022-10-05T09:16:21.629+0000] {processor.py:768} INFO - DAG(s) dict_keys(['example_complex']) retrieved from /home/airflow/.local/lib/python3.7/site-packages/airflow/example_dags/example_complex.py
[2022-10-05T09:16:21.665+0000] {logging_mixin.py:117} INFO - [2022-10-05T09:16:21.665+0000] {dag.py:2573} INFO - Sync 1 DAGs
[2022-10-05T09:16:21.685+0000] {logging_mixin.py:117} INFO - [2022-10-05T09:16:21.685+0000] {dag.py:3328} INFO - Setting next_dagrun for example_complex to None, run_after=None
[2022-10-05T09:16:21.699+0000] {processor.py:178} INFO - Processing /home/airflow/.local/lib/python3.7/site-packages/airflow/example_dags/example_complex.py took 0.090 seconds
[2022-10-05T09:16:52.126+0000] {processor.py:156} INFO - Started process (PID=9356) to work on /home/airflow/.local/lib/python3.7/site-packages/airflow/example_dags/example_complex.py
[2022-10-05T09:16:52.127+0000] {processor.py:758} INFO - Processing file /home/airflow/.local/lib/python3.7/site-packages/airflow/example_dags/example_complex.py for tasks to queue
[2022-10-05T09:16:52.128+0000] {logging_mixin.py:117} INFO - [2022-10-05T09:16:52.128+0000] {dagbag.py:525} INFO - Filling up the DagBag from /home/airflow/.local/lib/python3.7/site-packages/airflow/example_dags/example_complex.py
[2022-10-05T09:16:52.144+0000] {processor.py:768} INFO - DAG(s) dict_keys(['example_complex']) retrieved from /home/airflow/.local/lib/python3.7/site-packages/airflow/example_dags/example_complex.py
[2022-10-05T09:16:52.180+0000] {logging_mixin.py:117} INFO - [2022-10-05T09:16:52.180+0000] {dag.py:2573} INFO - Sync 1 DAGs
[2022-10-05T09:16:52.199+0000] {logging_mixin.py:117} INFO - [2022-10-05T09:16:52.199+0000] {dag.py:3328} INFO - Setting next_dagrun for example_complex to None, run_after=None
[2022-10-05T09:16:52.212+0000] {processor.py:178} INFO - Processing /home/airflow/.local/lib/python3.7/site-packages/airflow/example_dags/example_complex.py took 0.089 seconds
[2022-10-05T09:17:22.496+0000] {processor.py:156} INFO - Started process (PID=9563) to work on /home/airflow/.local/lib/python3.7/site-packages/airflow/example_dags/example_complex.py
[2022-10-05T09:17:22.497+0000] {processor.py:758} INFO - Processing file /home/airflow/.local/lib/python3.7/site-packages/airflow/example_dags/example_complex.py for tasks to queue
[2022-10-05T09:17:22.497+0000] {logging_mixin.py:117} INFO - [2022-10-05T09:17:22.497+0000] {dagbag.py:525} INFO - Filling up the DagBag from /home/airflow/.local/lib/python3.7/site-packages/airflow/example_dags/example_complex.py
[2022-10-05T09:17:22.514+0000] {processor.py:768} INFO - DAG(s) dict_keys(['example_complex']) retrieved from /home/airflow/.local/lib/python3.7/site-packages/airflow/example_dags/example_complex.py
[2022-10-05T09:17:22.550+0000] {logging_mixin.py:117} INFO - [2022-10-05T09:17:22.550+0000] {dag.py:2573} INFO - Sync 1 DAGs
[2022-10-05T09:17:22.569+0000] {logging_mixin.py:117} INFO - [2022-10-05T09:17:22.569+0000] {dag.py:3328} INFO - Setting next_dagrun for example_complex to None, run_after=None
[2022-10-05T09:17:22.582+0000] {processor.py:178} INFO - Processing /home/airflow/.local/lib/python3.7/site-packages/airflow/example_dags/example_complex.py took 0.088 seconds
[2022-10-05T09:17:52.940+0000] {processor.py:156} INFO - Started process (PID=9770) to work on /home/airflow/.local/lib/python3.7/site-packages/airflow/example_dags/example_complex.py
[2022-10-05T09:17:52.941+0000] {processor.py:758} INFO - Processing file /home/airflow/.local/lib/python3.7/site-packages/airflow/example_dags/example_complex.py for tasks to queue
[2022-10-05T09:17:52.941+0000] {logging_mixin.py:117} INFO - [2022-10-05T09:17:52.941+0000] {dagbag.py:525} INFO - Filling up the DagBag from /home/airflow/.local/lib/python3.7/site-packages/airflow/example_dags/example_complex.py
[2022-10-05T09:17:52.958+0000] {processor.py:768} INFO - DAG(s) dict_keys(['example_complex']) retrieved from /home/airflow/.local/lib/python3.7/site-packages/airflow/example_dags/example_complex.py
[2022-10-05T09:17:52.995+0000] {logging_mixin.py:117} INFO - [2022-10-05T09:17:52.994+0000] {dag.py:2573} INFO - Sync 1 DAGs
[2022-10-05T09:17:53.014+0000] {logging_mixin.py:117} INFO - [2022-10-05T09:17:53.014+0000] {dag.py:3328} INFO - Setting next_dagrun for example_complex to None, run_after=None
[2022-10-05T09:17:53.029+0000] {processor.py:178} INFO - Processing /home/airflow/.local/lib/python3.7/site-packages/airflow/example_dags/example_complex.py took 0.091 seconds
[2022-10-05T09:18:23.408+0000] {processor.py:156} INFO - Started process (PID=9968) to work on /home/airflow/.local/lib/python3.7/site-packages/airflow/example_dags/example_complex.py
[2022-10-05T09:18:23.408+0000] {processor.py:758} INFO - Processing file /home/airflow/.local/lib/python3.7/site-packages/airflow/example_dags/example_complex.py for tasks to queue
[2022-10-05T09:18:23.409+0000] {logging_mixin.py:117} INFO - [2022-10-05T09:18:23.409+0000] {dagbag.py:525} INFO - Filling up the DagBag from /home/airflow/.local/lib/python3.7/site-packages/airflow/example_dags/example_complex.py
[2022-10-05T09:18:23.426+0000] {processor.py:768} INFO - DAG(s) dict_keys(['example_complex']) retrieved from /home/airflow/.local/lib/python3.7/site-packages/airflow/example_dags/example_complex.py
[2022-10-05T09:18:23.462+0000] {logging_mixin.py:117} INFO - [2022-10-05T09:18:23.462+0000] {dag.py:2573} INFO - Sync 1 DAGs
[2022-10-05T09:18:23.482+0000] {logging_mixin.py:117} INFO - [2022-10-05T09:18:23.482+0000] {dag.py:3328} INFO - Setting next_dagrun for example_complex to None, run_after=None
[2022-10-05T09:18:23.495+0000] {processor.py:178} INFO - Processing /home/airflow/.local/lib/python3.7/site-packages/airflow/example_dags/example_complex.py took 0.090 seconds
[2022-10-05T09:18:54.001+0000] {processor.py:156} INFO - Started process (PID=10175) to work on /home/airflow/.local/lib/python3.7/site-packages/airflow/example_dags/example_complex.py
[2022-10-05T09:18:54.002+0000] {processor.py:758} INFO - Processing file /home/airflow/.local/lib/python3.7/site-packages/airflow/example_dags/example_complex.py for tasks to queue
[2022-10-05T09:18:54.003+0000] {logging_mixin.py:117} INFO - [2022-10-05T09:18:54.003+0000] {dagbag.py:525} INFO - Filling up the DagBag from /home/airflow/.local/lib/python3.7/site-packages/airflow/example_dags/example_complex.py
[2022-10-05T09:18:54.019+0000] {processor.py:768} INFO - DAG(s) dict_keys(['example_complex']) retrieved from /home/airflow/.local/lib/python3.7/site-packages/airflow/example_dags/example_complex.py
[2022-10-05T09:18:54.056+0000] {logging_mixin.py:117} INFO - [2022-10-05T09:18:54.056+0000] {dag.py:2573} INFO - Sync 1 DAGs
[2022-10-05T09:18:54.075+0000] {logging_mixin.py:117} INFO - [2022-10-05T09:18:54.075+0000] {dag.py:3328} INFO - Setting next_dagrun for example_complex to None, run_after=None
[2022-10-05T09:18:54.089+0000] {processor.py:178} INFO - Processing /home/airflow/.local/lib/python3.7/site-packages/airflow/example_dags/example_complex.py took 0.090 seconds
[2022-10-05T09:19:24.698+0000] {processor.py:156} INFO - Started process (PID=10384) to work on /home/airflow/.local/lib/python3.7/site-packages/airflow/example_dags/example_complex.py
[2022-10-05T09:19:24.699+0000] {processor.py:758} INFO - Processing file /home/airflow/.local/lib/python3.7/site-packages/airflow/example_dags/example_complex.py for tasks to queue
[2022-10-05T09:19:24.699+0000] {logging_mixin.py:117} INFO - [2022-10-05T09:19:24.699+0000] {dagbag.py:525} INFO - Filling up the DagBag from /home/airflow/.local/lib/python3.7/site-packages/airflow/example_dags/example_complex.py
[2022-10-05T09:19:24.716+0000] {processor.py:768} INFO - DAG(s) dict_keys(['example_complex']) retrieved from /home/airflow/.local/lib/python3.7/site-packages/airflow/example_dags/example_complex.py
[2022-10-05T09:19:24.753+0000] {logging_mixin.py:117} INFO - [2022-10-05T09:19:24.753+0000] {dag.py:2573} INFO - Sync 1 DAGs
[2022-10-05T09:19:24.772+0000] {logging_mixin.py:117} INFO - [2022-10-05T09:19:24.772+0000] {dag.py:3328} INFO - Setting next_dagrun for example_complex to None, run_after=None
[2022-10-05T09:19:24.786+0000] {processor.py:178} INFO - Processing /home/airflow/.local/lib/python3.7/site-packages/airflow/example_dags/example_complex.py took 0.090 seconds
[2022-10-05T09:19:55.260+0000] {processor.py:156} INFO - Started process (PID=10589) to work on /home/airflow/.local/lib/python3.7/site-packages/airflow/example_dags/example_complex.py
[2022-10-05T09:19:55.260+0000] {processor.py:758} INFO - Processing file /home/airflow/.local/lib/python3.7/site-packages/airflow/example_dags/example_complex.py for tasks to queue
[2022-10-05T09:19:55.261+0000] {logging_mixin.py:117} INFO - [2022-10-05T09:19:55.261+0000] {dagbag.py:525} INFO - Filling up the DagBag from /home/airflow/.local/lib/python3.7/site-packages/airflow/example_dags/example_complex.py
[2022-10-05T09:19:55.278+0000] {processor.py:768} INFO - DAG(s) dict_keys(['example_complex']) retrieved from /home/airflow/.local/lib/python3.7/site-packages/airflow/example_dags/example_complex.py
[2022-10-05T09:19:55.314+0000] {logging_mixin.py:117} INFO - [2022-10-05T09:19:55.314+0000] {dag.py:2573} INFO - Sync 1 DAGs
[2022-10-05T09:19:55.333+0000] {logging_mixin.py:117} INFO - [2022-10-05T09:19:55.333+0000] {dag.py:3328} INFO - Setting next_dagrun for example_complex to None, run_after=None
[2022-10-05T09:19:55.349+0000] {processor.py:178} INFO - Processing /home/airflow/.local/lib/python3.7/site-packages/airflow/example_dags/example_complex.py took 0.091 seconds
[2022-10-05T09:20:25.862+0000] {processor.py:156} INFO - Started process (PID=10796) to work on /home/airflow/.local/lib/python3.7/site-packages/airflow/example_dags/example_complex.py
[2022-10-05T09:20:25.863+0000] {processor.py:758} INFO - Processing file /home/airflow/.local/lib/python3.7/site-packages/airflow/example_dags/example_complex.py for tasks to queue
[2022-10-05T09:20:25.863+0000] {logging_mixin.py:117} INFO - [2022-10-05T09:20:25.863+0000] {dagbag.py:525} INFO - Filling up the DagBag from /home/airflow/.local/lib/python3.7/site-packages/airflow/example_dags/example_complex.py
[2022-10-05T09:20:25.880+0000] {processor.py:768} INFO - DAG(s) dict_keys(['example_complex']) retrieved from /home/airflow/.local/lib/python3.7/site-packages/airflow/example_dags/example_complex.py
[2022-10-05T09:20:25.917+0000] {logging_mixin.py:117} INFO - [2022-10-05T09:20:25.917+0000] {dag.py:2573} INFO - Sync 1 DAGs
[2022-10-05T09:20:25.939+0000] {logging_mixin.py:117} INFO - [2022-10-05T09:20:25.939+0000] {dag.py:3328} INFO - Setting next_dagrun for example_complex to None, run_after=None
[2022-10-05T09:20:25.953+0000] {processor.py:178} INFO - Processing /home/airflow/.local/lib/python3.7/site-packages/airflow/example_dags/example_complex.py took 0.094 seconds
[2022-10-05T09:20:56.476+0000] {processor.py:156} INFO - Started process (PID=10994) to work on /home/airflow/.local/lib/python3.7/site-packages/airflow/example_dags/example_complex.py
[2022-10-05T09:20:56.477+0000] {processor.py:758} INFO - Processing file /home/airflow/.local/lib/python3.7/site-packages/airflow/example_dags/example_complex.py for tasks to queue
[2022-10-05T09:20:56.478+0000] {logging_mixin.py:117} INFO - [2022-10-05T09:20:56.477+0000] {dagbag.py:525} INFO - Filling up the DagBag from /home/airflow/.local/lib/python3.7/site-packages/airflow/example_dags/example_complex.py
[2022-10-05T09:20:56.494+0000] {processor.py:768} INFO - DAG(s) dict_keys(['example_complex']) retrieved from /home/airflow/.local/lib/python3.7/site-packages/airflow/example_dags/example_complex.py
[2022-10-05T09:20:56.531+0000] {logging_mixin.py:117} INFO - [2022-10-05T09:20:56.531+0000] {dag.py:2573} INFO - Sync 1 DAGs
[2022-10-05T09:20:56.551+0000] {logging_mixin.py:117} INFO - [2022-10-05T09:20:56.551+0000] {dag.py:3328} INFO - Setting next_dagrun for example_complex to None, run_after=None
[2022-10-05T09:20:56.565+0000] {processor.py:178} INFO - Processing /home/airflow/.local/lib/python3.7/site-packages/airflow/example_dags/example_complex.py took 0.090 seconds
[2022-10-05T09:21:27.076+0000] {processor.py:156} INFO - Started process (PID=11201) to work on /home/airflow/.local/lib/python3.7/site-packages/airflow/example_dags/example_complex.py
[2022-10-05T09:21:27.077+0000] {processor.py:758} INFO - Processing file /home/airflow/.local/lib/python3.7/site-packages/airflow/example_dags/example_complex.py for tasks to queue
[2022-10-05T09:21:27.077+0000] {logging_mixin.py:117} INFO - [2022-10-05T09:21:27.077+0000] {dagbag.py:525} INFO - Filling up the DagBag from /home/airflow/.local/lib/python3.7/site-packages/airflow/example_dags/example_complex.py
[2022-10-05T09:21:27.093+0000] {processor.py:768} INFO - DAG(s) dict_keys(['example_complex']) retrieved from /home/airflow/.local/lib/python3.7/site-packages/airflow/example_dags/example_complex.py
[2022-10-05T09:21:27.130+0000] {logging_mixin.py:117} INFO - [2022-10-05T09:21:27.130+0000] {dag.py:2573} INFO - Sync 1 DAGs
[2022-10-05T09:21:27.149+0000] {logging_mixin.py:117} INFO - [2022-10-05T09:21:27.149+0000] {dag.py:3328} INFO - Setting next_dagrun for example_complex to None, run_after=None
[2022-10-05T09:21:27.164+0000] {processor.py:178} INFO - Processing /home/airflow/.local/lib/python3.7/site-packages/airflow/example_dags/example_complex.py took 0.089 seconds
[2022-10-05T09:21:57.637+0000] {processor.py:156} INFO - Started process (PID=11403) to work on /home/airflow/.local/lib/python3.7/site-packages/airflow/example_dags/example_complex.py
[2022-10-05T09:21:57.638+0000] {processor.py:758} INFO - Processing file /home/airflow/.local/lib/python3.7/site-packages/airflow/example_dags/example_complex.py for tasks to queue
[2022-10-05T09:21:57.638+0000] {logging_mixin.py:117} INFO - [2022-10-05T09:21:57.638+0000] {dagbag.py:525} INFO - Filling up the DagBag from /home/airflow/.local/lib/python3.7/site-packages/airflow/example_dags/example_complex.py
[2022-10-05T09:21:57.655+0000] {processor.py:768} INFO - DAG(s) dict_keys(['example_complex']) retrieved from /home/airflow/.local/lib/python3.7/site-packages/airflow/example_dags/example_complex.py
[2022-10-05T09:21:57.691+0000] {logging_mixin.py:117} INFO - [2022-10-05T09:21:57.691+0000] {dag.py:2573} INFO - Sync 1 DAGs
[2022-10-05T09:21:57.710+0000] {logging_mixin.py:117} INFO - [2022-10-05T09:21:57.710+0000] {dag.py:3328} INFO - Setting next_dagrun for example_complex to None, run_after=None
[2022-10-05T09:21:57.726+0000] {processor.py:178} INFO - Processing /home/airflow/.local/lib/python3.7/site-packages/airflow/example_dags/example_complex.py took 0.091 seconds
[2022-10-05T09:22:28.212+0000] {processor.py:156} INFO - Started process (PID=11615) to work on /home/airflow/.local/lib/python3.7/site-packages/airflow/example_dags/example_complex.py
[2022-10-05T09:22:28.213+0000] {processor.py:758} INFO - Processing file /home/airflow/.local/lib/python3.7/site-packages/airflow/example_dags/example_complex.py for tasks to queue
[2022-10-05T09:22:28.213+0000] {logging_mixin.py:117} INFO - [2022-10-05T09:22:28.213+0000] {dagbag.py:525} INFO - Filling up the DagBag from /home/airflow/.local/lib/python3.7/site-packages/airflow/example_dags/example_complex.py
[2022-10-05T09:22:28.230+0000] {processor.py:768} INFO - DAG(s) dict_keys(['example_complex']) retrieved from /home/airflow/.local/lib/python3.7/site-packages/airflow/example_dags/example_complex.py
[2022-10-05T09:22:28.266+0000] {logging_mixin.py:117} INFO - [2022-10-05T09:22:28.266+0000] {dag.py:2573} INFO - Sync 1 DAGs
[2022-10-05T09:22:28.286+0000] {logging_mixin.py:117} INFO - [2022-10-05T09:22:28.286+0000] {dag.py:3328} INFO - Setting next_dagrun for example_complex to None, run_after=None
[2022-10-05T09:22:28.300+0000] {processor.py:178} INFO - Processing /home/airflow/.local/lib/python3.7/site-packages/airflow/example_dags/example_complex.py took 0.090 seconds
[2022-10-05T09:22:58.611+0000] {processor.py:156} INFO - Started process (PID=11813) to work on /home/airflow/.local/lib/python3.7/site-packages/airflow/example_dags/example_complex.py
[2022-10-05T09:22:58.612+0000] {processor.py:758} INFO - Processing file /home/airflow/.local/lib/python3.7/site-packages/airflow/example_dags/example_complex.py for tasks to queue
[2022-10-05T09:22:58.612+0000] {logging_mixin.py:117} INFO - [2022-10-05T09:22:58.612+0000] {dagbag.py:525} INFO - Filling up the DagBag from /home/airflow/.local/lib/python3.7/site-packages/airflow/example_dags/example_complex.py
[2022-10-05T09:22:58.629+0000] {processor.py:768} INFO - DAG(s) dict_keys(['example_complex']) retrieved from /home/airflow/.local/lib/python3.7/site-packages/airflow/example_dags/example_complex.py
[2022-10-05T09:22:58.665+0000] {logging_mixin.py:117} INFO - [2022-10-05T09:22:58.665+0000] {dag.py:2573} INFO - Sync 1 DAGs
[2022-10-05T09:22:58.684+0000] {logging_mixin.py:117} INFO - [2022-10-05T09:22:58.684+0000] {dag.py:3328} INFO - Setting next_dagrun for example_complex to None, run_after=None
[2022-10-05T09:22:58.698+0000] {processor.py:178} INFO - Processing /home/airflow/.local/lib/python3.7/site-packages/airflow/example_dags/example_complex.py took 0.089 seconds
[2022-10-05T09:23:28.959+0000] {processor.py:156} INFO - Started process (PID=12020) to work on /home/airflow/.local/lib/python3.7/site-packages/airflow/example_dags/example_complex.py
[2022-10-05T09:23:28.960+0000] {processor.py:758} INFO - Processing file /home/airflow/.local/lib/python3.7/site-packages/airflow/example_dags/example_complex.py for tasks to queue
[2022-10-05T09:23:28.960+0000] {logging_mixin.py:117} INFO - [2022-10-05T09:23:28.960+0000] {dagbag.py:525} INFO - Filling up the DagBag from /home/airflow/.local/lib/python3.7/site-packages/airflow/example_dags/example_complex.py
[2022-10-05T09:23:28.976+0000] {processor.py:768} INFO - DAG(s) dict_keys(['example_complex']) retrieved from /home/airflow/.local/lib/python3.7/site-packages/airflow/example_dags/example_complex.py
[2022-10-05T09:23:29.013+0000] {logging_mixin.py:117} INFO - [2022-10-05T09:23:29.013+0000] {dag.py:2573} INFO - Sync 1 DAGs
[2022-10-05T09:23:29.032+0000] {logging_mixin.py:117} INFO - [2022-10-05T09:23:29.032+0000] {dag.py:3328} INFO - Setting next_dagrun for example_complex to None, run_after=None
[2022-10-05T09:23:29.046+0000] {processor.py:178} INFO - Processing /home/airflow/.local/lib/python3.7/site-packages/airflow/example_dags/example_complex.py took 0.089 seconds
[2022-10-05T09:23:59.392+0000] {processor.py:156} INFO - Started process (PID=12227) to work on /home/airflow/.local/lib/python3.7/site-packages/airflow/example_dags/example_complex.py
[2022-10-05T09:23:59.393+0000] {processor.py:758} INFO - Processing file /home/airflow/.local/lib/python3.7/site-packages/airflow/example_dags/example_complex.py for tasks to queue
[2022-10-05T09:23:59.393+0000] {logging_mixin.py:117} INFO - [2022-10-05T09:23:59.393+0000] {dagbag.py:525} INFO - Filling up the DagBag from /home/airflow/.local/lib/python3.7/site-packages/airflow/example_dags/example_complex.py
[2022-10-05T09:23:59.410+0000] {processor.py:768} INFO - DAG(s) dict_keys(['example_complex']) retrieved from /home/airflow/.local/lib/python3.7/site-packages/airflow/example_dags/example_complex.py
[2022-10-05T09:23:59.447+0000] {logging_mixin.py:117} INFO - [2022-10-05T09:23:59.447+0000] {dag.py:2573} INFO - Sync 1 DAGs
[2022-10-05T09:23:59.466+0000] {logging_mixin.py:117} INFO - [2022-10-05T09:23:59.466+0000] {dag.py:3328} INFO - Setting next_dagrun for example_complex to None, run_after=None
[2022-10-05T09:23:59.480+0000] {processor.py:178} INFO - Processing /home/airflow/.local/lib/python3.7/site-packages/airflow/example_dags/example_complex.py took 0.090 seconds
[2022-10-05T09:24:29.830+0000] {processor.py:156} INFO - Started process (PID=12434) to work on /home/airflow/.local/lib/python3.7/site-packages/airflow/example_dags/example_complex.py
[2022-10-05T09:24:29.830+0000] {processor.py:758} INFO - Processing file /home/airflow/.local/lib/python3.7/site-packages/airflow/example_dags/example_complex.py for tasks to queue
[2022-10-05T09:24:29.831+0000] {logging_mixin.py:117} INFO - [2022-10-05T09:24:29.831+0000] {dagbag.py:525} INFO - Filling up the DagBag from /home/airflow/.local/lib/python3.7/site-packages/airflow/example_dags/example_complex.py
[2022-10-05T09:24:29.848+0000] {processor.py:768} INFO - DAG(s) dict_keys(['example_complex']) retrieved from /home/airflow/.local/lib/python3.7/site-packages/airflow/example_dags/example_complex.py
[2022-10-05T09:24:29.884+0000] {logging_mixin.py:117} INFO - [2022-10-05T09:24:29.884+0000] {dag.py:2573} INFO - Sync 1 DAGs
[2022-10-05T09:24:29.904+0000] {logging_mixin.py:117} INFO - [2022-10-05T09:24:29.904+0000] {dag.py:3328} INFO - Setting next_dagrun for example_complex to None, run_after=None
[2022-10-05T09:24:29.917+0000] {processor.py:178} INFO - Processing /home/airflow/.local/lib/python3.7/site-packages/airflow/example_dags/example_complex.py took 0.090 seconds
[2022-10-05T09:25:00.163+0000] {processor.py:156} INFO - Started process (PID=12632) to work on /home/airflow/.local/lib/python3.7/site-packages/airflow/example_dags/example_complex.py
[2022-10-05T09:25:00.164+0000] {processor.py:758} INFO - Processing file /home/airflow/.local/lib/python3.7/site-packages/airflow/example_dags/example_complex.py for tasks to queue
[2022-10-05T09:25:00.164+0000] {logging_mixin.py:117} INFO - [2022-10-05T09:25:00.164+0000] {dagbag.py:525} INFO - Filling up the DagBag from /home/airflow/.local/lib/python3.7/site-packages/airflow/example_dags/example_complex.py
[2022-10-05T09:25:00.181+0000] {processor.py:768} INFO - DAG(s) dict_keys(['example_complex']) retrieved from /home/airflow/.local/lib/python3.7/site-packages/airflow/example_dags/example_complex.py
[2022-10-05T09:25:00.218+0000] {logging_mixin.py:117} INFO - [2022-10-05T09:25:00.218+0000] {dag.py:2573} INFO - Sync 1 DAGs
[2022-10-05T09:25:00.237+0000] {logging_mixin.py:117} INFO - [2022-10-05T09:25:00.237+0000] {dag.py:3328} INFO - Setting next_dagrun for example_complex to None, run_after=None
[2022-10-05T09:25:00.250+0000] {processor.py:178} INFO - Processing /home/airflow/.local/lib/python3.7/site-packages/airflow/example_dags/example_complex.py took 0.090 seconds
[2022-10-05T09:25:30.545+0000] {processor.py:156} INFO - Started process (PID=12839) to work on /home/airflow/.local/lib/python3.7/site-packages/airflow/example_dags/example_complex.py
[2022-10-05T09:25:30.546+0000] {processor.py:758} INFO - Processing file /home/airflow/.local/lib/python3.7/site-packages/airflow/example_dags/example_complex.py for tasks to queue
[2022-10-05T09:25:30.547+0000] {logging_mixin.py:117} INFO - [2022-10-05T09:25:30.547+0000] {dagbag.py:525} INFO - Filling up the DagBag from /home/airflow/.local/lib/python3.7/site-packages/airflow/example_dags/example_complex.py
[2022-10-05T09:25:30.563+0000] {processor.py:768} INFO - DAG(s) dict_keys(['example_complex']) retrieved from /home/airflow/.local/lib/python3.7/site-packages/airflow/example_dags/example_complex.py
[2022-10-05T09:25:30.598+0000] {logging_mixin.py:117} INFO - [2022-10-05T09:25:30.598+0000] {dag.py:2573} INFO - Sync 1 DAGs
[2022-10-05T09:25:30.617+0000] {logging_mixin.py:117} INFO - [2022-10-05T09:25:30.617+0000] {dag.py:3328} INFO - Setting next_dagrun for example_complex to None, run_after=None
[2022-10-05T09:25:30.631+0000] {processor.py:178} INFO - Processing /home/airflow/.local/lib/python3.7/site-packages/airflow/example_dags/example_complex.py took 0.087 seconds
[2022-10-05T09:26:00.739+0000] {processor.py:156} INFO - Started process (PID=13041) to work on /home/airflow/.local/lib/python3.7/site-packages/airflow/example_dags/example_complex.py
[2022-10-05T09:26:00.740+0000] {processor.py:758} INFO - Processing file /home/airflow/.local/lib/python3.7/site-packages/airflow/example_dags/example_complex.py for tasks to queue
[2022-10-05T09:26:00.740+0000] {logging_mixin.py:117} INFO - [2022-10-05T09:26:00.740+0000] {dagbag.py:525} INFO - Filling up the DagBag from /home/airflow/.local/lib/python3.7/site-packages/airflow/example_dags/example_complex.py
[2022-10-05T09:26:00.757+0000] {processor.py:768} INFO - DAG(s) dict_keys(['example_complex']) retrieved from /home/airflow/.local/lib/python3.7/site-packages/airflow/example_dags/example_complex.py
[2022-10-05T09:26:00.793+0000] {logging_mixin.py:117} INFO - [2022-10-05T09:26:00.792+0000] {dag.py:2573} INFO - Sync 1 DAGs
[2022-10-05T09:26:00.812+0000] {logging_mixin.py:117} INFO - [2022-10-05T09:26:00.812+0000] {dag.py:3328} INFO - Setting next_dagrun for example_complex to None, run_after=None
[2022-10-05T09:26:00.825+0000] {processor.py:178} INFO - Processing /home/airflow/.local/lib/python3.7/site-packages/airflow/example_dags/example_complex.py took 0.089 seconds
[2022-10-05T09:26:31.352+0000] {processor.py:156} INFO - Started process (PID=13263) to work on /home/airflow/.local/lib/python3.7/site-packages/airflow/example_dags/example_complex.py
[2022-10-05T09:26:31.353+0000] {processor.py:758} INFO - Processing file /home/airflow/.local/lib/python3.7/site-packages/airflow/example_dags/example_complex.py for tasks to queue
[2022-10-05T09:26:31.353+0000] {logging_mixin.py:117} INFO - [2022-10-05T09:26:31.353+0000] {dagbag.py:525} INFO - Filling up the DagBag from /home/airflow/.local/lib/python3.7/site-packages/airflow/example_dags/example_complex.py
[2022-10-05T09:26:31.370+0000] {processor.py:768} INFO - DAG(s) dict_keys(['example_complex']) retrieved from /home/airflow/.local/lib/python3.7/site-packages/airflow/example_dags/example_complex.py
[2022-10-05T09:26:31.406+0000] {logging_mixin.py:117} INFO - [2022-10-05T09:26:31.406+0000] {dag.py:2573} INFO - Sync 1 DAGs
[2022-10-05T09:26:31.425+0000] {logging_mixin.py:117} INFO - [2022-10-05T09:26:31.425+0000] {dag.py:3328} INFO - Setting next_dagrun for example_complex to None, run_after=None
[2022-10-05T09:26:31.439+0000] {processor.py:178} INFO - Processing /home/airflow/.local/lib/python3.7/site-packages/airflow/example_dags/example_complex.py took 0.089 seconds
[2022-10-05T09:27:01.723+0000] {processor.py:156} INFO - Started process (PID=13461) to work on /home/airflow/.local/lib/python3.7/site-packages/airflow/example_dags/example_complex.py
[2022-10-05T09:27:01.723+0000] {processor.py:758} INFO - Processing file /home/airflow/.local/lib/python3.7/site-packages/airflow/example_dags/example_complex.py for tasks to queue
[2022-10-05T09:27:01.724+0000] {logging_mixin.py:117} INFO - [2022-10-05T09:27:01.724+0000] {dagbag.py:525} INFO - Filling up the DagBag from /home/airflow/.local/lib/python3.7/site-packages/airflow/example_dags/example_complex.py
[2022-10-05T09:27:01.740+0000] {processor.py:768} INFO - DAG(s) dict_keys(['example_complex']) retrieved from /home/airflow/.local/lib/python3.7/site-packages/airflow/example_dags/example_complex.py
[2022-10-05T09:27:01.775+0000] {logging_mixin.py:117} INFO - [2022-10-05T09:27:01.775+0000] {dag.py:2573} INFO - Sync 1 DAGs
[2022-10-05T09:27:01.795+0000] {logging_mixin.py:117} INFO - [2022-10-05T09:27:01.795+0000] {dag.py:3328} INFO - Setting next_dagrun for example_complex to None, run_after=None
[2022-10-05T09:27:01.809+0000] {processor.py:178} INFO - Processing /home/airflow/.local/lib/python3.7/site-packages/airflow/example_dags/example_complex.py took 0.089 seconds
[2022-10-05T09:27:32.091+0000] {processor.py:156} INFO - Started process (PID=13668) to work on /home/airflow/.local/lib/python3.7/site-packages/airflow/example_dags/example_complex.py
[2022-10-05T09:27:32.091+0000] {processor.py:758} INFO - Processing file /home/airflow/.local/lib/python3.7/site-packages/airflow/example_dags/example_complex.py for tasks to queue
[2022-10-05T09:27:32.092+0000] {logging_mixin.py:117} INFO - [2022-10-05T09:27:32.092+0000] {dagbag.py:525} INFO - Filling up the DagBag from /home/airflow/.local/lib/python3.7/site-packages/airflow/example_dags/example_complex.py
[2022-10-05T09:27:32.109+0000] {processor.py:768} INFO - DAG(s) dict_keys(['example_complex']) retrieved from /home/airflow/.local/lib/python3.7/site-packages/airflow/example_dags/example_complex.py
[2022-10-05T09:27:32.146+0000] {logging_mixin.py:117} INFO - [2022-10-05T09:27:32.145+0000] {dag.py:2573} INFO - Sync 1 DAGs
[2022-10-05T09:27:32.164+0000] {logging_mixin.py:117} INFO - [2022-10-05T09:27:32.164+0000] {dag.py:3328} INFO - Setting next_dagrun for example_complex to None, run_after=None
[2022-10-05T09:27:32.179+0000] {processor.py:178} INFO - Processing /home/airflow/.local/lib/python3.7/site-packages/airflow/example_dags/example_complex.py took 0.090 seconds
[2022-10-05T09:28:02.448+0000] {processor.py:156} INFO - Started process (PID=13875) to work on /home/airflow/.local/lib/python3.7/site-packages/airflow/example_dags/example_complex.py
[2022-10-05T09:28:02.449+0000] {processor.py:758} INFO - Processing file /home/airflow/.local/lib/python3.7/site-packages/airflow/example_dags/example_complex.py for tasks to queue
[2022-10-05T09:28:02.449+0000] {logging_mixin.py:117} INFO - [2022-10-05T09:28:02.449+0000] {dagbag.py:525} INFO - Filling up the DagBag from /home/airflow/.local/lib/python3.7/site-packages/airflow/example_dags/example_complex.py
[2022-10-05T09:28:02.466+0000] {processor.py:768} INFO - DAG(s) dict_keys(['example_complex']) retrieved from /home/airflow/.local/lib/python3.7/site-packages/airflow/example_dags/example_complex.py
[2022-10-05T09:28:02.502+0000] {logging_mixin.py:117} INFO - [2022-10-05T09:28:02.502+0000] {dag.py:2573} INFO - Sync 1 DAGs
[2022-10-05T09:28:02.521+0000] {logging_mixin.py:117} INFO - [2022-10-05T09:28:02.521+0000] {dag.py:3328} INFO - Setting next_dagrun for example_complex to None, run_after=None
[2022-10-05T09:28:02.534+0000] {processor.py:178} INFO - Processing /home/airflow/.local/lib/python3.7/site-packages/airflow/example_dags/example_complex.py took 0.088 seconds
[2022-10-05T09:28:32.905+0000] {processor.py:156} INFO - Started process (PID=14072) to work on /home/airflow/.local/lib/python3.7/site-packages/airflow/example_dags/example_complex.py
[2022-10-05T09:28:32.906+0000] {processor.py:758} INFO - Processing file /home/airflow/.local/lib/python3.7/site-packages/airflow/example_dags/example_complex.py for tasks to queue
[2022-10-05T09:28:32.907+0000] {logging_mixin.py:117} INFO - [2022-10-05T09:28:32.906+0000] {dagbag.py:525} INFO - Filling up the DagBag from /home/airflow/.local/lib/python3.7/site-packages/airflow/example_dags/example_complex.py
[2022-10-05T09:28:32.923+0000] {processor.py:768} INFO - DAG(s) dict_keys(['example_complex']) retrieved from /home/airflow/.local/lib/python3.7/site-packages/airflow/example_dags/example_complex.py
[2022-10-05T09:28:32.959+0000] {logging_mixin.py:117} INFO - [2022-10-05T09:28:32.959+0000] {dag.py:2573} INFO - Sync 1 DAGs
[2022-10-05T09:28:32.978+0000] {logging_mixin.py:117} INFO - [2022-10-05T09:28:32.978+0000] {dag.py:3328} INFO - Setting next_dagrun for example_complex to None, run_after=None
[2022-10-05T09:28:32.993+0000] {processor.py:178} INFO - Processing /home/airflow/.local/lib/python3.7/site-packages/airflow/example_dags/example_complex.py took 0.090 seconds
[2022-10-05T09:29:03.394+0000] {processor.py:156} INFO - Started process (PID=14279) to work on /home/airflow/.local/lib/python3.7/site-packages/airflow/example_dags/example_complex.py
[2022-10-05T09:29:03.394+0000] {processor.py:758} INFO - Processing file /home/airflow/.local/lib/python3.7/site-packages/airflow/example_dags/example_complex.py for tasks to queue
[2022-10-05T09:29:03.395+0000] {logging_mixin.py:117} INFO - [2022-10-05T09:29:03.395+0000] {dagbag.py:525} INFO - Filling up the DagBag from /home/airflow/.local/lib/python3.7/site-packages/airflow/example_dags/example_complex.py
[2022-10-05T09:29:03.411+0000] {processor.py:768} INFO - DAG(s) dict_keys(['example_complex']) retrieved from /home/airflow/.local/lib/python3.7/site-packages/airflow/example_dags/example_complex.py
[2022-10-05T09:29:03.447+0000] {logging_mixin.py:117} INFO - [2022-10-05T09:29:03.447+0000] {dag.py:2573} INFO - Sync 1 DAGs
[2022-10-05T09:29:03.467+0000] {logging_mixin.py:117} INFO - [2022-10-05T09:29:03.467+0000] {dag.py:3328} INFO - Setting next_dagrun for example_complex to None, run_after=None
[2022-10-05T09:29:03.481+0000] {processor.py:178} INFO - Processing /home/airflow/.local/lib/python3.7/site-packages/airflow/example_dags/example_complex.py took 0.090 seconds
[2022-10-05T09:29:33.814+0000] {processor.py:156} INFO - Started process (PID=14477) to work on /home/airflow/.local/lib/python3.7/site-packages/airflow/example_dags/example_complex.py
[2022-10-05T09:29:33.815+0000] {processor.py:758} INFO - Processing file /home/airflow/.local/lib/python3.7/site-packages/airflow/example_dags/example_complex.py for tasks to queue
[2022-10-05T09:29:33.815+0000] {logging_mixin.py:117} INFO - [2022-10-05T09:29:33.815+0000] {dagbag.py:525} INFO - Filling up the DagBag from /home/airflow/.local/lib/python3.7/site-packages/airflow/example_dags/example_complex.py
[2022-10-05T09:29:33.832+0000] {processor.py:768} INFO - DAG(s) dict_keys(['example_complex']) retrieved from /home/airflow/.local/lib/python3.7/site-packages/airflow/example_dags/example_complex.py
[2022-10-05T09:29:33.869+0000] {logging_mixin.py:117} INFO - [2022-10-05T09:29:33.869+0000] {dag.py:2573} INFO - Sync 1 DAGs
[2022-10-05T09:29:33.888+0000] {logging_mixin.py:117} INFO - [2022-10-05T09:29:33.888+0000] {dag.py:3328} INFO - Setting next_dagrun for example_complex to None, run_after=None
[2022-10-05T09:29:33.901+0000] {processor.py:178} INFO - Processing /home/airflow/.local/lib/python3.7/site-packages/airflow/example_dags/example_complex.py took 0.089 seconds
[2022-10-05T09:30:04.158+0000] {processor.py:156} INFO - Started process (PID=14684) to work on /home/airflow/.local/lib/python3.7/site-packages/airflow/example_dags/example_complex.py
[2022-10-05T09:30:04.159+0000] {processor.py:758} INFO - Processing file /home/airflow/.local/lib/python3.7/site-packages/airflow/example_dags/example_complex.py for tasks to queue
[2022-10-05T09:30:04.160+0000] {logging_mixin.py:117} INFO - [2022-10-05T09:30:04.160+0000] {dagbag.py:525} INFO - Filling up the DagBag from /home/airflow/.local/lib/python3.7/site-packages/airflow/example_dags/example_complex.py
[2022-10-05T09:30:04.176+0000] {processor.py:768} INFO - DAG(s) dict_keys(['example_complex']) retrieved from /home/airflow/.local/lib/python3.7/site-packages/airflow/example_dags/example_complex.py
[2022-10-05T09:30:04.212+0000] {logging_mixin.py:117} INFO - [2022-10-05T09:30:04.212+0000] {dag.py:2573} INFO - Sync 1 DAGs
[2022-10-05T09:30:04.230+0000] {logging_mixin.py:117} INFO - [2022-10-05T09:30:04.230+0000] {dag.py:3328} INFO - Setting next_dagrun for example_complex to None, run_after=None
[2022-10-05T09:30:04.244+0000] {processor.py:178} INFO - Processing /home/airflow/.local/lib/python3.7/site-packages/airflow/example_dags/example_complex.py took 0.087 seconds
[2022-10-05T09:30:34.644+0000] {processor.py:156} INFO - Started process (PID=14891) to work on /home/airflow/.local/lib/python3.7/site-packages/airflow/example_dags/example_complex.py
[2022-10-05T09:30:34.645+0000] {processor.py:758} INFO - Processing file /home/airflow/.local/lib/python3.7/site-packages/airflow/example_dags/example_complex.py for tasks to queue
[2022-10-05T09:30:34.646+0000] {logging_mixin.py:117} INFO - [2022-10-05T09:30:34.645+0000] {dagbag.py:525} INFO - Filling up the DagBag from /home/airflow/.local/lib/python3.7/site-packages/airflow/example_dags/example_complex.py
[2022-10-05T09:30:34.662+0000] {processor.py:768} INFO - DAG(s) dict_keys(['example_complex']) retrieved from /home/airflow/.local/lib/python3.7/site-packages/airflow/example_dags/example_complex.py
[2022-10-05T09:30:34.697+0000] {logging_mixin.py:117} INFO - [2022-10-05T09:30:34.697+0000] {dag.py:2573} INFO - Sync 1 DAGs
[2022-10-05T09:30:34.716+0000] {logging_mixin.py:117} INFO - [2022-10-05T09:30:34.716+0000] {dag.py:3328} INFO - Setting next_dagrun for example_complex to None, run_after=None
[2022-10-05T09:30:34.731+0000] {processor.py:178} INFO - Processing /home/airflow/.local/lib/python3.7/site-packages/airflow/example_dags/example_complex.py took 0.089 seconds
[2022-10-05T09:31:05.034+0000] {processor.py:156} INFO - Started process (PID=15098) to work on /home/airflow/.local/lib/python3.7/site-packages/airflow/example_dags/example_complex.py
[2022-10-05T09:31:05.035+0000] {processor.py:758} INFO - Processing file /home/airflow/.local/lib/python3.7/site-packages/airflow/example_dags/example_complex.py for tasks to queue
[2022-10-05T09:31:05.036+0000] {logging_mixin.py:117} INFO - [2022-10-05T09:31:05.035+0000] {dagbag.py:525} INFO - Filling up the DagBag from /home/airflow/.local/lib/python3.7/site-packages/airflow/example_dags/example_complex.py
[2022-10-05T09:31:05.052+0000] {processor.py:768} INFO - DAG(s) dict_keys(['example_complex']) retrieved from /home/airflow/.local/lib/python3.7/site-packages/airflow/example_dags/example_complex.py
[2022-10-05T09:31:05.089+0000] {logging_mixin.py:117} INFO - [2022-10-05T09:31:05.088+0000] {dag.py:2573} INFO - Sync 1 DAGs
[2022-10-05T09:31:05.109+0000] {logging_mixin.py:117} INFO - [2022-10-05T09:31:05.109+0000] {dag.py:3328} INFO - Setting next_dagrun for example_complex to None, run_after=None
[2022-10-05T09:31:05.123+0000] {processor.py:178} INFO - Processing /home/airflow/.local/lib/python3.7/site-packages/airflow/example_dags/example_complex.py took 0.092 seconds
