[2022-10-05T08:54:26.622+0000] {processor.py:156} INFO - Started process (PID=181) to work on /home/airflow/.local/lib/python3.7/site-packages/airflow/example_dags/example_python_operator.py
[2022-10-05T08:54:26.623+0000] {processor.py:758} INFO - Processing file /home/airflow/.local/lib/python3.7/site-packages/airflow/example_dags/example_python_operator.py for tasks to queue
[2022-10-05T08:54:26.623+0000] {logging_mixin.py:117} INFO - [2022-10-05T08:54:26.623+0000] {dagbag.py:525} INFO - Filling up the DagBag from /home/airflow/.local/lib/python3.7/site-packages/airflow/example_dags/example_python_operator.py
[2022-10-05T08:54:26.662+0000] {processor.py:768} INFO - DAG(s) dict_keys(['example_python_operator']) retrieved from /home/airflow/.local/lib/python3.7/site-packages/airflow/example_dags/example_python_operator.py
[2022-10-05T08:54:26.684+0000] {logging_mixin.py:117} INFO - [2022-10-05T08:54:26.684+0000] {dag.py:2573} INFO - Sync 1 DAGs
[2022-10-05T08:54:26.703+0000] {logging_mixin.py:117} INFO - [2022-10-05T08:54:26.703+0000] {dag.py:3328} INFO - Setting next_dagrun for example_python_operator to None, run_after=None
[2022-10-05T08:54:26.717+0000] {processor.py:178} INFO - Processing /home/airflow/.local/lib/python3.7/site-packages/airflow/example_dags/example_python_operator.py took 0.096 seconds
[2022-10-05T08:54:57.543+0000] {processor.py:156} INFO - Started process (PID=389) to work on /home/airflow/.local/lib/python3.7/site-packages/airflow/example_dags/example_python_operator.py
[2022-10-05T08:54:57.544+0000] {processor.py:758} INFO - Processing file /home/airflow/.local/lib/python3.7/site-packages/airflow/example_dags/example_python_operator.py for tasks to queue
[2022-10-05T08:54:57.544+0000] {logging_mixin.py:117} INFO - [2022-10-05T08:54:57.544+0000] {dagbag.py:525} INFO - Filling up the DagBag from /home/airflow/.local/lib/python3.7/site-packages/airflow/example_dags/example_python_operator.py
[2022-10-05T08:54:57.565+0000] {processor.py:768} INFO - DAG(s) dict_keys(['example_python_operator']) retrieved from /home/airflow/.local/lib/python3.7/site-packages/airflow/example_dags/example_python_operator.py
[2022-10-05T08:54:57.601+0000] {logging_mixin.py:117} INFO - [2022-10-05T08:54:57.601+0000] {dag.py:2573} INFO - Sync 1 DAGs
[2022-10-05T08:54:57.621+0000] {logging_mixin.py:117} INFO - [2022-10-05T08:54:57.621+0000] {dag.py:3328} INFO - Setting next_dagrun for example_python_operator to None, run_after=None
[2022-10-05T08:54:57.717+0000] {processor.py:178} INFO - Processing /home/airflow/.local/lib/python3.7/site-packages/airflow/example_dags/example_python_operator.py took 0.176 seconds
[2022-10-05T08:55:27.912+0000] {processor.py:156} INFO - Started process (PID=597) to work on /home/airflow/.local/lib/python3.7/site-packages/airflow/example_dags/example_python_operator.py
[2022-10-05T08:55:27.913+0000] {processor.py:758} INFO - Processing file /home/airflow/.local/lib/python3.7/site-packages/airflow/example_dags/example_python_operator.py for tasks to queue
[2022-10-05T08:55:27.913+0000] {logging_mixin.py:117} INFO - [2022-10-05T08:55:27.913+0000] {dagbag.py:525} INFO - Filling up the DagBag from /home/airflow/.local/lib/python3.7/site-packages/airflow/example_dags/example_python_operator.py
[2022-10-05T08:55:27.933+0000] {processor.py:768} INFO - DAG(s) dict_keys(['example_python_operator']) retrieved from /home/airflow/.local/lib/python3.7/site-packages/airflow/example_dags/example_python_operator.py
[2022-10-05T08:55:27.968+0000] {logging_mixin.py:117} INFO - [2022-10-05T08:55:27.967+0000] {dag.py:2573} INFO - Sync 1 DAGs
[2022-10-05T08:55:28.072+0000] {logging_mixin.py:117} INFO - [2022-10-05T08:55:28.072+0000] {dag.py:3328} INFO - Setting next_dagrun for example_python_operator to None, run_after=None
[2022-10-05T08:55:28.085+0000] {processor.py:178} INFO - Processing /home/airflow/.local/lib/python3.7/site-packages/airflow/example_dags/example_python_operator.py took 0.175 seconds
[2022-10-05T08:55:58.846+0000] {processor.py:156} INFO - Started process (PID=795) to work on /home/airflow/.local/lib/python3.7/site-packages/airflow/example_dags/example_python_operator.py
[2022-10-05T08:55:58.847+0000] {processor.py:758} INFO - Processing file /home/airflow/.local/lib/python3.7/site-packages/airflow/example_dags/example_python_operator.py for tasks to queue
[2022-10-05T08:55:58.847+0000] {logging_mixin.py:117} INFO - [2022-10-05T08:55:58.847+0000] {dagbag.py:525} INFO - Filling up the DagBag from /home/airflow/.local/lib/python3.7/site-packages/airflow/example_dags/example_python_operator.py
[2022-10-05T08:55:58.867+0000] {processor.py:768} INFO - DAG(s) dict_keys(['example_python_operator']) retrieved from /home/airflow/.local/lib/python3.7/site-packages/airflow/example_dags/example_python_operator.py
[2022-10-05T08:55:59.011+0000] {logging_mixin.py:117} INFO - [2022-10-05T08:55:59.011+0000] {dag.py:2573} INFO - Sync 1 DAGs
[2022-10-05T08:55:59.029+0000] {logging_mixin.py:117} INFO - [2022-10-05T08:55:59.029+0000] {dag.py:3328} INFO - Setting next_dagrun for example_python_operator to None, run_after=None
[2022-10-05T08:55:59.043+0000] {processor.py:178} INFO - Processing /home/airflow/.local/lib/python3.7/site-packages/airflow/example_dags/example_python_operator.py took 0.199 seconds
[2022-10-05T08:56:29.873+0000] {processor.py:156} INFO - Started process (PID=1002) to work on /home/airflow/.local/lib/python3.7/site-packages/airflow/example_dags/example_python_operator.py
[2022-10-05T08:56:29.873+0000] {processor.py:758} INFO - Processing file /home/airflow/.local/lib/python3.7/site-packages/airflow/example_dags/example_python_operator.py for tasks to queue
[2022-10-05T08:56:29.874+0000] {logging_mixin.py:117} INFO - [2022-10-05T08:56:29.874+0000] {dagbag.py:525} INFO - Filling up the DagBag from /home/airflow/.local/lib/python3.7/site-packages/airflow/example_dags/example_python_operator.py
[2022-10-05T08:56:29.894+0000] {processor.py:768} INFO - DAG(s) dict_keys(['example_python_operator']) retrieved from /home/airflow/.local/lib/python3.7/site-packages/airflow/example_dags/example_python_operator.py
[2022-10-05T08:56:30.011+0000] {logging_mixin.py:117} INFO - [2022-10-05T08:56:30.011+0000] {dag.py:2573} INFO - Sync 1 DAGs
[2022-10-05T08:56:30.029+0000] {logging_mixin.py:117} INFO - [2022-10-05T08:56:30.029+0000] {dag.py:3328} INFO - Setting next_dagrun for example_python_operator to None, run_after=None
[2022-10-05T08:56:30.042+0000] {processor.py:178} INFO - Processing /home/airflow/.local/lib/python3.7/site-packages/airflow/example_dags/example_python_operator.py took 0.172 seconds
[2022-10-05T08:57:00.959+0000] {processor.py:156} INFO - Started process (PID=1209) to work on /home/airflow/.local/lib/python3.7/site-packages/airflow/example_dags/example_python_operator.py
[2022-10-05T08:57:00.960+0000] {processor.py:758} INFO - Processing file /home/airflow/.local/lib/python3.7/site-packages/airflow/example_dags/example_python_operator.py for tasks to queue
[2022-10-05T08:57:00.960+0000] {logging_mixin.py:117} INFO - [2022-10-05T08:57:00.960+0000] {dagbag.py:525} INFO - Filling up the DagBag from /home/airflow/.local/lib/python3.7/site-packages/airflow/example_dags/example_python_operator.py
[2022-10-05T08:57:00.980+0000] {processor.py:768} INFO - DAG(s) dict_keys(['example_python_operator']) retrieved from /home/airflow/.local/lib/python3.7/site-packages/airflow/example_dags/example_python_operator.py
[2022-10-05T08:57:01.093+0000] {logging_mixin.py:117} INFO - [2022-10-05T08:57:01.093+0000] {dag.py:2573} INFO - Sync 1 DAGs
[2022-10-05T08:57:01.110+0000] {logging_mixin.py:117} INFO - [2022-10-05T08:57:01.110+0000] {dag.py:3328} INFO - Setting next_dagrun for example_python_operator to None, run_after=None
[2022-10-05T08:57:01.124+0000] {processor.py:178} INFO - Processing /home/airflow/.local/lib/python3.7/site-packages/airflow/example_dags/example_python_operator.py took 0.166 seconds
[2022-10-05T08:57:31.869+0000] {processor.py:156} INFO - Started process (PID=1416) to work on /home/airflow/.local/lib/python3.7/site-packages/airflow/example_dags/example_python_operator.py
[2022-10-05T08:57:31.870+0000] {processor.py:758} INFO - Processing file /home/airflow/.local/lib/python3.7/site-packages/airflow/example_dags/example_python_operator.py for tasks to queue
[2022-10-05T08:57:31.871+0000] {logging_mixin.py:117} INFO - [2022-10-05T08:57:31.871+0000] {dagbag.py:525} INFO - Filling up the DagBag from /home/airflow/.local/lib/python3.7/site-packages/airflow/example_dags/example_python_operator.py
[2022-10-05T08:57:31.973+0000] {processor.py:768} INFO - DAG(s) dict_keys(['example_python_operator']) retrieved from /home/airflow/.local/lib/python3.7/site-packages/airflow/example_dags/example_python_operator.py
[2022-10-05T08:57:32.001+0000] {logging_mixin.py:117} INFO - [2022-10-05T08:57:32.001+0000] {dag.py:2573} INFO - Sync 1 DAGs
[2022-10-05T08:57:32.020+0000] {logging_mixin.py:117} INFO - [2022-10-05T08:57:32.020+0000] {dag.py:3328} INFO - Setting next_dagrun for example_python_operator to None, run_after=None
[2022-10-05T08:57:32.033+0000] {processor.py:178} INFO - Processing /home/airflow/.local/lib/python3.7/site-packages/airflow/example_dags/example_python_operator.py took 0.166 seconds
[2022-10-05T08:58:02.426+0000] {processor.py:156} INFO - Started process (PID=1623) to work on /home/airflow/.local/lib/python3.7/site-packages/airflow/example_dags/example_python_operator.py
[2022-10-05T08:58:02.426+0000] {processor.py:758} INFO - Processing file /home/airflow/.local/lib/python3.7/site-packages/airflow/example_dags/example_python_operator.py for tasks to queue
[2022-10-05T08:58:02.427+0000] {logging_mixin.py:117} INFO - [2022-10-05T08:58:02.427+0000] {dagbag.py:525} INFO - Filling up the DagBag from /home/airflow/.local/lib/python3.7/site-packages/airflow/example_dags/example_python_operator.py
[2022-10-05T08:58:02.447+0000] {processor.py:768} INFO - DAG(s) dict_keys(['example_python_operator']) retrieved from /home/airflow/.local/lib/python3.7/site-packages/airflow/example_dags/example_python_operator.py
[2022-10-05T08:58:02.480+0000] {logging_mixin.py:117} INFO - [2022-10-05T08:58:02.480+0000] {dag.py:2573} INFO - Sync 1 DAGs
[2022-10-05T08:58:02.499+0000] {logging_mixin.py:117} INFO - [2022-10-05T08:58:02.499+0000] {dag.py:3328} INFO - Setting next_dagrun for example_python_operator to None, run_after=None
[2022-10-05T08:58:02.513+0000] {processor.py:178} INFO - Processing /home/airflow/.local/lib/python3.7/site-packages/airflow/example_dags/example_python_operator.py took 0.089 seconds
[2022-10-05T08:58:32.894+0000] {processor.py:156} INFO - Started process (PID=1821) to work on /home/airflow/.local/lib/python3.7/site-packages/airflow/example_dags/example_python_operator.py
[2022-10-05T08:58:32.895+0000] {processor.py:758} INFO - Processing file /home/airflow/.local/lib/python3.7/site-packages/airflow/example_dags/example_python_operator.py for tasks to queue
[2022-10-05T08:58:32.895+0000] {logging_mixin.py:117} INFO - [2022-10-05T08:58:32.895+0000] {dagbag.py:525} INFO - Filling up the DagBag from /home/airflow/.local/lib/python3.7/site-packages/airflow/example_dags/example_python_operator.py
[2022-10-05T08:58:32.915+0000] {processor.py:768} INFO - DAG(s) dict_keys(['example_python_operator']) retrieved from /home/airflow/.local/lib/python3.7/site-packages/airflow/example_dags/example_python_operator.py
[2022-10-05T08:58:32.948+0000] {logging_mixin.py:117} INFO - [2022-10-05T08:58:32.948+0000] {dag.py:2573} INFO - Sync 1 DAGs
[2022-10-05T08:58:32.967+0000] {logging_mixin.py:117} INFO - [2022-10-05T08:58:32.967+0000] {dag.py:3328} INFO - Setting next_dagrun for example_python_operator to None, run_after=None
[2022-10-05T08:58:32.981+0000] {processor.py:178} INFO - Processing /home/airflow/.local/lib/python3.7/site-packages/airflow/example_dags/example_python_operator.py took 0.089 seconds
[2022-10-05T08:59:03.387+0000] {processor.py:156} INFO - Started process (PID=2028) to work on /home/airflow/.local/lib/python3.7/site-packages/airflow/example_dags/example_python_operator.py
[2022-10-05T08:59:03.387+0000] {processor.py:758} INFO - Processing file /home/airflow/.local/lib/python3.7/site-packages/airflow/example_dags/example_python_operator.py for tasks to queue
[2022-10-05T08:59:03.388+0000] {logging_mixin.py:117} INFO - [2022-10-05T08:59:03.388+0000] {dagbag.py:525} INFO - Filling up the DagBag from /home/airflow/.local/lib/python3.7/site-packages/airflow/example_dags/example_python_operator.py
[2022-10-05T08:59:03.408+0000] {processor.py:768} INFO - DAG(s) dict_keys(['example_python_operator']) retrieved from /home/airflow/.local/lib/python3.7/site-packages/airflow/example_dags/example_python_operator.py
[2022-10-05T08:59:03.441+0000] {logging_mixin.py:117} INFO - [2022-10-05T08:59:03.441+0000] {dag.py:2573} INFO - Sync 1 DAGs
[2022-10-05T08:59:03.461+0000] {logging_mixin.py:117} INFO - [2022-10-05T08:59:03.461+0000] {dag.py:3328} INFO - Setting next_dagrun for example_python_operator to None, run_after=None
[2022-10-05T08:59:03.475+0000] {processor.py:178} INFO - Processing /home/airflow/.local/lib/python3.7/site-packages/airflow/example_dags/example_python_operator.py took 0.091 seconds
[2022-10-05T08:59:33.770+0000] {processor.py:156} INFO - Started process (PID=2235) to work on /home/airflow/.local/lib/python3.7/site-packages/airflow/example_dags/example_python_operator.py
[2022-10-05T08:59:33.771+0000] {processor.py:758} INFO - Processing file /home/airflow/.local/lib/python3.7/site-packages/airflow/example_dags/example_python_operator.py for tasks to queue
[2022-10-05T08:59:33.772+0000] {logging_mixin.py:117} INFO - [2022-10-05T08:59:33.772+0000] {dagbag.py:525} INFO - Filling up the DagBag from /home/airflow/.local/lib/python3.7/site-packages/airflow/example_dags/example_python_operator.py
[2022-10-05T08:59:33.791+0000] {processor.py:768} INFO - DAG(s) dict_keys(['example_python_operator']) retrieved from /home/airflow/.local/lib/python3.7/site-packages/airflow/example_dags/example_python_operator.py
[2022-10-05T08:59:33.824+0000] {logging_mixin.py:117} INFO - [2022-10-05T08:59:33.823+0000] {dag.py:2573} INFO - Sync 1 DAGs
[2022-10-05T08:59:33.844+0000] {logging_mixin.py:117} INFO - [2022-10-05T08:59:33.843+0000] {dag.py:3328} INFO - Setting next_dagrun for example_python_operator to None, run_after=None
[2022-10-05T08:59:33.857+0000] {processor.py:178} INFO - Processing /home/airflow/.local/lib/python3.7/site-packages/airflow/example_dags/example_python_operator.py took 0.089 seconds
[2022-10-05T09:00:04.219+0000] {processor.py:156} INFO - Started process (PID=2442) to work on /home/airflow/.local/lib/python3.7/site-packages/airflow/example_dags/example_python_operator.py
[2022-10-05T09:00:04.220+0000] {processor.py:758} INFO - Processing file /home/airflow/.local/lib/python3.7/site-packages/airflow/example_dags/example_python_operator.py for tasks to queue
[2022-10-05T09:00:04.220+0000] {logging_mixin.py:117} INFO - [2022-10-05T09:00:04.220+0000] {dagbag.py:525} INFO - Filling up the DagBag from /home/airflow/.local/lib/python3.7/site-packages/airflow/example_dags/example_python_operator.py
[2022-10-05T09:00:04.240+0000] {processor.py:768} INFO - DAG(s) dict_keys(['example_python_operator']) retrieved from /home/airflow/.local/lib/python3.7/site-packages/airflow/example_dags/example_python_operator.py
[2022-10-05T09:00:04.272+0000] {logging_mixin.py:117} INFO - [2022-10-05T09:00:04.272+0000] {dag.py:2573} INFO - Sync 1 DAGs
[2022-10-05T09:00:04.291+0000] {logging_mixin.py:117} INFO - [2022-10-05T09:00:04.291+0000] {dag.py:3328} INFO - Setting next_dagrun for example_python_operator to None, run_after=None
[2022-10-05T09:00:04.305+0000] {processor.py:178} INFO - Processing /home/airflow/.local/lib/python3.7/site-packages/airflow/example_dags/example_python_operator.py took 0.088 seconds
[2022-10-05T09:00:34.570+0000] {processor.py:156} INFO - Started process (PID=2647) to work on /home/airflow/.local/lib/python3.7/site-packages/airflow/example_dags/example_python_operator.py
[2022-10-05T09:00:34.571+0000] {processor.py:758} INFO - Processing file /home/airflow/.local/lib/python3.7/site-packages/airflow/example_dags/example_python_operator.py for tasks to queue
[2022-10-05T09:00:34.572+0000] {logging_mixin.py:117} INFO - [2022-10-05T09:00:34.572+0000] {dagbag.py:525} INFO - Filling up the DagBag from /home/airflow/.local/lib/python3.7/site-packages/airflow/example_dags/example_python_operator.py
[2022-10-05T09:00:34.592+0000] {processor.py:768} INFO - DAG(s) dict_keys(['example_python_operator']) retrieved from /home/airflow/.local/lib/python3.7/site-packages/airflow/example_dags/example_python_operator.py
[2022-10-05T09:00:34.626+0000] {logging_mixin.py:117} INFO - [2022-10-05T09:00:34.626+0000] {dag.py:2573} INFO - Sync 1 DAGs
[2022-10-05T09:00:34.645+0000] {logging_mixin.py:117} INFO - [2022-10-05T09:00:34.645+0000] {dag.py:3328} INFO - Setting next_dagrun for example_python_operator to None, run_after=None
[2022-10-05T09:00:34.660+0000] {processor.py:178} INFO - Processing /home/airflow/.local/lib/python3.7/site-packages/airflow/example_dags/example_python_operator.py took 0.092 seconds
[2022-10-05T09:01:04.951+0000] {processor.py:156} INFO - Started process (PID=2847) to work on /home/airflow/.local/lib/python3.7/site-packages/airflow/example_dags/example_python_operator.py
[2022-10-05T09:01:04.952+0000] {processor.py:758} INFO - Processing file /home/airflow/.local/lib/python3.7/site-packages/airflow/example_dags/example_python_operator.py for tasks to queue
[2022-10-05T09:01:04.952+0000] {logging_mixin.py:117} INFO - [2022-10-05T09:01:04.952+0000] {dagbag.py:525} INFO - Filling up the DagBag from /home/airflow/.local/lib/python3.7/site-packages/airflow/example_dags/example_python_operator.py
[2022-10-05T09:01:04.973+0000] {processor.py:768} INFO - DAG(s) dict_keys(['example_python_operator']) retrieved from /home/airflow/.local/lib/python3.7/site-packages/airflow/example_dags/example_python_operator.py
[2022-10-05T09:01:05.005+0000] {logging_mixin.py:117} INFO - [2022-10-05T09:01:05.005+0000] {dag.py:2573} INFO - Sync 1 DAGs
[2022-10-05T09:01:05.025+0000] {logging_mixin.py:117} INFO - [2022-10-05T09:01:05.025+0000] {dag.py:3328} INFO - Setting next_dagrun for example_python_operator to None, run_after=None
[2022-10-05T09:01:05.039+0000] {processor.py:178} INFO - Processing /home/airflow/.local/lib/python3.7/site-packages/airflow/example_dags/example_python_operator.py took 0.090 seconds
[2022-10-05T09:01:35.626+0000] {processor.py:156} INFO - Started process (PID=3054) to work on /home/airflow/.local/lib/python3.7/site-packages/airflow/example_dags/example_python_operator.py
[2022-10-05T09:01:35.627+0000] {processor.py:758} INFO - Processing file /home/airflow/.local/lib/python3.7/site-packages/airflow/example_dags/example_python_operator.py for tasks to queue
[2022-10-05T09:01:35.627+0000] {logging_mixin.py:117} INFO - [2022-10-05T09:01:35.627+0000] {dagbag.py:525} INFO - Filling up the DagBag from /home/airflow/.local/lib/python3.7/site-packages/airflow/example_dags/example_python_operator.py
[2022-10-05T09:01:35.648+0000] {processor.py:768} INFO - DAG(s) dict_keys(['example_python_operator']) retrieved from /home/airflow/.local/lib/python3.7/site-packages/airflow/example_dags/example_python_operator.py
[2022-10-05T09:01:35.680+0000] {logging_mixin.py:117} INFO - [2022-10-05T09:01:35.680+0000] {dag.py:2573} INFO - Sync 1 DAGs
[2022-10-05T09:01:35.700+0000] {logging_mixin.py:117} INFO - [2022-10-05T09:01:35.700+0000] {dag.py:3328} INFO - Setting next_dagrun for example_python_operator to None, run_after=None
[2022-10-05T09:01:35.713+0000] {processor.py:178} INFO - Processing /home/airflow/.local/lib/python3.7/site-packages/airflow/example_dags/example_python_operator.py took 0.089 seconds
[2022-10-05T09:02:06.235+0000] {processor.py:156} INFO - Started process (PID=3261) to work on /home/airflow/.local/lib/python3.7/site-packages/airflow/example_dags/example_python_operator.py
[2022-10-05T09:02:06.236+0000] {processor.py:758} INFO - Processing file /home/airflow/.local/lib/python3.7/site-packages/airflow/example_dags/example_python_operator.py for tasks to queue
[2022-10-05T09:02:06.236+0000] {logging_mixin.py:117} INFO - [2022-10-05T09:02:06.236+0000] {dagbag.py:525} INFO - Filling up the DagBag from /home/airflow/.local/lib/python3.7/site-packages/airflow/example_dags/example_python_operator.py
[2022-10-05T09:02:06.255+0000] {processor.py:768} INFO - DAG(s) dict_keys(['example_python_operator']) retrieved from /home/airflow/.local/lib/python3.7/site-packages/airflow/example_dags/example_python_operator.py
[2022-10-05T09:02:06.288+0000] {logging_mixin.py:117} INFO - [2022-10-05T09:02:06.288+0000] {dag.py:2573} INFO - Sync 1 DAGs
[2022-10-05T09:02:06.307+0000] {logging_mixin.py:117} INFO - [2022-10-05T09:02:06.307+0000] {dag.py:3328} INFO - Setting next_dagrun for example_python_operator to None, run_after=None
[2022-10-05T09:02:06.321+0000] {processor.py:178} INFO - Processing /home/airflow/.local/lib/python3.7/site-packages/airflow/example_dags/example_python_operator.py took 0.088 seconds
[2022-10-05T09:02:36.861+0000] {processor.py:156} INFO - Started process (PID=3468) to work on /home/airflow/.local/lib/python3.7/site-packages/airflow/example_dags/example_python_operator.py
[2022-10-05T09:02:36.862+0000] {processor.py:758} INFO - Processing file /home/airflow/.local/lib/python3.7/site-packages/airflow/example_dags/example_python_operator.py for tasks to queue
[2022-10-05T09:02:36.862+0000] {logging_mixin.py:117} INFO - [2022-10-05T09:02:36.862+0000] {dagbag.py:525} INFO - Filling up the DagBag from /home/airflow/.local/lib/python3.7/site-packages/airflow/example_dags/example_python_operator.py
[2022-10-05T09:02:36.882+0000] {processor.py:768} INFO - DAG(s) dict_keys(['example_python_operator']) retrieved from /home/airflow/.local/lib/python3.7/site-packages/airflow/example_dags/example_python_operator.py
[2022-10-05T09:02:36.914+0000] {logging_mixin.py:117} INFO - [2022-10-05T09:02:36.914+0000] {dag.py:2573} INFO - Sync 1 DAGs
[2022-10-05T09:02:36.933+0000] {logging_mixin.py:117} INFO - [2022-10-05T09:02:36.933+0000] {dag.py:3328} INFO - Setting next_dagrun for example_python_operator to None, run_after=None
[2022-10-05T09:02:36.946+0000] {processor.py:178} INFO - Processing /home/airflow/.local/lib/python3.7/site-packages/airflow/example_dags/example_python_operator.py took 0.087 seconds
[2022-10-05T09:03:07.385+0000] {processor.py:156} INFO - Started process (PID=3666) to work on /home/airflow/.local/lib/python3.7/site-packages/airflow/example_dags/example_python_operator.py
[2022-10-05T09:03:07.386+0000] {processor.py:758} INFO - Processing file /home/airflow/.local/lib/python3.7/site-packages/airflow/example_dags/example_python_operator.py for tasks to queue
[2022-10-05T09:03:07.386+0000] {logging_mixin.py:117} INFO - [2022-10-05T09:03:07.386+0000] {dagbag.py:525} INFO - Filling up the DagBag from /home/airflow/.local/lib/python3.7/site-packages/airflow/example_dags/example_python_operator.py
[2022-10-05T09:03:07.406+0000] {processor.py:768} INFO - DAG(s) dict_keys(['example_python_operator']) retrieved from /home/airflow/.local/lib/python3.7/site-packages/airflow/example_dags/example_python_operator.py
[2022-10-05T09:03:07.439+0000] {logging_mixin.py:117} INFO - [2022-10-05T09:03:07.438+0000] {dag.py:2573} INFO - Sync 1 DAGs
[2022-10-05T09:03:07.457+0000] {logging_mixin.py:117} INFO - [2022-10-05T09:03:07.457+0000] {dag.py:3328} INFO - Setting next_dagrun for example_python_operator to None, run_after=None
[2022-10-05T09:03:07.472+0000] {processor.py:178} INFO - Processing /home/airflow/.local/lib/python3.7/site-packages/airflow/example_dags/example_python_operator.py took 0.089 seconds
[2022-10-05T09:03:37.956+0000] {processor.py:156} INFO - Started process (PID=3873) to work on /home/airflow/.local/lib/python3.7/site-packages/airflow/example_dags/example_python_operator.py
[2022-10-05T09:03:37.957+0000] {processor.py:758} INFO - Processing file /home/airflow/.local/lib/python3.7/site-packages/airflow/example_dags/example_python_operator.py for tasks to queue
[2022-10-05T09:03:37.958+0000] {logging_mixin.py:117} INFO - [2022-10-05T09:03:37.957+0000] {dagbag.py:525} INFO - Filling up the DagBag from /home/airflow/.local/lib/python3.7/site-packages/airflow/example_dags/example_python_operator.py
[2022-10-05T09:03:37.977+0000] {processor.py:768} INFO - DAG(s) dict_keys(['example_python_operator']) retrieved from /home/airflow/.local/lib/python3.7/site-packages/airflow/example_dags/example_python_operator.py
[2022-10-05T09:03:38.009+0000] {logging_mixin.py:117} INFO - [2022-10-05T09:03:38.009+0000] {dag.py:2573} INFO - Sync 1 DAGs
[2022-10-05T09:03:38.029+0000] {logging_mixin.py:117} INFO - [2022-10-05T09:03:38.029+0000] {dag.py:3328} INFO - Setting next_dagrun for example_python_operator to None, run_after=None
[2022-10-05T09:03:38.042+0000] {processor.py:178} INFO - Processing /home/airflow/.local/lib/python3.7/site-packages/airflow/example_dags/example_python_operator.py took 0.088 seconds
[2022-10-05T09:04:08.533+0000] {processor.py:156} INFO - Started process (PID=4080) to work on /home/airflow/.local/lib/python3.7/site-packages/airflow/example_dags/example_python_operator.py
[2022-10-05T09:04:08.534+0000] {processor.py:758} INFO - Processing file /home/airflow/.local/lib/python3.7/site-packages/airflow/example_dags/example_python_operator.py for tasks to queue
[2022-10-05T09:04:08.534+0000] {logging_mixin.py:117} INFO - [2022-10-05T09:04:08.534+0000] {dagbag.py:525} INFO - Filling up the DagBag from /home/airflow/.local/lib/python3.7/site-packages/airflow/example_dags/example_python_operator.py
[2022-10-05T09:04:08.554+0000] {processor.py:768} INFO - DAG(s) dict_keys(['example_python_operator']) retrieved from /home/airflow/.local/lib/python3.7/site-packages/airflow/example_dags/example_python_operator.py
[2022-10-05T09:04:08.587+0000] {logging_mixin.py:117} INFO - [2022-10-05T09:04:08.587+0000] {dag.py:2573} INFO - Sync 1 DAGs
[2022-10-05T09:04:08.606+0000] {logging_mixin.py:117} INFO - [2022-10-05T09:04:08.605+0000] {dag.py:3328} INFO - Setting next_dagrun for example_python_operator to None, run_after=None
[2022-10-05T09:04:08.619+0000] {processor.py:178} INFO - Processing /home/airflow/.local/lib/python3.7/site-packages/airflow/example_dags/example_python_operator.py took 0.088 seconds
[2022-10-05T09:04:39.095+0000] {processor.py:156} INFO - Started process (PID=4287) to work on /home/airflow/.local/lib/python3.7/site-packages/airflow/example_dags/example_python_operator.py
[2022-10-05T09:04:39.095+0000] {processor.py:758} INFO - Processing file /home/airflow/.local/lib/python3.7/site-packages/airflow/example_dags/example_python_operator.py for tasks to queue
[2022-10-05T09:04:39.096+0000] {logging_mixin.py:117} INFO - [2022-10-05T09:04:39.096+0000] {dagbag.py:525} INFO - Filling up the DagBag from /home/airflow/.local/lib/python3.7/site-packages/airflow/example_dags/example_python_operator.py
[2022-10-05T09:04:39.115+0000] {processor.py:768} INFO - DAG(s) dict_keys(['example_python_operator']) retrieved from /home/airflow/.local/lib/python3.7/site-packages/airflow/example_dags/example_python_operator.py
[2022-10-05T09:04:39.148+0000] {logging_mixin.py:117} INFO - [2022-10-05T09:04:39.148+0000] {dag.py:2573} INFO - Sync 1 DAGs
[2022-10-05T09:04:39.166+0000] {logging_mixin.py:117} INFO - [2022-10-05T09:04:39.166+0000] {dag.py:3328} INFO - Setting next_dagrun for example_python_operator to None, run_after=None
[2022-10-05T09:04:39.180+0000] {processor.py:178} INFO - Processing /home/airflow/.local/lib/python3.7/site-packages/airflow/example_dags/example_python_operator.py took 0.087 seconds
[2022-10-05T09:05:09.507+0000] {processor.py:156} INFO - Started process (PID=4485) to work on /home/airflow/.local/lib/python3.7/site-packages/airflow/example_dags/example_python_operator.py
[2022-10-05T09:05:09.508+0000] {processor.py:758} INFO - Processing file /home/airflow/.local/lib/python3.7/site-packages/airflow/example_dags/example_python_operator.py for tasks to queue
[2022-10-05T09:05:09.508+0000] {logging_mixin.py:117} INFO - [2022-10-05T09:05:09.508+0000] {dagbag.py:525} INFO - Filling up the DagBag from /home/airflow/.local/lib/python3.7/site-packages/airflow/example_dags/example_python_operator.py
[2022-10-05T09:05:09.528+0000] {processor.py:768} INFO - DAG(s) dict_keys(['example_python_operator']) retrieved from /home/airflow/.local/lib/python3.7/site-packages/airflow/example_dags/example_python_operator.py
[2022-10-05T09:05:09.561+0000] {logging_mixin.py:117} INFO - [2022-10-05T09:05:09.561+0000] {dag.py:2573} INFO - Sync 1 DAGs
[2022-10-05T09:05:09.580+0000] {logging_mixin.py:117} INFO - [2022-10-05T09:05:09.580+0000] {dag.py:3328} INFO - Setting next_dagrun for example_python_operator to None, run_after=None
[2022-10-05T09:05:09.595+0000] {processor.py:178} INFO - Processing /home/airflow/.local/lib/python3.7/site-packages/airflow/example_dags/example_python_operator.py took 0.089 seconds
[2022-10-05T09:05:39.912+0000] {processor.py:156} INFO - Started process (PID=4692) to work on /home/airflow/.local/lib/python3.7/site-packages/airflow/example_dags/example_python_operator.py
[2022-10-05T09:05:39.913+0000] {processor.py:758} INFO - Processing file /home/airflow/.local/lib/python3.7/site-packages/airflow/example_dags/example_python_operator.py for tasks to queue
[2022-10-05T09:05:39.913+0000] {logging_mixin.py:117} INFO - [2022-10-05T09:05:39.913+0000] {dagbag.py:525} INFO - Filling up the DagBag from /home/airflow/.local/lib/python3.7/site-packages/airflow/example_dags/example_python_operator.py
[2022-10-05T09:05:39.933+0000] {processor.py:768} INFO - DAG(s) dict_keys(['example_python_operator']) retrieved from /home/airflow/.local/lib/python3.7/site-packages/airflow/example_dags/example_python_operator.py
[2022-10-05T09:05:39.966+0000] {logging_mixin.py:117} INFO - [2022-10-05T09:05:39.966+0000] {dag.py:2573} INFO - Sync 1 DAGs
[2022-10-05T09:05:39.986+0000] {logging_mixin.py:117} INFO - [2022-10-05T09:05:39.986+0000] {dag.py:3328} INFO - Setting next_dagrun for example_python_operator to None, run_after=None
[2022-10-05T09:05:40.000+0000] {processor.py:178} INFO - Processing /home/airflow/.local/lib/python3.7/site-packages/airflow/example_dags/example_python_operator.py took 0.090 seconds
[2022-10-05T09:06:10.382+0000] {processor.py:156} INFO - Started process (PID=4899) to work on /home/airflow/.local/lib/python3.7/site-packages/airflow/example_dags/example_python_operator.py
[2022-10-05T09:06:10.383+0000] {processor.py:758} INFO - Processing file /home/airflow/.local/lib/python3.7/site-packages/airflow/example_dags/example_python_operator.py for tasks to queue
[2022-10-05T09:06:10.383+0000] {logging_mixin.py:117} INFO - [2022-10-05T09:06:10.383+0000] {dagbag.py:525} INFO - Filling up the DagBag from /home/airflow/.local/lib/python3.7/site-packages/airflow/example_dags/example_python_operator.py
[2022-10-05T09:06:10.403+0000] {processor.py:768} INFO - DAG(s) dict_keys(['example_python_operator']) retrieved from /home/airflow/.local/lib/python3.7/site-packages/airflow/example_dags/example_python_operator.py
[2022-10-05T09:06:10.436+0000] {logging_mixin.py:117} INFO - [2022-10-05T09:06:10.436+0000] {dag.py:2573} INFO - Sync 1 DAGs
[2022-10-05T09:06:10.455+0000] {logging_mixin.py:117} INFO - [2022-10-05T09:06:10.455+0000] {dag.py:3328} INFO - Setting next_dagrun for example_python_operator to None, run_after=None
[2022-10-05T09:06:10.469+0000] {processor.py:178} INFO - Processing /home/airflow/.local/lib/python3.7/site-packages/airflow/example_dags/example_python_operator.py took 0.089 seconds
[2022-10-05T09:06:40.692+0000] {processor.py:156} INFO - Started process (PID=5106) to work on /home/airflow/.local/lib/python3.7/site-packages/airflow/example_dags/example_python_operator.py
[2022-10-05T09:06:40.693+0000] {processor.py:758} INFO - Processing file /home/airflow/.local/lib/python3.7/site-packages/airflow/example_dags/example_python_operator.py for tasks to queue
[2022-10-05T09:06:40.693+0000] {logging_mixin.py:117} INFO - [2022-10-05T09:06:40.693+0000] {dagbag.py:525} INFO - Filling up the DagBag from /home/airflow/.local/lib/python3.7/site-packages/airflow/example_dags/example_python_operator.py
[2022-10-05T09:06:40.713+0000] {processor.py:768} INFO - DAG(s) dict_keys(['example_python_operator']) retrieved from /home/airflow/.local/lib/python3.7/site-packages/airflow/example_dags/example_python_operator.py
[2022-10-05T09:06:40.746+0000] {logging_mixin.py:117} INFO - [2022-10-05T09:06:40.746+0000] {dag.py:2573} INFO - Sync 1 DAGs
[2022-10-05T09:06:40.765+0000] {logging_mixin.py:117} INFO - [2022-10-05T09:06:40.765+0000] {dag.py:3328} INFO - Setting next_dagrun for example_python_operator to None, run_after=None
[2022-10-05T09:06:40.779+0000] {processor.py:178} INFO - Processing /home/airflow/.local/lib/python3.7/site-packages/airflow/example_dags/example_python_operator.py took 0.089 seconds
[2022-10-05T09:07:11.097+0000] {processor.py:156} INFO - Started process (PID=5304) to work on /home/airflow/.local/lib/python3.7/site-packages/airflow/example_dags/example_python_operator.py
[2022-10-05T09:07:11.098+0000] {processor.py:758} INFO - Processing file /home/airflow/.local/lib/python3.7/site-packages/airflow/example_dags/example_python_operator.py for tasks to queue
[2022-10-05T09:07:11.098+0000] {logging_mixin.py:117} INFO - [2022-10-05T09:07:11.098+0000] {dagbag.py:525} INFO - Filling up the DagBag from /home/airflow/.local/lib/python3.7/site-packages/airflow/example_dags/example_python_operator.py
[2022-10-05T09:07:11.119+0000] {processor.py:768} INFO - DAG(s) dict_keys(['example_python_operator']) retrieved from /home/airflow/.local/lib/python3.7/site-packages/airflow/example_dags/example_python_operator.py
[2022-10-05T09:07:11.151+0000] {logging_mixin.py:117} INFO - [2022-10-05T09:07:11.151+0000] {dag.py:2573} INFO - Sync 1 DAGs
[2022-10-05T09:07:11.170+0000] {logging_mixin.py:117} INFO - [2022-10-05T09:07:11.170+0000] {dag.py:3328} INFO - Setting next_dagrun for example_python_operator to None, run_after=None
[2022-10-05T09:07:11.185+0000] {processor.py:178} INFO - Processing /home/airflow/.local/lib/python3.7/site-packages/airflow/example_dags/example_python_operator.py took 0.090 seconds
[2022-10-05T09:07:41.615+0000] {processor.py:156} INFO - Started process (PID=5511) to work on /home/airflow/.local/lib/python3.7/site-packages/airflow/example_dags/example_python_operator.py
[2022-10-05T09:07:41.616+0000] {processor.py:758} INFO - Processing file /home/airflow/.local/lib/python3.7/site-packages/airflow/example_dags/example_python_operator.py for tasks to queue
[2022-10-05T09:07:41.616+0000] {logging_mixin.py:117} INFO - [2022-10-05T09:07:41.616+0000] {dagbag.py:525} INFO - Filling up the DagBag from /home/airflow/.local/lib/python3.7/site-packages/airflow/example_dags/example_python_operator.py
[2022-10-05T09:07:41.636+0000] {processor.py:768} INFO - DAG(s) dict_keys(['example_python_operator']) retrieved from /home/airflow/.local/lib/python3.7/site-packages/airflow/example_dags/example_python_operator.py
[2022-10-05T09:07:41.669+0000] {logging_mixin.py:117} INFO - [2022-10-05T09:07:41.668+0000] {dag.py:2573} INFO - Sync 1 DAGs
[2022-10-05T09:07:41.688+0000] {logging_mixin.py:117} INFO - [2022-10-05T09:07:41.688+0000] {dag.py:3328} INFO - Setting next_dagrun for example_python_operator to None, run_after=None
[2022-10-05T09:07:41.702+0000] {processor.py:178} INFO - Processing /home/airflow/.local/lib/python3.7/site-packages/airflow/example_dags/example_python_operator.py took 0.089 seconds
[2022-10-05T09:08:12.002+0000] {processor.py:156} INFO - Started process (PID=5718) to work on /home/airflow/.local/lib/python3.7/site-packages/airflow/example_dags/example_python_operator.py
[2022-10-05T09:08:12.003+0000] {processor.py:758} INFO - Processing file /home/airflow/.local/lib/python3.7/site-packages/airflow/example_dags/example_python_operator.py for tasks to queue
[2022-10-05T09:08:12.003+0000] {logging_mixin.py:117} INFO - [2022-10-05T09:08:12.003+0000] {dagbag.py:525} INFO - Filling up the DagBag from /home/airflow/.local/lib/python3.7/site-packages/airflow/example_dags/example_python_operator.py
[2022-10-05T09:08:12.022+0000] {processor.py:768} INFO - DAG(s) dict_keys(['example_python_operator']) retrieved from /home/airflow/.local/lib/python3.7/site-packages/airflow/example_dags/example_python_operator.py
[2022-10-05T09:08:12.054+0000] {logging_mixin.py:117} INFO - [2022-10-05T09:08:12.054+0000] {dag.py:2573} INFO - Sync 1 DAGs
[2022-10-05T09:08:12.074+0000] {logging_mixin.py:117} INFO - [2022-10-05T09:08:12.074+0000] {dag.py:3328} INFO - Setting next_dagrun for example_python_operator to None, run_after=None
[2022-10-05T09:08:12.088+0000] {processor.py:178} INFO - Processing /home/airflow/.local/lib/python3.7/site-packages/airflow/example_dags/example_python_operator.py took 0.089 seconds
[2022-10-05T09:08:42.507+0000] {processor.py:156} INFO - Started process (PID=5925) to work on /home/airflow/.local/lib/python3.7/site-packages/airflow/example_dags/example_python_operator.py
[2022-10-05T09:08:42.508+0000] {processor.py:758} INFO - Processing file /home/airflow/.local/lib/python3.7/site-packages/airflow/example_dags/example_python_operator.py for tasks to queue
[2022-10-05T09:08:42.508+0000] {logging_mixin.py:117} INFO - [2022-10-05T09:08:42.508+0000] {dagbag.py:525} INFO - Filling up the DagBag from /home/airflow/.local/lib/python3.7/site-packages/airflow/example_dags/example_python_operator.py
[2022-10-05T09:08:42.528+0000] {processor.py:768} INFO - DAG(s) dict_keys(['example_python_operator']) retrieved from /home/airflow/.local/lib/python3.7/site-packages/airflow/example_dags/example_python_operator.py
[2022-10-05T09:08:42.561+0000] {logging_mixin.py:117} INFO - [2022-10-05T09:08:42.561+0000] {dag.py:2573} INFO - Sync 1 DAGs
[2022-10-05T09:08:42.580+0000] {logging_mixin.py:117} INFO - [2022-10-05T09:08:42.580+0000] {dag.py:3328} INFO - Setting next_dagrun for example_python_operator to None, run_after=None
[2022-10-05T09:08:42.594+0000] {processor.py:178} INFO - Processing /home/airflow/.local/lib/python3.7/site-packages/airflow/example_dags/example_python_operator.py took 0.089 seconds
[2022-10-05T09:09:13.144+0000] {processor.py:156} INFO - Started process (PID=6132) to work on /home/airflow/.local/lib/python3.7/site-packages/airflow/example_dags/example_python_operator.py
[2022-10-05T09:09:13.145+0000] {processor.py:758} INFO - Processing file /home/airflow/.local/lib/python3.7/site-packages/airflow/example_dags/example_python_operator.py for tasks to queue
[2022-10-05T09:09:13.146+0000] {logging_mixin.py:117} INFO - [2022-10-05T09:09:13.145+0000] {dagbag.py:525} INFO - Filling up the DagBag from /home/airflow/.local/lib/python3.7/site-packages/airflow/example_dags/example_python_operator.py
[2022-10-05T09:09:13.166+0000] {processor.py:768} INFO - DAG(s) dict_keys(['example_python_operator']) retrieved from /home/airflow/.local/lib/python3.7/site-packages/airflow/example_dags/example_python_operator.py
[2022-10-05T09:09:13.199+0000] {logging_mixin.py:117} INFO - [2022-10-05T09:09:13.199+0000] {dag.py:2573} INFO - Sync 1 DAGs
[2022-10-05T09:09:13.219+0000] {logging_mixin.py:117} INFO - [2022-10-05T09:09:13.218+0000] {dag.py:3328} INFO - Setting next_dagrun for example_python_operator to None, run_after=None
[2022-10-05T09:09:13.233+0000] {processor.py:178} INFO - Processing /home/airflow/.local/lib/python3.7/site-packages/airflow/example_dags/example_python_operator.py took 0.091 seconds
[2022-10-05T09:09:43.419+0000] {processor.py:156} INFO - Started process (PID=6330) to work on /home/airflow/.local/lib/python3.7/site-packages/airflow/example_dags/example_python_operator.py
[2022-10-05T09:09:43.419+0000] {processor.py:758} INFO - Processing file /home/airflow/.local/lib/python3.7/site-packages/airflow/example_dags/example_python_operator.py for tasks to queue
[2022-10-05T09:09:43.420+0000] {logging_mixin.py:117} INFO - [2022-10-05T09:09:43.420+0000] {dagbag.py:525} INFO - Filling up the DagBag from /home/airflow/.local/lib/python3.7/site-packages/airflow/example_dags/example_python_operator.py
[2022-10-05T09:09:43.440+0000] {processor.py:768} INFO - DAG(s) dict_keys(['example_python_operator']) retrieved from /home/airflow/.local/lib/python3.7/site-packages/airflow/example_dags/example_python_operator.py
[2022-10-05T09:09:43.473+0000] {logging_mixin.py:117} INFO - [2022-10-05T09:09:43.473+0000] {dag.py:2573} INFO - Sync 1 DAGs
[2022-10-05T09:09:43.493+0000] {logging_mixin.py:117} INFO - [2022-10-05T09:09:43.493+0000] {dag.py:3328} INFO - Setting next_dagrun for example_python_operator to None, run_after=None
[2022-10-05T09:09:43.506+0000] {processor.py:178} INFO - Processing /home/airflow/.local/lib/python3.7/site-packages/airflow/example_dags/example_python_operator.py took 0.090 seconds
[2022-10-05T09:10:13.834+0000] {processor.py:156} INFO - Started process (PID=6537) to work on /home/airflow/.local/lib/python3.7/site-packages/airflow/example_dags/example_python_operator.py
[2022-10-05T09:10:13.835+0000] {processor.py:758} INFO - Processing file /home/airflow/.local/lib/python3.7/site-packages/airflow/example_dags/example_python_operator.py for tasks to queue
[2022-10-05T09:10:13.835+0000] {logging_mixin.py:117} INFO - [2022-10-05T09:10:13.835+0000] {dagbag.py:525} INFO - Filling up the DagBag from /home/airflow/.local/lib/python3.7/site-packages/airflow/example_dags/example_python_operator.py
[2022-10-05T09:10:13.854+0000] {processor.py:768} INFO - DAG(s) dict_keys(['example_python_operator']) retrieved from /home/airflow/.local/lib/python3.7/site-packages/airflow/example_dags/example_python_operator.py
[2022-10-05T09:10:13.886+0000] {logging_mixin.py:117} INFO - [2022-10-05T09:10:13.886+0000] {dag.py:2573} INFO - Sync 1 DAGs
[2022-10-05T09:10:13.906+0000] {logging_mixin.py:117} INFO - [2022-10-05T09:10:13.906+0000] {dag.py:3328} INFO - Setting next_dagrun for example_python_operator to None, run_after=None
[2022-10-05T09:10:13.919+0000] {processor.py:178} INFO - Processing /home/airflow/.local/lib/python3.7/site-packages/airflow/example_dags/example_python_operator.py took 0.088 seconds
[2022-10-05T09:10:44.295+0000] {processor.py:156} INFO - Started process (PID=6744) to work on /home/airflow/.local/lib/python3.7/site-packages/airflow/example_dags/example_python_operator.py
[2022-10-05T09:10:44.296+0000] {processor.py:758} INFO - Processing file /home/airflow/.local/lib/python3.7/site-packages/airflow/example_dags/example_python_operator.py for tasks to queue
[2022-10-05T09:10:44.296+0000] {logging_mixin.py:117} INFO - [2022-10-05T09:10:44.296+0000] {dagbag.py:525} INFO - Filling up the DagBag from /home/airflow/.local/lib/python3.7/site-packages/airflow/example_dags/example_python_operator.py
[2022-10-05T09:10:44.316+0000] {processor.py:768} INFO - DAG(s) dict_keys(['example_python_operator']) retrieved from /home/airflow/.local/lib/python3.7/site-packages/airflow/example_dags/example_python_operator.py
[2022-10-05T09:10:44.349+0000] {logging_mixin.py:117} INFO - [2022-10-05T09:10:44.349+0000] {dag.py:2573} INFO - Sync 1 DAGs
[2022-10-05T09:10:44.368+0000] {logging_mixin.py:117} INFO - [2022-10-05T09:10:44.367+0000] {dag.py:3328} INFO - Setting next_dagrun for example_python_operator to None, run_after=None
[2022-10-05T09:10:44.381+0000] {processor.py:178} INFO - Processing /home/airflow/.local/lib/python3.7/site-packages/airflow/example_dags/example_python_operator.py took 0.088 seconds
[2022-10-05T09:11:14.636+0000] {processor.py:156} INFO - Started process (PID=6951) to work on /home/airflow/.local/lib/python3.7/site-packages/airflow/example_dags/example_python_operator.py
[2022-10-05T09:11:14.637+0000] {processor.py:758} INFO - Processing file /home/airflow/.local/lib/python3.7/site-packages/airflow/example_dags/example_python_operator.py for tasks to queue
[2022-10-05T09:11:14.637+0000] {logging_mixin.py:117} INFO - [2022-10-05T09:11:14.637+0000] {dagbag.py:525} INFO - Filling up the DagBag from /home/airflow/.local/lib/python3.7/site-packages/airflow/example_dags/example_python_operator.py
[2022-10-05T09:11:14.658+0000] {processor.py:768} INFO - DAG(s) dict_keys(['example_python_operator']) retrieved from /home/airflow/.local/lib/python3.7/site-packages/airflow/example_dags/example_python_operator.py
[2022-10-05T09:11:14.692+0000] {logging_mixin.py:117} INFO - [2022-10-05T09:11:14.692+0000] {dag.py:2573} INFO - Sync 1 DAGs
[2022-10-05T09:11:14.713+0000] {logging_mixin.py:117} INFO - [2022-10-05T09:11:14.713+0000] {dag.py:3328} INFO - Setting next_dagrun for example_python_operator to None, run_after=None
[2022-10-05T09:11:14.728+0000] {processor.py:178} INFO - Processing /home/airflow/.local/lib/python3.7/site-packages/airflow/example_dags/example_python_operator.py took 0.093 seconds
[2022-10-05T09:11:44.899+0000] {processor.py:156} INFO - Started process (PID=7149) to work on /home/airflow/.local/lib/python3.7/site-packages/airflow/example_dags/example_python_operator.py
[2022-10-05T09:11:44.900+0000] {processor.py:758} INFO - Processing file /home/airflow/.local/lib/python3.7/site-packages/airflow/example_dags/example_python_operator.py for tasks to queue
[2022-10-05T09:11:44.900+0000] {logging_mixin.py:117} INFO - [2022-10-05T09:11:44.900+0000] {dagbag.py:525} INFO - Filling up the DagBag from /home/airflow/.local/lib/python3.7/site-packages/airflow/example_dags/example_python_operator.py
[2022-10-05T09:11:44.921+0000] {processor.py:768} INFO - DAG(s) dict_keys(['example_python_operator']) retrieved from /home/airflow/.local/lib/python3.7/site-packages/airflow/example_dags/example_python_operator.py
[2022-10-05T09:11:44.953+0000] {logging_mixin.py:117} INFO - [2022-10-05T09:11:44.953+0000] {dag.py:2573} INFO - Sync 1 DAGs
[2022-10-05T09:11:44.973+0000] {logging_mixin.py:117} INFO - [2022-10-05T09:11:44.973+0000] {dag.py:3328} INFO - Setting next_dagrun for example_python_operator to None, run_after=None
[2022-10-05T09:11:44.987+0000] {processor.py:178} INFO - Processing /home/airflow/.local/lib/python3.7/site-packages/airflow/example_dags/example_python_operator.py took 0.090 seconds
[2022-10-05T09:12:15.400+0000] {processor.py:156} INFO - Started process (PID=7356) to work on /home/airflow/.local/lib/python3.7/site-packages/airflow/example_dags/example_python_operator.py
[2022-10-05T09:12:15.401+0000] {processor.py:758} INFO - Processing file /home/airflow/.local/lib/python3.7/site-packages/airflow/example_dags/example_python_operator.py for tasks to queue
[2022-10-05T09:12:15.402+0000] {logging_mixin.py:117} INFO - [2022-10-05T09:12:15.402+0000] {dagbag.py:525} INFO - Filling up the DagBag from /home/airflow/.local/lib/python3.7/site-packages/airflow/example_dags/example_python_operator.py
[2022-10-05T09:12:15.422+0000] {processor.py:768} INFO - DAG(s) dict_keys(['example_python_operator']) retrieved from /home/airflow/.local/lib/python3.7/site-packages/airflow/example_dags/example_python_operator.py
[2022-10-05T09:12:15.454+0000] {logging_mixin.py:117} INFO - [2022-10-05T09:12:15.454+0000] {dag.py:2573} INFO - Sync 1 DAGs
[2022-10-05T09:12:15.475+0000] {logging_mixin.py:117} INFO - [2022-10-05T09:12:15.475+0000] {dag.py:3328} INFO - Setting next_dagrun for example_python_operator to None, run_after=None
[2022-10-05T09:12:15.488+0000] {processor.py:178} INFO - Processing /home/airflow/.local/lib/python3.7/site-packages/airflow/example_dags/example_python_operator.py took 0.090 seconds
[2022-10-05T09:12:45.789+0000] {processor.py:156} INFO - Started process (PID=7563) to work on /home/airflow/.local/lib/python3.7/site-packages/airflow/example_dags/example_python_operator.py
[2022-10-05T09:12:45.790+0000] {processor.py:758} INFO - Processing file /home/airflow/.local/lib/python3.7/site-packages/airflow/example_dags/example_python_operator.py for tasks to queue
[2022-10-05T09:12:45.791+0000] {logging_mixin.py:117} INFO - [2022-10-05T09:12:45.791+0000] {dagbag.py:525} INFO - Filling up the DagBag from /home/airflow/.local/lib/python3.7/site-packages/airflow/example_dags/example_python_operator.py
[2022-10-05T09:12:45.811+0000] {processor.py:768} INFO - DAG(s) dict_keys(['example_python_operator']) retrieved from /home/airflow/.local/lib/python3.7/site-packages/airflow/example_dags/example_python_operator.py
[2022-10-05T09:12:45.844+0000] {logging_mixin.py:117} INFO - [2022-10-05T09:12:45.844+0000] {dag.py:2573} INFO - Sync 1 DAGs
[2022-10-05T09:12:45.863+0000] {logging_mixin.py:117} INFO - [2022-10-05T09:12:45.863+0000] {dag.py:3328} INFO - Setting next_dagrun for example_python_operator to None, run_after=None
[2022-10-05T09:12:45.878+0000] {processor.py:178} INFO - Processing /home/airflow/.local/lib/python3.7/site-packages/airflow/example_dags/example_python_operator.py took 0.091 seconds
[2022-10-05T09:13:16.265+0000] {processor.py:156} INFO - Started process (PID=7770) to work on /home/airflow/.local/lib/python3.7/site-packages/airflow/example_dags/example_python_operator.py
[2022-10-05T09:13:16.265+0000] {processor.py:758} INFO - Processing file /home/airflow/.local/lib/python3.7/site-packages/airflow/example_dags/example_python_operator.py for tasks to queue
[2022-10-05T09:13:16.266+0000] {logging_mixin.py:117} INFO - [2022-10-05T09:13:16.266+0000] {dagbag.py:525} INFO - Filling up the DagBag from /home/airflow/.local/lib/python3.7/site-packages/airflow/example_dags/example_python_operator.py
[2022-10-05T09:13:16.286+0000] {processor.py:768} INFO - DAG(s) dict_keys(['example_python_operator']) retrieved from /home/airflow/.local/lib/python3.7/site-packages/airflow/example_dags/example_python_operator.py
[2022-10-05T09:13:16.319+0000] {logging_mixin.py:117} INFO - [2022-10-05T09:13:16.319+0000] {dag.py:2573} INFO - Sync 1 DAGs
[2022-10-05T09:13:16.338+0000] {logging_mixin.py:117} INFO - [2022-10-05T09:13:16.338+0000] {dag.py:3328} INFO - Setting next_dagrun for example_python_operator to None, run_after=None
[2022-10-05T09:13:16.352+0000] {processor.py:178} INFO - Processing /home/airflow/.local/lib/python3.7/site-packages/airflow/example_dags/example_python_operator.py took 0.089 seconds
[2022-10-05T09:13:46.621+0000] {processor.py:156} INFO - Started process (PID=7968) to work on /home/airflow/.local/lib/python3.7/site-packages/airflow/example_dags/example_python_operator.py
[2022-10-05T09:13:46.621+0000] {processor.py:758} INFO - Processing file /home/airflow/.local/lib/python3.7/site-packages/airflow/example_dags/example_python_operator.py for tasks to queue
[2022-10-05T09:13:46.622+0000] {logging_mixin.py:117} INFO - [2022-10-05T09:13:46.622+0000] {dagbag.py:525} INFO - Filling up the DagBag from /home/airflow/.local/lib/python3.7/site-packages/airflow/example_dags/example_python_operator.py
[2022-10-05T09:13:46.641+0000] {processor.py:768} INFO - DAG(s) dict_keys(['example_python_operator']) retrieved from /home/airflow/.local/lib/python3.7/site-packages/airflow/example_dags/example_python_operator.py
[2022-10-05T09:13:46.674+0000] {logging_mixin.py:117} INFO - [2022-10-05T09:13:46.673+0000] {dag.py:2573} INFO - Sync 1 DAGs
[2022-10-05T09:13:46.693+0000] {logging_mixin.py:117} INFO - [2022-10-05T09:13:46.693+0000] {dag.py:3328} INFO - Setting next_dagrun for example_python_operator to None, run_after=None
[2022-10-05T09:13:46.707+0000] {processor.py:178} INFO - Processing /home/airflow/.local/lib/python3.7/site-packages/airflow/example_dags/example_python_operator.py took 0.089 seconds
[2022-10-05T09:14:17.107+0000] {processor.py:156} INFO - Started process (PID=8175) to work on /home/airflow/.local/lib/python3.7/site-packages/airflow/example_dags/example_python_operator.py
[2022-10-05T09:14:17.108+0000] {processor.py:758} INFO - Processing file /home/airflow/.local/lib/python3.7/site-packages/airflow/example_dags/example_python_operator.py for tasks to queue
[2022-10-05T09:14:17.108+0000] {logging_mixin.py:117} INFO - [2022-10-05T09:14:17.108+0000] {dagbag.py:525} INFO - Filling up the DagBag from /home/airflow/.local/lib/python3.7/site-packages/airflow/example_dags/example_python_operator.py
[2022-10-05T09:14:17.127+0000] {processor.py:768} INFO - DAG(s) dict_keys(['example_python_operator']) retrieved from /home/airflow/.local/lib/python3.7/site-packages/airflow/example_dags/example_python_operator.py
[2022-10-05T09:14:17.159+0000] {logging_mixin.py:117} INFO - [2022-10-05T09:14:17.159+0000] {dag.py:2573} INFO - Sync 1 DAGs
[2022-10-05T09:14:17.179+0000] {logging_mixin.py:117} INFO - [2022-10-05T09:14:17.179+0000] {dag.py:3328} INFO - Setting next_dagrun for example_python_operator to None, run_after=None
[2022-10-05T09:14:17.192+0000] {processor.py:178} INFO - Processing /home/airflow/.local/lib/python3.7/site-packages/airflow/example_dags/example_python_operator.py took 0.087 seconds
[2022-10-05T09:14:47.492+0000] {processor.py:156} INFO - Started process (PID=8382) to work on /home/airflow/.local/lib/python3.7/site-packages/airflow/example_dags/example_python_operator.py
[2022-10-05T09:14:47.493+0000] {processor.py:758} INFO - Processing file /home/airflow/.local/lib/python3.7/site-packages/airflow/example_dags/example_python_operator.py for tasks to queue
[2022-10-05T09:14:47.493+0000] {logging_mixin.py:117} INFO - [2022-10-05T09:14:47.493+0000] {dagbag.py:525} INFO - Filling up the DagBag from /home/airflow/.local/lib/python3.7/site-packages/airflow/example_dags/example_python_operator.py
[2022-10-05T09:14:47.514+0000] {processor.py:768} INFO - DAG(s) dict_keys(['example_python_operator']) retrieved from /home/airflow/.local/lib/python3.7/site-packages/airflow/example_dags/example_python_operator.py
[2022-10-05T09:14:47.548+0000] {logging_mixin.py:117} INFO - [2022-10-05T09:14:47.548+0000] {dag.py:2573} INFO - Sync 1 DAGs
[2022-10-05T09:14:47.567+0000] {logging_mixin.py:117} INFO - [2022-10-05T09:14:47.567+0000] {dag.py:3328} INFO - Setting next_dagrun for example_python_operator to None, run_after=None
[2022-10-05T09:14:47.581+0000] {processor.py:178} INFO - Processing /home/airflow/.local/lib/python3.7/site-packages/airflow/example_dags/example_python_operator.py took 0.091 seconds
[2022-10-05T09:15:17.964+0000] {processor.py:156} INFO - Started process (PID=8589) to work on /home/airflow/.local/lib/python3.7/site-packages/airflow/example_dags/example_python_operator.py
[2022-10-05T09:15:17.965+0000] {processor.py:758} INFO - Processing file /home/airflow/.local/lib/python3.7/site-packages/airflow/example_dags/example_python_operator.py for tasks to queue
[2022-10-05T09:15:17.965+0000] {logging_mixin.py:117} INFO - [2022-10-05T09:15:17.965+0000] {dagbag.py:525} INFO - Filling up the DagBag from /home/airflow/.local/lib/python3.7/site-packages/airflow/example_dags/example_python_operator.py
[2022-10-05T09:15:17.985+0000] {processor.py:768} INFO - DAG(s) dict_keys(['example_python_operator']) retrieved from /home/airflow/.local/lib/python3.7/site-packages/airflow/example_dags/example_python_operator.py
[2022-10-05T09:15:18.019+0000] {logging_mixin.py:117} INFO - [2022-10-05T09:15:18.018+0000] {dag.py:2573} INFO - Sync 1 DAGs
[2022-10-05T09:15:18.038+0000] {logging_mixin.py:117} INFO - [2022-10-05T09:15:18.038+0000] {dag.py:3328} INFO - Setting next_dagrun for example_python_operator to None, run_after=None
[2022-10-05T09:15:18.052+0000] {processor.py:178} INFO - Processing /home/airflow/.local/lib/python3.7/site-packages/airflow/example_dags/example_python_operator.py took 0.090 seconds
[2022-10-05T09:15:48.324+0000] {processor.py:156} INFO - Started process (PID=8787) to work on /home/airflow/.local/lib/python3.7/site-packages/airflow/example_dags/example_python_operator.py
[2022-10-05T09:15:48.324+0000] {processor.py:758} INFO - Processing file /home/airflow/.local/lib/python3.7/site-packages/airflow/example_dags/example_python_operator.py for tasks to queue
[2022-10-05T09:15:48.325+0000] {logging_mixin.py:117} INFO - [2022-10-05T09:15:48.325+0000] {dagbag.py:525} INFO - Filling up the DagBag from /home/airflow/.local/lib/python3.7/site-packages/airflow/example_dags/example_python_operator.py
[2022-10-05T09:15:48.345+0000] {processor.py:768} INFO - DAG(s) dict_keys(['example_python_operator']) retrieved from /home/airflow/.local/lib/python3.7/site-packages/airflow/example_dags/example_python_operator.py
[2022-10-05T09:15:48.377+0000] {logging_mixin.py:117} INFO - [2022-10-05T09:15:48.377+0000] {dag.py:2573} INFO - Sync 1 DAGs
[2022-10-05T09:15:48.397+0000] {logging_mixin.py:117} INFO - [2022-10-05T09:15:48.397+0000] {dag.py:3328} INFO - Setting next_dagrun for example_python_operator to None, run_after=None
[2022-10-05T09:15:48.411+0000] {processor.py:178} INFO - Processing /home/airflow/.local/lib/python3.7/site-packages/airflow/example_dags/example_python_operator.py took 0.089 seconds
[2022-10-05T09:16:18.774+0000] {processor.py:156} INFO - Started process (PID=8994) to work on /home/airflow/.local/lib/python3.7/site-packages/airflow/example_dags/example_python_operator.py
[2022-10-05T09:16:18.775+0000] {processor.py:758} INFO - Processing file /home/airflow/.local/lib/python3.7/site-packages/airflow/example_dags/example_python_operator.py for tasks to queue
[2022-10-05T09:16:18.775+0000] {logging_mixin.py:117} INFO - [2022-10-05T09:16:18.775+0000] {dagbag.py:525} INFO - Filling up the DagBag from /home/airflow/.local/lib/python3.7/site-packages/airflow/example_dags/example_python_operator.py
[2022-10-05T09:16:18.794+0000] {processor.py:768} INFO - DAG(s) dict_keys(['example_python_operator']) retrieved from /home/airflow/.local/lib/python3.7/site-packages/airflow/example_dags/example_python_operator.py
[2022-10-05T09:16:18.827+0000] {logging_mixin.py:117} INFO - [2022-10-05T09:16:18.827+0000] {dag.py:2573} INFO - Sync 1 DAGs
[2022-10-05T09:16:18.847+0000] {logging_mixin.py:117} INFO - [2022-10-05T09:16:18.846+0000] {dag.py:3328} INFO - Setting next_dagrun for example_python_operator to None, run_after=None
[2022-10-05T09:16:18.860+0000] {processor.py:178} INFO - Processing /home/airflow/.local/lib/python3.7/site-packages/airflow/example_dags/example_python_operator.py took 0.089 seconds
[2022-10-05T09:16:49.007+0000] {processor.py:156} INFO - Started process (PID=9201) to work on /home/airflow/.local/lib/python3.7/site-packages/airflow/example_dags/example_python_operator.py
[2022-10-05T09:16:49.008+0000] {processor.py:758} INFO - Processing file /home/airflow/.local/lib/python3.7/site-packages/airflow/example_dags/example_python_operator.py for tasks to queue
[2022-10-05T09:16:49.009+0000] {logging_mixin.py:117} INFO - [2022-10-05T09:16:49.009+0000] {dagbag.py:525} INFO - Filling up the DagBag from /home/airflow/.local/lib/python3.7/site-packages/airflow/example_dags/example_python_operator.py
[2022-10-05T09:16:49.029+0000] {processor.py:768} INFO - DAG(s) dict_keys(['example_python_operator']) retrieved from /home/airflow/.local/lib/python3.7/site-packages/airflow/example_dags/example_python_operator.py
[2022-10-05T09:16:49.063+0000] {logging_mixin.py:117} INFO - [2022-10-05T09:16:49.062+0000] {dag.py:2573} INFO - Sync 1 DAGs
[2022-10-05T09:16:49.082+0000] {logging_mixin.py:117} INFO - [2022-10-05T09:16:49.082+0000] {dag.py:3328} INFO - Setting next_dagrun for example_python_operator to None, run_after=None
[2022-10-05T09:16:49.095+0000] {processor.py:178} INFO - Processing /home/airflow/.local/lib/python3.7/site-packages/airflow/example_dags/example_python_operator.py took 0.090 seconds
[2022-10-05T09:17:19.370+0000] {processor.py:156} INFO - Started process (PID=9408) to work on /home/airflow/.local/lib/python3.7/site-packages/airflow/example_dags/example_python_operator.py
[2022-10-05T09:17:19.371+0000] {processor.py:758} INFO - Processing file /home/airflow/.local/lib/python3.7/site-packages/airflow/example_dags/example_python_operator.py for tasks to queue
[2022-10-05T09:17:19.371+0000] {logging_mixin.py:117} INFO - [2022-10-05T09:17:19.371+0000] {dagbag.py:525} INFO - Filling up the DagBag from /home/airflow/.local/lib/python3.7/site-packages/airflow/example_dags/example_python_operator.py
[2022-10-05T09:17:19.391+0000] {processor.py:768} INFO - DAG(s) dict_keys(['example_python_operator']) retrieved from /home/airflow/.local/lib/python3.7/site-packages/airflow/example_dags/example_python_operator.py
[2022-10-05T09:17:19.424+0000] {logging_mixin.py:117} INFO - [2022-10-05T09:17:19.424+0000] {dag.py:2573} INFO - Sync 1 DAGs
[2022-10-05T09:17:19.443+0000] {logging_mixin.py:117} INFO - [2022-10-05T09:17:19.443+0000] {dag.py:3328} INFO - Setting next_dagrun for example_python_operator to None, run_after=None
[2022-10-05T09:17:19.457+0000] {processor.py:178} INFO - Processing /home/airflow/.local/lib/python3.7/site-packages/airflow/example_dags/example_python_operator.py took 0.089 seconds
[2022-10-05T09:17:49.875+0000] {processor.py:156} INFO - Started process (PID=9606) to work on /home/airflow/.local/lib/python3.7/site-packages/airflow/example_dags/example_python_operator.py
[2022-10-05T09:17:49.876+0000] {processor.py:758} INFO - Processing file /home/airflow/.local/lib/python3.7/site-packages/airflow/example_dags/example_python_operator.py for tasks to queue
[2022-10-05T09:17:49.876+0000] {logging_mixin.py:117} INFO - [2022-10-05T09:17:49.876+0000] {dagbag.py:525} INFO - Filling up the DagBag from /home/airflow/.local/lib/python3.7/site-packages/airflow/example_dags/example_python_operator.py
[2022-10-05T09:17:49.897+0000] {processor.py:768} INFO - DAG(s) dict_keys(['example_python_operator']) retrieved from /home/airflow/.local/lib/python3.7/site-packages/airflow/example_dags/example_python_operator.py
[2022-10-05T09:17:49.929+0000] {logging_mixin.py:117} INFO - [2022-10-05T09:17:49.929+0000] {dag.py:2573} INFO - Sync 1 DAGs
[2022-10-05T09:17:49.948+0000] {logging_mixin.py:117} INFO - [2022-10-05T09:17:49.948+0000] {dag.py:3328} INFO - Setting next_dagrun for example_python_operator to None, run_after=None
[2022-10-05T09:17:49.963+0000] {processor.py:178} INFO - Processing /home/airflow/.local/lib/python3.7/site-packages/airflow/example_dags/example_python_operator.py took 0.090 seconds
[2022-10-05T09:18:20.153+0000] {processor.py:156} INFO - Started process (PID=9813) to work on /home/airflow/.local/lib/python3.7/site-packages/airflow/example_dags/example_python_operator.py
[2022-10-05T09:18:20.154+0000] {processor.py:758} INFO - Processing file /home/airflow/.local/lib/python3.7/site-packages/airflow/example_dags/example_python_operator.py for tasks to queue
[2022-10-05T09:18:20.154+0000] {logging_mixin.py:117} INFO - [2022-10-05T09:18:20.154+0000] {dagbag.py:525} INFO - Filling up the DagBag from /home/airflow/.local/lib/python3.7/site-packages/airflow/example_dags/example_python_operator.py
[2022-10-05T09:18:20.175+0000] {processor.py:768} INFO - DAG(s) dict_keys(['example_python_operator']) retrieved from /home/airflow/.local/lib/python3.7/site-packages/airflow/example_dags/example_python_operator.py
[2022-10-05T09:18:20.207+0000] {logging_mixin.py:117} INFO - [2022-10-05T09:18:20.207+0000] {dag.py:2573} INFO - Sync 1 DAGs
[2022-10-05T09:18:20.227+0000] {logging_mixin.py:117} INFO - [2022-10-05T09:18:20.227+0000] {dag.py:3328} INFO - Setting next_dagrun for example_python_operator to None, run_after=None
[2022-10-05T09:18:20.241+0000] {processor.py:178} INFO - Processing /home/airflow/.local/lib/python3.7/site-packages/airflow/example_dags/example_python_operator.py took 0.091 seconds
[2022-10-05T09:18:50.870+0000] {processor.py:156} INFO - Started process (PID=10020) to work on /home/airflow/.local/lib/python3.7/site-packages/airflow/example_dags/example_python_operator.py
[2022-10-05T09:18:50.870+0000] {processor.py:758} INFO - Processing file /home/airflow/.local/lib/python3.7/site-packages/airflow/example_dags/example_python_operator.py for tasks to queue
[2022-10-05T09:18:50.871+0000] {logging_mixin.py:117} INFO - [2022-10-05T09:18:50.871+0000] {dagbag.py:525} INFO - Filling up the DagBag from /home/airflow/.local/lib/python3.7/site-packages/airflow/example_dags/example_python_operator.py
[2022-10-05T09:18:50.891+0000] {processor.py:768} INFO - DAG(s) dict_keys(['example_python_operator']) retrieved from /home/airflow/.local/lib/python3.7/site-packages/airflow/example_dags/example_python_operator.py
[2022-10-05T09:18:50.924+0000] {logging_mixin.py:117} INFO - [2022-10-05T09:18:50.924+0000] {dag.py:2573} INFO - Sync 1 DAGs
[2022-10-05T09:18:50.944+0000] {logging_mixin.py:117} INFO - [2022-10-05T09:18:50.943+0000] {dag.py:3328} INFO - Setting next_dagrun for example_python_operator to None, run_after=None
[2022-10-05T09:18:50.958+0000] {processor.py:178} INFO - Processing /home/airflow/.local/lib/python3.7/site-packages/airflow/example_dags/example_python_operator.py took 0.090 seconds
[2022-10-05T09:19:21.444+0000] {processor.py:156} INFO - Started process (PID=10227) to work on /home/airflow/.local/lib/python3.7/site-packages/airflow/example_dags/example_python_operator.py
[2022-10-05T09:19:21.445+0000] {processor.py:758} INFO - Processing file /home/airflow/.local/lib/python3.7/site-packages/airflow/example_dags/example_python_operator.py for tasks to queue
[2022-10-05T09:19:21.445+0000] {logging_mixin.py:117} INFO - [2022-10-05T09:19:21.445+0000] {dagbag.py:525} INFO - Filling up the DagBag from /home/airflow/.local/lib/python3.7/site-packages/airflow/example_dags/example_python_operator.py
[2022-10-05T09:19:21.464+0000] {processor.py:768} INFO - DAG(s) dict_keys(['example_python_operator']) retrieved from /home/airflow/.local/lib/python3.7/site-packages/airflow/example_dags/example_python_operator.py
[2022-10-05T09:19:21.498+0000] {logging_mixin.py:117} INFO - [2022-10-05T09:19:21.498+0000] {dag.py:2573} INFO - Sync 1 DAGs
[2022-10-05T09:19:21.517+0000] {logging_mixin.py:117} INFO - [2022-10-05T09:19:21.517+0000] {dag.py:3328} INFO - Setting next_dagrun for example_python_operator to None, run_after=None
[2022-10-05T09:19:21.531+0000] {processor.py:178} INFO - Processing /home/airflow/.local/lib/python3.7/site-packages/airflow/example_dags/example_python_operator.py took 0.089 seconds
[2022-10-05T09:19:51.980+0000] {processor.py:156} INFO - Started process (PID=10432) to work on /home/airflow/.local/lib/python3.7/site-packages/airflow/example_dags/example_python_operator.py
[2022-10-05T09:19:51.980+0000] {processor.py:758} INFO - Processing file /home/airflow/.local/lib/python3.7/site-packages/airflow/example_dags/example_python_operator.py for tasks to queue
[2022-10-05T09:19:51.981+0000] {logging_mixin.py:117} INFO - [2022-10-05T09:19:51.981+0000] {dagbag.py:525} INFO - Filling up the DagBag from /home/airflow/.local/lib/python3.7/site-packages/airflow/example_dags/example_python_operator.py
[2022-10-05T09:19:52.002+0000] {processor.py:768} INFO - DAG(s) dict_keys(['example_python_operator']) retrieved from /home/airflow/.local/lib/python3.7/site-packages/airflow/example_dags/example_python_operator.py
[2022-10-05T09:19:52.035+0000] {logging_mixin.py:117} INFO - [2022-10-05T09:19:52.035+0000] {dag.py:2573} INFO - Sync 1 DAGs
[2022-10-05T09:19:52.054+0000] {logging_mixin.py:117} INFO - [2022-10-05T09:19:52.054+0000] {dag.py:3328} INFO - Setting next_dagrun for example_python_operator to None, run_after=None
[2022-10-05T09:19:52.070+0000] {processor.py:178} INFO - Processing /home/airflow/.local/lib/python3.7/site-packages/airflow/example_dags/example_python_operator.py took 0.092 seconds
[2022-10-05T09:20:22.537+0000] {processor.py:156} INFO - Started process (PID=10632) to work on /home/airflow/.local/lib/python3.7/site-packages/airflow/example_dags/example_python_operator.py
[2022-10-05T09:20:22.537+0000] {processor.py:758} INFO - Processing file /home/airflow/.local/lib/python3.7/site-packages/airflow/example_dags/example_python_operator.py for tasks to queue
[2022-10-05T09:20:22.538+0000] {logging_mixin.py:117} INFO - [2022-10-05T09:20:22.538+0000] {dagbag.py:525} INFO - Filling up the DagBag from /home/airflow/.local/lib/python3.7/site-packages/airflow/example_dags/example_python_operator.py
[2022-10-05T09:20:22.558+0000] {processor.py:768} INFO - DAG(s) dict_keys(['example_python_operator']) retrieved from /home/airflow/.local/lib/python3.7/site-packages/airflow/example_dags/example_python_operator.py
[2022-10-05T09:20:22.591+0000] {logging_mixin.py:117} INFO - [2022-10-05T09:20:22.591+0000] {dag.py:2573} INFO - Sync 1 DAGs
[2022-10-05T09:20:22.611+0000] {logging_mixin.py:117} INFO - [2022-10-05T09:20:22.611+0000] {dag.py:3328} INFO - Setting next_dagrun for example_python_operator to None, run_after=None
[2022-10-05T09:20:22.625+0000] {processor.py:178} INFO - Processing /home/airflow/.local/lib/python3.7/site-packages/airflow/example_dags/example_python_operator.py took 0.091 seconds
[2022-10-05T09:20:53.248+0000] {processor.py:156} INFO - Started process (PID=10839) to work on /home/airflow/.local/lib/python3.7/site-packages/airflow/example_dags/example_python_operator.py
[2022-10-05T09:20:53.248+0000] {processor.py:758} INFO - Processing file /home/airflow/.local/lib/python3.7/site-packages/airflow/example_dags/example_python_operator.py for tasks to queue
[2022-10-05T09:20:53.249+0000] {logging_mixin.py:117} INFO - [2022-10-05T09:20:53.249+0000] {dagbag.py:525} INFO - Filling up the DagBag from /home/airflow/.local/lib/python3.7/site-packages/airflow/example_dags/example_python_operator.py
[2022-10-05T09:20:53.269+0000] {processor.py:768} INFO - DAG(s) dict_keys(['example_python_operator']) retrieved from /home/airflow/.local/lib/python3.7/site-packages/airflow/example_dags/example_python_operator.py
[2022-10-05T09:20:53.303+0000] {logging_mixin.py:117} INFO - [2022-10-05T09:20:53.303+0000] {dag.py:2573} INFO - Sync 1 DAGs
[2022-10-05T09:20:53.323+0000] {logging_mixin.py:117} INFO - [2022-10-05T09:20:53.322+0000] {dag.py:3328} INFO - Setting next_dagrun for example_python_operator to None, run_after=None
[2022-10-05T09:20:53.337+0000] {processor.py:178} INFO - Processing /home/airflow/.local/lib/python3.7/site-packages/airflow/example_dags/example_python_operator.py took 0.092 seconds
[2022-10-05T09:21:23.852+0000] {processor.py:156} INFO - Started process (PID=11046) to work on /home/airflow/.local/lib/python3.7/site-packages/airflow/example_dags/example_python_operator.py
[2022-10-05T09:21:23.853+0000] {processor.py:758} INFO - Processing file /home/airflow/.local/lib/python3.7/site-packages/airflow/example_dags/example_python_operator.py for tasks to queue
[2022-10-05T09:21:23.854+0000] {logging_mixin.py:117} INFO - [2022-10-05T09:21:23.853+0000] {dagbag.py:525} INFO - Filling up the DagBag from /home/airflow/.local/lib/python3.7/site-packages/airflow/example_dags/example_python_operator.py
[2022-10-05T09:21:23.873+0000] {processor.py:768} INFO - DAG(s) dict_keys(['example_python_operator']) retrieved from /home/airflow/.local/lib/python3.7/site-packages/airflow/example_dags/example_python_operator.py
[2022-10-05T09:21:23.907+0000] {logging_mixin.py:117} INFO - [2022-10-05T09:21:23.907+0000] {dag.py:2573} INFO - Sync 1 DAGs
[2022-10-05T09:21:23.926+0000] {logging_mixin.py:117} INFO - [2022-10-05T09:21:23.926+0000] {dag.py:3328} INFO - Setting next_dagrun for example_python_operator to None, run_after=None
[2022-10-05T09:21:23.940+0000] {processor.py:178} INFO - Processing /home/airflow/.local/lib/python3.7/site-packages/airflow/example_dags/example_python_operator.py took 0.090 seconds
[2022-10-05T09:21:54.459+0000] {processor.py:156} INFO - Started process (PID=11253) to work on /home/airflow/.local/lib/python3.7/site-packages/airflow/example_dags/example_python_operator.py
[2022-10-05T09:21:54.460+0000] {processor.py:758} INFO - Processing file /home/airflow/.local/lib/python3.7/site-packages/airflow/example_dags/example_python_operator.py for tasks to queue
[2022-10-05T09:21:54.460+0000] {logging_mixin.py:117} INFO - [2022-10-05T09:21:54.460+0000] {dagbag.py:525} INFO - Filling up the DagBag from /home/airflow/.local/lib/python3.7/site-packages/airflow/example_dags/example_python_operator.py
[2022-10-05T09:21:54.481+0000] {processor.py:768} INFO - DAG(s) dict_keys(['example_python_operator']) retrieved from /home/airflow/.local/lib/python3.7/site-packages/airflow/example_dags/example_python_operator.py
[2022-10-05T09:21:54.514+0000] {logging_mixin.py:117} INFO - [2022-10-05T09:21:54.514+0000] {dag.py:2573} INFO - Sync 1 DAGs
[2022-10-05T09:21:54.533+0000] {logging_mixin.py:117} INFO - [2022-10-05T09:21:54.533+0000] {dag.py:3328} INFO - Setting next_dagrun for example_python_operator to None, run_after=None
[2022-10-05T09:21:54.549+0000] {processor.py:178} INFO - Processing /home/airflow/.local/lib/python3.7/site-packages/airflow/example_dags/example_python_operator.py took 0.092 seconds
[2022-10-05T09:22:25.086+0000] {processor.py:156} INFO - Started process (PID=11451) to work on /home/airflow/.local/lib/python3.7/site-packages/airflow/example_dags/example_python_operator.py
[2022-10-05T09:22:25.086+0000] {processor.py:758} INFO - Processing file /home/airflow/.local/lib/python3.7/site-packages/airflow/example_dags/example_python_operator.py for tasks to queue
[2022-10-05T09:22:25.087+0000] {logging_mixin.py:117} INFO - [2022-10-05T09:22:25.087+0000] {dagbag.py:525} INFO - Filling up the DagBag from /home/airflow/.local/lib/python3.7/site-packages/airflow/example_dags/example_python_operator.py
[2022-10-05T09:22:25.107+0000] {processor.py:768} INFO - DAG(s) dict_keys(['example_python_operator']) retrieved from /home/airflow/.local/lib/python3.7/site-packages/airflow/example_dags/example_python_operator.py
[2022-10-05T09:22:25.140+0000] {logging_mixin.py:117} INFO - [2022-10-05T09:22:25.140+0000] {dag.py:2573} INFO - Sync 1 DAGs
[2022-10-05T09:22:25.160+0000] {logging_mixin.py:117} INFO - [2022-10-05T09:22:25.160+0000] {dag.py:3328} INFO - Setting next_dagrun for example_python_operator to None, run_after=None
[2022-10-05T09:22:25.174+0000] {processor.py:178} INFO - Processing /home/airflow/.local/lib/python3.7/site-packages/airflow/example_dags/example_python_operator.py took 0.090 seconds
[2022-10-05T09:22:55.483+0000] {processor.py:156} INFO - Started process (PID=11658) to work on /home/airflow/.local/lib/python3.7/site-packages/airflow/example_dags/example_python_operator.py
[2022-10-05T09:22:55.484+0000] {processor.py:758} INFO - Processing file /home/airflow/.local/lib/python3.7/site-packages/airflow/example_dags/example_python_operator.py for tasks to queue
[2022-10-05T09:22:55.485+0000] {logging_mixin.py:117} INFO - [2022-10-05T09:22:55.485+0000] {dagbag.py:525} INFO - Filling up the DagBag from /home/airflow/.local/lib/python3.7/site-packages/airflow/example_dags/example_python_operator.py
[2022-10-05T09:22:55.505+0000] {processor.py:768} INFO - DAG(s) dict_keys(['example_python_operator']) retrieved from /home/airflow/.local/lib/python3.7/site-packages/airflow/example_dags/example_python_operator.py
[2022-10-05T09:22:55.539+0000] {logging_mixin.py:117} INFO - [2022-10-05T09:22:55.539+0000] {dag.py:2573} INFO - Sync 1 DAGs
[2022-10-05T09:22:55.558+0000] {logging_mixin.py:117} INFO - [2022-10-05T09:22:55.558+0000] {dag.py:3328} INFO - Setting next_dagrun for example_python_operator to None, run_after=None
[2022-10-05T09:22:55.572+0000] {processor.py:178} INFO - Processing /home/airflow/.local/lib/python3.7/site-packages/airflow/example_dags/example_python_operator.py took 0.091 seconds
[2022-10-05T09:23:25.856+0000] {processor.py:156} INFO - Started process (PID=11865) to work on /home/airflow/.local/lib/python3.7/site-packages/airflow/example_dags/example_python_operator.py
[2022-10-05T09:23:25.858+0000] {processor.py:758} INFO - Processing file /home/airflow/.local/lib/python3.7/site-packages/airflow/example_dags/example_python_operator.py for tasks to queue
[2022-10-05T09:23:25.858+0000] {logging_mixin.py:117} INFO - [2022-10-05T09:23:25.858+0000] {dagbag.py:525} INFO - Filling up the DagBag from /home/airflow/.local/lib/python3.7/site-packages/airflow/example_dags/example_python_operator.py
[2022-10-05T09:23:25.878+0000] {processor.py:768} INFO - DAG(s) dict_keys(['example_python_operator']) retrieved from /home/airflow/.local/lib/python3.7/site-packages/airflow/example_dags/example_python_operator.py
[2022-10-05T09:23:25.912+0000] {logging_mixin.py:117} INFO - [2022-10-05T09:23:25.912+0000] {dag.py:2573} INFO - Sync 1 DAGs
[2022-10-05T09:23:25.931+0000] {logging_mixin.py:117} INFO - [2022-10-05T09:23:25.931+0000] {dag.py:3328} INFO - Setting next_dagrun for example_python_operator to None, run_after=None
[2022-10-05T09:23:25.945+0000] {processor.py:178} INFO - Processing /home/airflow/.local/lib/python3.7/site-packages/airflow/example_dags/example_python_operator.py took 0.091 seconds
[2022-10-05T09:23:56.274+0000] {processor.py:156} INFO - Started process (PID=12072) to work on /home/airflow/.local/lib/python3.7/site-packages/airflow/example_dags/example_python_operator.py
[2022-10-05T09:23:56.275+0000] {processor.py:758} INFO - Processing file /home/airflow/.local/lib/python3.7/site-packages/airflow/example_dags/example_python_operator.py for tasks to queue
[2022-10-05T09:23:56.275+0000] {logging_mixin.py:117} INFO - [2022-10-05T09:23:56.275+0000] {dagbag.py:525} INFO - Filling up the DagBag from /home/airflow/.local/lib/python3.7/site-packages/airflow/example_dags/example_python_operator.py
[2022-10-05T09:23:56.295+0000] {processor.py:768} INFO - DAG(s) dict_keys(['example_python_operator']) retrieved from /home/airflow/.local/lib/python3.7/site-packages/airflow/example_dags/example_python_operator.py
[2022-10-05T09:23:56.327+0000] {logging_mixin.py:117} INFO - [2022-10-05T09:23:56.327+0000] {dag.py:2573} INFO - Sync 1 DAGs
[2022-10-05T09:23:56.347+0000] {logging_mixin.py:117} INFO - [2022-10-05T09:23:56.346+0000] {dag.py:3328} INFO - Setting next_dagrun for example_python_operator to None, run_after=None
[2022-10-05T09:23:56.361+0000] {processor.py:178} INFO - Processing /home/airflow/.local/lib/python3.7/site-packages/airflow/example_dags/example_python_operator.py took 0.090 seconds
[2022-10-05T09:24:26.647+0000] {processor.py:156} INFO - Started process (PID=12270) to work on /home/airflow/.local/lib/python3.7/site-packages/airflow/example_dags/example_python_operator.py
[2022-10-05T09:24:26.648+0000] {processor.py:758} INFO - Processing file /home/airflow/.local/lib/python3.7/site-packages/airflow/example_dags/example_python_operator.py for tasks to queue
[2022-10-05T09:24:26.648+0000] {logging_mixin.py:117} INFO - [2022-10-05T09:24:26.648+0000] {dagbag.py:525} INFO - Filling up the DagBag from /home/airflow/.local/lib/python3.7/site-packages/airflow/example_dags/example_python_operator.py
[2022-10-05T09:24:26.668+0000] {processor.py:768} INFO - DAG(s) dict_keys(['example_python_operator']) retrieved from /home/airflow/.local/lib/python3.7/site-packages/airflow/example_dags/example_python_operator.py
[2022-10-05T09:24:26.701+0000] {logging_mixin.py:117} INFO - [2022-10-05T09:24:26.701+0000] {dag.py:2573} INFO - Sync 1 DAGs
[2022-10-05T09:24:26.721+0000] {logging_mixin.py:117} INFO - [2022-10-05T09:24:26.721+0000] {dag.py:3328} INFO - Setting next_dagrun for example_python_operator to None, run_after=None
[2022-10-05T09:24:26.735+0000] {processor.py:178} INFO - Processing /home/airflow/.local/lib/python3.7/site-packages/airflow/example_dags/example_python_operator.py took 0.090 seconds
[2022-10-05T09:24:57.075+0000] {processor.py:156} INFO - Started process (PID=12477) to work on /home/airflow/.local/lib/python3.7/site-packages/airflow/example_dags/example_python_operator.py
[2022-10-05T09:24:57.075+0000] {processor.py:758} INFO - Processing file /home/airflow/.local/lib/python3.7/site-packages/airflow/example_dags/example_python_operator.py for tasks to queue
[2022-10-05T09:24:57.076+0000] {logging_mixin.py:117} INFO - [2022-10-05T09:24:57.076+0000] {dagbag.py:525} INFO - Filling up the DagBag from /home/airflow/.local/lib/python3.7/site-packages/airflow/example_dags/example_python_operator.py
[2022-10-05T09:24:57.096+0000] {processor.py:768} INFO - DAG(s) dict_keys(['example_python_operator']) retrieved from /home/airflow/.local/lib/python3.7/site-packages/airflow/example_dags/example_python_operator.py
[2022-10-05T09:24:57.130+0000] {logging_mixin.py:117} INFO - [2022-10-05T09:24:57.130+0000] {dag.py:2573} INFO - Sync 1 DAGs
[2022-10-05T09:24:57.149+0000] {logging_mixin.py:117} INFO - [2022-10-05T09:24:57.149+0000] {dag.py:3328} INFO - Setting next_dagrun for example_python_operator to None, run_after=None
[2022-10-05T09:24:57.163+0000] {processor.py:178} INFO - Processing /home/airflow/.local/lib/python3.7/site-packages/airflow/example_dags/example_python_operator.py took 0.091 seconds
[2022-10-05T09:25:27.474+0000] {processor.py:156} INFO - Started process (PID=12684) to work on /home/airflow/.local/lib/python3.7/site-packages/airflow/example_dags/example_python_operator.py
[2022-10-05T09:25:27.475+0000] {processor.py:758} INFO - Processing file /home/airflow/.local/lib/python3.7/site-packages/airflow/example_dags/example_python_operator.py for tasks to queue
[2022-10-05T09:25:27.476+0000] {logging_mixin.py:117} INFO - [2022-10-05T09:25:27.476+0000] {dagbag.py:525} INFO - Filling up the DagBag from /home/airflow/.local/lib/python3.7/site-packages/airflow/example_dags/example_python_operator.py
[2022-10-05T09:25:27.496+0000] {processor.py:768} INFO - DAG(s) dict_keys(['example_python_operator']) retrieved from /home/airflow/.local/lib/python3.7/site-packages/airflow/example_dags/example_python_operator.py
[2022-10-05T09:25:27.528+0000] {logging_mixin.py:117} INFO - [2022-10-05T09:25:27.528+0000] {dag.py:2573} INFO - Sync 1 DAGs
[2022-10-05T09:25:27.547+0000] {logging_mixin.py:117} INFO - [2022-10-05T09:25:27.547+0000] {dag.py:3328} INFO - Setting next_dagrun for example_python_operator to None, run_after=None
[2022-10-05T09:25:27.561+0000] {processor.py:178} INFO - Processing /home/airflow/.local/lib/python3.7/site-packages/airflow/example_dags/example_python_operator.py took 0.089 seconds
[2022-10-05T09:25:57.859+0000] {processor.py:156} INFO - Started process (PID=12891) to work on /home/airflow/.local/lib/python3.7/site-packages/airflow/example_dags/example_python_operator.py
[2022-10-05T09:25:57.860+0000] {processor.py:758} INFO - Processing file /home/airflow/.local/lib/python3.7/site-packages/airflow/example_dags/example_python_operator.py for tasks to queue
[2022-10-05T09:25:57.861+0000] {logging_mixin.py:117} INFO - [2022-10-05T09:25:57.861+0000] {dagbag.py:525} INFO - Filling up the DagBag from /home/airflow/.local/lib/python3.7/site-packages/airflow/example_dags/example_python_operator.py
[2022-10-05T09:25:57.880+0000] {processor.py:768} INFO - DAG(s) dict_keys(['example_python_operator']) retrieved from /home/airflow/.local/lib/python3.7/site-packages/airflow/example_dags/example_python_operator.py
[2022-10-05T09:25:57.913+0000] {logging_mixin.py:117} INFO - [2022-10-05T09:25:57.913+0000] {dag.py:2573} INFO - Sync 1 DAGs
[2022-10-05T09:25:57.932+0000] {logging_mixin.py:117} INFO - [2022-10-05T09:25:57.932+0000] {dag.py:3328} INFO - Setting next_dagrun for example_python_operator to None, run_after=None
[2022-10-05T09:25:57.946+0000] {processor.py:178} INFO - Processing /home/airflow/.local/lib/python3.7/site-packages/airflow/example_dags/example_python_operator.py took 0.089 seconds
[2022-10-05T09:26:28.134+0000] {processor.py:156} INFO - Started process (PID=13089) to work on /home/airflow/.local/lib/python3.7/site-packages/airflow/example_dags/example_python_operator.py
[2022-10-05T09:26:28.135+0000] {processor.py:758} INFO - Processing file /home/airflow/.local/lib/python3.7/site-packages/airflow/example_dags/example_python_operator.py for tasks to queue
[2022-10-05T09:26:28.135+0000] {logging_mixin.py:117} INFO - [2022-10-05T09:26:28.135+0000] {dagbag.py:525} INFO - Filling up the DagBag from /home/airflow/.local/lib/python3.7/site-packages/airflow/example_dags/example_python_operator.py
[2022-10-05T09:26:28.155+0000] {processor.py:768} INFO - DAG(s) dict_keys(['example_python_operator']) retrieved from /home/airflow/.local/lib/python3.7/site-packages/airflow/example_dags/example_python_operator.py
[2022-10-05T09:26:28.188+0000] {logging_mixin.py:117} INFO - [2022-10-05T09:26:28.188+0000] {dag.py:2573} INFO - Sync 1 DAGs
[2022-10-05T09:26:28.208+0000] {logging_mixin.py:117} INFO - [2022-10-05T09:26:28.208+0000] {dag.py:3328} INFO - Setting next_dagrun for example_python_operator to None, run_after=None
[2022-10-05T09:26:28.222+0000] {processor.py:178} INFO - Processing /home/airflow/.local/lib/python3.7/site-packages/airflow/example_dags/example_python_operator.py took 0.090 seconds
[2022-10-05T09:26:58.637+0000] {processor.py:156} INFO - Started process (PID=13296) to work on /home/airflow/.local/lib/python3.7/site-packages/airflow/example_dags/example_python_operator.py
[2022-10-05T09:26:58.638+0000] {processor.py:758} INFO - Processing file /home/airflow/.local/lib/python3.7/site-packages/airflow/example_dags/example_python_operator.py for tasks to queue
[2022-10-05T09:26:58.638+0000] {logging_mixin.py:117} INFO - [2022-10-05T09:26:58.638+0000] {dagbag.py:525} INFO - Filling up the DagBag from /home/airflow/.local/lib/python3.7/site-packages/airflow/example_dags/example_python_operator.py
[2022-10-05T09:26:58.658+0000] {processor.py:768} INFO - DAG(s) dict_keys(['example_python_operator']) retrieved from /home/airflow/.local/lib/python3.7/site-packages/airflow/example_dags/example_python_operator.py
[2022-10-05T09:26:58.691+0000] {logging_mixin.py:117} INFO - [2022-10-05T09:26:58.691+0000] {dag.py:2573} INFO - Sync 1 DAGs
[2022-10-05T09:26:58.711+0000] {logging_mixin.py:117} INFO - [2022-10-05T09:26:58.710+0000] {dag.py:3328} INFO - Setting next_dagrun for example_python_operator to None, run_after=None
[2022-10-05T09:26:58.724+0000] {processor.py:178} INFO - Processing /home/airflow/.local/lib/python3.7/site-packages/airflow/example_dags/example_python_operator.py took 0.089 seconds
[2022-10-05T09:27:29.009+0000] {processor.py:156} INFO - Started process (PID=13503) to work on /home/airflow/.local/lib/python3.7/site-packages/airflow/example_dags/example_python_operator.py
[2022-10-05T09:27:29.010+0000] {processor.py:758} INFO - Processing file /home/airflow/.local/lib/python3.7/site-packages/airflow/example_dags/example_python_operator.py for tasks to queue
[2022-10-05T09:27:29.010+0000] {logging_mixin.py:117} INFO - [2022-10-05T09:27:29.010+0000] {dagbag.py:525} INFO - Filling up the DagBag from /home/airflow/.local/lib/python3.7/site-packages/airflow/example_dags/example_python_operator.py
[2022-10-05T09:27:29.030+0000] {processor.py:768} INFO - DAG(s) dict_keys(['example_python_operator']) retrieved from /home/airflow/.local/lib/python3.7/site-packages/airflow/example_dags/example_python_operator.py
[2022-10-05T09:27:29.064+0000] {logging_mixin.py:117} INFO - [2022-10-05T09:27:29.064+0000] {dag.py:2573} INFO - Sync 1 DAGs
[2022-10-05T09:27:29.083+0000] {logging_mixin.py:117} INFO - [2022-10-05T09:27:29.083+0000] {dag.py:3328} INFO - Setting next_dagrun for example_python_operator to None, run_after=None
[2022-10-05T09:27:29.097+0000] {processor.py:178} INFO - Processing /home/airflow/.local/lib/python3.7/site-packages/airflow/example_dags/example_python_operator.py took 0.090 seconds
[2022-10-05T09:27:59.376+0000] {processor.py:156} INFO - Started process (PID=13710) to work on /home/airflow/.local/lib/python3.7/site-packages/airflow/example_dags/example_python_operator.py
[2022-10-05T09:27:59.377+0000] {processor.py:758} INFO - Processing file /home/airflow/.local/lib/python3.7/site-packages/airflow/example_dags/example_python_operator.py for tasks to queue
[2022-10-05T09:27:59.377+0000] {logging_mixin.py:117} INFO - [2022-10-05T09:27:59.377+0000] {dagbag.py:525} INFO - Filling up the DagBag from /home/airflow/.local/lib/python3.7/site-packages/airflow/example_dags/example_python_operator.py
[2022-10-05T09:27:59.397+0000] {processor.py:768} INFO - DAG(s) dict_keys(['example_python_operator']) retrieved from /home/airflow/.local/lib/python3.7/site-packages/airflow/example_dags/example_python_operator.py
[2022-10-05T09:27:59.430+0000] {logging_mixin.py:117} INFO - [2022-10-05T09:27:59.430+0000] {dag.py:2573} INFO - Sync 1 DAGs
[2022-10-05T09:27:59.449+0000] {logging_mixin.py:117} INFO - [2022-10-05T09:27:59.449+0000] {dag.py:3328} INFO - Setting next_dagrun for example_python_operator to None, run_after=None
[2022-10-05T09:27:59.463+0000] {processor.py:178} INFO - Processing /home/airflow/.local/lib/python3.7/site-packages/airflow/example_dags/example_python_operator.py took 0.090 seconds
[2022-10-05T09:28:29.736+0000] {processor.py:156} INFO - Started process (PID=13908) to work on /home/airflow/.local/lib/python3.7/site-packages/airflow/example_dags/example_python_operator.py
[2022-10-05T09:28:29.737+0000] {processor.py:758} INFO - Processing file /home/airflow/.local/lib/python3.7/site-packages/airflow/example_dags/example_python_operator.py for tasks to queue
[2022-10-05T09:28:29.737+0000] {logging_mixin.py:117} INFO - [2022-10-05T09:28:29.737+0000] {dagbag.py:525} INFO - Filling up the DagBag from /home/airflow/.local/lib/python3.7/site-packages/airflow/example_dags/example_python_operator.py
[2022-10-05T09:28:29.758+0000] {processor.py:768} INFO - DAG(s) dict_keys(['example_python_operator']) retrieved from /home/airflow/.local/lib/python3.7/site-packages/airflow/example_dags/example_python_operator.py
[2022-10-05T09:28:29.790+0000] {logging_mixin.py:117} INFO - [2022-10-05T09:28:29.790+0000] {dag.py:2573} INFO - Sync 1 DAGs
[2022-10-05T09:28:29.810+0000] {logging_mixin.py:117} INFO - [2022-10-05T09:28:29.810+0000] {dag.py:3328} INFO - Setting next_dagrun for example_python_operator to None, run_after=None
[2022-10-05T09:28:29.824+0000] {processor.py:178} INFO - Processing /home/airflow/.local/lib/python3.7/site-packages/airflow/example_dags/example_python_operator.py took 0.091 seconds
[2022-10-05T09:29:00.108+0000] {processor.py:156} INFO - Started process (PID=14115) to work on /home/airflow/.local/lib/python3.7/site-packages/airflow/example_dags/example_python_operator.py
[2022-10-05T09:29:00.109+0000] {processor.py:758} INFO - Processing file /home/airflow/.local/lib/python3.7/site-packages/airflow/example_dags/example_python_operator.py for tasks to queue
[2022-10-05T09:29:00.109+0000] {logging_mixin.py:117} INFO - [2022-10-05T09:29:00.109+0000] {dagbag.py:525} INFO - Filling up the DagBag from /home/airflow/.local/lib/python3.7/site-packages/airflow/example_dags/example_python_operator.py
[2022-10-05T09:29:00.129+0000] {processor.py:768} INFO - DAG(s) dict_keys(['example_python_operator']) retrieved from /home/airflow/.local/lib/python3.7/site-packages/airflow/example_dags/example_python_operator.py
[2022-10-05T09:29:00.161+0000] {logging_mixin.py:117} INFO - [2022-10-05T09:29:00.161+0000] {dag.py:2573} INFO - Sync 1 DAGs
[2022-10-05T09:29:00.181+0000] {logging_mixin.py:117} INFO - [2022-10-05T09:29:00.181+0000] {dag.py:3328} INFO - Setting next_dagrun for example_python_operator to None, run_after=None
[2022-10-05T09:29:00.195+0000] {processor.py:178} INFO - Processing /home/airflow/.local/lib/python3.7/site-packages/airflow/example_dags/example_python_operator.py took 0.089 seconds
[2022-10-05T09:29:30.684+0000] {processor.py:156} INFO - Started process (PID=14322) to work on /home/airflow/.local/lib/python3.7/site-packages/airflow/example_dags/example_python_operator.py
[2022-10-05T09:29:30.684+0000] {processor.py:758} INFO - Processing file /home/airflow/.local/lib/python3.7/site-packages/airflow/example_dags/example_python_operator.py for tasks to queue
[2022-10-05T09:29:30.685+0000] {logging_mixin.py:117} INFO - [2022-10-05T09:29:30.685+0000] {dagbag.py:525} INFO - Filling up the DagBag from /home/airflow/.local/lib/python3.7/site-packages/airflow/example_dags/example_python_operator.py
[2022-10-05T09:29:30.705+0000] {processor.py:768} INFO - DAG(s) dict_keys(['example_python_operator']) retrieved from /home/airflow/.local/lib/python3.7/site-packages/airflow/example_dags/example_python_operator.py
[2022-10-05T09:29:30.738+0000] {logging_mixin.py:117} INFO - [2022-10-05T09:29:30.738+0000] {dag.py:2573} INFO - Sync 1 DAGs
[2022-10-05T09:29:30.757+0000] {logging_mixin.py:117} INFO - [2022-10-05T09:29:30.757+0000] {dag.py:3328} INFO - Setting next_dagrun for example_python_operator to None, run_after=None
[2022-10-05T09:29:30.771+0000] {processor.py:178} INFO - Processing /home/airflow/.local/lib/python3.7/site-packages/airflow/example_dags/example_python_operator.py took 0.089 seconds
[2022-10-05T09:30:01.052+0000] {processor.py:156} INFO - Started process (PID=14529) to work on /home/airflow/.local/lib/python3.7/site-packages/airflow/example_dags/example_python_operator.py
[2022-10-05T09:30:01.052+0000] {processor.py:758} INFO - Processing file /home/airflow/.local/lib/python3.7/site-packages/airflow/example_dags/example_python_operator.py for tasks to queue
[2022-10-05T09:30:01.053+0000] {logging_mixin.py:117} INFO - [2022-10-05T09:30:01.053+0000] {dagbag.py:525} INFO - Filling up the DagBag from /home/airflow/.local/lib/python3.7/site-packages/airflow/example_dags/example_python_operator.py
[2022-10-05T09:30:01.073+0000] {processor.py:768} INFO - DAG(s) dict_keys(['example_python_operator']) retrieved from /home/airflow/.local/lib/python3.7/site-packages/airflow/example_dags/example_python_operator.py
[2022-10-05T09:30:01.106+0000] {logging_mixin.py:117} INFO - [2022-10-05T09:30:01.105+0000] {dag.py:2573} INFO - Sync 1 DAGs
[2022-10-05T09:30:01.124+0000] {logging_mixin.py:117} INFO - [2022-10-05T09:30:01.124+0000] {dag.py:3328} INFO - Setting next_dagrun for example_python_operator to None, run_after=None
[2022-10-05T09:30:01.138+0000] {processor.py:178} INFO - Processing /home/airflow/.local/lib/python3.7/site-packages/airflow/example_dags/example_python_operator.py took 0.088 seconds
[2022-10-05T09:30:31.421+0000] {processor.py:156} INFO - Started process (PID=14736) to work on /home/airflow/.local/lib/python3.7/site-packages/airflow/example_dags/example_python_operator.py
[2022-10-05T09:30:31.422+0000] {processor.py:758} INFO - Processing file /home/airflow/.local/lib/python3.7/site-packages/airflow/example_dags/example_python_operator.py for tasks to queue
[2022-10-05T09:30:31.423+0000] {logging_mixin.py:117} INFO - [2022-10-05T09:30:31.422+0000] {dagbag.py:525} INFO - Filling up the DagBag from /home/airflow/.local/lib/python3.7/site-packages/airflow/example_dags/example_python_operator.py
[2022-10-05T09:30:31.442+0000] {processor.py:768} INFO - DAG(s) dict_keys(['example_python_operator']) retrieved from /home/airflow/.local/lib/python3.7/site-packages/airflow/example_dags/example_python_operator.py
[2022-10-05T09:30:31.475+0000] {logging_mixin.py:117} INFO - [2022-10-05T09:30:31.475+0000] {dag.py:2573} INFO - Sync 1 DAGs
[2022-10-05T09:30:31.495+0000] {logging_mixin.py:117} INFO - [2022-10-05T09:30:31.494+0000] {dag.py:3328} INFO - Setting next_dagrun for example_python_operator to None, run_after=None
[2022-10-05T09:30:31.509+0000] {processor.py:178} INFO - Processing /home/airflow/.local/lib/python3.7/site-packages/airflow/example_dags/example_python_operator.py took 0.091 seconds
[2022-10-05T09:31:01.895+0000] {processor.py:156} INFO - Started process (PID=14934) to work on /home/airflow/.local/lib/python3.7/site-packages/airflow/example_dags/example_python_operator.py
[2022-10-05T09:31:01.895+0000] {processor.py:758} INFO - Processing file /home/airflow/.local/lib/python3.7/site-packages/airflow/example_dags/example_python_operator.py for tasks to queue
[2022-10-05T09:31:01.896+0000] {logging_mixin.py:117} INFO - [2022-10-05T09:31:01.896+0000] {dagbag.py:525} INFO - Filling up the DagBag from /home/airflow/.local/lib/python3.7/site-packages/airflow/example_dags/example_python_operator.py
[2022-10-05T09:31:01.916+0000] {processor.py:768} INFO - DAG(s) dict_keys(['example_python_operator']) retrieved from /home/airflow/.local/lib/python3.7/site-packages/airflow/example_dags/example_python_operator.py
[2022-10-05T09:31:01.948+0000] {logging_mixin.py:117} INFO - [2022-10-05T09:31:01.948+0000] {dag.py:2573} INFO - Sync 1 DAGs
[2022-10-05T09:31:01.968+0000] {logging_mixin.py:117} INFO - [2022-10-05T09:31:01.968+0000] {dag.py:3328} INFO - Setting next_dagrun for example_python_operator to None, run_after=None
[2022-10-05T09:31:01.982+0000] {processor.py:178} INFO - Processing /home/airflow/.local/lib/python3.7/site-packages/airflow/example_dags/example_python_operator.py took 0.089 seconds
