[2022-10-05T08:54:27.370+0000] {processor.py:156} INFO - Started process (PID=244) to work on /home/airflow/.local/lib/python3.7/site-packages/airflow/example_dags/example_dag_decorator.py
[2022-10-05T08:54:27.370+0000] {processor.py:758} INFO - Processing file /home/airflow/.local/lib/python3.7/site-packages/airflow/example_dags/example_dag_decorator.py for tasks to queue
[2022-10-05T08:54:27.371+0000] {logging_mixin.py:117} INFO - [2022-10-05T08:54:27.370+0000] {dagbag.py:525} INFO - Filling up the DagBag from /home/airflow/.local/lib/python3.7/site-packages/airflow/example_dags/example_dag_decorator.py
[2022-10-05T08:54:27.399+0000] {processor.py:768} INFO - DAG(s) dict_keys(['example_dag_decorator']) retrieved from /home/airflow/.local/lib/python3.7/site-packages/airflow/example_dags/example_dag_decorator.py
[2022-10-05T08:54:27.419+0000] {logging_mixin.py:117} INFO - [2022-10-05T08:54:27.419+0000] {dag.py:2573} INFO - Sync 1 DAGs
[2022-10-05T08:54:27.438+0000] {logging_mixin.py:117} INFO - [2022-10-05T08:54:27.438+0000] {dag.py:3328} INFO - Setting next_dagrun for example_dag_decorator to None, run_after=None
[2022-10-05T08:54:27.452+0000] {processor.py:178} INFO - Processing /home/airflow/.local/lib/python3.7/site-packages/airflow/example_dags/example_dag_decorator.py took 0.085 seconds
[2022-10-05T08:54:58.711+0000] {processor.py:156} INFO - Started process (PID=449) to work on /home/airflow/.local/lib/python3.7/site-packages/airflow/example_dags/example_dag_decorator.py
[2022-10-05T08:54:58.712+0000] {processor.py:758} INFO - Processing file /home/airflow/.local/lib/python3.7/site-packages/airflow/example_dags/example_dag_decorator.py for tasks to queue
[2022-10-05T08:54:58.712+0000] {logging_mixin.py:117} INFO - [2022-10-05T08:54:58.712+0000] {dagbag.py:525} INFO - Filling up the DagBag from /home/airflow/.local/lib/python3.7/site-packages/airflow/example_dags/example_dag_decorator.py
[2022-10-05T08:54:58.736+0000] {processor.py:768} INFO - DAG(s) dict_keys(['example_dag_decorator']) retrieved from /home/airflow/.local/lib/python3.7/site-packages/airflow/example_dags/example_dag_decorator.py
[2022-10-05T08:54:58.884+0000] {logging_mixin.py:117} INFO - [2022-10-05T08:54:58.883+0000] {dag.py:2573} INFO - Sync 1 DAGs
[2022-10-05T08:54:58.901+0000] {logging_mixin.py:117} INFO - [2022-10-05T08:54:58.901+0000] {dag.py:3328} INFO - Setting next_dagrun for example_dag_decorator to None, run_after=None
[2022-10-05T08:54:58.916+0000] {processor.py:178} INFO - Processing /home/airflow/.local/lib/python3.7/site-packages/airflow/example_dags/example_dag_decorator.py took 0.207 seconds
[2022-10-05T08:55:29.390+0000] {processor.py:156} INFO - Started process (PID=657) to work on /home/airflow/.local/lib/python3.7/site-packages/airflow/example_dags/example_dag_decorator.py
[2022-10-05T08:55:29.390+0000] {processor.py:758} INFO - Processing file /home/airflow/.local/lib/python3.7/site-packages/airflow/example_dags/example_dag_decorator.py for tasks to queue
[2022-10-05T08:55:29.391+0000] {logging_mixin.py:117} INFO - [2022-10-05T08:55:29.391+0000] {dagbag.py:525} INFO - Filling up the DagBag from /home/airflow/.local/lib/python3.7/site-packages/airflow/example_dags/example_dag_decorator.py
[2022-10-05T08:55:29.413+0000] {processor.py:768} INFO - DAG(s) dict_keys(['example_dag_decorator']) retrieved from /home/airflow/.local/lib/python3.7/site-packages/airflow/example_dags/example_dag_decorator.py
[2022-10-05T08:55:29.557+0000] {logging_mixin.py:117} INFO - [2022-10-05T08:55:29.557+0000] {dag.py:2573} INFO - Sync 1 DAGs
[2022-10-05T08:55:29.574+0000] {logging_mixin.py:117} INFO - [2022-10-05T08:55:29.574+0000] {dag.py:3328} INFO - Setting next_dagrun for example_dag_decorator to None, run_after=None
[2022-10-05T08:55:29.589+0000] {processor.py:178} INFO - Processing /home/airflow/.local/lib/python3.7/site-packages/airflow/example_dags/example_dag_decorator.py took 0.202 seconds
[2022-10-05T08:56:00.368+0000] {processor.py:156} INFO - Started process (PID=864) to work on /home/airflow/.local/lib/python3.7/site-packages/airflow/example_dags/example_dag_decorator.py
[2022-10-05T08:56:00.368+0000] {processor.py:758} INFO - Processing file /home/airflow/.local/lib/python3.7/site-packages/airflow/example_dags/example_dag_decorator.py for tasks to queue
[2022-10-05T08:56:00.368+0000] {logging_mixin.py:117} INFO - [2022-10-05T08:56:00.368+0000] {dagbag.py:525} INFO - Filling up the DagBag from /home/airflow/.local/lib/python3.7/site-packages/airflow/example_dags/example_dag_decorator.py
[2022-10-05T08:56:00.390+0000] {processor.py:768} INFO - DAG(s) dict_keys(['example_dag_decorator']) retrieved from /home/airflow/.local/lib/python3.7/site-packages/airflow/example_dags/example_dag_decorator.py
[2022-10-05T08:56:00.531+0000] {logging_mixin.py:117} INFO - [2022-10-05T08:56:00.531+0000] {dag.py:2573} INFO - Sync 1 DAGs
[2022-10-05T08:56:00.549+0000] {logging_mixin.py:117} INFO - [2022-10-05T08:56:00.549+0000] {dag.py:3328} INFO - Setting next_dagrun for example_dag_decorator to None, run_after=None
[2022-10-05T08:56:00.564+0000] {processor.py:178} INFO - Processing /home/airflow/.local/lib/python3.7/site-packages/airflow/example_dags/example_dag_decorator.py took 0.198 seconds
[2022-10-05T08:56:31.333+0000] {processor.py:156} INFO - Started process (PID=1062) to work on /home/airflow/.local/lib/python3.7/site-packages/airflow/example_dags/example_dag_decorator.py
[2022-10-05T08:56:31.334+0000] {processor.py:758} INFO - Processing file /home/airflow/.local/lib/python3.7/site-packages/airflow/example_dags/example_dag_decorator.py for tasks to queue
[2022-10-05T08:56:31.335+0000] {logging_mixin.py:117} INFO - [2022-10-05T08:56:31.334+0000] {dagbag.py:525} INFO - Filling up the DagBag from /home/airflow/.local/lib/python3.7/site-packages/airflow/example_dags/example_dag_decorator.py
[2022-10-05T08:56:31.356+0000] {processor.py:768} INFO - DAG(s) dict_keys(['example_dag_decorator']) retrieved from /home/airflow/.local/lib/python3.7/site-packages/airflow/example_dags/example_dag_decorator.py
[2022-10-05T08:56:31.500+0000] {logging_mixin.py:117} INFO - [2022-10-05T08:56:31.500+0000] {dag.py:2573} INFO - Sync 1 DAGs
[2022-10-05T08:56:31.518+0000] {logging_mixin.py:117} INFO - [2022-10-05T08:56:31.518+0000] {dag.py:3328} INFO - Setting next_dagrun for example_dag_decorator to None, run_after=None
[2022-10-05T08:56:31.533+0000] {processor.py:178} INFO - Processing /home/airflow/.local/lib/python3.7/site-packages/airflow/example_dags/example_dag_decorator.py took 0.202 seconds
[2022-10-05T08:57:02.391+0000] {processor.py:156} INFO - Started process (PID=1269) to work on /home/airflow/.local/lib/python3.7/site-packages/airflow/example_dags/example_dag_decorator.py
[2022-10-05T08:57:02.392+0000] {processor.py:758} INFO - Processing file /home/airflow/.local/lib/python3.7/site-packages/airflow/example_dags/example_dag_decorator.py for tasks to queue
[2022-10-05T08:57:02.393+0000] {logging_mixin.py:117} INFO - [2022-10-05T08:57:02.393+0000] {dagbag.py:525} INFO - Filling up the DagBag from /home/airflow/.local/lib/python3.7/site-packages/airflow/example_dags/example_dag_decorator.py
[2022-10-05T08:57:02.496+0000] {processor.py:768} INFO - DAG(s) dict_keys(['example_dag_decorator']) retrieved from /home/airflow/.local/lib/python3.7/site-packages/airflow/example_dags/example_dag_decorator.py
[2022-10-05T08:57:02.554+0000] {logging_mixin.py:117} INFO - [2022-10-05T08:57:02.554+0000] {dag.py:2573} INFO - Sync 1 DAGs
[2022-10-05T08:57:02.571+0000] {logging_mixin.py:117} INFO - [2022-10-05T08:57:02.571+0000] {dag.py:3328} INFO - Setting next_dagrun for example_dag_decorator to None, run_after=None
[2022-10-05T08:57:02.586+0000] {processor.py:178} INFO - Processing /home/airflow/.local/lib/python3.7/site-packages/airflow/example_dags/example_dag_decorator.py took 0.197 seconds
[2022-10-05T08:57:32.968+0000] {processor.py:156} INFO - Started process (PID=1476) to work on /home/airflow/.local/lib/python3.7/site-packages/airflow/example_dags/example_dag_decorator.py
[2022-10-05T08:57:32.969+0000] {processor.py:758} INFO - Processing file /home/airflow/.local/lib/python3.7/site-packages/airflow/example_dags/example_dag_decorator.py for tasks to queue
[2022-10-05T08:57:32.970+0000] {logging_mixin.py:117} INFO - [2022-10-05T08:57:32.970+0000] {dagbag.py:525} INFO - Filling up the DagBag from /home/airflow/.local/lib/python3.7/site-packages/airflow/example_dags/example_dag_decorator.py
[2022-10-05T08:57:33.074+0000] {processor.py:768} INFO - DAG(s) dict_keys(['example_dag_decorator']) retrieved from /home/airflow/.local/lib/python3.7/site-packages/airflow/example_dags/example_dag_decorator.py
[2022-10-05T08:57:33.133+0000] {logging_mixin.py:117} INFO - [2022-10-05T08:57:33.133+0000] {dag.py:2573} INFO - Sync 1 DAGs
[2022-10-05T08:57:33.150+0000] {logging_mixin.py:117} INFO - [2022-10-05T08:57:33.150+0000] {dag.py:3328} INFO - Setting next_dagrun for example_dag_decorator to None, run_after=None
[2022-10-05T08:57:33.166+0000] {processor.py:178} INFO - Processing /home/airflow/.local/lib/python3.7/site-packages/airflow/example_dags/example_dag_decorator.py took 0.200 seconds
[2022-10-05T08:58:03.340+0000] {processor.py:156} INFO - Started process (PID=1685) to work on /home/airflow/.local/lib/python3.7/site-packages/airflow/example_dags/example_dag_decorator.py
[2022-10-05T08:58:03.341+0000] {processor.py:758} INFO - Processing file /home/airflow/.local/lib/python3.7/site-packages/airflow/example_dags/example_dag_decorator.py for tasks to queue
[2022-10-05T08:58:03.341+0000] {logging_mixin.py:117} INFO - [2022-10-05T08:58:03.341+0000] {dagbag.py:525} INFO - Filling up the DagBag from /home/airflow/.local/lib/python3.7/site-packages/airflow/example_dags/example_dag_decorator.py
[2022-10-05T08:58:03.364+0000] {processor.py:768} INFO - DAG(s) dict_keys(['example_dag_decorator']) retrieved from /home/airflow/.local/lib/python3.7/site-packages/airflow/example_dags/example_dag_decorator.py
[2022-10-05T08:58:03.426+0000] {logging_mixin.py:117} INFO - [2022-10-05T08:58:03.426+0000] {dag.py:2573} INFO - Sync 1 DAGs
[2022-10-05T08:58:03.445+0000] {logging_mixin.py:117} INFO - [2022-10-05T08:58:03.445+0000] {dag.py:3328} INFO - Setting next_dagrun for example_dag_decorator to None, run_after=None
[2022-10-05T08:58:03.459+0000] {processor.py:178} INFO - Processing /home/airflow/.local/lib/python3.7/site-packages/airflow/example_dags/example_dag_decorator.py took 0.121 seconds
[2022-10-05T08:58:33.753+0000] {processor.py:156} INFO - Started process (PID=1890) to work on /home/airflow/.local/lib/python3.7/site-packages/airflow/example_dags/example_dag_decorator.py
[2022-10-05T08:58:33.754+0000] {processor.py:758} INFO - Processing file /home/airflow/.local/lib/python3.7/site-packages/airflow/example_dags/example_dag_decorator.py for tasks to queue
[2022-10-05T08:58:33.754+0000] {logging_mixin.py:117} INFO - [2022-10-05T08:58:33.754+0000] {dagbag.py:525} INFO - Filling up the DagBag from /home/airflow/.local/lib/python3.7/site-packages/airflow/example_dags/example_dag_decorator.py
[2022-10-05T08:58:33.778+0000] {processor.py:768} INFO - DAG(s) dict_keys(['example_dag_decorator']) retrieved from /home/airflow/.local/lib/python3.7/site-packages/airflow/example_dags/example_dag_decorator.py
[2022-10-05T08:58:33.843+0000] {logging_mixin.py:117} INFO - [2022-10-05T08:58:33.843+0000] {dag.py:2573} INFO - Sync 1 DAGs
[2022-10-05T08:58:33.862+0000] {logging_mixin.py:117} INFO - [2022-10-05T08:58:33.861+0000] {dag.py:3328} INFO - Setting next_dagrun for example_dag_decorator to None, run_after=None
[2022-10-05T08:58:33.877+0000] {processor.py:178} INFO - Processing /home/airflow/.local/lib/python3.7/site-packages/airflow/example_dags/example_dag_decorator.py took 0.126 seconds
[2022-10-05T08:59:04.208+0000] {processor.py:156} INFO - Started process (PID=2088) to work on /home/airflow/.local/lib/python3.7/site-packages/airflow/example_dags/example_dag_decorator.py
[2022-10-05T08:59:04.208+0000] {processor.py:758} INFO - Processing file /home/airflow/.local/lib/python3.7/site-packages/airflow/example_dags/example_dag_decorator.py for tasks to queue
[2022-10-05T08:59:04.209+0000] {logging_mixin.py:117} INFO - [2022-10-05T08:59:04.209+0000] {dagbag.py:525} INFO - Filling up the DagBag from /home/airflow/.local/lib/python3.7/site-packages/airflow/example_dags/example_dag_decorator.py
[2022-10-05T08:59:04.231+0000] {processor.py:768} INFO - DAG(s) dict_keys(['example_dag_decorator']) retrieved from /home/airflow/.local/lib/python3.7/site-packages/airflow/example_dags/example_dag_decorator.py
[2022-10-05T08:59:04.293+0000] {logging_mixin.py:117} INFO - [2022-10-05T08:59:04.293+0000] {dag.py:2573} INFO - Sync 1 DAGs
[2022-10-05T08:59:04.311+0000] {logging_mixin.py:117} INFO - [2022-10-05T08:59:04.311+0000] {dag.py:3328} INFO - Setting next_dagrun for example_dag_decorator to None, run_after=None
[2022-10-05T08:59:04.327+0000] {processor.py:178} INFO - Processing /home/airflow/.local/lib/python3.7/site-packages/airflow/example_dags/example_dag_decorator.py took 0.121 seconds
[2022-10-05T08:59:34.591+0000] {processor.py:156} INFO - Started process (PID=2295) to work on /home/airflow/.local/lib/python3.7/site-packages/airflow/example_dags/example_dag_decorator.py
[2022-10-05T08:59:34.592+0000] {processor.py:758} INFO - Processing file /home/airflow/.local/lib/python3.7/site-packages/airflow/example_dags/example_dag_decorator.py for tasks to queue
[2022-10-05T08:59:34.592+0000] {logging_mixin.py:117} INFO - [2022-10-05T08:59:34.592+0000] {dagbag.py:525} INFO - Filling up the DagBag from /home/airflow/.local/lib/python3.7/site-packages/airflow/example_dags/example_dag_decorator.py
[2022-10-05T08:59:34.613+0000] {processor.py:768} INFO - DAG(s) dict_keys(['example_dag_decorator']) retrieved from /home/airflow/.local/lib/python3.7/site-packages/airflow/example_dags/example_dag_decorator.py
[2022-10-05T08:59:34.676+0000] {logging_mixin.py:117} INFO - [2022-10-05T08:59:34.676+0000] {dag.py:2573} INFO - Sync 1 DAGs
[2022-10-05T08:59:34.694+0000] {logging_mixin.py:117} INFO - [2022-10-05T08:59:34.694+0000] {dag.py:3328} INFO - Setting next_dagrun for example_dag_decorator to None, run_after=None
[2022-10-05T08:59:34.710+0000] {processor.py:178} INFO - Processing /home/airflow/.local/lib/python3.7/site-packages/airflow/example_dags/example_dag_decorator.py took 0.121 seconds
[2022-10-05T09:00:05.036+0000] {processor.py:156} INFO - Started process (PID=2502) to work on /home/airflow/.local/lib/python3.7/site-packages/airflow/example_dags/example_dag_decorator.py
[2022-10-05T09:00:05.037+0000] {processor.py:758} INFO - Processing file /home/airflow/.local/lib/python3.7/site-packages/airflow/example_dags/example_dag_decorator.py for tasks to queue
[2022-10-05T09:00:05.037+0000] {logging_mixin.py:117} INFO - [2022-10-05T09:00:05.037+0000] {dagbag.py:525} INFO - Filling up the DagBag from /home/airflow/.local/lib/python3.7/site-packages/airflow/example_dags/example_dag_decorator.py
[2022-10-05T09:00:05.059+0000] {processor.py:768} INFO - DAG(s) dict_keys(['example_dag_decorator']) retrieved from /home/airflow/.local/lib/python3.7/site-packages/airflow/example_dags/example_dag_decorator.py
[2022-10-05T09:00:05.120+0000] {logging_mixin.py:117} INFO - [2022-10-05T09:00:05.120+0000] {dag.py:2573} INFO - Sync 1 DAGs
[2022-10-05T09:00:05.139+0000] {logging_mixin.py:117} INFO - [2022-10-05T09:00:05.139+0000] {dag.py:3328} INFO - Setting next_dagrun for example_dag_decorator to None, run_after=None
[2022-10-05T09:00:05.153+0000] {processor.py:178} INFO - Processing /home/airflow/.local/lib/python3.7/site-packages/airflow/example_dags/example_dag_decorator.py took 0.120 seconds
[2022-10-05T09:00:35.434+0000] {processor.py:156} INFO - Started process (PID=2709) to work on /home/airflow/.local/lib/python3.7/site-packages/airflow/example_dags/example_dag_decorator.py
[2022-10-05T09:00:35.435+0000] {processor.py:758} INFO - Processing file /home/airflow/.local/lib/python3.7/site-packages/airflow/example_dags/example_dag_decorator.py for tasks to queue
[2022-10-05T09:00:35.436+0000] {logging_mixin.py:117} INFO - [2022-10-05T09:00:35.436+0000] {dagbag.py:525} INFO - Filling up the DagBag from /home/airflow/.local/lib/python3.7/site-packages/airflow/example_dags/example_dag_decorator.py
[2022-10-05T09:00:35.460+0000] {processor.py:768} INFO - DAG(s) dict_keys(['example_dag_decorator']) retrieved from /home/airflow/.local/lib/python3.7/site-packages/airflow/example_dags/example_dag_decorator.py
[2022-10-05T09:00:35.529+0000] {logging_mixin.py:117} INFO - [2022-10-05T09:00:35.529+0000] {dag.py:2573} INFO - Sync 1 DAGs
[2022-10-05T09:00:35.548+0000] {logging_mixin.py:117} INFO - [2022-10-05T09:00:35.548+0000] {dag.py:3328} INFO - Setting next_dagrun for example_dag_decorator to None, run_after=None
[2022-10-05T09:00:35.563+0000] {processor.py:178} INFO - Processing /home/airflow/.local/lib/python3.7/site-packages/airflow/example_dags/example_dag_decorator.py took 0.131 seconds
[2022-10-05T09:01:05.905+0000] {processor.py:156} INFO - Started process (PID=2909) to work on /home/airflow/.local/lib/python3.7/site-packages/airflow/example_dags/example_dag_decorator.py
[2022-10-05T09:01:05.906+0000] {processor.py:758} INFO - Processing file /home/airflow/.local/lib/python3.7/site-packages/airflow/example_dags/example_dag_decorator.py for tasks to queue
[2022-10-05T09:01:05.907+0000] {logging_mixin.py:117} INFO - [2022-10-05T09:01:05.907+0000] {dagbag.py:525} INFO - Filling up the DagBag from /home/airflow/.local/lib/python3.7/site-packages/airflow/example_dags/example_dag_decorator.py
[2022-10-05T09:01:05.929+0000] {processor.py:768} INFO - DAG(s) dict_keys(['example_dag_decorator']) retrieved from /home/airflow/.local/lib/python3.7/site-packages/airflow/example_dags/example_dag_decorator.py
[2022-10-05T09:01:05.991+0000] {logging_mixin.py:117} INFO - [2022-10-05T09:01:05.991+0000] {dag.py:2573} INFO - Sync 1 DAGs
[2022-10-05T09:01:06.008+0000] {logging_mixin.py:117} INFO - [2022-10-05T09:01:06.008+0000] {dag.py:3328} INFO - Setting next_dagrun for example_dag_decorator to None, run_after=None
[2022-10-05T09:01:06.023+0000] {processor.py:178} INFO - Processing /home/airflow/.local/lib/python3.7/site-packages/airflow/example_dags/example_dag_decorator.py took 0.120 seconds
[2022-10-05T09:01:36.507+0000] {processor.py:156} INFO - Started process (PID=3114) to work on /home/airflow/.local/lib/python3.7/site-packages/airflow/example_dags/example_dag_decorator.py
[2022-10-05T09:01:36.508+0000] {processor.py:758} INFO - Processing file /home/airflow/.local/lib/python3.7/site-packages/airflow/example_dags/example_dag_decorator.py for tasks to queue
[2022-10-05T09:01:36.508+0000] {logging_mixin.py:117} INFO - [2022-10-05T09:01:36.508+0000] {dagbag.py:525} INFO - Filling up the DagBag from /home/airflow/.local/lib/python3.7/site-packages/airflow/example_dags/example_dag_decorator.py
[2022-10-05T09:01:36.530+0000] {processor.py:768} INFO - DAG(s) dict_keys(['example_dag_decorator']) retrieved from /home/airflow/.local/lib/python3.7/site-packages/airflow/example_dags/example_dag_decorator.py
[2022-10-05T09:01:36.592+0000] {logging_mixin.py:117} INFO - [2022-10-05T09:01:36.591+0000] {dag.py:2573} INFO - Sync 1 DAGs
[2022-10-05T09:01:36.609+0000] {logging_mixin.py:117} INFO - [2022-10-05T09:01:36.609+0000] {dag.py:3328} INFO - Setting next_dagrun for example_dag_decorator to None, run_after=None
[2022-10-05T09:01:36.624+0000] {processor.py:178} INFO - Processing /home/airflow/.local/lib/python3.7/site-packages/airflow/example_dags/example_dag_decorator.py took 0.119 seconds
[2022-10-05T09:02:07.059+0000] {processor.py:156} INFO - Started process (PID=3321) to work on /home/airflow/.local/lib/python3.7/site-packages/airflow/example_dags/example_dag_decorator.py
[2022-10-05T09:02:07.060+0000] {processor.py:758} INFO - Processing file /home/airflow/.local/lib/python3.7/site-packages/airflow/example_dags/example_dag_decorator.py for tasks to queue
[2022-10-05T09:02:07.060+0000] {logging_mixin.py:117} INFO - [2022-10-05T09:02:07.060+0000] {dagbag.py:525} INFO - Filling up the DagBag from /home/airflow/.local/lib/python3.7/site-packages/airflow/example_dags/example_dag_decorator.py
[2022-10-05T09:02:07.082+0000] {processor.py:768} INFO - DAG(s) dict_keys(['example_dag_decorator']) retrieved from /home/airflow/.local/lib/python3.7/site-packages/airflow/example_dags/example_dag_decorator.py
[2022-10-05T09:02:07.145+0000] {logging_mixin.py:117} INFO - [2022-10-05T09:02:07.145+0000] {dag.py:2573} INFO - Sync 1 DAGs
[2022-10-05T09:02:07.164+0000] {logging_mixin.py:117} INFO - [2022-10-05T09:02:07.164+0000] {dag.py:3328} INFO - Setting next_dagrun for example_dag_decorator to None, run_after=None
[2022-10-05T09:02:07.178+0000] {processor.py:178} INFO - Processing /home/airflow/.local/lib/python3.7/site-packages/airflow/example_dags/example_dag_decorator.py took 0.122 seconds
[2022-10-05T09:02:37.673+0000] {processor.py:156} INFO - Started process (PID=3528) to work on /home/airflow/.local/lib/python3.7/site-packages/airflow/example_dags/example_dag_decorator.py
[2022-10-05T09:02:37.674+0000] {processor.py:758} INFO - Processing file /home/airflow/.local/lib/python3.7/site-packages/airflow/example_dags/example_dag_decorator.py for tasks to queue
[2022-10-05T09:02:37.674+0000] {logging_mixin.py:117} INFO - [2022-10-05T09:02:37.674+0000] {dagbag.py:525} INFO - Filling up the DagBag from /home/airflow/.local/lib/python3.7/site-packages/airflow/example_dags/example_dag_decorator.py
[2022-10-05T09:02:37.696+0000] {processor.py:768} INFO - DAG(s) dict_keys(['example_dag_decorator']) retrieved from /home/airflow/.local/lib/python3.7/site-packages/airflow/example_dags/example_dag_decorator.py
[2022-10-05T09:02:37.757+0000] {logging_mixin.py:117} INFO - [2022-10-05T09:02:37.757+0000] {dag.py:2573} INFO - Sync 1 DAGs
[2022-10-05T09:02:37.776+0000] {logging_mixin.py:117} INFO - [2022-10-05T09:02:37.776+0000] {dag.py:3328} INFO - Setting next_dagrun for example_dag_decorator to None, run_after=None
[2022-10-05T09:02:37.791+0000] {processor.py:178} INFO - Processing /home/airflow/.local/lib/python3.7/site-packages/airflow/example_dags/example_dag_decorator.py took 0.119 seconds
[2022-10-05T09:03:08.203+0000] {processor.py:156} INFO - Started process (PID=3726) to work on /home/airflow/.local/lib/python3.7/site-packages/airflow/example_dags/example_dag_decorator.py
[2022-10-05T09:03:08.204+0000] {processor.py:758} INFO - Processing file /home/airflow/.local/lib/python3.7/site-packages/airflow/example_dags/example_dag_decorator.py for tasks to queue
[2022-10-05T09:03:08.205+0000] {logging_mixin.py:117} INFO - [2022-10-05T09:03:08.204+0000] {dagbag.py:525} INFO - Filling up the DagBag from /home/airflow/.local/lib/python3.7/site-packages/airflow/example_dags/example_dag_decorator.py
[2022-10-05T09:03:08.226+0000] {processor.py:768} INFO - DAG(s) dict_keys(['example_dag_decorator']) retrieved from /home/airflow/.local/lib/python3.7/site-packages/airflow/example_dags/example_dag_decorator.py
[2022-10-05T09:03:08.290+0000] {logging_mixin.py:117} INFO - [2022-10-05T09:03:08.290+0000] {dag.py:2573} INFO - Sync 1 DAGs
[2022-10-05T09:03:08.308+0000] {logging_mixin.py:117} INFO - [2022-10-05T09:03:08.308+0000] {dag.py:3328} INFO - Setting next_dagrun for example_dag_decorator to None, run_after=None
[2022-10-05T09:03:08.323+0000] {processor.py:178} INFO - Processing /home/airflow/.local/lib/python3.7/site-packages/airflow/example_dags/example_dag_decorator.py took 0.122 seconds
[2022-10-05T09:03:38.775+0000] {processor.py:156} INFO - Started process (PID=3933) to work on /home/airflow/.local/lib/python3.7/site-packages/airflow/example_dags/example_dag_decorator.py
[2022-10-05T09:03:38.776+0000] {processor.py:758} INFO - Processing file /home/airflow/.local/lib/python3.7/site-packages/airflow/example_dags/example_dag_decorator.py for tasks to queue
[2022-10-05T09:03:38.776+0000] {logging_mixin.py:117} INFO - [2022-10-05T09:03:38.776+0000] {dagbag.py:525} INFO - Filling up the DagBag from /home/airflow/.local/lib/python3.7/site-packages/airflow/example_dags/example_dag_decorator.py
[2022-10-05T09:03:38.797+0000] {processor.py:768} INFO - DAG(s) dict_keys(['example_dag_decorator']) retrieved from /home/airflow/.local/lib/python3.7/site-packages/airflow/example_dags/example_dag_decorator.py
[2022-10-05T09:03:38.859+0000] {logging_mixin.py:117} INFO - [2022-10-05T09:03:38.859+0000] {dag.py:2573} INFO - Sync 1 DAGs
[2022-10-05T09:03:38.877+0000] {logging_mixin.py:117} INFO - [2022-10-05T09:03:38.877+0000] {dag.py:3328} INFO - Setting next_dagrun for example_dag_decorator to None, run_after=None
[2022-10-05T09:03:38.891+0000] {processor.py:178} INFO - Processing /home/airflow/.local/lib/python3.7/site-packages/airflow/example_dags/example_dag_decorator.py took 0.119 seconds
[2022-10-05T09:04:09.354+0000] {processor.py:156} INFO - Started process (PID=4140) to work on /home/airflow/.local/lib/python3.7/site-packages/airflow/example_dags/example_dag_decorator.py
[2022-10-05T09:04:09.355+0000] {processor.py:758} INFO - Processing file /home/airflow/.local/lib/python3.7/site-packages/airflow/example_dags/example_dag_decorator.py for tasks to queue
[2022-10-05T09:04:09.355+0000] {logging_mixin.py:117} INFO - [2022-10-05T09:04:09.355+0000] {dagbag.py:525} INFO - Filling up the DagBag from /home/airflow/.local/lib/python3.7/site-packages/airflow/example_dags/example_dag_decorator.py
[2022-10-05T09:04:09.377+0000] {processor.py:768} INFO - DAG(s) dict_keys(['example_dag_decorator']) retrieved from /home/airflow/.local/lib/python3.7/site-packages/airflow/example_dags/example_dag_decorator.py
[2022-10-05T09:04:09.438+0000] {logging_mixin.py:117} INFO - [2022-10-05T09:04:09.438+0000] {dag.py:2573} INFO - Sync 1 DAGs
[2022-10-05T09:04:09.456+0000] {logging_mixin.py:117} INFO - [2022-10-05T09:04:09.456+0000] {dag.py:3328} INFO - Setting next_dagrun for example_dag_decorator to None, run_after=None
[2022-10-05T09:04:09.471+0000] {processor.py:178} INFO - Processing /home/airflow/.local/lib/python3.7/site-packages/airflow/example_dags/example_dag_decorator.py took 0.119 seconds
[2022-10-05T09:04:39.908+0000] {processor.py:156} INFO - Started process (PID=4347) to work on /home/airflow/.local/lib/python3.7/site-packages/airflow/example_dags/example_dag_decorator.py
[2022-10-05T09:04:39.909+0000] {processor.py:758} INFO - Processing file /home/airflow/.local/lib/python3.7/site-packages/airflow/example_dags/example_dag_decorator.py for tasks to queue
[2022-10-05T09:04:39.909+0000] {logging_mixin.py:117} INFO - [2022-10-05T09:04:39.909+0000] {dagbag.py:525} INFO - Filling up the DagBag from /home/airflow/.local/lib/python3.7/site-packages/airflow/example_dags/example_dag_decorator.py
[2022-10-05T09:04:39.931+0000] {processor.py:768} INFO - DAG(s) dict_keys(['example_dag_decorator']) retrieved from /home/airflow/.local/lib/python3.7/site-packages/airflow/example_dags/example_dag_decorator.py
[2022-10-05T09:04:39.992+0000] {logging_mixin.py:117} INFO - [2022-10-05T09:04:39.992+0000] {dag.py:2573} INFO - Sync 1 DAGs
[2022-10-05T09:04:40.011+0000] {logging_mixin.py:117} INFO - [2022-10-05T09:04:40.011+0000] {dag.py:3328} INFO - Setting next_dagrun for example_dag_decorator to None, run_after=None
[2022-10-05T09:04:40.025+0000] {processor.py:178} INFO - Processing /home/airflow/.local/lib/python3.7/site-packages/airflow/example_dags/example_dag_decorator.py took 0.119 seconds
[2022-10-05T09:05:10.359+0000] {processor.py:156} INFO - Started process (PID=4554) to work on /home/airflow/.local/lib/python3.7/site-packages/airflow/example_dags/example_dag_decorator.py
[2022-10-05T09:05:10.360+0000] {processor.py:758} INFO - Processing file /home/airflow/.local/lib/python3.7/site-packages/airflow/example_dags/example_dag_decorator.py for tasks to queue
[2022-10-05T09:05:10.360+0000] {logging_mixin.py:117} INFO - [2022-10-05T09:05:10.360+0000] {dagbag.py:525} INFO - Filling up the DagBag from /home/airflow/.local/lib/python3.7/site-packages/airflow/example_dags/example_dag_decorator.py
[2022-10-05T09:05:10.382+0000] {processor.py:768} INFO - DAG(s) dict_keys(['example_dag_decorator']) retrieved from /home/airflow/.local/lib/python3.7/site-packages/airflow/example_dags/example_dag_decorator.py
[2022-10-05T09:05:10.445+0000] {logging_mixin.py:117} INFO - [2022-10-05T09:05:10.445+0000] {dag.py:2573} INFO - Sync 1 DAGs
[2022-10-05T09:05:10.463+0000] {logging_mixin.py:117} INFO - [2022-10-05T09:05:10.463+0000] {dag.py:3328} INFO - Setting next_dagrun for example_dag_decorator to None, run_after=None
[2022-10-05T09:05:10.478+0000] {processor.py:178} INFO - Processing /home/airflow/.local/lib/python3.7/site-packages/airflow/example_dags/example_dag_decorator.py took 0.121 seconds
[2022-10-05T09:05:40.736+0000] {processor.py:156} INFO - Started process (PID=4752) to work on /home/airflow/.local/lib/python3.7/site-packages/airflow/example_dags/example_dag_decorator.py
[2022-10-05T09:05:40.737+0000] {processor.py:758} INFO - Processing file /home/airflow/.local/lib/python3.7/site-packages/airflow/example_dags/example_dag_decorator.py for tasks to queue
[2022-10-05T09:05:40.737+0000] {logging_mixin.py:117} INFO - [2022-10-05T09:05:40.737+0000] {dagbag.py:525} INFO - Filling up the DagBag from /home/airflow/.local/lib/python3.7/site-packages/airflow/example_dags/example_dag_decorator.py
[2022-10-05T09:05:40.758+0000] {processor.py:768} INFO - DAG(s) dict_keys(['example_dag_decorator']) retrieved from /home/airflow/.local/lib/python3.7/site-packages/airflow/example_dags/example_dag_decorator.py
[2022-10-05T09:05:40.821+0000] {logging_mixin.py:117} INFO - [2022-10-05T09:05:40.821+0000] {dag.py:2573} INFO - Sync 1 DAGs
[2022-10-05T09:05:40.839+0000] {logging_mixin.py:117} INFO - [2022-10-05T09:05:40.839+0000] {dag.py:3328} INFO - Setting next_dagrun for example_dag_decorator to None, run_after=None
[2022-10-05T09:05:40.854+0000] {processor.py:178} INFO - Processing /home/airflow/.local/lib/python3.7/site-packages/airflow/example_dags/example_dag_decorator.py took 0.121 seconds
[2022-10-05T09:06:11.203+0000] {processor.py:156} INFO - Started process (PID=4959) to work on /home/airflow/.local/lib/python3.7/site-packages/airflow/example_dags/example_dag_decorator.py
[2022-10-05T09:06:11.204+0000] {processor.py:758} INFO - Processing file /home/airflow/.local/lib/python3.7/site-packages/airflow/example_dags/example_dag_decorator.py for tasks to queue
[2022-10-05T09:06:11.204+0000] {logging_mixin.py:117} INFO - [2022-10-05T09:06:11.204+0000] {dagbag.py:525} INFO - Filling up the DagBag from /home/airflow/.local/lib/python3.7/site-packages/airflow/example_dags/example_dag_decorator.py
[2022-10-05T09:06:11.226+0000] {processor.py:768} INFO - DAG(s) dict_keys(['example_dag_decorator']) retrieved from /home/airflow/.local/lib/python3.7/site-packages/airflow/example_dags/example_dag_decorator.py
[2022-10-05T09:06:11.288+0000] {logging_mixin.py:117} INFO - [2022-10-05T09:06:11.288+0000] {dag.py:2573} INFO - Sync 1 DAGs
[2022-10-05T09:06:11.305+0000] {logging_mixin.py:117} INFO - [2022-10-05T09:06:11.305+0000] {dag.py:3328} INFO - Setting next_dagrun for example_dag_decorator to None, run_after=None
[2022-10-05T09:06:11.321+0000] {processor.py:178} INFO - Processing /home/airflow/.local/lib/python3.7/site-packages/airflow/example_dags/example_dag_decorator.py took 0.120 seconds
[2022-10-05T09:06:41.516+0000] {processor.py:156} INFO - Started process (PID=5166) to work on /home/airflow/.local/lib/python3.7/site-packages/airflow/example_dags/example_dag_decorator.py
[2022-10-05T09:06:41.516+0000] {processor.py:758} INFO - Processing file /home/airflow/.local/lib/python3.7/site-packages/airflow/example_dags/example_dag_decorator.py for tasks to queue
[2022-10-05T09:06:41.517+0000] {logging_mixin.py:117} INFO - [2022-10-05T09:06:41.517+0000] {dagbag.py:525} INFO - Filling up the DagBag from /home/airflow/.local/lib/python3.7/site-packages/airflow/example_dags/example_dag_decorator.py
[2022-10-05T09:06:41.539+0000] {processor.py:768} INFO - DAG(s) dict_keys(['example_dag_decorator']) retrieved from /home/airflow/.local/lib/python3.7/site-packages/airflow/example_dags/example_dag_decorator.py
[2022-10-05T09:06:41.602+0000] {logging_mixin.py:117} INFO - [2022-10-05T09:06:41.601+0000] {dag.py:2573} INFO - Sync 1 DAGs
[2022-10-05T09:06:41.620+0000] {logging_mixin.py:117} INFO - [2022-10-05T09:06:41.620+0000] {dag.py:3328} INFO - Setting next_dagrun for example_dag_decorator to None, run_after=None
[2022-10-05T09:06:41.635+0000] {processor.py:178} INFO - Processing /home/airflow/.local/lib/python3.7/site-packages/airflow/example_dags/example_dag_decorator.py took 0.122 seconds
[2022-10-05T09:07:11.936+0000] {processor.py:156} INFO - Started process (PID=5373) to work on /home/airflow/.local/lib/python3.7/site-packages/airflow/example_dags/example_dag_decorator.py
[2022-10-05T09:07:11.937+0000] {processor.py:758} INFO - Processing file /home/airflow/.local/lib/python3.7/site-packages/airflow/example_dags/example_dag_decorator.py for tasks to queue
[2022-10-05T09:07:11.937+0000] {logging_mixin.py:117} INFO - [2022-10-05T09:07:11.937+0000] {dagbag.py:525} INFO - Filling up the DagBag from /home/airflow/.local/lib/python3.7/site-packages/airflow/example_dags/example_dag_decorator.py
[2022-10-05T09:07:11.960+0000] {processor.py:768} INFO - DAG(s) dict_keys(['example_dag_decorator']) retrieved from /home/airflow/.local/lib/python3.7/site-packages/airflow/example_dags/example_dag_decorator.py
[2022-10-05T09:07:12.023+0000] {logging_mixin.py:117} INFO - [2022-10-05T09:07:12.023+0000] {dag.py:2573} INFO - Sync 1 DAGs
[2022-10-05T09:07:12.041+0000] {logging_mixin.py:117} INFO - [2022-10-05T09:07:12.041+0000] {dag.py:3328} INFO - Setting next_dagrun for example_dag_decorator to None, run_after=None
[2022-10-05T09:07:12.056+0000] {processor.py:178} INFO - Processing /home/airflow/.local/lib/python3.7/site-packages/airflow/example_dags/example_dag_decorator.py took 0.122 seconds
[2022-10-05T09:07:42.428+0000] {processor.py:156} INFO - Started process (PID=5573) to work on /home/airflow/.local/lib/python3.7/site-packages/airflow/example_dags/example_dag_decorator.py
[2022-10-05T09:07:42.428+0000] {processor.py:758} INFO - Processing file /home/airflow/.local/lib/python3.7/site-packages/airflow/example_dags/example_dag_decorator.py for tasks to queue
[2022-10-05T09:07:42.429+0000] {logging_mixin.py:117} INFO - [2022-10-05T09:07:42.429+0000] {dagbag.py:525} INFO - Filling up the DagBag from /home/airflow/.local/lib/python3.7/site-packages/airflow/example_dags/example_dag_decorator.py
[2022-10-05T09:07:42.451+0000] {processor.py:768} INFO - DAG(s) dict_keys(['example_dag_decorator']) retrieved from /home/airflow/.local/lib/python3.7/site-packages/airflow/example_dags/example_dag_decorator.py
[2022-10-05T09:07:42.514+0000] {logging_mixin.py:117} INFO - [2022-10-05T09:07:42.514+0000] {dag.py:2573} INFO - Sync 1 DAGs
[2022-10-05T09:07:42.531+0000] {logging_mixin.py:117} INFO - [2022-10-05T09:07:42.531+0000] {dag.py:3328} INFO - Setting next_dagrun for example_dag_decorator to None, run_after=None
[2022-10-05T09:07:42.545+0000] {processor.py:178} INFO - Processing /home/airflow/.local/lib/python3.7/site-packages/airflow/example_dags/example_dag_decorator.py took 0.120 seconds
[2022-10-05T09:08:12.820+0000] {processor.py:156} INFO - Started process (PID=5778) to work on /home/airflow/.local/lib/python3.7/site-packages/airflow/example_dags/example_dag_decorator.py
[2022-10-05T09:08:12.821+0000] {processor.py:758} INFO - Processing file /home/airflow/.local/lib/python3.7/site-packages/airflow/example_dags/example_dag_decorator.py for tasks to queue
[2022-10-05T09:08:12.821+0000] {logging_mixin.py:117} INFO - [2022-10-05T09:08:12.821+0000] {dagbag.py:525} INFO - Filling up the DagBag from /home/airflow/.local/lib/python3.7/site-packages/airflow/example_dags/example_dag_decorator.py
[2022-10-05T09:08:12.843+0000] {processor.py:768} INFO - DAG(s) dict_keys(['example_dag_decorator']) retrieved from /home/airflow/.local/lib/python3.7/site-packages/airflow/example_dags/example_dag_decorator.py
[2022-10-05T09:08:12.905+0000] {logging_mixin.py:117} INFO - [2022-10-05T09:08:12.905+0000] {dag.py:2573} INFO - Sync 1 DAGs
[2022-10-05T09:08:12.922+0000] {logging_mixin.py:117} INFO - [2022-10-05T09:08:12.922+0000] {dag.py:3328} INFO - Setting next_dagrun for example_dag_decorator to None, run_after=None
[2022-10-05T09:08:12.938+0000] {processor.py:178} INFO - Processing /home/airflow/.local/lib/python3.7/site-packages/airflow/example_dags/example_dag_decorator.py took 0.120 seconds
[2022-10-05T09:08:43.414+0000] {processor.py:156} INFO - Started process (PID=5987) to work on /home/airflow/.local/lib/python3.7/site-packages/airflow/example_dags/example_dag_decorator.py
[2022-10-05T09:08:43.415+0000] {processor.py:758} INFO - Processing file /home/airflow/.local/lib/python3.7/site-packages/airflow/example_dags/example_dag_decorator.py for tasks to queue
[2022-10-05T09:08:43.415+0000] {logging_mixin.py:117} INFO - [2022-10-05T09:08:43.415+0000] {dagbag.py:525} INFO - Filling up the DagBag from /home/airflow/.local/lib/python3.7/site-packages/airflow/example_dags/example_dag_decorator.py
[2022-10-05T09:08:43.437+0000] {processor.py:768} INFO - DAG(s) dict_keys(['example_dag_decorator']) retrieved from /home/airflow/.local/lib/python3.7/site-packages/airflow/example_dags/example_dag_decorator.py
[2022-10-05T09:08:43.499+0000] {logging_mixin.py:117} INFO - [2022-10-05T09:08:43.499+0000] {dag.py:2573} INFO - Sync 1 DAGs
[2022-10-05T09:08:43.517+0000] {logging_mixin.py:117} INFO - [2022-10-05T09:08:43.517+0000] {dag.py:3328} INFO - Setting next_dagrun for example_dag_decorator to None, run_after=None
[2022-10-05T09:08:43.532+0000] {processor.py:178} INFO - Processing /home/airflow/.local/lib/python3.7/site-packages/airflow/example_dags/example_dag_decorator.py took 0.120 seconds
[2022-10-05T09:09:13.973+0000] {processor.py:156} INFO - Started process (PID=6192) to work on /home/airflow/.local/lib/python3.7/site-packages/airflow/example_dags/example_dag_decorator.py
[2022-10-05T09:09:13.974+0000] {processor.py:758} INFO - Processing file /home/airflow/.local/lib/python3.7/site-packages/airflow/example_dags/example_dag_decorator.py for tasks to queue
[2022-10-05T09:09:13.974+0000] {logging_mixin.py:117} INFO - [2022-10-05T09:09:13.974+0000] {dagbag.py:525} INFO - Filling up the DagBag from /home/airflow/.local/lib/python3.7/site-packages/airflow/example_dags/example_dag_decorator.py
[2022-10-05T09:09:13.996+0000] {processor.py:768} INFO - DAG(s) dict_keys(['example_dag_decorator']) retrieved from /home/airflow/.local/lib/python3.7/site-packages/airflow/example_dags/example_dag_decorator.py
[2022-10-05T09:09:14.059+0000] {logging_mixin.py:117} INFO - [2022-10-05T09:09:14.059+0000] {dag.py:2573} INFO - Sync 1 DAGs
[2022-10-05T09:09:14.077+0000] {logging_mixin.py:117} INFO - [2022-10-05T09:09:14.077+0000] {dag.py:3328} INFO - Setting next_dagrun for example_dag_decorator to None, run_after=None
[2022-10-05T09:09:14.091+0000] {processor.py:178} INFO - Processing /home/airflow/.local/lib/python3.7/site-packages/airflow/example_dags/example_dag_decorator.py took 0.121 seconds
[2022-10-05T09:09:44.243+0000] {processor.py:156} INFO - Started process (PID=6390) to work on /home/airflow/.local/lib/python3.7/site-packages/airflow/example_dags/example_dag_decorator.py
[2022-10-05T09:09:44.244+0000] {processor.py:758} INFO - Processing file /home/airflow/.local/lib/python3.7/site-packages/airflow/example_dags/example_dag_decorator.py for tasks to queue
[2022-10-05T09:09:44.244+0000] {logging_mixin.py:117} INFO - [2022-10-05T09:09:44.244+0000] {dagbag.py:525} INFO - Filling up the DagBag from /home/airflow/.local/lib/python3.7/site-packages/airflow/example_dags/example_dag_decorator.py
[2022-10-05T09:09:44.266+0000] {processor.py:768} INFO - DAG(s) dict_keys(['example_dag_decorator']) retrieved from /home/airflow/.local/lib/python3.7/site-packages/airflow/example_dags/example_dag_decorator.py
[2022-10-05T09:09:44.328+0000] {logging_mixin.py:117} INFO - [2022-10-05T09:09:44.328+0000] {dag.py:2573} INFO - Sync 1 DAGs
[2022-10-05T09:09:44.345+0000] {logging_mixin.py:117} INFO - [2022-10-05T09:09:44.345+0000] {dag.py:3328} INFO - Setting next_dagrun for example_dag_decorator to None, run_after=None
[2022-10-05T09:09:44.360+0000] {processor.py:178} INFO - Processing /home/airflow/.local/lib/python3.7/site-packages/airflow/example_dags/example_dag_decorator.py took 0.119 seconds
[2022-10-05T09:10:14.655+0000] {processor.py:156} INFO - Started process (PID=6597) to work on /home/airflow/.local/lib/python3.7/site-packages/airflow/example_dags/example_dag_decorator.py
[2022-10-05T09:10:14.656+0000] {processor.py:758} INFO - Processing file /home/airflow/.local/lib/python3.7/site-packages/airflow/example_dags/example_dag_decorator.py for tasks to queue
[2022-10-05T09:10:14.656+0000] {logging_mixin.py:117} INFO - [2022-10-05T09:10:14.656+0000] {dagbag.py:525} INFO - Filling up the DagBag from /home/airflow/.local/lib/python3.7/site-packages/airflow/example_dags/example_dag_decorator.py
[2022-10-05T09:10:14.678+0000] {processor.py:768} INFO - DAG(s) dict_keys(['example_dag_decorator']) retrieved from /home/airflow/.local/lib/python3.7/site-packages/airflow/example_dags/example_dag_decorator.py
[2022-10-05T09:10:14.740+0000] {logging_mixin.py:117} INFO - [2022-10-05T09:10:14.740+0000] {dag.py:2573} INFO - Sync 1 DAGs
[2022-10-05T09:10:14.757+0000] {logging_mixin.py:117} INFO - [2022-10-05T09:10:14.757+0000] {dag.py:3328} INFO - Setting next_dagrun for example_dag_decorator to None, run_after=None
[2022-10-05T09:10:14.772+0000] {processor.py:178} INFO - Processing /home/airflow/.local/lib/python3.7/site-packages/airflow/example_dags/example_dag_decorator.py took 0.119 seconds
[2022-10-05T09:10:45.116+0000] {processor.py:156} INFO - Started process (PID=6804) to work on /home/airflow/.local/lib/python3.7/site-packages/airflow/example_dags/example_dag_decorator.py
[2022-10-05T09:10:45.116+0000] {processor.py:758} INFO - Processing file /home/airflow/.local/lib/python3.7/site-packages/airflow/example_dags/example_dag_decorator.py for tasks to queue
[2022-10-05T09:10:45.117+0000] {logging_mixin.py:117} INFO - [2022-10-05T09:10:45.116+0000] {dagbag.py:525} INFO - Filling up the DagBag from /home/airflow/.local/lib/python3.7/site-packages/airflow/example_dags/example_dag_decorator.py
[2022-10-05T09:10:45.138+0000] {processor.py:768} INFO - DAG(s) dict_keys(['example_dag_decorator']) retrieved from /home/airflow/.local/lib/python3.7/site-packages/airflow/example_dags/example_dag_decorator.py
[2022-10-05T09:10:45.200+0000] {logging_mixin.py:117} INFO - [2022-10-05T09:10:45.200+0000] {dag.py:2573} INFO - Sync 1 DAGs
[2022-10-05T09:10:45.218+0000] {logging_mixin.py:117} INFO - [2022-10-05T09:10:45.218+0000] {dag.py:3328} INFO - Setting next_dagrun for example_dag_decorator to None, run_after=None
[2022-10-05T09:10:45.233+0000] {processor.py:178} INFO - Processing /home/airflow/.local/lib/python3.7/site-packages/airflow/example_dags/example_dag_decorator.py took 0.119 seconds
[2022-10-05T09:11:15.486+0000] {processor.py:156} INFO - Started process (PID=7011) to work on /home/airflow/.local/lib/python3.7/site-packages/airflow/example_dags/example_dag_decorator.py
[2022-10-05T09:11:15.487+0000] {processor.py:758} INFO - Processing file /home/airflow/.local/lib/python3.7/site-packages/airflow/example_dags/example_dag_decorator.py for tasks to queue
[2022-10-05T09:11:15.488+0000] {logging_mixin.py:117} INFO - [2022-10-05T09:11:15.487+0000] {dagbag.py:525} INFO - Filling up the DagBag from /home/airflow/.local/lib/python3.7/site-packages/airflow/example_dags/example_dag_decorator.py
[2022-10-05T09:11:15.509+0000] {processor.py:768} INFO - DAG(s) dict_keys(['example_dag_decorator']) retrieved from /home/airflow/.local/lib/python3.7/site-packages/airflow/example_dags/example_dag_decorator.py
[2022-10-05T09:11:15.573+0000] {logging_mixin.py:117} INFO - [2022-10-05T09:11:15.572+0000] {dag.py:2573} INFO - Sync 1 DAGs
[2022-10-05T09:11:15.590+0000] {logging_mixin.py:117} INFO - [2022-10-05T09:11:15.590+0000] {dag.py:3328} INFO - Setting next_dagrun for example_dag_decorator to None, run_after=None
[2022-10-05T09:11:15.605+0000] {processor.py:178} INFO - Processing /home/airflow/.local/lib/python3.7/site-packages/airflow/example_dags/example_dag_decorator.py took 0.121 seconds
[2022-10-05T09:11:45.727+0000] {processor.py:156} INFO - Started process (PID=7209) to work on /home/airflow/.local/lib/python3.7/site-packages/airflow/example_dags/example_dag_decorator.py
[2022-10-05T09:11:45.728+0000] {processor.py:758} INFO - Processing file /home/airflow/.local/lib/python3.7/site-packages/airflow/example_dags/example_dag_decorator.py for tasks to queue
[2022-10-05T09:11:45.728+0000] {logging_mixin.py:117} INFO - [2022-10-05T09:11:45.728+0000] {dagbag.py:525} INFO - Filling up the DagBag from /home/airflow/.local/lib/python3.7/site-packages/airflow/example_dags/example_dag_decorator.py
[2022-10-05T09:11:45.750+0000] {processor.py:768} INFO - DAG(s) dict_keys(['example_dag_decorator']) retrieved from /home/airflow/.local/lib/python3.7/site-packages/airflow/example_dags/example_dag_decorator.py
[2022-10-05T09:11:45.814+0000] {logging_mixin.py:117} INFO - [2022-10-05T09:11:45.814+0000] {dag.py:2573} INFO - Sync 1 DAGs
[2022-10-05T09:11:45.832+0000] {logging_mixin.py:117} INFO - [2022-10-05T09:11:45.832+0000] {dag.py:3328} INFO - Setting next_dagrun for example_dag_decorator to None, run_after=None
[2022-10-05T09:11:45.847+0000] {processor.py:178} INFO - Processing /home/airflow/.local/lib/python3.7/site-packages/airflow/example_dags/example_dag_decorator.py took 0.122 seconds
[2022-10-05T09:12:16.230+0000] {processor.py:156} INFO - Started process (PID=7416) to work on /home/airflow/.local/lib/python3.7/site-packages/airflow/example_dags/example_dag_decorator.py
[2022-10-05T09:12:16.231+0000] {processor.py:758} INFO - Processing file /home/airflow/.local/lib/python3.7/site-packages/airflow/example_dags/example_dag_decorator.py for tasks to queue
[2022-10-05T09:12:16.231+0000] {logging_mixin.py:117} INFO - [2022-10-05T09:12:16.231+0000] {dagbag.py:525} INFO - Filling up the DagBag from /home/airflow/.local/lib/python3.7/site-packages/airflow/example_dags/example_dag_decorator.py
[2022-10-05T09:12:16.252+0000] {processor.py:768} INFO - DAG(s) dict_keys(['example_dag_decorator']) retrieved from /home/airflow/.local/lib/python3.7/site-packages/airflow/example_dags/example_dag_decorator.py
[2022-10-05T09:12:16.315+0000] {logging_mixin.py:117} INFO - [2022-10-05T09:12:16.315+0000] {dag.py:2573} INFO - Sync 1 DAGs
[2022-10-05T09:12:16.332+0000] {logging_mixin.py:117} INFO - [2022-10-05T09:12:16.332+0000] {dag.py:3328} INFO - Setting next_dagrun for example_dag_decorator to None, run_after=None
[2022-10-05T09:12:16.348+0000] {processor.py:178} INFO - Processing /home/airflow/.local/lib/python3.7/site-packages/airflow/example_dags/example_dag_decorator.py took 0.121 seconds
[2022-10-05T09:12:46.624+0000] {processor.py:156} INFO - Started process (PID=7623) to work on /home/airflow/.local/lib/python3.7/site-packages/airflow/example_dags/example_dag_decorator.py
[2022-10-05T09:12:46.625+0000] {processor.py:758} INFO - Processing file /home/airflow/.local/lib/python3.7/site-packages/airflow/example_dags/example_dag_decorator.py for tasks to queue
[2022-10-05T09:12:46.626+0000] {logging_mixin.py:117} INFO - [2022-10-05T09:12:46.626+0000] {dagbag.py:525} INFO - Filling up the DagBag from /home/airflow/.local/lib/python3.7/site-packages/airflow/example_dags/example_dag_decorator.py
[2022-10-05T09:12:46.648+0000] {processor.py:768} INFO - DAG(s) dict_keys(['example_dag_decorator']) retrieved from /home/airflow/.local/lib/python3.7/site-packages/airflow/example_dags/example_dag_decorator.py
[2022-10-05T09:12:46.711+0000] {logging_mixin.py:117} INFO - [2022-10-05T09:12:46.711+0000] {dag.py:2573} INFO - Sync 1 DAGs
[2022-10-05T09:12:46.730+0000] {logging_mixin.py:117} INFO - [2022-10-05T09:12:46.730+0000] {dag.py:3328} INFO - Setting next_dagrun for example_dag_decorator to None, run_after=None
[2022-10-05T09:12:46.745+0000] {processor.py:178} INFO - Processing /home/airflow/.local/lib/python3.7/site-packages/airflow/example_dags/example_dag_decorator.py took 0.122 seconds
[2022-10-05T09:13:17.087+0000] {processor.py:156} INFO - Started process (PID=7830) to work on /home/airflow/.local/lib/python3.7/site-packages/airflow/example_dags/example_dag_decorator.py
[2022-10-05T09:13:17.087+0000] {processor.py:758} INFO - Processing file /home/airflow/.local/lib/python3.7/site-packages/airflow/example_dags/example_dag_decorator.py for tasks to queue
[2022-10-05T09:13:17.088+0000] {logging_mixin.py:117} INFO - [2022-10-05T09:13:17.088+0000] {dagbag.py:525} INFO - Filling up the DagBag from /home/airflow/.local/lib/python3.7/site-packages/airflow/example_dags/example_dag_decorator.py
[2022-10-05T09:13:17.110+0000] {processor.py:768} INFO - DAG(s) dict_keys(['example_dag_decorator']) retrieved from /home/airflow/.local/lib/python3.7/site-packages/airflow/example_dags/example_dag_decorator.py
[2022-10-05T09:13:17.174+0000] {logging_mixin.py:117} INFO - [2022-10-05T09:13:17.174+0000] {dag.py:2573} INFO - Sync 1 DAGs
[2022-10-05T09:13:17.192+0000] {logging_mixin.py:117} INFO - [2022-10-05T09:13:17.192+0000] {dag.py:3328} INFO - Setting next_dagrun for example_dag_decorator to None, run_after=None
[2022-10-05T09:13:17.207+0000] {processor.py:178} INFO - Processing /home/airflow/.local/lib/python3.7/site-packages/airflow/example_dags/example_dag_decorator.py took 0.123 seconds
[2022-10-05T09:13:47.440+0000] {processor.py:156} INFO - Started process (PID=8028) to work on /home/airflow/.local/lib/python3.7/site-packages/airflow/example_dags/example_dag_decorator.py
[2022-10-05T09:13:47.441+0000] {processor.py:758} INFO - Processing file /home/airflow/.local/lib/python3.7/site-packages/airflow/example_dags/example_dag_decorator.py for tasks to queue
[2022-10-05T09:13:47.441+0000] {logging_mixin.py:117} INFO - [2022-10-05T09:13:47.441+0000] {dagbag.py:525} INFO - Filling up the DagBag from /home/airflow/.local/lib/python3.7/site-packages/airflow/example_dags/example_dag_decorator.py
[2022-10-05T09:13:47.464+0000] {processor.py:768} INFO - DAG(s) dict_keys(['example_dag_decorator']) retrieved from /home/airflow/.local/lib/python3.7/site-packages/airflow/example_dags/example_dag_decorator.py
[2022-10-05T09:13:47.527+0000] {logging_mixin.py:117} INFO - [2022-10-05T09:13:47.527+0000] {dag.py:2573} INFO - Sync 1 DAGs
[2022-10-05T09:13:47.546+0000] {logging_mixin.py:117} INFO - [2022-10-05T09:13:47.546+0000] {dag.py:3328} INFO - Setting next_dagrun for example_dag_decorator to None, run_after=None
[2022-10-05T09:13:47.561+0000] {processor.py:178} INFO - Processing /home/airflow/.local/lib/python3.7/site-packages/airflow/example_dags/example_dag_decorator.py took 0.123 seconds
[2022-10-05T09:14:17.924+0000] {processor.py:156} INFO - Started process (PID=8235) to work on /home/airflow/.local/lib/python3.7/site-packages/airflow/example_dags/example_dag_decorator.py
[2022-10-05T09:14:17.925+0000] {processor.py:758} INFO - Processing file /home/airflow/.local/lib/python3.7/site-packages/airflow/example_dags/example_dag_decorator.py for tasks to queue
[2022-10-05T09:14:17.926+0000] {logging_mixin.py:117} INFO - [2022-10-05T09:14:17.925+0000] {dagbag.py:525} INFO - Filling up the DagBag from /home/airflow/.local/lib/python3.7/site-packages/airflow/example_dags/example_dag_decorator.py
[2022-10-05T09:14:17.947+0000] {processor.py:768} INFO - DAG(s) dict_keys(['example_dag_decorator']) retrieved from /home/airflow/.local/lib/python3.7/site-packages/airflow/example_dags/example_dag_decorator.py
[2022-10-05T09:14:18.009+0000] {logging_mixin.py:117} INFO - [2022-10-05T09:14:18.009+0000] {dag.py:2573} INFO - Sync 1 DAGs
[2022-10-05T09:14:18.027+0000] {logging_mixin.py:117} INFO - [2022-10-05T09:14:18.026+0000] {dag.py:3328} INFO - Setting next_dagrun for example_dag_decorator to None, run_after=None
[2022-10-05T09:14:18.041+0000] {processor.py:178} INFO - Processing /home/airflow/.local/lib/python3.7/site-packages/airflow/example_dags/example_dag_decorator.py took 0.119 seconds
[2022-10-05T09:14:48.328+0000] {processor.py:156} INFO - Started process (PID=8442) to work on /home/airflow/.local/lib/python3.7/site-packages/airflow/example_dags/example_dag_decorator.py
[2022-10-05T09:14:48.329+0000] {processor.py:758} INFO - Processing file /home/airflow/.local/lib/python3.7/site-packages/airflow/example_dags/example_dag_decorator.py for tasks to queue
[2022-10-05T09:14:48.329+0000] {logging_mixin.py:117} INFO - [2022-10-05T09:14:48.329+0000] {dagbag.py:525} INFO - Filling up the DagBag from /home/airflow/.local/lib/python3.7/site-packages/airflow/example_dags/example_dag_decorator.py
[2022-10-05T09:14:48.351+0000] {processor.py:768} INFO - DAG(s) dict_keys(['example_dag_decorator']) retrieved from /home/airflow/.local/lib/python3.7/site-packages/airflow/example_dags/example_dag_decorator.py
[2022-10-05T09:14:48.414+0000] {logging_mixin.py:117} INFO - [2022-10-05T09:14:48.414+0000] {dag.py:2573} INFO - Sync 1 DAGs
[2022-10-05T09:14:48.432+0000] {logging_mixin.py:117} INFO - [2022-10-05T09:14:48.432+0000] {dag.py:3328} INFO - Setting next_dagrun for example_dag_decorator to None, run_after=None
[2022-10-05T09:14:48.447+0000] {processor.py:178} INFO - Processing /home/airflow/.local/lib/python3.7/site-packages/airflow/example_dags/example_dag_decorator.py took 0.121 seconds
[2022-10-05T09:15:18.787+0000] {processor.py:156} INFO - Started process (PID=8649) to work on /home/airflow/.local/lib/python3.7/site-packages/airflow/example_dags/example_dag_decorator.py
[2022-10-05T09:15:18.787+0000] {processor.py:758} INFO - Processing file /home/airflow/.local/lib/python3.7/site-packages/airflow/example_dags/example_dag_decorator.py for tasks to queue
[2022-10-05T09:15:18.788+0000] {logging_mixin.py:117} INFO - [2022-10-05T09:15:18.788+0000] {dagbag.py:525} INFO - Filling up the DagBag from /home/airflow/.local/lib/python3.7/site-packages/airflow/example_dags/example_dag_decorator.py
[2022-10-05T09:15:18.810+0000] {processor.py:768} INFO - DAG(s) dict_keys(['example_dag_decorator']) retrieved from /home/airflow/.local/lib/python3.7/site-packages/airflow/example_dags/example_dag_decorator.py
[2022-10-05T09:15:18.872+0000] {logging_mixin.py:117} INFO - [2022-10-05T09:15:18.871+0000] {dag.py:2573} INFO - Sync 1 DAGs
[2022-10-05T09:15:18.889+0000] {logging_mixin.py:117} INFO - [2022-10-05T09:15:18.889+0000] {dag.py:3328} INFO - Setting next_dagrun for example_dag_decorator to None, run_after=None
[2022-10-05T09:15:18.903+0000] {processor.py:178} INFO - Processing /home/airflow/.local/lib/python3.7/site-packages/airflow/example_dags/example_dag_decorator.py took 0.119 seconds
[2022-10-05T09:15:49.173+0000] {processor.py:156} INFO - Started process (PID=8847) to work on /home/airflow/.local/lib/python3.7/site-packages/airflow/example_dags/example_dag_decorator.py
[2022-10-05T09:15:49.174+0000] {processor.py:758} INFO - Processing file /home/airflow/.local/lib/python3.7/site-packages/airflow/example_dags/example_dag_decorator.py for tasks to queue
[2022-10-05T09:15:49.175+0000] {logging_mixin.py:117} INFO - [2022-10-05T09:15:49.175+0000] {dagbag.py:525} INFO - Filling up the DagBag from /home/airflow/.local/lib/python3.7/site-packages/airflow/example_dags/example_dag_decorator.py
[2022-10-05T09:15:49.197+0000] {processor.py:768} INFO - DAG(s) dict_keys(['example_dag_decorator']) retrieved from /home/airflow/.local/lib/python3.7/site-packages/airflow/example_dags/example_dag_decorator.py
[2022-10-05T09:15:49.260+0000] {logging_mixin.py:117} INFO - [2022-10-05T09:15:49.260+0000] {dag.py:2573} INFO - Sync 1 DAGs
[2022-10-05T09:15:49.278+0000] {logging_mixin.py:117} INFO - [2022-10-05T09:15:49.278+0000] {dag.py:3328} INFO - Setting next_dagrun for example_dag_decorator to None, run_after=None
[2022-10-05T09:15:49.293+0000] {processor.py:178} INFO - Processing /home/airflow/.local/lib/python3.7/site-packages/airflow/example_dags/example_dag_decorator.py took 0.121 seconds
[2022-10-05T09:16:19.504+0000] {processor.py:156} INFO - Started process (PID=9054) to work on /home/airflow/.local/lib/python3.7/site-packages/airflow/example_dags/example_dag_decorator.py
[2022-10-05T09:16:19.505+0000] {processor.py:758} INFO - Processing file /home/airflow/.local/lib/python3.7/site-packages/airflow/example_dags/example_dag_decorator.py for tasks to queue
[2022-10-05T09:16:19.505+0000] {logging_mixin.py:117} INFO - [2022-10-05T09:16:19.505+0000] {dagbag.py:525} INFO - Filling up the DagBag from /home/airflow/.local/lib/python3.7/site-packages/airflow/example_dags/example_dag_decorator.py
[2022-10-05T09:16:19.528+0000] {processor.py:768} INFO - DAG(s) dict_keys(['example_dag_decorator']) retrieved from /home/airflow/.local/lib/python3.7/site-packages/airflow/example_dags/example_dag_decorator.py
[2022-10-05T09:16:19.592+0000] {logging_mixin.py:117} INFO - [2022-10-05T09:16:19.592+0000] {dag.py:2573} INFO - Sync 1 DAGs
[2022-10-05T09:16:19.610+0000] {logging_mixin.py:117} INFO - [2022-10-05T09:16:19.610+0000] {dag.py:3328} INFO - Setting next_dagrun for example_dag_decorator to None, run_after=None
[2022-10-05T09:16:19.624+0000] {processor.py:178} INFO - Processing /home/airflow/.local/lib/python3.7/site-packages/airflow/example_dags/example_dag_decorator.py took 0.123 seconds
[2022-10-05T09:16:49.963+0000] {processor.py:156} INFO - Started process (PID=9263) to work on /home/airflow/.local/lib/python3.7/site-packages/airflow/example_dags/example_dag_decorator.py
[2022-10-05T09:16:49.963+0000] {processor.py:758} INFO - Processing file /home/airflow/.local/lib/python3.7/site-packages/airflow/example_dags/example_dag_decorator.py for tasks to queue
[2022-10-05T09:16:49.964+0000] {logging_mixin.py:117} INFO - [2022-10-05T09:16:49.964+0000] {dagbag.py:525} INFO - Filling up the DagBag from /home/airflow/.local/lib/python3.7/site-packages/airflow/example_dags/example_dag_decorator.py
[2022-10-05T09:16:49.986+0000] {processor.py:768} INFO - DAG(s) dict_keys(['example_dag_decorator']) retrieved from /home/airflow/.local/lib/python3.7/site-packages/airflow/example_dags/example_dag_decorator.py
[2022-10-05T09:16:50.048+0000] {logging_mixin.py:117} INFO - [2022-10-05T09:16:50.048+0000] {dag.py:2573} INFO - Sync 1 DAGs
[2022-10-05T09:16:50.066+0000] {logging_mixin.py:117} INFO - [2022-10-05T09:16:50.066+0000] {dag.py:3328} INFO - Setting next_dagrun for example_dag_decorator to None, run_after=None
[2022-10-05T09:16:50.081+0000] {processor.py:178} INFO - Processing /home/airflow/.local/lib/python3.7/site-packages/airflow/example_dags/example_dag_decorator.py took 0.120 seconds
[2022-10-05T09:17:20.332+0000] {processor.py:156} INFO - Started process (PID=9470) to work on /home/airflow/.local/lib/python3.7/site-packages/airflow/example_dags/example_dag_decorator.py
[2022-10-05T09:17:20.333+0000] {processor.py:758} INFO - Processing file /home/airflow/.local/lib/python3.7/site-packages/airflow/example_dags/example_dag_decorator.py for tasks to queue
[2022-10-05T09:17:20.333+0000] {logging_mixin.py:117} INFO - [2022-10-05T09:17:20.333+0000] {dagbag.py:525} INFO - Filling up the DagBag from /home/airflow/.local/lib/python3.7/site-packages/airflow/example_dags/example_dag_decorator.py
[2022-10-05T09:17:20.355+0000] {processor.py:768} INFO - DAG(s) dict_keys(['example_dag_decorator']) retrieved from /home/airflow/.local/lib/python3.7/site-packages/airflow/example_dags/example_dag_decorator.py
[2022-10-05T09:17:20.416+0000] {logging_mixin.py:117} INFO - [2022-10-05T09:17:20.416+0000] {dag.py:2573} INFO - Sync 1 DAGs
[2022-10-05T09:17:20.434+0000] {logging_mixin.py:117} INFO - [2022-10-05T09:17:20.434+0000] {dag.py:3328} INFO - Setting next_dagrun for example_dag_decorator to None, run_after=None
[2022-10-05T09:17:20.448+0000] {processor.py:178} INFO - Processing /home/airflow/.local/lib/python3.7/site-packages/airflow/example_dags/example_dag_decorator.py took 0.119 seconds
[2022-10-05T09:17:50.758+0000] {processor.py:156} INFO - Started process (PID=9675) to work on /home/airflow/.local/lib/python3.7/site-packages/airflow/example_dags/example_dag_decorator.py
[2022-10-05T09:17:50.759+0000] {processor.py:758} INFO - Processing file /home/airflow/.local/lib/python3.7/site-packages/airflow/example_dags/example_dag_decorator.py for tasks to queue
[2022-10-05T09:17:50.759+0000] {logging_mixin.py:117} INFO - [2022-10-05T09:17:50.759+0000] {dagbag.py:525} INFO - Filling up the DagBag from /home/airflow/.local/lib/python3.7/site-packages/airflow/example_dags/example_dag_decorator.py
[2022-10-05T09:17:50.782+0000] {processor.py:768} INFO - DAG(s) dict_keys(['example_dag_decorator']) retrieved from /home/airflow/.local/lib/python3.7/site-packages/airflow/example_dags/example_dag_decorator.py
[2022-10-05T09:17:50.846+0000] {logging_mixin.py:117} INFO - [2022-10-05T09:17:50.845+0000] {dag.py:2573} INFO - Sync 1 DAGs
[2022-10-05T09:17:50.863+0000] {logging_mixin.py:117} INFO - [2022-10-05T09:17:50.863+0000] {dag.py:3328} INFO - Setting next_dagrun for example_dag_decorator to None, run_after=None
[2022-10-05T09:17:50.878+0000] {processor.py:178} INFO - Processing /home/airflow/.local/lib/python3.7/site-packages/airflow/example_dags/example_dag_decorator.py took 0.122 seconds
[2022-10-05T09:18:21.077+0000] {processor.py:156} INFO - Started process (PID=9875) to work on /home/airflow/.local/lib/python3.7/site-packages/airflow/example_dags/example_dag_decorator.py
[2022-10-05T09:18:21.078+0000] {processor.py:758} INFO - Processing file /home/airflow/.local/lib/python3.7/site-packages/airflow/example_dags/example_dag_decorator.py for tasks to queue
[2022-10-05T09:18:21.078+0000] {logging_mixin.py:117} INFO - [2022-10-05T09:18:21.078+0000] {dagbag.py:525} INFO - Filling up the DagBag from /home/airflow/.local/lib/python3.7/site-packages/airflow/example_dags/example_dag_decorator.py
[2022-10-05T09:18:21.101+0000] {processor.py:768} INFO - DAG(s) dict_keys(['example_dag_decorator']) retrieved from /home/airflow/.local/lib/python3.7/site-packages/airflow/example_dags/example_dag_decorator.py
[2022-10-05T09:18:21.164+0000] {logging_mixin.py:117} INFO - [2022-10-05T09:18:21.164+0000] {dag.py:2573} INFO - Sync 1 DAGs
[2022-10-05T09:18:21.182+0000] {logging_mixin.py:117} INFO - [2022-10-05T09:18:21.182+0000] {dag.py:3328} INFO - Setting next_dagrun for example_dag_decorator to None, run_after=None
[2022-10-05T09:18:21.197+0000] {processor.py:178} INFO - Processing /home/airflow/.local/lib/python3.7/site-packages/airflow/example_dags/example_dag_decorator.py took 0.122 seconds
[2022-10-05T09:18:51.698+0000] {processor.py:156} INFO - Started process (PID=10080) to work on /home/airflow/.local/lib/python3.7/site-packages/airflow/example_dags/example_dag_decorator.py
[2022-10-05T09:18:51.699+0000] {processor.py:758} INFO - Processing file /home/airflow/.local/lib/python3.7/site-packages/airflow/example_dags/example_dag_decorator.py for tasks to queue
[2022-10-05T09:18:51.699+0000] {logging_mixin.py:117} INFO - [2022-10-05T09:18:51.699+0000] {dagbag.py:525} INFO - Filling up the DagBag from /home/airflow/.local/lib/python3.7/site-packages/airflow/example_dags/example_dag_decorator.py
[2022-10-05T09:18:51.722+0000] {processor.py:768} INFO - DAG(s) dict_keys(['example_dag_decorator']) retrieved from /home/airflow/.local/lib/python3.7/site-packages/airflow/example_dags/example_dag_decorator.py
[2022-10-05T09:18:51.786+0000] {logging_mixin.py:117} INFO - [2022-10-05T09:18:51.786+0000] {dag.py:2573} INFO - Sync 1 DAGs
[2022-10-05T09:18:51.804+0000] {logging_mixin.py:117} INFO - [2022-10-05T09:18:51.804+0000] {dag.py:3328} INFO - Setting next_dagrun for example_dag_decorator to None, run_after=None
[2022-10-05T09:18:51.819+0000] {processor.py:178} INFO - Processing /home/airflow/.local/lib/python3.7/site-packages/airflow/example_dags/example_dag_decorator.py took 0.123 seconds
[2022-10-05T09:19:22.311+0000] {processor.py:156} INFO - Started process (PID=10286) to work on /home/airflow/.local/lib/python3.7/site-packages/airflow/example_dags/example_dag_decorator.py
[2022-10-05T09:19:22.312+0000] {processor.py:758} INFO - Processing file /home/airflow/.local/lib/python3.7/site-packages/airflow/example_dags/example_dag_decorator.py for tasks to queue
[2022-10-05T09:19:22.312+0000] {logging_mixin.py:117} INFO - [2022-10-05T09:19:22.312+0000] {dagbag.py:525} INFO - Filling up the DagBag from /home/airflow/.local/lib/python3.7/site-packages/airflow/example_dags/example_dag_decorator.py
[2022-10-05T09:19:22.335+0000] {processor.py:768} INFO - DAG(s) dict_keys(['example_dag_decorator']) retrieved from /home/airflow/.local/lib/python3.7/site-packages/airflow/example_dags/example_dag_decorator.py
[2022-10-05T09:19:22.398+0000] {logging_mixin.py:117} INFO - [2022-10-05T09:19:22.398+0000] {dag.py:2573} INFO - Sync 1 DAGs
[2022-10-05T09:19:22.417+0000] {logging_mixin.py:117} INFO - [2022-10-05T09:19:22.417+0000] {dag.py:3328} INFO - Setting next_dagrun for example_dag_decorator to None, run_after=None
[2022-10-05T09:19:22.432+0000] {processor.py:178} INFO - Processing /home/airflow/.local/lib/python3.7/site-packages/airflow/example_dags/example_dag_decorator.py took 0.122 seconds
[2022-10-05T09:19:52.882+0000] {processor.py:156} INFO - Started process (PID=10494) to work on /home/airflow/.local/lib/python3.7/site-packages/airflow/example_dags/example_dag_decorator.py
[2022-10-05T09:19:52.883+0000] {processor.py:758} INFO - Processing file /home/airflow/.local/lib/python3.7/site-packages/airflow/example_dags/example_dag_decorator.py for tasks to queue
[2022-10-05T09:19:52.883+0000] {logging_mixin.py:117} INFO - [2022-10-05T09:19:52.883+0000] {dagbag.py:525} INFO - Filling up the DagBag from /home/airflow/.local/lib/python3.7/site-packages/airflow/example_dags/example_dag_decorator.py
[2022-10-05T09:19:52.905+0000] {processor.py:768} INFO - DAG(s) dict_keys(['example_dag_decorator']) retrieved from /home/airflow/.local/lib/python3.7/site-packages/airflow/example_dags/example_dag_decorator.py
[2022-10-05T09:19:52.968+0000] {logging_mixin.py:117} INFO - [2022-10-05T09:19:52.968+0000] {dag.py:2573} INFO - Sync 1 DAGs
[2022-10-05T09:19:52.985+0000] {logging_mixin.py:117} INFO - [2022-10-05T09:19:52.985+0000] {dag.py:3328} INFO - Setting next_dagrun for example_dag_decorator to None, run_after=None
[2022-10-05T09:19:53.000+0000] {processor.py:178} INFO - Processing /home/airflow/.local/lib/python3.7/site-packages/airflow/example_dags/example_dag_decorator.py took 0.121 seconds
[2022-10-05T09:20:23.359+0000] {processor.py:156} INFO - Started process (PID=10694) to work on /home/airflow/.local/lib/python3.7/site-packages/airflow/example_dags/example_dag_decorator.py
[2022-10-05T09:20:23.360+0000] {processor.py:758} INFO - Processing file /home/airflow/.local/lib/python3.7/site-packages/airflow/example_dags/example_dag_decorator.py for tasks to queue
[2022-10-05T09:20:23.360+0000] {logging_mixin.py:117} INFO - [2022-10-05T09:20:23.360+0000] {dagbag.py:525} INFO - Filling up the DagBag from /home/airflow/.local/lib/python3.7/site-packages/airflow/example_dags/example_dag_decorator.py
[2022-10-05T09:20:23.383+0000] {processor.py:768} INFO - DAG(s) dict_keys(['example_dag_decorator']) retrieved from /home/airflow/.local/lib/python3.7/site-packages/airflow/example_dags/example_dag_decorator.py
[2022-10-05T09:20:23.501+0000] {logging_mixin.py:117} INFO - [2022-10-05T09:20:23.501+0000] {dag.py:2573} INFO - Sync 1 DAGs
[2022-10-05T09:20:23.519+0000] {logging_mixin.py:117} INFO - [2022-10-05T09:20:23.519+0000] {dag.py:3328} INFO - Setting next_dagrun for example_dag_decorator to None, run_after=None
[2022-10-05T09:20:23.534+0000] {processor.py:178} INFO - Processing /home/airflow/.local/lib/python3.7/site-packages/airflow/example_dags/example_dag_decorator.py took 0.177 seconds
[2022-10-05T09:20:54.097+0000] {processor.py:156} INFO - Started process (PID=10899) to work on /home/airflow/.local/lib/python3.7/site-packages/airflow/example_dags/example_dag_decorator.py
[2022-10-05T09:20:54.097+0000] {processor.py:758} INFO - Processing file /home/airflow/.local/lib/python3.7/site-packages/airflow/example_dags/example_dag_decorator.py for tasks to queue
[2022-10-05T09:20:54.098+0000] {logging_mixin.py:117} INFO - [2022-10-05T09:20:54.098+0000] {dagbag.py:525} INFO - Filling up the DagBag from /home/airflow/.local/lib/python3.7/site-packages/airflow/example_dags/example_dag_decorator.py
[2022-10-05T09:20:54.120+0000] {processor.py:768} INFO - DAG(s) dict_keys(['example_dag_decorator']) retrieved from /home/airflow/.local/lib/python3.7/site-packages/airflow/example_dags/example_dag_decorator.py
[2022-10-05T09:20:54.182+0000] {logging_mixin.py:117} INFO - [2022-10-05T09:20:54.182+0000] {dag.py:2573} INFO - Sync 1 DAGs
[2022-10-05T09:20:54.201+0000] {logging_mixin.py:117} INFO - [2022-10-05T09:20:54.201+0000] {dag.py:3328} INFO - Setting next_dagrun for example_dag_decorator to None, run_after=None
[2022-10-05T09:20:54.216+0000] {processor.py:178} INFO - Processing /home/airflow/.local/lib/python3.7/site-packages/airflow/example_dags/example_dag_decorator.py took 0.121 seconds
[2022-10-05T09:21:24.684+0000] {processor.py:156} INFO - Started process (PID=11106) to work on /home/airflow/.local/lib/python3.7/site-packages/airflow/example_dags/example_dag_decorator.py
[2022-10-05T09:21:24.685+0000] {processor.py:758} INFO - Processing file /home/airflow/.local/lib/python3.7/site-packages/airflow/example_dags/example_dag_decorator.py for tasks to queue
[2022-10-05T09:21:24.685+0000] {logging_mixin.py:117} INFO - [2022-10-05T09:21:24.685+0000] {dagbag.py:525} INFO - Filling up the DagBag from /home/airflow/.local/lib/python3.7/site-packages/airflow/example_dags/example_dag_decorator.py
[2022-10-05T09:21:24.708+0000] {processor.py:768} INFO - DAG(s) dict_keys(['example_dag_decorator']) retrieved from /home/airflow/.local/lib/python3.7/site-packages/airflow/example_dags/example_dag_decorator.py
[2022-10-05T09:21:24.771+0000] {logging_mixin.py:117} INFO - [2022-10-05T09:21:24.771+0000] {dag.py:2573} INFO - Sync 1 DAGs
[2022-10-05T09:21:24.791+0000] {logging_mixin.py:117} INFO - [2022-10-05T09:21:24.790+0000] {dag.py:3328} INFO - Setting next_dagrun for example_dag_decorator to None, run_after=None
[2022-10-05T09:21:24.806+0000] {processor.py:178} INFO - Processing /home/airflow/.local/lib/python3.7/site-packages/airflow/example_dags/example_dag_decorator.py took 0.124 seconds
[2022-10-05T09:21:55.358+0000] {processor.py:156} INFO - Started process (PID=11313) to work on /home/airflow/.local/lib/python3.7/site-packages/airflow/example_dags/example_dag_decorator.py
[2022-10-05T09:21:55.359+0000] {processor.py:758} INFO - Processing file /home/airflow/.local/lib/python3.7/site-packages/airflow/example_dags/example_dag_decorator.py for tasks to queue
[2022-10-05T09:21:55.359+0000] {logging_mixin.py:117} INFO - [2022-10-05T09:21:55.359+0000] {dagbag.py:525} INFO - Filling up the DagBag from /home/airflow/.local/lib/python3.7/site-packages/airflow/example_dags/example_dag_decorator.py
[2022-10-05T09:21:55.381+0000] {processor.py:768} INFO - DAG(s) dict_keys(['example_dag_decorator']) retrieved from /home/airflow/.local/lib/python3.7/site-packages/airflow/example_dags/example_dag_decorator.py
[2022-10-05T09:21:55.445+0000] {logging_mixin.py:117} INFO - [2022-10-05T09:21:55.445+0000] {dag.py:2573} INFO - Sync 1 DAGs
[2022-10-05T09:21:55.463+0000] {logging_mixin.py:117} INFO - [2022-10-05T09:21:55.462+0000] {dag.py:3328} INFO - Setting next_dagrun for example_dag_decorator to None, run_after=None
[2022-10-05T09:21:55.477+0000] {processor.py:178} INFO - Processing /home/airflow/.local/lib/python3.7/site-packages/airflow/example_dags/example_dag_decorator.py took 0.122 seconds
[2022-10-05T09:22:25.858+0000] {processor.py:156} INFO - Started process (PID=11511) to work on /home/airflow/.local/lib/python3.7/site-packages/airflow/example_dags/example_dag_decorator.py
[2022-10-05T09:22:25.858+0000] {processor.py:758} INFO - Processing file /home/airflow/.local/lib/python3.7/site-packages/airflow/example_dags/example_dag_decorator.py for tasks to queue
[2022-10-05T09:22:25.859+0000] {logging_mixin.py:117} INFO - [2022-10-05T09:22:25.859+0000] {dagbag.py:525} INFO - Filling up the DagBag from /home/airflow/.local/lib/python3.7/site-packages/airflow/example_dags/example_dag_decorator.py
[2022-10-05T09:22:25.881+0000] {processor.py:768} INFO - DAG(s) dict_keys(['example_dag_decorator']) retrieved from /home/airflow/.local/lib/python3.7/site-packages/airflow/example_dags/example_dag_decorator.py
[2022-10-05T09:22:25.943+0000] {logging_mixin.py:117} INFO - [2022-10-05T09:22:25.943+0000] {dag.py:2573} INFO - Sync 1 DAGs
[2022-10-05T09:22:25.961+0000] {logging_mixin.py:117} INFO - [2022-10-05T09:22:25.961+0000] {dag.py:3328} INFO - Setting next_dagrun for example_dag_decorator to None, run_after=None
[2022-10-05T09:22:25.976+0000] {processor.py:178} INFO - Processing /home/airflow/.local/lib/python3.7/site-packages/airflow/example_dags/example_dag_decorator.py took 0.120 seconds
[2022-10-05T09:22:56.436+0000] {processor.py:156} INFO - Started process (PID=11720) to work on /home/airflow/.local/lib/python3.7/site-packages/airflow/example_dags/example_dag_decorator.py
[2022-10-05T09:22:56.437+0000] {processor.py:758} INFO - Processing file /home/airflow/.local/lib/python3.7/site-packages/airflow/example_dags/example_dag_decorator.py for tasks to queue
[2022-10-05T09:22:56.437+0000] {logging_mixin.py:117} INFO - [2022-10-05T09:22:56.437+0000] {dagbag.py:525} INFO - Filling up the DagBag from /home/airflow/.local/lib/python3.7/site-packages/airflow/example_dags/example_dag_decorator.py
[2022-10-05T09:22:56.459+0000] {processor.py:768} INFO - DAG(s) dict_keys(['example_dag_decorator']) retrieved from /home/airflow/.local/lib/python3.7/site-packages/airflow/example_dags/example_dag_decorator.py
[2022-10-05T09:22:56.522+0000] {logging_mixin.py:117} INFO - [2022-10-05T09:22:56.522+0000] {dag.py:2573} INFO - Sync 1 DAGs
[2022-10-05T09:22:56.540+0000] {logging_mixin.py:117} INFO - [2022-10-05T09:22:56.540+0000] {dag.py:3328} INFO - Setting next_dagrun for example_dag_decorator to None, run_after=None
[2022-10-05T09:22:56.556+0000] {processor.py:178} INFO - Processing /home/airflow/.local/lib/python3.7/site-packages/airflow/example_dags/example_dag_decorator.py took 0.122 seconds
[2022-10-05T09:23:26.796+0000] {processor.py:156} INFO - Started process (PID=11927) to work on /home/airflow/.local/lib/python3.7/site-packages/airflow/example_dags/example_dag_decorator.py
[2022-10-05T09:23:26.796+0000] {processor.py:758} INFO - Processing file /home/airflow/.local/lib/python3.7/site-packages/airflow/example_dags/example_dag_decorator.py for tasks to queue
[2022-10-05T09:23:26.797+0000] {logging_mixin.py:117} INFO - [2022-10-05T09:23:26.797+0000] {dagbag.py:525} INFO - Filling up the DagBag from /home/airflow/.local/lib/python3.7/site-packages/airflow/example_dags/example_dag_decorator.py
[2022-10-05T09:23:26.819+0000] {processor.py:768} INFO - DAG(s) dict_keys(['example_dag_decorator']) retrieved from /home/airflow/.local/lib/python3.7/site-packages/airflow/example_dags/example_dag_decorator.py
[2022-10-05T09:23:26.882+0000] {logging_mixin.py:117} INFO - [2022-10-05T09:23:26.882+0000] {dag.py:2573} INFO - Sync 1 DAGs
[2022-10-05T09:23:26.900+0000] {logging_mixin.py:117} INFO - [2022-10-05T09:23:26.900+0000] {dag.py:3328} INFO - Setting next_dagrun for example_dag_decorator to None, run_after=None
[2022-10-05T09:23:26.915+0000] {processor.py:178} INFO - Processing /home/airflow/.local/lib/python3.7/site-packages/airflow/example_dags/example_dag_decorator.py took 0.122 seconds
[2022-10-05T09:23:57.097+0000] {processor.py:156} INFO - Started process (PID=12132) to work on /home/airflow/.local/lib/python3.7/site-packages/airflow/example_dags/example_dag_decorator.py
[2022-10-05T09:23:57.098+0000] {processor.py:758} INFO - Processing file /home/airflow/.local/lib/python3.7/site-packages/airflow/example_dags/example_dag_decorator.py for tasks to queue
[2022-10-05T09:23:57.098+0000] {logging_mixin.py:117} INFO - [2022-10-05T09:23:57.098+0000] {dagbag.py:525} INFO - Filling up the DagBag from /home/airflow/.local/lib/python3.7/site-packages/airflow/example_dags/example_dag_decorator.py
[2022-10-05T09:23:57.121+0000] {processor.py:768} INFO - DAG(s) dict_keys(['example_dag_decorator']) retrieved from /home/airflow/.local/lib/python3.7/site-packages/airflow/example_dags/example_dag_decorator.py
[2022-10-05T09:23:57.185+0000] {logging_mixin.py:117} INFO - [2022-10-05T09:23:57.184+0000] {dag.py:2573} INFO - Sync 1 DAGs
[2022-10-05T09:23:57.202+0000] {logging_mixin.py:117} INFO - [2022-10-05T09:23:57.202+0000] {dag.py:3328} INFO - Setting next_dagrun for example_dag_decorator to None, run_after=None
[2022-10-05T09:23:57.217+0000] {processor.py:178} INFO - Processing /home/airflow/.local/lib/python3.7/site-packages/airflow/example_dags/example_dag_decorator.py took 0.122 seconds
[2022-10-05T09:24:27.540+0000] {processor.py:156} INFO - Started process (PID=12337) to work on /home/airflow/.local/lib/python3.7/site-packages/airflow/example_dags/example_dag_decorator.py
[2022-10-05T09:24:27.540+0000] {processor.py:758} INFO - Processing file /home/airflow/.local/lib/python3.7/site-packages/airflow/example_dags/example_dag_decorator.py for tasks to queue
[2022-10-05T09:24:27.541+0000] {logging_mixin.py:117} INFO - [2022-10-05T09:24:27.541+0000] {dagbag.py:525} INFO - Filling up the DagBag from /home/airflow/.local/lib/python3.7/site-packages/airflow/example_dags/example_dag_decorator.py
[2022-10-05T09:24:27.563+0000] {processor.py:768} INFO - DAG(s) dict_keys(['example_dag_decorator']) retrieved from /home/airflow/.local/lib/python3.7/site-packages/airflow/example_dags/example_dag_decorator.py
[2022-10-05T09:24:27.627+0000] {logging_mixin.py:117} INFO - [2022-10-05T09:24:27.626+0000] {dag.py:2573} INFO - Sync 1 DAGs
[2022-10-05T09:24:27.645+0000] {logging_mixin.py:117} INFO - [2022-10-05T09:24:27.644+0000] {dag.py:3328} INFO - Setting next_dagrun for example_dag_decorator to None, run_after=None
[2022-10-05T09:24:27.660+0000] {processor.py:178} INFO - Processing /home/airflow/.local/lib/python3.7/site-packages/airflow/example_dags/example_dag_decorator.py took 0.122 seconds
[2022-10-05T09:24:57.902+0000] {processor.py:156} INFO - Started process (PID=12537) to work on /home/airflow/.local/lib/python3.7/site-packages/airflow/example_dags/example_dag_decorator.py
[2022-10-05T09:24:57.902+0000] {processor.py:758} INFO - Processing file /home/airflow/.local/lib/python3.7/site-packages/airflow/example_dags/example_dag_decorator.py for tasks to queue
[2022-10-05T09:24:57.903+0000] {logging_mixin.py:117} INFO - [2022-10-05T09:24:57.903+0000] {dagbag.py:525} INFO - Filling up the DagBag from /home/airflow/.local/lib/python3.7/site-packages/airflow/example_dags/example_dag_decorator.py
[2022-10-05T09:24:57.924+0000] {processor.py:768} INFO - DAG(s) dict_keys(['example_dag_decorator']) retrieved from /home/airflow/.local/lib/python3.7/site-packages/airflow/example_dags/example_dag_decorator.py
[2022-10-05T09:24:57.986+0000] {logging_mixin.py:117} INFO - [2022-10-05T09:24:57.986+0000] {dag.py:2573} INFO - Sync 1 DAGs
[2022-10-05T09:24:58.004+0000] {logging_mixin.py:117} INFO - [2022-10-05T09:24:58.004+0000] {dag.py:3328} INFO - Setting next_dagrun for example_dag_decorator to None, run_after=None
[2022-10-05T09:24:58.020+0000] {processor.py:178} INFO - Processing /home/airflow/.local/lib/python3.7/site-packages/airflow/example_dags/example_dag_decorator.py took 0.120 seconds
[2022-10-05T09:25:28.293+0000] {processor.py:156} INFO - Started process (PID=12744) to work on /home/airflow/.local/lib/python3.7/site-packages/airflow/example_dags/example_dag_decorator.py
[2022-10-05T09:25:28.294+0000] {processor.py:758} INFO - Processing file /home/airflow/.local/lib/python3.7/site-packages/airflow/example_dags/example_dag_decorator.py for tasks to queue
[2022-10-05T09:25:28.294+0000] {logging_mixin.py:117} INFO - [2022-10-05T09:25:28.294+0000] {dagbag.py:525} INFO - Filling up the DagBag from /home/airflow/.local/lib/python3.7/site-packages/airflow/example_dags/example_dag_decorator.py
[2022-10-05T09:25:28.316+0000] {processor.py:768} INFO - DAG(s) dict_keys(['example_dag_decorator']) retrieved from /home/airflow/.local/lib/python3.7/site-packages/airflow/example_dags/example_dag_decorator.py
[2022-10-05T09:25:28.377+0000] {logging_mixin.py:117} INFO - [2022-10-05T09:25:28.377+0000] {dag.py:2573} INFO - Sync 1 DAGs
[2022-10-05T09:25:28.396+0000] {logging_mixin.py:117} INFO - [2022-10-05T09:25:28.395+0000] {dag.py:3328} INFO - Setting next_dagrun for example_dag_decorator to None, run_after=None
[2022-10-05T09:25:28.410+0000] {processor.py:178} INFO - Processing /home/airflow/.local/lib/python3.7/site-packages/airflow/example_dags/example_dag_decorator.py took 0.119 seconds
[2022-10-05T09:25:58.682+0000] {processor.py:156} INFO - Started process (PID=12951) to work on /home/airflow/.local/lib/python3.7/site-packages/airflow/example_dags/example_dag_decorator.py
[2022-10-05T09:25:58.683+0000] {processor.py:758} INFO - Processing file /home/airflow/.local/lib/python3.7/site-packages/airflow/example_dags/example_dag_decorator.py for tasks to queue
[2022-10-05T09:25:58.683+0000] {logging_mixin.py:117} INFO - [2022-10-05T09:25:58.683+0000] {dagbag.py:525} INFO - Filling up the DagBag from /home/airflow/.local/lib/python3.7/site-packages/airflow/example_dags/example_dag_decorator.py
[2022-10-05T09:25:58.706+0000] {processor.py:768} INFO - DAG(s) dict_keys(['example_dag_decorator']) retrieved from /home/airflow/.local/lib/python3.7/site-packages/airflow/example_dags/example_dag_decorator.py
[2022-10-05T09:25:58.768+0000] {logging_mixin.py:117} INFO - [2022-10-05T09:25:58.768+0000] {dag.py:2573} INFO - Sync 1 DAGs
[2022-10-05T09:25:58.785+0000] {logging_mixin.py:117} INFO - [2022-10-05T09:25:58.785+0000] {dag.py:3328} INFO - Setting next_dagrun for example_dag_decorator to None, run_after=None
[2022-10-05T09:25:58.800+0000] {processor.py:178} INFO - Processing /home/airflow/.local/lib/python3.7/site-packages/airflow/example_dags/example_dag_decorator.py took 0.120 seconds
[2022-10-05T09:26:29.065+0000] {processor.py:156} INFO - Started process (PID=13160) to work on /home/airflow/.local/lib/python3.7/site-packages/airflow/example_dags/example_dag_decorator.py
[2022-10-05T09:26:29.066+0000] {processor.py:758} INFO - Processing file /home/airflow/.local/lib/python3.7/site-packages/airflow/example_dags/example_dag_decorator.py for tasks to queue
[2022-10-05T09:26:29.066+0000] {logging_mixin.py:117} INFO - [2022-10-05T09:26:29.066+0000] {dagbag.py:525} INFO - Filling up the DagBag from /home/airflow/.local/lib/python3.7/site-packages/airflow/example_dags/example_dag_decorator.py
[2022-10-05T09:26:29.089+0000] {processor.py:768} INFO - DAG(s) dict_keys(['example_dag_decorator']) retrieved from /home/airflow/.local/lib/python3.7/site-packages/airflow/example_dags/example_dag_decorator.py
[2022-10-05T09:26:29.152+0000] {logging_mixin.py:117} INFO - [2022-10-05T09:26:29.152+0000] {dag.py:2573} INFO - Sync 1 DAGs
[2022-10-05T09:26:29.169+0000] {logging_mixin.py:117} INFO - [2022-10-05T09:26:29.169+0000] {dag.py:3328} INFO - Setting next_dagrun for example_dag_decorator to None, run_after=None
[2022-10-05T09:26:29.184+0000] {processor.py:178} INFO - Processing /home/airflow/.local/lib/python3.7/site-packages/airflow/example_dags/example_dag_decorator.py took 0.121 seconds
[2022-10-05T09:26:59.461+0000] {processor.py:156} INFO - Started process (PID=13356) to work on /home/airflow/.local/lib/python3.7/site-packages/airflow/example_dags/example_dag_decorator.py
[2022-10-05T09:26:59.462+0000] {processor.py:758} INFO - Processing file /home/airflow/.local/lib/python3.7/site-packages/airflow/example_dags/example_dag_decorator.py for tasks to queue
[2022-10-05T09:26:59.462+0000] {logging_mixin.py:117} INFO - [2022-10-05T09:26:59.462+0000] {dagbag.py:525} INFO - Filling up the DagBag from /home/airflow/.local/lib/python3.7/site-packages/airflow/example_dags/example_dag_decorator.py
[2022-10-05T09:26:59.484+0000] {processor.py:768} INFO - DAG(s) dict_keys(['example_dag_decorator']) retrieved from /home/airflow/.local/lib/python3.7/site-packages/airflow/example_dags/example_dag_decorator.py
[2022-10-05T09:26:59.547+0000] {logging_mixin.py:117} INFO - [2022-10-05T09:26:59.547+0000] {dag.py:2573} INFO - Sync 1 DAGs
[2022-10-05T09:26:59.565+0000] {logging_mixin.py:117} INFO - [2022-10-05T09:26:59.565+0000] {dag.py:3328} INFO - Setting next_dagrun for example_dag_decorator to None, run_after=None
[2022-10-05T09:26:59.581+0000] {processor.py:178} INFO - Processing /home/airflow/.local/lib/python3.7/site-packages/airflow/example_dags/example_dag_decorator.py took 0.122 seconds
[2022-10-05T09:27:29.837+0000] {processor.py:156} INFO - Started process (PID=13563) to work on /home/airflow/.local/lib/python3.7/site-packages/airflow/example_dags/example_dag_decorator.py
[2022-10-05T09:27:29.838+0000] {processor.py:758} INFO - Processing file /home/airflow/.local/lib/python3.7/site-packages/airflow/example_dags/example_dag_decorator.py for tasks to queue
[2022-10-05T09:27:29.838+0000] {logging_mixin.py:117} INFO - [2022-10-05T09:27:29.838+0000] {dagbag.py:525} INFO - Filling up the DagBag from /home/airflow/.local/lib/python3.7/site-packages/airflow/example_dags/example_dag_decorator.py
[2022-10-05T09:27:29.860+0000] {processor.py:768} INFO - DAG(s) dict_keys(['example_dag_decorator']) retrieved from /home/airflow/.local/lib/python3.7/site-packages/airflow/example_dags/example_dag_decorator.py
[2022-10-05T09:27:29.923+0000] {logging_mixin.py:117} INFO - [2022-10-05T09:27:29.923+0000] {dag.py:2573} INFO - Sync 1 DAGs
[2022-10-05T09:27:29.942+0000] {logging_mixin.py:117} INFO - [2022-10-05T09:27:29.942+0000] {dag.py:3328} INFO - Setting next_dagrun for example_dag_decorator to None, run_after=None
[2022-10-05T09:27:29.956+0000] {processor.py:178} INFO - Processing /home/airflow/.local/lib/python3.7/site-packages/airflow/example_dags/example_dag_decorator.py took 0.121 seconds
[2022-10-05T09:28:00.197+0000] {processor.py:156} INFO - Started process (PID=13770) to work on /home/airflow/.local/lib/python3.7/site-packages/airflow/example_dags/example_dag_decorator.py
[2022-10-05T09:28:00.198+0000] {processor.py:758} INFO - Processing file /home/airflow/.local/lib/python3.7/site-packages/airflow/example_dags/example_dag_decorator.py for tasks to queue
[2022-10-05T09:28:00.199+0000] {logging_mixin.py:117} INFO - [2022-10-05T09:28:00.199+0000] {dagbag.py:525} INFO - Filling up the DagBag from /home/airflow/.local/lib/python3.7/site-packages/airflow/example_dags/example_dag_decorator.py
[2022-10-05T09:28:00.221+0000] {processor.py:768} INFO - DAG(s) dict_keys(['example_dag_decorator']) retrieved from /home/airflow/.local/lib/python3.7/site-packages/airflow/example_dags/example_dag_decorator.py
[2022-10-05T09:28:00.284+0000] {logging_mixin.py:117} INFO - [2022-10-05T09:28:00.284+0000] {dag.py:2573} INFO - Sync 1 DAGs
[2022-10-05T09:28:00.302+0000] {logging_mixin.py:117} INFO - [2022-10-05T09:28:00.302+0000] {dag.py:3328} INFO - Setting next_dagrun for example_dag_decorator to None, run_after=None
[2022-10-05T09:28:00.317+0000] {processor.py:178} INFO - Processing /home/airflow/.local/lib/python3.7/site-packages/airflow/example_dags/example_dag_decorator.py took 0.122 seconds
[2022-10-05T09:28:30.594+0000] {processor.py:156} INFO - Started process (PID=13977) to work on /home/airflow/.local/lib/python3.7/site-packages/airflow/example_dags/example_dag_decorator.py
[2022-10-05T09:28:30.595+0000] {processor.py:758} INFO - Processing file /home/airflow/.local/lib/python3.7/site-packages/airflow/example_dags/example_dag_decorator.py for tasks to queue
[2022-10-05T09:28:30.595+0000] {logging_mixin.py:117} INFO - [2022-10-05T09:28:30.595+0000] {dagbag.py:525} INFO - Filling up the DagBag from /home/airflow/.local/lib/python3.7/site-packages/airflow/example_dags/example_dag_decorator.py
[2022-10-05T09:28:30.618+0000] {processor.py:768} INFO - DAG(s) dict_keys(['example_dag_decorator']) retrieved from /home/airflow/.local/lib/python3.7/site-packages/airflow/example_dags/example_dag_decorator.py
[2022-10-05T09:28:30.683+0000] {logging_mixin.py:117} INFO - [2022-10-05T09:28:30.682+0000] {dag.py:2573} INFO - Sync 1 DAGs
[2022-10-05T09:28:30.701+0000] {logging_mixin.py:117} INFO - [2022-10-05T09:28:30.701+0000] {dag.py:3328} INFO - Setting next_dagrun for example_dag_decorator to None, run_after=None
[2022-10-05T09:28:30.716+0000] {processor.py:178} INFO - Processing /home/airflow/.local/lib/python3.7/site-packages/airflow/example_dags/example_dag_decorator.py took 0.124 seconds
[2022-10-05T09:29:01.031+0000] {processor.py:156} INFO - Started process (PID=14177) to work on /home/airflow/.local/lib/python3.7/site-packages/airflow/example_dags/example_dag_decorator.py
[2022-10-05T09:29:01.032+0000] {processor.py:758} INFO - Processing file /home/airflow/.local/lib/python3.7/site-packages/airflow/example_dags/example_dag_decorator.py for tasks to queue
[2022-10-05T09:29:01.033+0000] {logging_mixin.py:117} INFO - [2022-10-05T09:29:01.033+0000] {dagbag.py:525} INFO - Filling up the DagBag from /home/airflow/.local/lib/python3.7/site-packages/airflow/example_dags/example_dag_decorator.py
[2022-10-05T09:29:01.055+0000] {processor.py:768} INFO - DAG(s) dict_keys(['example_dag_decorator']) retrieved from /home/airflow/.local/lib/python3.7/site-packages/airflow/example_dags/example_dag_decorator.py
[2022-10-05T09:29:01.117+0000] {logging_mixin.py:117} INFO - [2022-10-05T09:29:01.117+0000] {dag.py:2573} INFO - Sync 1 DAGs
[2022-10-05T09:29:01.134+0000] {logging_mixin.py:117} INFO - [2022-10-05T09:29:01.134+0000] {dag.py:3328} INFO - Setting next_dagrun for example_dag_decorator to None, run_after=None
[2022-10-05T09:29:01.148+0000] {processor.py:178} INFO - Processing /home/airflow/.local/lib/python3.7/site-packages/airflow/example_dags/example_dag_decorator.py took 0.119 seconds
[2022-10-05T09:29:31.512+0000] {processor.py:156} INFO - Started process (PID=14382) to work on /home/airflow/.local/lib/python3.7/site-packages/airflow/example_dags/example_dag_decorator.py
[2022-10-05T09:29:31.513+0000] {processor.py:758} INFO - Processing file /home/airflow/.local/lib/python3.7/site-packages/airflow/example_dags/example_dag_decorator.py for tasks to queue
[2022-10-05T09:29:31.513+0000] {logging_mixin.py:117} INFO - [2022-10-05T09:29:31.513+0000] {dagbag.py:525} INFO - Filling up the DagBag from /home/airflow/.local/lib/python3.7/site-packages/airflow/example_dags/example_dag_decorator.py
[2022-10-05T09:29:31.536+0000] {processor.py:768} INFO - DAG(s) dict_keys(['example_dag_decorator']) retrieved from /home/airflow/.local/lib/python3.7/site-packages/airflow/example_dags/example_dag_decorator.py
[2022-10-05T09:29:31.599+0000] {logging_mixin.py:117} INFO - [2022-10-05T09:29:31.599+0000] {dag.py:2573} INFO - Sync 1 DAGs
[2022-10-05T09:29:31.618+0000] {logging_mixin.py:117} INFO - [2022-10-05T09:29:31.618+0000] {dag.py:3328} INFO - Setting next_dagrun for example_dag_decorator to None, run_after=None
[2022-10-05T09:29:31.632+0000] {processor.py:178} INFO - Processing /home/airflow/.local/lib/python3.7/site-packages/airflow/example_dags/example_dag_decorator.py took 0.123 seconds
[2022-10-05T09:30:01.870+0000] {processor.py:156} INFO - Started process (PID=14589) to work on /home/airflow/.local/lib/python3.7/site-packages/airflow/example_dags/example_dag_decorator.py
[2022-10-05T09:30:01.871+0000] {processor.py:758} INFO - Processing file /home/airflow/.local/lib/python3.7/site-packages/airflow/example_dags/example_dag_decorator.py for tasks to queue
[2022-10-05T09:30:01.871+0000] {logging_mixin.py:117} INFO - [2022-10-05T09:30:01.871+0000] {dagbag.py:525} INFO - Filling up the DagBag from /home/airflow/.local/lib/python3.7/site-packages/airflow/example_dags/example_dag_decorator.py
[2022-10-05T09:30:01.893+0000] {processor.py:768} INFO - DAG(s) dict_keys(['example_dag_decorator']) retrieved from /home/airflow/.local/lib/python3.7/site-packages/airflow/example_dags/example_dag_decorator.py
[2022-10-05T09:30:01.956+0000] {logging_mixin.py:117} INFO - [2022-10-05T09:30:01.955+0000] {dag.py:2573} INFO - Sync 1 DAGs
[2022-10-05T09:30:01.973+0000] {logging_mixin.py:117} INFO - [2022-10-05T09:30:01.973+0000] {dag.py:3328} INFO - Setting next_dagrun for example_dag_decorator to None, run_after=None
[2022-10-05T09:30:01.987+0000] {processor.py:178} INFO - Processing /home/airflow/.local/lib/python3.7/site-packages/airflow/example_dags/example_dag_decorator.py took 0.119 seconds
[2022-10-05T09:30:32.266+0000] {processor.py:156} INFO - Started process (PID=14796) to work on /home/airflow/.local/lib/python3.7/site-packages/airflow/example_dags/example_dag_decorator.py
[2022-10-05T09:30:32.266+0000] {processor.py:758} INFO - Processing file /home/airflow/.local/lib/python3.7/site-packages/airflow/example_dags/example_dag_decorator.py for tasks to queue
[2022-10-05T09:30:32.267+0000] {logging_mixin.py:117} INFO - [2022-10-05T09:30:32.267+0000] {dagbag.py:525} INFO - Filling up the DagBag from /home/airflow/.local/lib/python3.7/site-packages/airflow/example_dags/example_dag_decorator.py
[2022-10-05T09:30:32.289+0000] {processor.py:768} INFO - DAG(s) dict_keys(['example_dag_decorator']) retrieved from /home/airflow/.local/lib/python3.7/site-packages/airflow/example_dags/example_dag_decorator.py
[2022-10-05T09:30:32.352+0000] {logging_mixin.py:117} INFO - [2022-10-05T09:30:32.352+0000] {dag.py:2573} INFO - Sync 1 DAGs
[2022-10-05T09:30:32.370+0000] {logging_mixin.py:117} INFO - [2022-10-05T09:30:32.370+0000] {dag.py:3328} INFO - Setting next_dagrun for example_dag_decorator to None, run_after=None
[2022-10-05T09:30:32.385+0000] {processor.py:178} INFO - Processing /home/airflow/.local/lib/python3.7/site-packages/airflow/example_dags/example_dag_decorator.py took 0.122 seconds
[2022-10-05T09:31:02.716+0000] {processor.py:156} INFO - Started process (PID=14994) to work on /home/airflow/.local/lib/python3.7/site-packages/airflow/example_dags/example_dag_decorator.py
[2022-10-05T09:31:02.716+0000] {processor.py:758} INFO - Processing file /home/airflow/.local/lib/python3.7/site-packages/airflow/example_dags/example_dag_decorator.py for tasks to queue
[2022-10-05T09:31:02.717+0000] {logging_mixin.py:117} INFO - [2022-10-05T09:31:02.717+0000] {dagbag.py:525} INFO - Filling up the DagBag from /home/airflow/.local/lib/python3.7/site-packages/airflow/example_dags/example_dag_decorator.py
[2022-10-05T09:31:02.738+0000] {processor.py:768} INFO - DAG(s) dict_keys(['example_dag_decorator']) retrieved from /home/airflow/.local/lib/python3.7/site-packages/airflow/example_dags/example_dag_decorator.py
[2022-10-05T09:31:02.800+0000] {logging_mixin.py:117} INFO - [2022-10-05T09:31:02.800+0000] {dag.py:2573} INFO - Sync 1 DAGs
[2022-10-05T09:31:02.818+0000] {logging_mixin.py:117} INFO - [2022-10-05T09:31:02.818+0000] {dag.py:3328} INFO - Setting next_dagrun for example_dag_decorator to None, run_after=None
[2022-10-05T09:31:02.832+0000] {processor.py:178} INFO - Processing /home/airflow/.local/lib/python3.7/site-packages/airflow/example_dags/example_dag_decorator.py took 0.119 seconds
[2022-10-05T09:31:33.133+0000] {processor.py:156} INFO - Started process (PID=15201) to work on /home/airflow/.local/lib/python3.7/site-packages/airflow/example_dags/example_dag_decorator.py
[2022-10-05T09:31:33.134+0000] {processor.py:758} INFO - Processing file /home/airflow/.local/lib/python3.7/site-packages/airflow/example_dags/example_dag_decorator.py for tasks to queue
[2022-10-05T09:31:33.134+0000] {logging_mixin.py:117} INFO - [2022-10-05T09:31:33.134+0000] {dagbag.py:525} INFO - Filling up the DagBag from /home/airflow/.local/lib/python3.7/site-packages/airflow/example_dags/example_dag_decorator.py
[2022-10-05T09:31:33.155+0000] {processor.py:768} INFO - DAG(s) dict_keys(['example_dag_decorator']) retrieved from /home/airflow/.local/lib/python3.7/site-packages/airflow/example_dags/example_dag_decorator.py
[2022-10-05T09:31:33.218+0000] {logging_mixin.py:117} INFO - [2022-10-05T09:31:33.218+0000] {dag.py:2573} INFO - Sync 1 DAGs
[2022-10-05T09:31:33.237+0000] {logging_mixin.py:117} INFO - [2022-10-05T09:31:33.237+0000] {dag.py:3328} INFO - Setting next_dagrun for example_dag_decorator to None, run_after=None
[2022-10-05T09:31:33.252+0000] {processor.py:178} INFO - Processing /home/airflow/.local/lib/python3.7/site-packages/airflow/example_dags/example_dag_decorator.py took 0.122 seconds
[2022-10-05T09:32:03.545+0000] {processor.py:156} INFO - Started process (PID=15408) to work on /home/airflow/.local/lib/python3.7/site-packages/airflow/example_dags/example_dag_decorator.py
[2022-10-05T09:32:03.546+0000] {processor.py:758} INFO - Processing file /home/airflow/.local/lib/python3.7/site-packages/airflow/example_dags/example_dag_decorator.py for tasks to queue
[2022-10-05T09:32:03.546+0000] {logging_mixin.py:117} INFO - [2022-10-05T09:32:03.546+0000] {dagbag.py:525} INFO - Filling up the DagBag from /home/airflow/.local/lib/python3.7/site-packages/airflow/example_dags/example_dag_decorator.py
[2022-10-05T09:32:03.568+0000] {processor.py:768} INFO - DAG(s) dict_keys(['example_dag_decorator']) retrieved from /home/airflow/.local/lib/python3.7/site-packages/airflow/example_dags/example_dag_decorator.py
[2022-10-05T09:32:03.629+0000] {logging_mixin.py:117} INFO - [2022-10-05T09:32:03.629+0000] {dag.py:2573} INFO - Sync 1 DAGs
[2022-10-05T09:32:03.648+0000] {logging_mixin.py:117} INFO - [2022-10-05T09:32:03.648+0000] {dag.py:3328} INFO - Setting next_dagrun for example_dag_decorator to None, run_after=None
[2022-10-05T09:32:03.662+0000] {processor.py:178} INFO - Processing /home/airflow/.local/lib/python3.7/site-packages/airflow/example_dags/example_dag_decorator.py took 0.120 seconds
