[2022-10-05T08:54:27.660+0000] {processor.py:156} INFO - Started process (PID=267) to work on /home/airflow/.local/lib/python3.7/site-packages/airflow/example_dags/example_sla_dag.py
[2022-10-05T08:54:27.661+0000] {processor.py:758} INFO - Processing file /home/airflow/.local/lib/python3.7/site-packages/airflow/example_dags/example_sla_dag.py for tasks to queue
[2022-10-05T08:54:27.661+0000] {logging_mixin.py:117} INFO - [2022-10-05T08:54:27.661+0000] {dagbag.py:525} INFO - Filling up the DagBag from /home/airflow/.local/lib/python3.7/site-packages/airflow/example_dags/example_sla_dag.py
[2022-10-05T08:54:27.680+0000] {processor.py:768} INFO - DAG(s) dict_keys(['example_sla_dag']) retrieved from /home/airflow/.local/lib/python3.7/site-packages/airflow/example_dags/example_sla_dag.py
[2022-10-05T08:54:27.706+0000] {logging_mixin.py:117} INFO - [2022-10-05T08:54:27.705+0000] {dag.py:2573} INFO - Sync 1 DAGs
[2022-10-05T08:54:27.735+0000] {logging_mixin.py:117} INFO - [2022-10-05T08:54:27.735+0000] {dag.py:3328} INFO - Setting next_dagrun for example_sla_dag to 2022-10-05T08:52:00+00:00, run_after=2022-10-05T08:54:00+00:00
[2022-10-05T08:54:27.754+0000] {processor.py:178} INFO - Processing /home/airflow/.local/lib/python3.7/site-packages/airflow/example_dags/example_sla_dag.py took 0.096 seconds
[2022-10-05T08:54:59.320+0000] {processor.py:156} INFO - Started process (PID=474) to work on /home/airflow/.local/lib/python3.7/site-packages/airflow/example_dags/example_sla_dag.py
[2022-10-05T08:54:59.321+0000] {processor.py:758} INFO - Processing file /home/airflow/.local/lib/python3.7/site-packages/airflow/example_dags/example_sla_dag.py for tasks to queue
[2022-10-05T08:54:59.321+0000] {logging_mixin.py:117} INFO - [2022-10-05T08:54:59.321+0000] {dagbag.py:525} INFO - Filling up the DagBag from /home/airflow/.local/lib/python3.7/site-packages/airflow/example_dags/example_sla_dag.py
[2022-10-05T08:54:59.342+0000] {processor.py:768} INFO - DAG(s) dict_keys(['example_sla_dag']) retrieved from /home/airflow/.local/lib/python3.7/site-packages/airflow/example_dags/example_sla_dag.py
[2022-10-05T08:54:59.373+0000] {logging_mixin.py:117} INFO - [2022-10-05T08:54:59.373+0000] {dag.py:2573} INFO - Sync 1 DAGs
[2022-10-05T08:54:59.396+0000] {logging_mixin.py:117} INFO - [2022-10-05T08:54:59.396+0000] {dag.py:3328} INFO - Setting next_dagrun for example_sla_dag to 2022-10-05T08:52:00+00:00, run_after=2022-10-05T08:54:00+00:00
[2022-10-05T08:54:59.491+0000] {processor.py:178} INFO - Processing /home/airflow/.local/lib/python3.7/site-packages/airflow/example_dags/example_sla_dag.py took 0.173 seconds
[2022-10-05T08:55:29.972+0000] {processor.py:156} INFO - Started process (PID=684) to work on /home/airflow/.local/lib/python3.7/site-packages/airflow/example_dags/example_sla_dag.py
[2022-10-05T08:55:29.973+0000] {processor.py:758} INFO - Processing file /home/airflow/.local/lib/python3.7/site-packages/airflow/example_dags/example_sla_dag.py for tasks to queue
[2022-10-05T08:55:29.973+0000] {logging_mixin.py:117} INFO - [2022-10-05T08:55:29.973+0000] {dagbag.py:525} INFO - Filling up the DagBag from /home/airflow/.local/lib/python3.7/site-packages/airflow/example_dags/example_sla_dag.py
[2022-10-05T08:55:29.991+0000] {processor.py:768} INFO - DAG(s) dict_keys(['example_sla_dag']) retrieved from /home/airflow/.local/lib/python3.7/site-packages/airflow/example_dags/example_sla_dag.py
[2022-10-05T08:55:30.022+0000] {logging_mixin.py:117} INFO - [2022-10-05T08:55:30.022+0000] {dag.py:2573} INFO - Sync 1 DAGs
[2022-10-05T08:55:30.127+0000] {logging_mixin.py:117} INFO - [2022-10-05T08:55:30.127+0000] {dag.py:3328} INFO - Setting next_dagrun for example_sla_dag to 2022-10-05T08:52:00+00:00, run_after=2022-10-05T08:54:00+00:00
[2022-10-05T08:55:30.141+0000] {processor.py:178} INFO - Processing /home/airflow/.local/lib/python3.7/site-packages/airflow/example_dags/example_sla_dag.py took 0.171 seconds
[2022-10-05T08:56:00.945+0000] {processor.py:156} INFO - Started process (PID=889) to work on /home/airflow/.local/lib/python3.7/site-packages/airflow/example_dags/example_sla_dag.py
[2022-10-05T08:56:00.945+0000] {processor.py:758} INFO - Processing file /home/airflow/.local/lib/python3.7/site-packages/airflow/example_dags/example_sla_dag.py for tasks to queue
[2022-10-05T08:56:00.946+0000] {logging_mixin.py:117} INFO - [2022-10-05T08:56:00.945+0000] {dagbag.py:525} INFO - Filling up the DagBag from /home/airflow/.local/lib/python3.7/site-packages/airflow/example_dags/example_sla_dag.py
[2022-10-05T08:56:00.964+0000] {processor.py:768} INFO - DAG(s) dict_keys(['example_sla_dag']) retrieved from /home/airflow/.local/lib/python3.7/site-packages/airflow/example_dags/example_sla_dag.py
[2022-10-05T08:56:01.081+0000] {logging_mixin.py:117} INFO - [2022-10-05T08:56:01.081+0000] {dag.py:2573} INFO - Sync 1 DAGs
[2022-10-05T08:56:01.102+0000] {logging_mixin.py:117} INFO - [2022-10-05T08:56:01.102+0000] {dag.py:3328} INFO - Setting next_dagrun for example_sla_dag to 2022-10-05T08:54:00+00:00, run_after=2022-10-05T08:56:00+00:00
[2022-10-05T08:56:01.115+0000] {processor.py:178} INFO - Processing /home/airflow/.local/lib/python3.7/site-packages/airflow/example_dags/example_sla_dag.py took 0.173 seconds
[2022-10-05T08:56:31.914+0000] {processor.py:156} INFO - Started process (PID=1089) to work on /home/airflow/.local/lib/python3.7/site-packages/airflow/example_dags/example_sla_dag.py
[2022-10-05T08:56:31.915+0000] {processor.py:758} INFO - Processing file /home/airflow/.local/lib/python3.7/site-packages/airflow/example_dags/example_sla_dag.py for tasks to queue
[2022-10-05T08:56:31.915+0000] {logging_mixin.py:117} INFO - [2022-10-05T08:56:31.915+0000] {dagbag.py:525} INFO - Filling up the DagBag from /home/airflow/.local/lib/python3.7/site-packages/airflow/example_dags/example_sla_dag.py
[2022-10-05T08:56:31.934+0000] {processor.py:768} INFO - DAG(s) dict_keys(['example_sla_dag']) retrieved from /home/airflow/.local/lib/python3.7/site-packages/airflow/example_dags/example_sla_dag.py
[2022-10-05T08:56:32.054+0000] {logging_mixin.py:117} INFO - [2022-10-05T08:56:32.054+0000] {dag.py:2573} INFO - Sync 1 DAGs
[2022-10-05T08:56:32.074+0000] {logging_mixin.py:117} INFO - [2022-10-05T08:56:32.074+0000] {dag.py:3328} INFO - Setting next_dagrun for example_sla_dag to 2022-10-05T08:54:00+00:00, run_after=2022-10-05T08:56:00+00:00
[2022-10-05T08:56:32.087+0000] {processor.py:178} INFO - Processing /home/airflow/.local/lib/python3.7/site-packages/airflow/example_dags/example_sla_dag.py took 0.175 seconds
[2022-10-05T08:57:02.961+0000] {processor.py:156} INFO - Started process (PID=1294) to work on /home/airflow/.local/lib/python3.7/site-packages/airflow/example_dags/example_sla_dag.py
[2022-10-05T08:57:02.962+0000] {processor.py:758} INFO - Processing file /home/airflow/.local/lib/python3.7/site-packages/airflow/example_dags/example_sla_dag.py for tasks to queue
[2022-10-05T08:57:02.963+0000] {logging_mixin.py:117} INFO - [2022-10-05T08:57:02.963+0000] {dagbag.py:525} INFO - Filling up the DagBag from /home/airflow/.local/lib/python3.7/site-packages/airflow/example_dags/example_sla_dag.py
[2022-10-05T08:57:02.981+0000] {processor.py:768} INFO - DAG(s) dict_keys(['example_sla_dag']) retrieved from /home/airflow/.local/lib/python3.7/site-packages/airflow/example_dags/example_sla_dag.py
[2022-10-05T08:57:03.097+0000] {logging_mixin.py:117} INFO - [2022-10-05T08:57:03.097+0000] {dag.py:2573} INFO - Sync 1 DAGs
[2022-10-05T08:57:03.119+0000] {logging_mixin.py:117} INFO - [2022-10-05T08:57:03.119+0000] {dag.py:3328} INFO - Setting next_dagrun for example_sla_dag to 2022-10-05T08:54:00+00:00, run_after=2022-10-05T08:56:00+00:00
[2022-10-05T08:57:03.131+0000] {processor.py:178} INFO - Processing /home/airflow/.local/lib/python3.7/site-packages/airflow/example_dags/example_sla_dag.py took 0.172 seconds
[2022-10-05T08:57:33.524+0000] {processor.py:156} INFO - Started process (PID=1501) to work on /home/airflow/.local/lib/python3.7/site-packages/airflow/example_dags/example_sla_dag.py
[2022-10-05T08:57:33.525+0000] {processor.py:758} INFO - Processing file /home/airflow/.local/lib/python3.7/site-packages/airflow/example_dags/example_sla_dag.py for tasks to queue
[2022-10-05T08:57:33.525+0000] {logging_mixin.py:117} INFO - [2022-10-05T08:57:33.525+0000] {dagbag.py:525} INFO - Filling up the DagBag from /home/airflow/.local/lib/python3.7/site-packages/airflow/example_dags/example_sla_dag.py
[2022-10-05T08:57:33.628+0000] {processor.py:768} INFO - DAG(s) dict_keys(['example_sla_dag']) retrieved from /home/airflow/.local/lib/python3.7/site-packages/airflow/example_dags/example_sla_dag.py
[2022-10-05T08:57:33.656+0000] {logging_mixin.py:117} INFO - [2022-10-05T08:57:33.656+0000] {dag.py:2573} INFO - Sync 1 DAGs
[2022-10-05T08:57:33.678+0000] {logging_mixin.py:117} INFO - [2022-10-05T08:57:33.678+0000] {dag.py:3328} INFO - Setting next_dagrun for example_sla_dag to 2022-10-05T08:54:00+00:00, run_after=2022-10-05T08:56:00+00:00
[2022-10-05T08:57:33.690+0000] {processor.py:178} INFO - Processing /home/airflow/.local/lib/python3.7/site-packages/airflow/example_dags/example_sla_dag.py took 0.169 seconds
[2022-10-05T08:58:04.697+0000] {processor.py:156} INFO - Started process (PID=1710) to work on /home/airflow/.local/lib/python3.7/site-packages/airflow/example_dags/example_sla_dag.py
[2022-10-05T08:58:04.698+0000] {processor.py:758} INFO - Processing file /home/airflow/.local/lib/python3.7/site-packages/airflow/example_dags/example_sla_dag.py for tasks to queue
[2022-10-05T08:58:04.698+0000] {logging_mixin.py:117} INFO - [2022-10-05T08:58:04.698+0000] {dagbag.py:525} INFO - Filling up the DagBag from /home/airflow/.local/lib/python3.7/site-packages/airflow/example_dags/example_sla_dag.py
[2022-10-05T08:58:04.716+0000] {processor.py:768} INFO - DAG(s) dict_keys(['example_sla_dag']) retrieved from /home/airflow/.local/lib/python3.7/site-packages/airflow/example_dags/example_sla_dag.py
[2022-10-05T08:58:04.746+0000] {logging_mixin.py:117} INFO - [2022-10-05T08:58:04.746+0000] {dag.py:2573} INFO - Sync 1 DAGs
[2022-10-05T08:58:04.767+0000] {logging_mixin.py:117} INFO - [2022-10-05T08:58:04.767+0000] {dag.py:3328} INFO - Setting next_dagrun for example_sla_dag to 2022-10-05T08:56:00+00:00, run_after=2022-10-05T08:58:00+00:00
[2022-10-05T08:58:04.780+0000] {processor.py:178} INFO - Processing /home/airflow/.local/lib/python3.7/site-packages/airflow/example_dags/example_sla_dag.py took 0.086 seconds
[2022-10-05T08:58:35.093+0000] {processor.py:156} INFO - Started process (PID=1917) to work on /home/airflow/.local/lib/python3.7/site-packages/airflow/example_dags/example_sla_dag.py
[2022-10-05T08:58:35.094+0000] {processor.py:758} INFO - Processing file /home/airflow/.local/lib/python3.7/site-packages/airflow/example_dags/example_sla_dag.py for tasks to queue
[2022-10-05T08:58:35.095+0000] {logging_mixin.py:117} INFO - [2022-10-05T08:58:35.095+0000] {dagbag.py:525} INFO - Filling up the DagBag from /home/airflow/.local/lib/python3.7/site-packages/airflow/example_dags/example_sla_dag.py
[2022-10-05T08:58:35.112+0000] {processor.py:768} INFO - DAG(s) dict_keys(['example_sla_dag']) retrieved from /home/airflow/.local/lib/python3.7/site-packages/airflow/example_dags/example_sla_dag.py
[2022-10-05T08:58:35.142+0000] {logging_mixin.py:117} INFO - [2022-10-05T08:58:35.142+0000] {dag.py:2573} INFO - Sync 1 DAGs
[2022-10-05T08:58:35.163+0000] {logging_mixin.py:117} INFO - [2022-10-05T08:58:35.163+0000] {dag.py:3328} INFO - Setting next_dagrun for example_sla_dag to 2022-10-05T08:56:00+00:00, run_after=2022-10-05T08:58:00+00:00
[2022-10-05T08:58:35.177+0000] {processor.py:178} INFO - Processing /home/airflow/.local/lib/python3.7/site-packages/airflow/example_dags/example_sla_dag.py took 0.086 seconds
[2022-10-05T08:59:05.540+0000] {processor.py:156} INFO - Started process (PID=2115) to work on /home/airflow/.local/lib/python3.7/site-packages/airflow/example_dags/example_sla_dag.py
[2022-10-05T08:59:05.540+0000] {processor.py:758} INFO - Processing file /home/airflow/.local/lib/python3.7/site-packages/airflow/example_dags/example_sla_dag.py for tasks to queue
[2022-10-05T08:59:05.541+0000] {logging_mixin.py:117} INFO - [2022-10-05T08:59:05.541+0000] {dagbag.py:525} INFO - Filling up the DagBag from /home/airflow/.local/lib/python3.7/site-packages/airflow/example_dags/example_sla_dag.py
[2022-10-05T08:59:05.559+0000] {processor.py:768} INFO - DAG(s) dict_keys(['example_sla_dag']) retrieved from /home/airflow/.local/lib/python3.7/site-packages/airflow/example_dags/example_sla_dag.py
[2022-10-05T08:59:05.588+0000] {logging_mixin.py:117} INFO - [2022-10-05T08:59:05.587+0000] {dag.py:2573} INFO - Sync 1 DAGs
[2022-10-05T08:59:05.610+0000] {logging_mixin.py:117} INFO - [2022-10-05T08:59:05.609+0000] {dag.py:3328} INFO - Setting next_dagrun for example_sla_dag to 2022-10-05T08:56:00+00:00, run_after=2022-10-05T08:58:00+00:00
[2022-10-05T08:59:05.622+0000] {processor.py:178} INFO - Processing /home/airflow/.local/lib/python3.7/site-packages/airflow/example_dags/example_sla_dag.py took 0.086 seconds
[2022-10-05T08:59:35.922+0000] {processor.py:156} INFO - Started process (PID=2322) to work on /home/airflow/.local/lib/python3.7/site-packages/airflow/example_dags/example_sla_dag.py
[2022-10-05T08:59:35.923+0000] {processor.py:758} INFO - Processing file /home/airflow/.local/lib/python3.7/site-packages/airflow/example_dags/example_sla_dag.py for tasks to queue
[2022-10-05T08:59:35.923+0000] {logging_mixin.py:117} INFO - [2022-10-05T08:59:35.923+0000] {dagbag.py:525} INFO - Filling up the DagBag from /home/airflow/.local/lib/python3.7/site-packages/airflow/example_dags/example_sla_dag.py
[2022-10-05T08:59:35.941+0000] {processor.py:768} INFO - DAG(s) dict_keys(['example_sla_dag']) retrieved from /home/airflow/.local/lib/python3.7/site-packages/airflow/example_dags/example_sla_dag.py
[2022-10-05T08:59:35.970+0000] {logging_mixin.py:117} INFO - [2022-10-05T08:59:35.970+0000] {dag.py:2573} INFO - Sync 1 DAGs
[2022-10-05T08:59:35.992+0000] {logging_mixin.py:117} INFO - [2022-10-05T08:59:35.992+0000] {dag.py:3328} INFO - Setting next_dagrun for example_sla_dag to 2022-10-05T08:56:00+00:00, run_after=2022-10-05T08:58:00+00:00
[2022-10-05T08:59:36.005+0000] {processor.py:178} INFO - Processing /home/airflow/.local/lib/python3.7/site-packages/airflow/example_dags/example_sla_dag.py took 0.086 seconds
[2022-10-05T09:00:06.371+0000] {processor.py:156} INFO - Started process (PID=2529) to work on /home/airflow/.local/lib/python3.7/site-packages/airflow/example_dags/example_sla_dag.py
[2022-10-05T09:00:06.372+0000] {processor.py:758} INFO - Processing file /home/airflow/.local/lib/python3.7/site-packages/airflow/example_dags/example_sla_dag.py for tasks to queue
[2022-10-05T09:00:06.373+0000] {logging_mixin.py:117} INFO - [2022-10-05T09:00:06.372+0000] {dagbag.py:525} INFO - Filling up the DagBag from /home/airflow/.local/lib/python3.7/site-packages/airflow/example_dags/example_sla_dag.py
[2022-10-05T09:00:06.391+0000] {processor.py:768} INFO - DAG(s) dict_keys(['example_sla_dag']) retrieved from /home/airflow/.local/lib/python3.7/site-packages/airflow/example_dags/example_sla_dag.py
[2022-10-05T09:00:06.421+0000] {logging_mixin.py:117} INFO - [2022-10-05T09:00:06.421+0000] {dag.py:2573} INFO - Sync 1 DAGs
[2022-10-05T09:00:06.442+0000] {logging_mixin.py:117} INFO - [2022-10-05T09:00:06.442+0000] {dag.py:3328} INFO - Setting next_dagrun for example_sla_dag to 2022-10-05T08:58:00+00:00, run_after=2022-10-05T09:00:00+00:00
[2022-10-05T09:00:06.455+0000] {processor.py:178} INFO - Processing /home/airflow/.local/lib/python3.7/site-packages/airflow/example_dags/example_sla_dag.py took 0.086 seconds
[2022-10-05T09:00:36.773+0000] {processor.py:156} INFO - Started process (PID=2736) to work on /home/airflow/.local/lib/python3.7/site-packages/airflow/example_dags/example_sla_dag.py
[2022-10-05T09:00:36.774+0000] {processor.py:758} INFO - Processing file /home/airflow/.local/lib/python3.7/site-packages/airflow/example_dags/example_sla_dag.py for tasks to queue
[2022-10-05T09:00:36.774+0000] {logging_mixin.py:117} INFO - [2022-10-05T09:00:36.774+0000] {dagbag.py:525} INFO - Filling up the DagBag from /home/airflow/.local/lib/python3.7/site-packages/airflow/example_dags/example_sla_dag.py
[2022-10-05T09:00:36.792+0000] {processor.py:768} INFO - DAG(s) dict_keys(['example_sla_dag']) retrieved from /home/airflow/.local/lib/python3.7/site-packages/airflow/example_dags/example_sla_dag.py
[2022-10-05T09:00:36.821+0000] {logging_mixin.py:117} INFO - [2022-10-05T09:00:36.821+0000] {dag.py:2573} INFO - Sync 1 DAGs
[2022-10-05T09:00:36.842+0000] {logging_mixin.py:117} INFO - [2022-10-05T09:00:36.842+0000] {dag.py:3328} INFO - Setting next_dagrun for example_sla_dag to 2022-10-05T08:58:00+00:00, run_after=2022-10-05T09:00:00+00:00
[2022-10-05T09:00:36.855+0000] {processor.py:178} INFO - Processing /home/airflow/.local/lib/python3.7/site-packages/airflow/example_dags/example_sla_dag.py took 0.085 seconds
[2022-10-05T09:01:07.249+0000] {processor.py:156} INFO - Started process (PID=2934) to work on /home/airflow/.local/lib/python3.7/site-packages/airflow/example_dags/example_sla_dag.py
[2022-10-05T09:01:07.250+0000] {processor.py:758} INFO - Processing file /home/airflow/.local/lib/python3.7/site-packages/airflow/example_dags/example_sla_dag.py for tasks to queue
[2022-10-05T09:01:07.251+0000] {logging_mixin.py:117} INFO - [2022-10-05T09:01:07.251+0000] {dagbag.py:525} INFO - Filling up the DagBag from /home/airflow/.local/lib/python3.7/site-packages/airflow/example_dags/example_sla_dag.py
[2022-10-05T09:01:07.269+0000] {processor.py:768} INFO - DAG(s) dict_keys(['example_sla_dag']) retrieved from /home/airflow/.local/lib/python3.7/site-packages/airflow/example_dags/example_sla_dag.py
[2022-10-05T09:01:07.298+0000] {logging_mixin.py:117} INFO - [2022-10-05T09:01:07.298+0000] {dag.py:2573} INFO - Sync 1 DAGs
[2022-10-05T09:01:07.320+0000] {logging_mixin.py:117} INFO - [2022-10-05T09:01:07.320+0000] {dag.py:3328} INFO - Setting next_dagrun for example_sla_dag to 2022-10-05T08:58:00+00:00, run_after=2022-10-05T09:00:00+00:00
[2022-10-05T09:01:07.333+0000] {processor.py:178} INFO - Processing /home/airflow/.local/lib/python3.7/site-packages/airflow/example_dags/example_sla_dag.py took 0.085 seconds
[2022-10-05T09:01:37.837+0000] {processor.py:156} INFO - Started process (PID=3141) to work on /home/airflow/.local/lib/python3.7/site-packages/airflow/example_dags/example_sla_dag.py
[2022-10-05T09:01:37.839+0000] {processor.py:758} INFO - Processing file /home/airflow/.local/lib/python3.7/site-packages/airflow/example_dags/example_sla_dag.py for tasks to queue
[2022-10-05T09:01:37.839+0000] {logging_mixin.py:117} INFO - [2022-10-05T09:01:37.839+0000] {dagbag.py:525} INFO - Filling up the DagBag from /home/airflow/.local/lib/python3.7/site-packages/airflow/example_dags/example_sla_dag.py
[2022-10-05T09:01:37.857+0000] {processor.py:768} INFO - DAG(s) dict_keys(['example_sla_dag']) retrieved from /home/airflow/.local/lib/python3.7/site-packages/airflow/example_dags/example_sla_dag.py
[2022-10-05T09:01:37.886+0000] {logging_mixin.py:117} INFO - [2022-10-05T09:01:37.886+0000] {dag.py:2573} INFO - Sync 1 DAGs
[2022-10-05T09:01:37.908+0000] {logging_mixin.py:117} INFO - [2022-10-05T09:01:37.908+0000] {dag.py:3328} INFO - Setting next_dagrun for example_sla_dag to 2022-10-05T08:58:00+00:00, run_after=2022-10-05T09:00:00+00:00
[2022-10-05T09:01:37.921+0000] {processor.py:178} INFO - Processing /home/airflow/.local/lib/python3.7/site-packages/airflow/example_dags/example_sla_dag.py took 0.086 seconds
[2022-10-05T09:02:08.390+0000] {processor.py:156} INFO - Started process (PID=3348) to work on /home/airflow/.local/lib/python3.7/site-packages/airflow/example_dags/example_sla_dag.py
[2022-10-05T09:02:08.391+0000] {processor.py:758} INFO - Processing file /home/airflow/.local/lib/python3.7/site-packages/airflow/example_dags/example_sla_dag.py for tasks to queue
[2022-10-05T09:02:08.391+0000] {logging_mixin.py:117} INFO - [2022-10-05T09:02:08.391+0000] {dagbag.py:525} INFO - Filling up the DagBag from /home/airflow/.local/lib/python3.7/site-packages/airflow/example_dags/example_sla_dag.py
[2022-10-05T09:02:08.409+0000] {processor.py:768} INFO - DAG(s) dict_keys(['example_sla_dag']) retrieved from /home/airflow/.local/lib/python3.7/site-packages/airflow/example_dags/example_sla_dag.py
[2022-10-05T09:02:08.439+0000] {logging_mixin.py:117} INFO - [2022-10-05T09:02:08.439+0000] {dag.py:2573} INFO - Sync 1 DAGs
[2022-10-05T09:02:08.461+0000] {logging_mixin.py:117} INFO - [2022-10-05T09:02:08.460+0000] {dag.py:3328} INFO - Setting next_dagrun for example_sla_dag to 2022-10-05T09:00:00+00:00, run_after=2022-10-05T09:02:00+00:00
[2022-10-05T09:02:08.477+0000] {processor.py:178} INFO - Processing /home/airflow/.local/lib/python3.7/site-packages/airflow/example_dags/example_sla_dag.py took 0.090 seconds
[2022-10-05T09:02:39.001+0000] {processor.py:156} INFO - Started process (PID=3555) to work on /home/airflow/.local/lib/python3.7/site-packages/airflow/example_dags/example_sla_dag.py
[2022-10-05T09:02:39.002+0000] {processor.py:758} INFO - Processing file /home/airflow/.local/lib/python3.7/site-packages/airflow/example_dags/example_sla_dag.py for tasks to queue
[2022-10-05T09:02:39.003+0000] {logging_mixin.py:117} INFO - [2022-10-05T09:02:39.003+0000] {dagbag.py:525} INFO - Filling up the DagBag from /home/airflow/.local/lib/python3.7/site-packages/airflow/example_dags/example_sla_dag.py
[2022-10-05T09:02:39.021+0000] {processor.py:768} INFO - DAG(s) dict_keys(['example_sla_dag']) retrieved from /home/airflow/.local/lib/python3.7/site-packages/airflow/example_dags/example_sla_dag.py
[2022-10-05T09:02:39.050+0000] {logging_mixin.py:117} INFO - [2022-10-05T09:02:39.050+0000] {dag.py:2573} INFO - Sync 1 DAGs
[2022-10-05T09:02:39.071+0000] {logging_mixin.py:117} INFO - [2022-10-05T09:02:39.071+0000] {dag.py:3328} INFO - Setting next_dagrun for example_sla_dag to 2022-10-05T09:00:00+00:00, run_after=2022-10-05T09:02:00+00:00
[2022-10-05T09:02:39.085+0000] {processor.py:178} INFO - Processing /home/airflow/.local/lib/python3.7/site-packages/airflow/example_dags/example_sla_dag.py took 0.086 seconds
[2022-10-05T09:03:09.537+0000] {processor.py:156} INFO - Started process (PID=3762) to work on /home/airflow/.local/lib/python3.7/site-packages/airflow/example_dags/example_sla_dag.py
[2022-10-05T09:03:09.538+0000] {processor.py:758} INFO - Processing file /home/airflow/.local/lib/python3.7/site-packages/airflow/example_dags/example_sla_dag.py for tasks to queue
[2022-10-05T09:03:09.538+0000] {logging_mixin.py:117} INFO - [2022-10-05T09:03:09.538+0000] {dagbag.py:525} INFO - Filling up the DagBag from /home/airflow/.local/lib/python3.7/site-packages/airflow/example_dags/example_sla_dag.py
[2022-10-05T09:03:09.557+0000] {processor.py:768} INFO - DAG(s) dict_keys(['example_sla_dag']) retrieved from /home/airflow/.local/lib/python3.7/site-packages/airflow/example_dags/example_sla_dag.py
[2022-10-05T09:03:09.587+0000] {logging_mixin.py:117} INFO - [2022-10-05T09:03:09.587+0000] {dag.py:2573} INFO - Sync 1 DAGs
[2022-10-05T09:03:09.609+0000] {logging_mixin.py:117} INFO - [2022-10-05T09:03:09.608+0000] {dag.py:3328} INFO - Setting next_dagrun for example_sla_dag to 2022-10-05T09:00:00+00:00, run_after=2022-10-05T09:02:00+00:00
[2022-10-05T09:03:09.623+0000] {processor.py:178} INFO - Processing /home/airflow/.local/lib/python3.7/site-packages/airflow/example_dags/example_sla_dag.py took 0.088 seconds
[2022-10-05T09:03:40.109+0000] {processor.py:156} INFO - Started process (PID=3960) to work on /home/airflow/.local/lib/python3.7/site-packages/airflow/example_dags/example_sla_dag.py
[2022-10-05T09:03:40.110+0000] {processor.py:758} INFO - Processing file /home/airflow/.local/lib/python3.7/site-packages/airflow/example_dags/example_sla_dag.py for tasks to queue
[2022-10-05T09:03:40.110+0000] {logging_mixin.py:117} INFO - [2022-10-05T09:03:40.110+0000] {dagbag.py:525} INFO - Filling up the DagBag from /home/airflow/.local/lib/python3.7/site-packages/airflow/example_dags/example_sla_dag.py
[2022-10-05T09:03:40.128+0000] {processor.py:768} INFO - DAG(s) dict_keys(['example_sla_dag']) retrieved from /home/airflow/.local/lib/python3.7/site-packages/airflow/example_dags/example_sla_dag.py
[2022-10-05T09:03:40.157+0000] {logging_mixin.py:117} INFO - [2022-10-05T09:03:40.157+0000] {dag.py:2573} INFO - Sync 1 DAGs
[2022-10-05T09:03:40.180+0000] {logging_mixin.py:117} INFO - [2022-10-05T09:03:40.179+0000] {dag.py:3328} INFO - Setting next_dagrun for example_sla_dag to 2022-10-05T09:00:00+00:00, run_after=2022-10-05T09:02:00+00:00
[2022-10-05T09:03:40.192+0000] {processor.py:178} INFO - Processing /home/airflow/.local/lib/python3.7/site-packages/airflow/example_dags/example_sla_dag.py took 0.086 seconds
[2022-10-05T09:04:10.686+0000] {processor.py:156} INFO - Started process (PID=4167) to work on /home/airflow/.local/lib/python3.7/site-packages/airflow/example_dags/example_sla_dag.py
[2022-10-05T09:04:10.687+0000] {processor.py:758} INFO - Processing file /home/airflow/.local/lib/python3.7/site-packages/airflow/example_dags/example_sla_dag.py for tasks to queue
[2022-10-05T09:04:10.687+0000] {logging_mixin.py:117} INFO - [2022-10-05T09:04:10.687+0000] {dagbag.py:525} INFO - Filling up the DagBag from /home/airflow/.local/lib/python3.7/site-packages/airflow/example_dags/example_sla_dag.py
[2022-10-05T09:04:10.705+0000] {processor.py:768} INFO - DAG(s) dict_keys(['example_sla_dag']) retrieved from /home/airflow/.local/lib/python3.7/site-packages/airflow/example_dags/example_sla_dag.py
[2022-10-05T09:04:10.736+0000] {logging_mixin.py:117} INFO - [2022-10-05T09:04:10.735+0000] {dag.py:2573} INFO - Sync 1 DAGs
[2022-10-05T09:04:10.757+0000] {logging_mixin.py:117} INFO - [2022-10-05T09:04:10.757+0000] {dag.py:3328} INFO - Setting next_dagrun for example_sla_dag to 2022-10-05T09:02:00+00:00, run_after=2022-10-05T09:04:00+00:00
[2022-10-05T09:04:10.770+0000] {processor.py:178} INFO - Processing /home/airflow/.local/lib/python3.7/site-packages/airflow/example_dags/example_sla_dag.py took 0.087 seconds
[2022-10-05T09:04:41.239+0000] {processor.py:156} INFO - Started process (PID=4374) to work on /home/airflow/.local/lib/python3.7/site-packages/airflow/example_dags/example_sla_dag.py
[2022-10-05T09:04:41.240+0000] {processor.py:758} INFO - Processing file /home/airflow/.local/lib/python3.7/site-packages/airflow/example_dags/example_sla_dag.py for tasks to queue
[2022-10-05T09:04:41.240+0000] {logging_mixin.py:117} INFO - [2022-10-05T09:04:41.240+0000] {dagbag.py:525} INFO - Filling up the DagBag from /home/airflow/.local/lib/python3.7/site-packages/airflow/example_dags/example_sla_dag.py
[2022-10-05T09:04:41.258+0000] {processor.py:768} INFO - DAG(s) dict_keys(['example_sla_dag']) retrieved from /home/airflow/.local/lib/python3.7/site-packages/airflow/example_dags/example_sla_dag.py
[2022-10-05T09:04:41.289+0000] {logging_mixin.py:117} INFO - [2022-10-05T09:04:41.289+0000] {dag.py:2573} INFO - Sync 1 DAGs
[2022-10-05T09:04:41.310+0000] {logging_mixin.py:117} INFO - [2022-10-05T09:04:41.310+0000] {dag.py:3328} INFO - Setting next_dagrun for example_sla_dag to 2022-10-05T09:02:00+00:00, run_after=2022-10-05T09:04:00+00:00
[2022-10-05T09:04:41.323+0000] {processor.py:178} INFO - Processing /home/airflow/.local/lib/python3.7/site-packages/airflow/example_dags/example_sla_dag.py took 0.086 seconds
[2022-10-05T09:05:11.700+0000] {processor.py:156} INFO - Started process (PID=4581) to work on /home/airflow/.local/lib/python3.7/site-packages/airflow/example_dags/example_sla_dag.py
[2022-10-05T09:05:11.701+0000] {processor.py:758} INFO - Processing file /home/airflow/.local/lib/python3.7/site-packages/airflow/example_dags/example_sla_dag.py for tasks to queue
[2022-10-05T09:05:11.702+0000] {logging_mixin.py:117} INFO - [2022-10-05T09:05:11.702+0000] {dagbag.py:525} INFO - Filling up the DagBag from /home/airflow/.local/lib/python3.7/site-packages/airflow/example_dags/example_sla_dag.py
[2022-10-05T09:05:11.720+0000] {processor.py:768} INFO - DAG(s) dict_keys(['example_sla_dag']) retrieved from /home/airflow/.local/lib/python3.7/site-packages/airflow/example_dags/example_sla_dag.py
[2022-10-05T09:05:11.750+0000] {logging_mixin.py:117} INFO - [2022-10-05T09:05:11.750+0000] {dag.py:2573} INFO - Sync 1 DAGs
[2022-10-05T09:05:11.771+0000] {logging_mixin.py:117} INFO - [2022-10-05T09:05:11.771+0000] {dag.py:3328} INFO - Setting next_dagrun for example_sla_dag to 2022-10-05T09:02:00+00:00, run_after=2022-10-05T09:04:00+00:00
[2022-10-05T09:05:11.785+0000] {processor.py:178} INFO - Processing /home/airflow/.local/lib/python3.7/site-packages/airflow/example_dags/example_sla_dag.py took 0.087 seconds
[2022-10-05T09:05:42.066+0000] {processor.py:156} INFO - Started process (PID=4779) to work on /home/airflow/.local/lib/python3.7/site-packages/airflow/example_dags/example_sla_dag.py
[2022-10-05T09:05:42.067+0000] {processor.py:758} INFO - Processing file /home/airflow/.local/lib/python3.7/site-packages/airflow/example_dags/example_sla_dag.py for tasks to queue
[2022-10-05T09:05:42.067+0000] {logging_mixin.py:117} INFO - [2022-10-05T09:05:42.067+0000] {dagbag.py:525} INFO - Filling up the DagBag from /home/airflow/.local/lib/python3.7/site-packages/airflow/example_dags/example_sla_dag.py
[2022-10-05T09:05:42.085+0000] {processor.py:768} INFO - DAG(s) dict_keys(['example_sla_dag']) retrieved from /home/airflow/.local/lib/python3.7/site-packages/airflow/example_dags/example_sla_dag.py
[2022-10-05T09:05:42.115+0000] {logging_mixin.py:117} INFO - [2022-10-05T09:05:42.114+0000] {dag.py:2573} INFO - Sync 1 DAGs
[2022-10-05T09:05:42.137+0000] {logging_mixin.py:117} INFO - [2022-10-05T09:05:42.137+0000] {dag.py:3328} INFO - Setting next_dagrun for example_sla_dag to 2022-10-05T09:02:00+00:00, run_after=2022-10-05T09:04:00+00:00
[2022-10-05T09:05:42.150+0000] {processor.py:178} INFO - Processing /home/airflow/.local/lib/python3.7/site-packages/airflow/example_dags/example_sla_dag.py took 0.086 seconds
[2022-10-05T09:06:12.535+0000] {processor.py:156} INFO - Started process (PID=4986) to work on /home/airflow/.local/lib/python3.7/site-packages/airflow/example_dags/example_sla_dag.py
[2022-10-05T09:06:12.535+0000] {processor.py:758} INFO - Processing file /home/airflow/.local/lib/python3.7/site-packages/airflow/example_dags/example_sla_dag.py for tasks to queue
[2022-10-05T09:06:12.536+0000] {logging_mixin.py:117} INFO - [2022-10-05T09:06:12.536+0000] {dagbag.py:525} INFO - Filling up the DagBag from /home/airflow/.local/lib/python3.7/site-packages/airflow/example_dags/example_sla_dag.py
[2022-10-05T09:06:12.554+0000] {processor.py:768} INFO - DAG(s) dict_keys(['example_sla_dag']) retrieved from /home/airflow/.local/lib/python3.7/site-packages/airflow/example_dags/example_sla_dag.py
[2022-10-05T09:06:12.584+0000] {logging_mixin.py:117} INFO - [2022-10-05T09:06:12.584+0000] {dag.py:2573} INFO - Sync 1 DAGs
[2022-10-05T09:06:12.606+0000] {logging_mixin.py:117} INFO - [2022-10-05T09:06:12.605+0000] {dag.py:3328} INFO - Setting next_dagrun for example_sla_dag to 2022-10-05T09:04:00+00:00, run_after=2022-10-05T09:06:00+00:00
[2022-10-05T09:06:12.619+0000] {processor.py:178} INFO - Processing /home/airflow/.local/lib/python3.7/site-packages/airflow/example_dags/example_sla_dag.py took 0.086 seconds
[2022-10-05T09:06:42.849+0000] {processor.py:156} INFO - Started process (PID=5193) to work on /home/airflow/.local/lib/python3.7/site-packages/airflow/example_dags/example_sla_dag.py
[2022-10-05T09:06:42.850+0000] {processor.py:758} INFO - Processing file /home/airflow/.local/lib/python3.7/site-packages/airflow/example_dags/example_sla_dag.py for tasks to queue
[2022-10-05T09:06:42.851+0000] {logging_mixin.py:117} INFO - [2022-10-05T09:06:42.851+0000] {dagbag.py:525} INFO - Filling up the DagBag from /home/airflow/.local/lib/python3.7/site-packages/airflow/example_dags/example_sla_dag.py
[2022-10-05T09:06:42.868+0000] {processor.py:768} INFO - DAG(s) dict_keys(['example_sla_dag']) retrieved from /home/airflow/.local/lib/python3.7/site-packages/airflow/example_dags/example_sla_dag.py
[2022-10-05T09:06:42.898+0000] {logging_mixin.py:117} INFO - [2022-10-05T09:06:42.898+0000] {dag.py:2573} INFO - Sync 1 DAGs
[2022-10-05T09:06:42.920+0000] {logging_mixin.py:117} INFO - [2022-10-05T09:06:42.919+0000] {dag.py:3328} INFO - Setting next_dagrun for example_sla_dag to 2022-10-05T09:04:00+00:00, run_after=2022-10-05T09:06:00+00:00
[2022-10-05T09:06:42.933+0000] {processor.py:178} INFO - Processing /home/airflow/.local/lib/python3.7/site-packages/airflow/example_dags/example_sla_dag.py took 0.086 seconds
[2022-10-05T09:07:13.280+0000] {processor.py:156} INFO - Started process (PID=5400) to work on /home/airflow/.local/lib/python3.7/site-packages/airflow/example_dags/example_sla_dag.py
[2022-10-05T09:07:13.281+0000] {processor.py:758} INFO - Processing file /home/airflow/.local/lib/python3.7/site-packages/airflow/example_dags/example_sla_dag.py for tasks to queue
[2022-10-05T09:07:13.282+0000] {logging_mixin.py:117} INFO - [2022-10-05T09:07:13.281+0000] {dagbag.py:525} INFO - Filling up the DagBag from /home/airflow/.local/lib/python3.7/site-packages/airflow/example_dags/example_sla_dag.py
[2022-10-05T09:07:13.300+0000] {processor.py:768} INFO - DAG(s) dict_keys(['example_sla_dag']) retrieved from /home/airflow/.local/lib/python3.7/site-packages/airflow/example_dags/example_sla_dag.py
[2022-10-05T09:07:13.329+0000] {logging_mixin.py:117} INFO - [2022-10-05T09:07:13.329+0000] {dag.py:2573} INFO - Sync 1 DAGs
[2022-10-05T09:07:13.351+0000] {logging_mixin.py:117} INFO - [2022-10-05T09:07:13.351+0000] {dag.py:3328} INFO - Setting next_dagrun for example_sla_dag to 2022-10-05T09:04:00+00:00, run_after=2022-10-05T09:06:00+00:00
[2022-10-05T09:07:13.365+0000] {processor.py:178} INFO - Processing /home/airflow/.local/lib/python3.7/site-packages/airflow/example_dags/example_sla_dag.py took 0.086 seconds
[2022-10-05T09:07:43.783+0000] {processor.py:156} INFO - Started process (PID=5598) to work on /home/airflow/.local/lib/python3.7/site-packages/airflow/example_dags/example_sla_dag.py
[2022-10-05T09:07:43.784+0000] {processor.py:758} INFO - Processing file /home/airflow/.local/lib/python3.7/site-packages/airflow/example_dags/example_sla_dag.py for tasks to queue
[2022-10-05T09:07:43.784+0000] {logging_mixin.py:117} INFO - [2022-10-05T09:07:43.784+0000] {dagbag.py:525} INFO - Filling up the DagBag from /home/airflow/.local/lib/python3.7/site-packages/airflow/example_dags/example_sla_dag.py
[2022-10-05T09:07:43.803+0000] {processor.py:768} INFO - DAG(s) dict_keys(['example_sla_dag']) retrieved from /home/airflow/.local/lib/python3.7/site-packages/airflow/example_dags/example_sla_dag.py
[2022-10-05T09:07:43.832+0000] {logging_mixin.py:117} INFO - [2022-10-05T09:07:43.832+0000] {dag.py:2573} INFO - Sync 1 DAGs
[2022-10-05T09:07:43.855+0000] {logging_mixin.py:117} INFO - [2022-10-05T09:07:43.855+0000] {dag.py:3328} INFO - Setting next_dagrun for example_sla_dag to 2022-10-05T09:04:00+00:00, run_after=2022-10-05T09:06:00+00:00
[2022-10-05T09:07:43.868+0000] {processor.py:178} INFO - Processing /home/airflow/.local/lib/python3.7/site-packages/airflow/example_dags/example_sla_dag.py took 0.087 seconds
[2022-10-05T09:08:14.158+0000] {processor.py:156} INFO - Started process (PID=5805) to work on /home/airflow/.local/lib/python3.7/site-packages/airflow/example_dags/example_sla_dag.py
[2022-10-05T09:08:14.158+0000] {processor.py:758} INFO - Processing file /home/airflow/.local/lib/python3.7/site-packages/airflow/example_dags/example_sla_dag.py for tasks to queue
[2022-10-05T09:08:14.159+0000] {logging_mixin.py:117} INFO - [2022-10-05T09:08:14.159+0000] {dagbag.py:525} INFO - Filling up the DagBag from /home/airflow/.local/lib/python3.7/site-packages/airflow/example_dags/example_sla_dag.py
[2022-10-05T09:08:14.177+0000] {processor.py:768} INFO - DAG(s) dict_keys(['example_sla_dag']) retrieved from /home/airflow/.local/lib/python3.7/site-packages/airflow/example_dags/example_sla_dag.py
[2022-10-05T09:08:14.207+0000] {logging_mixin.py:117} INFO - [2022-10-05T09:08:14.207+0000] {dag.py:2573} INFO - Sync 1 DAGs
[2022-10-05T09:08:14.229+0000] {logging_mixin.py:117} INFO - [2022-10-05T09:08:14.229+0000] {dag.py:3328} INFO - Setting next_dagrun for example_sla_dag to 2022-10-05T09:06:00+00:00, run_after=2022-10-05T09:08:00+00:00
[2022-10-05T09:08:14.242+0000] {processor.py:178} INFO - Processing /home/airflow/.local/lib/python3.7/site-packages/airflow/example_dags/example_sla_dag.py took 0.087 seconds
[2022-10-05T09:08:44.765+0000] {processor.py:156} INFO - Started process (PID=6012) to work on /home/airflow/.local/lib/python3.7/site-packages/airflow/example_dags/example_sla_dag.py
[2022-10-05T09:08:44.765+0000] {processor.py:758} INFO - Processing file /home/airflow/.local/lib/python3.7/site-packages/airflow/example_dags/example_sla_dag.py for tasks to queue
[2022-10-05T09:08:44.766+0000] {logging_mixin.py:117} INFO - [2022-10-05T09:08:44.766+0000] {dagbag.py:525} INFO - Filling up the DagBag from /home/airflow/.local/lib/python3.7/site-packages/airflow/example_dags/example_sla_dag.py
[2022-10-05T09:08:44.784+0000] {processor.py:768} INFO - DAG(s) dict_keys(['example_sla_dag']) retrieved from /home/airflow/.local/lib/python3.7/site-packages/airflow/example_dags/example_sla_dag.py
[2022-10-05T09:08:44.815+0000] {logging_mixin.py:117} INFO - [2022-10-05T09:08:44.815+0000] {dag.py:2573} INFO - Sync 1 DAGs
[2022-10-05T09:08:44.837+0000] {logging_mixin.py:117} INFO - [2022-10-05T09:08:44.836+0000] {dag.py:3328} INFO - Setting next_dagrun for example_sla_dag to 2022-10-05T09:06:00+00:00, run_after=2022-10-05T09:08:00+00:00
[2022-10-05T09:08:44.850+0000] {processor.py:178} INFO - Processing /home/airflow/.local/lib/python3.7/site-packages/airflow/example_dags/example_sla_dag.py took 0.088 seconds
[2022-10-05T09:09:15.301+0000] {processor.py:156} INFO - Started process (PID=6219) to work on /home/airflow/.local/lib/python3.7/site-packages/airflow/example_dags/example_sla_dag.py
[2022-10-05T09:09:15.302+0000] {processor.py:758} INFO - Processing file /home/airflow/.local/lib/python3.7/site-packages/airflow/example_dags/example_sla_dag.py for tasks to queue
[2022-10-05T09:09:15.302+0000] {logging_mixin.py:117} INFO - [2022-10-05T09:09:15.302+0000] {dagbag.py:525} INFO - Filling up the DagBag from /home/airflow/.local/lib/python3.7/site-packages/airflow/example_dags/example_sla_dag.py
[2022-10-05T09:09:15.321+0000] {processor.py:768} INFO - DAG(s) dict_keys(['example_sla_dag']) retrieved from /home/airflow/.local/lib/python3.7/site-packages/airflow/example_dags/example_sla_dag.py
[2022-10-05T09:09:15.351+0000] {logging_mixin.py:117} INFO - [2022-10-05T09:09:15.350+0000] {dag.py:2573} INFO - Sync 1 DAGs
[2022-10-05T09:09:15.372+0000] {logging_mixin.py:117} INFO - [2022-10-05T09:09:15.372+0000] {dag.py:3328} INFO - Setting next_dagrun for example_sla_dag to 2022-10-05T09:06:00+00:00, run_after=2022-10-05T09:08:00+00:00
[2022-10-05T09:09:15.385+0000] {processor.py:178} INFO - Processing /home/airflow/.local/lib/python3.7/site-packages/airflow/example_dags/example_sla_dag.py took 0.086 seconds
[2022-10-05T09:09:45.592+0000] {processor.py:156} INFO - Started process (PID=6417) to work on /home/airflow/.local/lib/python3.7/site-packages/airflow/example_dags/example_sla_dag.py
[2022-10-05T09:09:45.593+0000] {processor.py:758} INFO - Processing file /home/airflow/.local/lib/python3.7/site-packages/airflow/example_dags/example_sla_dag.py for tasks to queue
[2022-10-05T09:09:45.593+0000] {logging_mixin.py:117} INFO - [2022-10-05T09:09:45.593+0000] {dagbag.py:525} INFO - Filling up the DagBag from /home/airflow/.local/lib/python3.7/site-packages/airflow/example_dags/example_sla_dag.py
[2022-10-05T09:09:45.612+0000] {processor.py:768} INFO - DAG(s) dict_keys(['example_sla_dag']) retrieved from /home/airflow/.local/lib/python3.7/site-packages/airflow/example_dags/example_sla_dag.py
[2022-10-05T09:09:45.643+0000] {logging_mixin.py:117} INFO - [2022-10-05T09:09:45.643+0000] {dag.py:2573} INFO - Sync 1 DAGs
[2022-10-05T09:09:45.666+0000] {logging_mixin.py:117} INFO - [2022-10-05T09:09:45.666+0000] {dag.py:3328} INFO - Setting next_dagrun for example_sla_dag to 2022-10-05T09:06:00+00:00, run_after=2022-10-05T09:08:00+00:00
[2022-10-05T09:09:45.680+0000] {processor.py:178} INFO - Processing /home/airflow/.local/lib/python3.7/site-packages/airflow/example_dags/example_sla_dag.py took 0.090 seconds
[2022-10-05T09:10:15.989+0000] {processor.py:156} INFO - Started process (PID=6624) to work on /home/airflow/.local/lib/python3.7/site-packages/airflow/example_dags/example_sla_dag.py
[2022-10-05T09:10:15.990+0000] {processor.py:758} INFO - Processing file /home/airflow/.local/lib/python3.7/site-packages/airflow/example_dags/example_sla_dag.py for tasks to queue
[2022-10-05T09:10:15.990+0000] {logging_mixin.py:117} INFO - [2022-10-05T09:10:15.990+0000] {dagbag.py:525} INFO - Filling up the DagBag from /home/airflow/.local/lib/python3.7/site-packages/airflow/example_dags/example_sla_dag.py
[2022-10-05T09:10:16.008+0000] {processor.py:768} INFO - DAG(s) dict_keys(['example_sla_dag']) retrieved from /home/airflow/.local/lib/python3.7/site-packages/airflow/example_dags/example_sla_dag.py
[2022-10-05T09:10:16.039+0000] {logging_mixin.py:117} INFO - [2022-10-05T09:10:16.039+0000] {dag.py:2573} INFO - Sync 1 DAGs
[2022-10-05T09:10:16.060+0000] {logging_mixin.py:117} INFO - [2022-10-05T09:10:16.060+0000] {dag.py:3328} INFO - Setting next_dagrun for example_sla_dag to 2022-10-05T09:08:00+00:00, run_after=2022-10-05T09:10:00+00:00
[2022-10-05T09:10:16.073+0000] {processor.py:178} INFO - Processing /home/airflow/.local/lib/python3.7/site-packages/airflow/example_dags/example_sla_dag.py took 0.087 seconds
[2022-10-05T09:10:46.447+0000] {processor.py:156} INFO - Started process (PID=6831) to work on /home/airflow/.local/lib/python3.7/site-packages/airflow/example_dags/example_sla_dag.py
[2022-10-05T09:10:46.448+0000] {processor.py:758} INFO - Processing file /home/airflow/.local/lib/python3.7/site-packages/airflow/example_dags/example_sla_dag.py for tasks to queue
[2022-10-05T09:10:46.448+0000] {logging_mixin.py:117} INFO - [2022-10-05T09:10:46.448+0000] {dagbag.py:525} INFO - Filling up the DagBag from /home/airflow/.local/lib/python3.7/site-packages/airflow/example_dags/example_sla_dag.py
[2022-10-05T09:10:46.467+0000] {processor.py:768} INFO - DAG(s) dict_keys(['example_sla_dag']) retrieved from /home/airflow/.local/lib/python3.7/site-packages/airflow/example_dags/example_sla_dag.py
[2022-10-05T09:10:46.497+0000] {logging_mixin.py:117} INFO - [2022-10-05T09:10:46.497+0000] {dag.py:2573} INFO - Sync 1 DAGs
[2022-10-05T09:10:46.518+0000] {logging_mixin.py:117} INFO - [2022-10-05T09:10:46.518+0000] {dag.py:3328} INFO - Setting next_dagrun for example_sla_dag to 2022-10-05T09:08:00+00:00, run_after=2022-10-05T09:10:00+00:00
[2022-10-05T09:10:46.531+0000] {processor.py:178} INFO - Processing /home/airflow/.local/lib/python3.7/site-packages/airflow/example_dags/example_sla_dag.py took 0.086 seconds
[2022-10-05T09:11:16.821+0000] {processor.py:156} INFO - Started process (PID=7038) to work on /home/airflow/.local/lib/python3.7/site-packages/airflow/example_dags/example_sla_dag.py
[2022-10-05T09:11:16.822+0000] {processor.py:758} INFO - Processing file /home/airflow/.local/lib/python3.7/site-packages/airflow/example_dags/example_sla_dag.py for tasks to queue
[2022-10-05T09:11:16.822+0000] {logging_mixin.py:117} INFO - [2022-10-05T09:11:16.822+0000] {dagbag.py:525} INFO - Filling up the DagBag from /home/airflow/.local/lib/python3.7/site-packages/airflow/example_dags/example_sla_dag.py
[2022-10-05T09:11:16.841+0000] {processor.py:768} INFO - DAG(s) dict_keys(['example_sla_dag']) retrieved from /home/airflow/.local/lib/python3.7/site-packages/airflow/example_dags/example_sla_dag.py
[2022-10-05T09:11:16.870+0000] {logging_mixin.py:117} INFO - [2022-10-05T09:11:16.870+0000] {dag.py:2573} INFO - Sync 1 DAGs
[2022-10-05T09:11:16.892+0000] {logging_mixin.py:117} INFO - [2022-10-05T09:11:16.892+0000] {dag.py:3328} INFO - Setting next_dagrun for example_sla_dag to 2022-10-05T09:08:00+00:00, run_after=2022-10-05T09:10:00+00:00
[2022-10-05T09:11:16.906+0000] {processor.py:178} INFO - Processing /home/airflow/.local/lib/python3.7/site-packages/airflow/example_dags/example_sla_dag.py took 0.087 seconds
[2022-10-05T09:11:47.062+0000] {processor.py:156} INFO - Started process (PID=7245) to work on /home/airflow/.local/lib/python3.7/site-packages/airflow/example_dags/example_sla_dag.py
[2022-10-05T09:11:47.063+0000] {processor.py:758} INFO - Processing file /home/airflow/.local/lib/python3.7/site-packages/airflow/example_dags/example_sla_dag.py for tasks to queue
[2022-10-05T09:11:47.063+0000] {logging_mixin.py:117} INFO - [2022-10-05T09:11:47.063+0000] {dagbag.py:525} INFO - Filling up the DagBag from /home/airflow/.local/lib/python3.7/site-packages/airflow/example_dags/example_sla_dag.py
[2022-10-05T09:11:47.082+0000] {processor.py:768} INFO - DAG(s) dict_keys(['example_sla_dag']) retrieved from /home/airflow/.local/lib/python3.7/site-packages/airflow/example_dags/example_sla_dag.py
[2022-10-05T09:11:47.113+0000] {logging_mixin.py:117} INFO - [2022-10-05T09:11:47.113+0000] {dag.py:2573} INFO - Sync 1 DAGs
[2022-10-05T09:11:47.136+0000] {logging_mixin.py:117} INFO - [2022-10-05T09:11:47.135+0000] {dag.py:3328} INFO - Setting next_dagrun for example_sla_dag to 2022-10-05T09:08:00+00:00, run_after=2022-10-05T09:10:00+00:00
[2022-10-05T09:11:47.149+0000] {processor.py:178} INFO - Processing /home/airflow/.local/lib/python3.7/site-packages/airflow/example_dags/example_sla_dag.py took 0.090 seconds
[2022-10-05T09:12:17.567+0000] {processor.py:156} INFO - Started process (PID=7443) to work on /home/airflow/.local/lib/python3.7/site-packages/airflow/example_dags/example_sla_dag.py
[2022-10-05T09:12:17.568+0000] {processor.py:758} INFO - Processing file /home/airflow/.local/lib/python3.7/site-packages/airflow/example_dags/example_sla_dag.py for tasks to queue
[2022-10-05T09:12:17.568+0000] {logging_mixin.py:117} INFO - [2022-10-05T09:12:17.568+0000] {dagbag.py:525} INFO - Filling up the DagBag from /home/airflow/.local/lib/python3.7/site-packages/airflow/example_dags/example_sla_dag.py
[2022-10-05T09:12:17.586+0000] {processor.py:768} INFO - DAG(s) dict_keys(['example_sla_dag']) retrieved from /home/airflow/.local/lib/python3.7/site-packages/airflow/example_dags/example_sla_dag.py
[2022-10-05T09:12:17.616+0000] {logging_mixin.py:117} INFO - [2022-10-05T09:12:17.616+0000] {dag.py:2573} INFO - Sync 1 DAGs
[2022-10-05T09:12:17.639+0000] {logging_mixin.py:117} INFO - [2022-10-05T09:12:17.639+0000] {dag.py:3328} INFO - Setting next_dagrun for example_sla_dag to 2022-10-05T09:10:00+00:00, run_after=2022-10-05T09:12:00+00:00
[2022-10-05T09:12:17.652+0000] {processor.py:178} INFO - Processing /home/airflow/.local/lib/python3.7/site-packages/airflow/example_dags/example_sla_dag.py took 0.087 seconds
[2022-10-05T09:12:47.959+0000] {processor.py:156} INFO - Started process (PID=7650) to work on /home/airflow/.local/lib/python3.7/site-packages/airflow/example_dags/example_sla_dag.py
[2022-10-05T09:12:47.959+0000] {processor.py:758} INFO - Processing file /home/airflow/.local/lib/python3.7/site-packages/airflow/example_dags/example_sla_dag.py for tasks to queue
[2022-10-05T09:12:47.960+0000] {logging_mixin.py:117} INFO - [2022-10-05T09:12:47.960+0000] {dagbag.py:525} INFO - Filling up the DagBag from /home/airflow/.local/lib/python3.7/site-packages/airflow/example_dags/example_sla_dag.py
[2022-10-05T09:12:47.977+0000] {processor.py:768} INFO - DAG(s) dict_keys(['example_sla_dag']) retrieved from /home/airflow/.local/lib/python3.7/site-packages/airflow/example_dags/example_sla_dag.py
[2022-10-05T09:12:48.007+0000] {logging_mixin.py:117} INFO - [2022-10-05T09:12:48.007+0000] {dag.py:2573} INFO - Sync 1 DAGs
[2022-10-05T09:12:48.028+0000] {logging_mixin.py:117} INFO - [2022-10-05T09:12:48.028+0000] {dag.py:3328} INFO - Setting next_dagrun for example_sla_dag to 2022-10-05T09:10:00+00:00, run_after=2022-10-05T09:12:00+00:00
[2022-10-05T09:12:48.041+0000] {processor.py:178} INFO - Processing /home/airflow/.local/lib/python3.7/site-packages/airflow/example_dags/example_sla_dag.py took 0.085 seconds
[2022-10-05T09:13:18.419+0000] {processor.py:156} INFO - Started process (PID=7857) to work on /home/airflow/.local/lib/python3.7/site-packages/airflow/example_dags/example_sla_dag.py
[2022-10-05T09:13:18.420+0000] {processor.py:758} INFO - Processing file /home/airflow/.local/lib/python3.7/site-packages/airflow/example_dags/example_sla_dag.py for tasks to queue
[2022-10-05T09:13:18.421+0000] {logging_mixin.py:117} INFO - [2022-10-05T09:13:18.421+0000] {dagbag.py:525} INFO - Filling up the DagBag from /home/airflow/.local/lib/python3.7/site-packages/airflow/example_dags/example_sla_dag.py
[2022-10-05T09:13:18.438+0000] {processor.py:768} INFO - DAG(s) dict_keys(['example_sla_dag']) retrieved from /home/airflow/.local/lib/python3.7/site-packages/airflow/example_dags/example_sla_dag.py
[2022-10-05T09:13:18.468+0000] {logging_mixin.py:117} INFO - [2022-10-05T09:13:18.468+0000] {dag.py:2573} INFO - Sync 1 DAGs
[2022-10-05T09:13:18.489+0000] {logging_mixin.py:117} INFO - [2022-10-05T09:13:18.489+0000] {dag.py:3328} INFO - Setting next_dagrun for example_sla_dag to 2022-10-05T09:10:00+00:00, run_after=2022-10-05T09:12:00+00:00
[2022-10-05T09:13:18.502+0000] {processor.py:178} INFO - Processing /home/airflow/.local/lib/python3.7/site-packages/airflow/example_dags/example_sla_dag.py took 0.085 seconds
[2022-10-05T09:13:48.778+0000] {processor.py:156} INFO - Started process (PID=8064) to work on /home/airflow/.local/lib/python3.7/site-packages/airflow/example_dags/example_sla_dag.py
[2022-10-05T09:13:48.779+0000] {processor.py:758} INFO - Processing file /home/airflow/.local/lib/python3.7/site-packages/airflow/example_dags/example_sla_dag.py for tasks to queue
[2022-10-05T09:13:48.780+0000] {logging_mixin.py:117} INFO - [2022-10-05T09:13:48.779+0000] {dagbag.py:525} INFO - Filling up the DagBag from /home/airflow/.local/lib/python3.7/site-packages/airflow/example_dags/example_sla_dag.py
[2022-10-05T09:13:48.798+0000] {processor.py:768} INFO - DAG(s) dict_keys(['example_sla_dag']) retrieved from /home/airflow/.local/lib/python3.7/site-packages/airflow/example_dags/example_sla_dag.py
[2022-10-05T09:13:48.827+0000] {logging_mixin.py:117} INFO - [2022-10-05T09:13:48.827+0000] {dag.py:2573} INFO - Sync 1 DAGs
[2022-10-05T09:13:48.850+0000] {logging_mixin.py:117} INFO - [2022-10-05T09:13:48.850+0000] {dag.py:3328} INFO - Setting next_dagrun for example_sla_dag to 2022-10-05T09:10:00+00:00, run_after=2022-10-05T09:12:00+00:00
[2022-10-05T09:13:48.863+0000] {processor.py:178} INFO - Processing /home/airflow/.local/lib/python3.7/site-packages/airflow/example_dags/example_sla_dag.py took 0.087 seconds
[2022-10-05T09:14:19.262+0000] {processor.py:156} INFO - Started process (PID=8262) to work on /home/airflow/.local/lib/python3.7/site-packages/airflow/example_dags/example_sla_dag.py
[2022-10-05T09:14:19.262+0000] {processor.py:758} INFO - Processing file /home/airflow/.local/lib/python3.7/site-packages/airflow/example_dags/example_sla_dag.py for tasks to queue
[2022-10-05T09:14:19.263+0000] {logging_mixin.py:117} INFO - [2022-10-05T09:14:19.263+0000] {dagbag.py:525} INFO - Filling up the DagBag from /home/airflow/.local/lib/python3.7/site-packages/airflow/example_dags/example_sla_dag.py
[2022-10-05T09:14:19.281+0000] {processor.py:768} INFO - DAG(s) dict_keys(['example_sla_dag']) retrieved from /home/airflow/.local/lib/python3.7/site-packages/airflow/example_dags/example_sla_dag.py
[2022-10-05T09:14:19.311+0000] {logging_mixin.py:117} INFO - [2022-10-05T09:14:19.311+0000] {dag.py:2573} INFO - Sync 1 DAGs
[2022-10-05T09:14:19.334+0000] {logging_mixin.py:117} INFO - [2022-10-05T09:14:19.334+0000] {dag.py:3328} INFO - Setting next_dagrun for example_sla_dag to 2022-10-05T09:12:00+00:00, run_after=2022-10-05T09:14:00+00:00
[2022-10-05T09:14:19.347+0000] {processor.py:178} INFO - Processing /home/airflow/.local/lib/python3.7/site-packages/airflow/example_dags/example_sla_dag.py took 0.088 seconds
[2022-10-05T09:14:49.663+0000] {processor.py:156} INFO - Started process (PID=8469) to work on /home/airflow/.local/lib/python3.7/site-packages/airflow/example_dags/example_sla_dag.py
[2022-10-05T09:14:49.664+0000] {processor.py:758} INFO - Processing file /home/airflow/.local/lib/python3.7/site-packages/airflow/example_dags/example_sla_dag.py for tasks to queue
[2022-10-05T09:14:49.664+0000] {logging_mixin.py:117} INFO - [2022-10-05T09:14:49.664+0000] {dagbag.py:525} INFO - Filling up the DagBag from /home/airflow/.local/lib/python3.7/site-packages/airflow/example_dags/example_sla_dag.py
[2022-10-05T09:14:49.682+0000] {processor.py:768} INFO - DAG(s) dict_keys(['example_sla_dag']) retrieved from /home/airflow/.local/lib/python3.7/site-packages/airflow/example_dags/example_sla_dag.py
[2022-10-05T09:14:49.712+0000] {logging_mixin.py:117} INFO - [2022-10-05T09:14:49.712+0000] {dag.py:2573} INFO - Sync 1 DAGs
[2022-10-05T09:14:49.733+0000] {logging_mixin.py:117} INFO - [2022-10-05T09:14:49.733+0000] {dag.py:3328} INFO - Setting next_dagrun for example_sla_dag to 2022-10-05T09:12:00+00:00, run_after=2022-10-05T09:14:00+00:00
[2022-10-05T09:14:49.746+0000] {processor.py:178} INFO - Processing /home/airflow/.local/lib/python3.7/site-packages/airflow/example_dags/example_sla_dag.py took 0.086 seconds
[2022-10-05T09:15:20.118+0000] {processor.py:156} INFO - Started process (PID=8676) to work on /home/airflow/.local/lib/python3.7/site-packages/airflow/example_dags/example_sla_dag.py
[2022-10-05T09:15:20.118+0000] {processor.py:758} INFO - Processing file /home/airflow/.local/lib/python3.7/site-packages/airflow/example_dags/example_sla_dag.py for tasks to queue
[2022-10-05T09:15:20.119+0000] {logging_mixin.py:117} INFO - [2022-10-05T09:15:20.119+0000] {dagbag.py:525} INFO - Filling up the DagBag from /home/airflow/.local/lib/python3.7/site-packages/airflow/example_dags/example_sla_dag.py
[2022-10-05T09:15:20.137+0000] {processor.py:768} INFO - DAG(s) dict_keys(['example_sla_dag']) retrieved from /home/airflow/.local/lib/python3.7/site-packages/airflow/example_dags/example_sla_dag.py
[2022-10-05T09:15:20.167+0000] {logging_mixin.py:117} INFO - [2022-10-05T09:15:20.167+0000] {dag.py:2573} INFO - Sync 1 DAGs
[2022-10-05T09:15:20.188+0000] {logging_mixin.py:117} INFO - [2022-10-05T09:15:20.188+0000] {dag.py:3328} INFO - Setting next_dagrun for example_sla_dag to 2022-10-05T09:12:00+00:00, run_after=2022-10-05T09:14:00+00:00
[2022-10-05T09:15:20.201+0000] {processor.py:178} INFO - Processing /home/airflow/.local/lib/python3.7/site-packages/airflow/example_dags/example_sla_dag.py took 0.086 seconds
[2022-10-05T09:15:50.564+0000] {processor.py:156} INFO - Started process (PID=8883) to work on /home/airflow/.local/lib/python3.7/site-packages/airflow/example_dags/example_sla_dag.py
[2022-10-05T09:15:50.565+0000] {processor.py:758} INFO - Processing file /home/airflow/.local/lib/python3.7/site-packages/airflow/example_dags/example_sla_dag.py for tasks to queue
[2022-10-05T09:15:50.566+0000] {logging_mixin.py:117} INFO - [2022-10-05T09:15:50.565+0000] {dagbag.py:525} INFO - Filling up the DagBag from /home/airflow/.local/lib/python3.7/site-packages/airflow/example_dags/example_sla_dag.py
[2022-10-05T09:15:50.584+0000] {processor.py:768} INFO - DAG(s) dict_keys(['example_sla_dag']) retrieved from /home/airflow/.local/lib/python3.7/site-packages/airflow/example_dags/example_sla_dag.py
[2022-10-05T09:15:50.615+0000] {logging_mixin.py:117} INFO - [2022-10-05T09:15:50.614+0000] {dag.py:2573} INFO - Sync 1 DAGs
[2022-10-05T09:15:50.637+0000] {logging_mixin.py:117} INFO - [2022-10-05T09:15:50.637+0000] {dag.py:3328} INFO - Setting next_dagrun for example_sla_dag to 2022-10-05T09:12:00+00:00, run_after=2022-10-05T09:14:00+00:00
[2022-10-05T09:15:50.650+0000] {processor.py:178} INFO - Processing /home/airflow/.local/lib/python3.7/site-packages/airflow/example_dags/example_sla_dag.py took 0.088 seconds
[2022-10-05T09:16:20.768+0000] {processor.py:156} INFO - Started process (PID=9081) to work on /home/airflow/.local/lib/python3.7/site-packages/airflow/example_dags/example_sla_dag.py
[2022-10-05T09:16:20.769+0000] {processor.py:758} INFO - Processing file /home/airflow/.local/lib/python3.7/site-packages/airflow/example_dags/example_sla_dag.py for tasks to queue
[2022-10-05T09:16:20.769+0000] {logging_mixin.py:117} INFO - [2022-10-05T09:16:20.769+0000] {dagbag.py:525} INFO - Filling up the DagBag from /home/airflow/.local/lib/python3.7/site-packages/airflow/example_dags/example_sla_dag.py
[2022-10-05T09:16:20.788+0000] {processor.py:768} INFO - DAG(s) dict_keys(['example_sla_dag']) retrieved from /home/airflow/.local/lib/python3.7/site-packages/airflow/example_dags/example_sla_dag.py
[2022-10-05T09:16:20.818+0000] {logging_mixin.py:117} INFO - [2022-10-05T09:16:20.818+0000] {dag.py:2573} INFO - Sync 1 DAGs
[2022-10-05T09:16:20.840+0000] {logging_mixin.py:117} INFO - [2022-10-05T09:16:20.840+0000] {dag.py:3328} INFO - Setting next_dagrun for example_sla_dag to 2022-10-05T09:14:00+00:00, run_after=2022-10-05T09:16:00+00:00
[2022-10-05T09:16:20.854+0000] {processor.py:178} INFO - Processing /home/airflow/.local/lib/python3.7/site-packages/airflow/example_dags/example_sla_dag.py took 0.089 seconds
[2022-10-05T09:16:51.202+0000] {processor.py:156} INFO - Started process (PID=9288) to work on /home/airflow/.local/lib/python3.7/site-packages/airflow/example_dags/example_sla_dag.py
[2022-10-05T09:16:51.203+0000] {processor.py:758} INFO - Processing file /home/airflow/.local/lib/python3.7/site-packages/airflow/example_dags/example_sla_dag.py for tasks to queue
[2022-10-05T09:16:51.203+0000] {logging_mixin.py:117} INFO - [2022-10-05T09:16:51.203+0000] {dagbag.py:525} INFO - Filling up the DagBag from /home/airflow/.local/lib/python3.7/site-packages/airflow/example_dags/example_sla_dag.py
[2022-10-05T09:16:51.221+0000] {processor.py:768} INFO - DAG(s) dict_keys(['example_sla_dag']) retrieved from /home/airflow/.local/lib/python3.7/site-packages/airflow/example_dags/example_sla_dag.py
[2022-10-05T09:16:51.252+0000] {logging_mixin.py:117} INFO - [2022-10-05T09:16:51.252+0000] {dag.py:2573} INFO - Sync 1 DAGs
[2022-10-05T09:16:51.273+0000] {logging_mixin.py:117} INFO - [2022-10-05T09:16:51.273+0000] {dag.py:3328} INFO - Setting next_dagrun for example_sla_dag to 2022-10-05T09:14:00+00:00, run_after=2022-10-05T09:16:00+00:00
[2022-10-05T09:16:51.286+0000] {processor.py:178} INFO - Processing /home/airflow/.local/lib/python3.7/site-packages/airflow/example_dags/example_sla_dag.py took 0.087 seconds
[2022-10-05T09:17:21.574+0000] {processor.py:156} INFO - Started process (PID=9495) to work on /home/airflow/.local/lib/python3.7/site-packages/airflow/example_dags/example_sla_dag.py
[2022-10-05T09:17:21.575+0000] {processor.py:758} INFO - Processing file /home/airflow/.local/lib/python3.7/site-packages/airflow/example_dags/example_sla_dag.py for tasks to queue
[2022-10-05T09:17:21.575+0000] {logging_mixin.py:117} INFO - [2022-10-05T09:17:21.575+0000] {dagbag.py:525} INFO - Filling up the DagBag from /home/airflow/.local/lib/python3.7/site-packages/airflow/example_dags/example_sla_dag.py
[2022-10-05T09:17:21.593+0000] {processor.py:768} INFO - DAG(s) dict_keys(['example_sla_dag']) retrieved from /home/airflow/.local/lib/python3.7/site-packages/airflow/example_dags/example_sla_dag.py
[2022-10-05T09:17:21.625+0000] {logging_mixin.py:117} INFO - [2022-10-05T09:17:21.624+0000] {dag.py:2573} INFO - Sync 1 DAGs
[2022-10-05T09:17:21.646+0000] {logging_mixin.py:117} INFO - [2022-10-05T09:17:21.646+0000] {dag.py:3328} INFO - Setting next_dagrun for example_sla_dag to 2022-10-05T09:14:00+00:00, run_after=2022-10-05T09:16:00+00:00
[2022-10-05T09:17:21.659+0000] {processor.py:178} INFO - Processing /home/airflow/.local/lib/python3.7/site-packages/airflow/example_dags/example_sla_dag.py took 0.088 seconds
[2022-10-05T09:17:52.124+0000] {processor.py:156} INFO - Started process (PID=9702) to work on /home/airflow/.local/lib/python3.7/site-packages/airflow/example_dags/example_sla_dag.py
[2022-10-05T09:17:52.125+0000] {processor.py:758} INFO - Processing file /home/airflow/.local/lib/python3.7/site-packages/airflow/example_dags/example_sla_dag.py for tasks to queue
[2022-10-05T09:17:52.125+0000] {logging_mixin.py:117} INFO - [2022-10-05T09:17:52.125+0000] {dagbag.py:525} INFO - Filling up the DagBag from /home/airflow/.local/lib/python3.7/site-packages/airflow/example_dags/example_sla_dag.py
[2022-10-05T09:17:52.144+0000] {processor.py:768} INFO - DAG(s) dict_keys(['example_sla_dag']) retrieved from /home/airflow/.local/lib/python3.7/site-packages/airflow/example_dags/example_sla_dag.py
[2022-10-05T09:17:52.174+0000] {logging_mixin.py:117} INFO - [2022-10-05T09:17:52.174+0000] {dag.py:2573} INFO - Sync 1 DAGs
[2022-10-05T09:17:52.195+0000] {logging_mixin.py:117} INFO - [2022-10-05T09:17:52.195+0000] {dag.py:3328} INFO - Setting next_dagrun for example_sla_dag to 2022-10-05T09:14:00+00:00, run_after=2022-10-05T09:16:00+00:00
[2022-10-05T09:17:52.210+0000] {processor.py:178} INFO - Processing /home/airflow/.local/lib/python3.7/site-packages/airflow/example_dags/example_sla_dag.py took 0.088 seconds
[2022-10-05T09:18:22.462+0000] {processor.py:156} INFO - Started process (PID=9900) to work on /home/airflow/.local/lib/python3.7/site-packages/airflow/example_dags/example_sla_dag.py
[2022-10-05T09:18:22.463+0000] {processor.py:758} INFO - Processing file /home/airflow/.local/lib/python3.7/site-packages/airflow/example_dags/example_sla_dag.py for tasks to queue
[2022-10-05T09:18:22.463+0000] {logging_mixin.py:117} INFO - [2022-10-05T09:18:22.463+0000] {dagbag.py:525} INFO - Filling up the DagBag from /home/airflow/.local/lib/python3.7/site-packages/airflow/example_dags/example_sla_dag.py
[2022-10-05T09:18:22.481+0000] {processor.py:768} INFO - DAG(s) dict_keys(['example_sla_dag']) retrieved from /home/airflow/.local/lib/python3.7/site-packages/airflow/example_dags/example_sla_dag.py
[2022-10-05T09:18:22.510+0000] {logging_mixin.py:117} INFO - [2022-10-05T09:18:22.510+0000] {dag.py:2573} INFO - Sync 1 DAGs
[2022-10-05T09:18:22.532+0000] {logging_mixin.py:117} INFO - [2022-10-05T09:18:22.532+0000] {dag.py:3328} INFO - Setting next_dagrun for example_sla_dag to 2022-10-05T09:16:00+00:00, run_after=2022-10-05T09:18:00+00:00
[2022-10-05T09:18:22.545+0000] {processor.py:178} INFO - Processing /home/airflow/.local/lib/python3.7/site-packages/airflow/example_dags/example_sla_dag.py took 0.086 seconds
[2022-10-05T09:18:53.055+0000] {processor.py:156} INFO - Started process (PID=10107) to work on /home/airflow/.local/lib/python3.7/site-packages/airflow/example_dags/example_sla_dag.py
[2022-10-05T09:18:53.056+0000] {processor.py:758} INFO - Processing file /home/airflow/.local/lib/python3.7/site-packages/airflow/example_dags/example_sla_dag.py for tasks to queue
[2022-10-05T09:18:53.056+0000] {logging_mixin.py:117} INFO - [2022-10-05T09:18:53.056+0000] {dagbag.py:525} INFO - Filling up the DagBag from /home/airflow/.local/lib/python3.7/site-packages/airflow/example_dags/example_sla_dag.py
[2022-10-05T09:18:53.075+0000] {processor.py:768} INFO - DAG(s) dict_keys(['example_sla_dag']) retrieved from /home/airflow/.local/lib/python3.7/site-packages/airflow/example_dags/example_sla_dag.py
[2022-10-05T09:18:53.106+0000] {logging_mixin.py:117} INFO - [2022-10-05T09:18:53.106+0000] {dag.py:2573} INFO - Sync 1 DAGs
[2022-10-05T09:18:53.128+0000] {logging_mixin.py:117} INFO - [2022-10-05T09:18:53.128+0000] {dag.py:3328} INFO - Setting next_dagrun for example_sla_dag to 2022-10-05T09:16:00+00:00, run_after=2022-10-05T09:18:00+00:00
[2022-10-05T09:18:53.141+0000] {processor.py:178} INFO - Processing /home/airflow/.local/lib/python3.7/site-packages/airflow/example_dags/example_sla_dag.py took 0.089 seconds
[2022-10-05T09:19:23.650+0000] {processor.py:156} INFO - Started process (PID=10314) to work on /home/airflow/.local/lib/python3.7/site-packages/airflow/example_dags/example_sla_dag.py
[2022-10-05T09:19:23.651+0000] {processor.py:758} INFO - Processing file /home/airflow/.local/lib/python3.7/site-packages/airflow/example_dags/example_sla_dag.py for tasks to queue
[2022-10-05T09:19:23.651+0000] {logging_mixin.py:117} INFO - [2022-10-05T09:19:23.651+0000] {dagbag.py:525} INFO - Filling up the DagBag from /home/airflow/.local/lib/python3.7/site-packages/airflow/example_dags/example_sla_dag.py
[2022-10-05T09:19:23.670+0000] {processor.py:768} INFO - DAG(s) dict_keys(['example_sla_dag']) retrieved from /home/airflow/.local/lib/python3.7/site-packages/airflow/example_dags/example_sla_dag.py
[2022-10-05T09:19:23.701+0000] {logging_mixin.py:117} INFO - [2022-10-05T09:19:23.701+0000] {dag.py:2573} INFO - Sync 1 DAGs
[2022-10-05T09:19:23.722+0000] {logging_mixin.py:117} INFO - [2022-10-05T09:19:23.722+0000] {dag.py:3328} INFO - Setting next_dagrun for example_sla_dag to 2022-10-05T09:16:00+00:00, run_after=2022-10-05T09:18:00+00:00
[2022-10-05T09:19:23.735+0000] {processor.py:178} INFO - Processing /home/airflow/.local/lib/python3.7/site-packages/airflow/example_dags/example_sla_dag.py took 0.087 seconds
[2022-10-05T09:19:54.217+0000] {processor.py:156} INFO - Started process (PID=10521) to work on /home/airflow/.local/lib/python3.7/site-packages/airflow/example_dags/example_sla_dag.py
[2022-10-05T09:19:54.218+0000] {processor.py:758} INFO - Processing file /home/airflow/.local/lib/python3.7/site-packages/airflow/example_dags/example_sla_dag.py for tasks to queue
[2022-10-05T09:19:54.218+0000] {logging_mixin.py:117} INFO - [2022-10-05T09:19:54.218+0000] {dagbag.py:525} INFO - Filling up the DagBag from /home/airflow/.local/lib/python3.7/site-packages/airflow/example_dags/example_sla_dag.py
[2022-10-05T09:19:54.237+0000] {processor.py:768} INFO - DAG(s) dict_keys(['example_sla_dag']) retrieved from /home/airflow/.local/lib/python3.7/site-packages/airflow/example_dags/example_sla_dag.py
[2022-10-05T09:19:54.266+0000] {logging_mixin.py:117} INFO - [2022-10-05T09:19:54.266+0000] {dag.py:2573} INFO - Sync 1 DAGs
[2022-10-05T09:19:54.287+0000] {logging_mixin.py:117} INFO - [2022-10-05T09:19:54.287+0000] {dag.py:3328} INFO - Setting next_dagrun for example_sla_dag to 2022-10-05T09:16:00+00:00, run_after=2022-10-05T09:18:00+00:00
[2022-10-05T09:19:54.300+0000] {processor.py:178} INFO - Processing /home/airflow/.local/lib/python3.7/site-packages/airflow/example_dags/example_sla_dag.py took 0.086 seconds
[2022-10-05T09:20:24.776+0000] {processor.py:156} INFO - Started process (PID=10719) to work on /home/airflow/.local/lib/python3.7/site-packages/airflow/example_dags/example_sla_dag.py
[2022-10-05T09:20:24.777+0000] {processor.py:758} INFO - Processing file /home/airflow/.local/lib/python3.7/site-packages/airflow/example_dags/example_sla_dag.py for tasks to queue
[2022-10-05T09:20:24.777+0000] {logging_mixin.py:117} INFO - [2022-10-05T09:20:24.777+0000] {dagbag.py:525} INFO - Filling up the DagBag from /home/airflow/.local/lib/python3.7/site-packages/airflow/example_dags/example_sla_dag.py
[2022-10-05T09:20:24.795+0000] {processor.py:768} INFO - DAG(s) dict_keys(['example_sla_dag']) retrieved from /home/airflow/.local/lib/python3.7/site-packages/airflow/example_dags/example_sla_dag.py
[2022-10-05T09:20:24.824+0000] {logging_mixin.py:117} INFO - [2022-10-05T09:20:24.824+0000] {dag.py:2573} INFO - Sync 1 DAGs
[2022-10-05T09:20:24.846+0000] {logging_mixin.py:117} INFO - [2022-10-05T09:20:24.846+0000] {dag.py:3328} INFO - Setting next_dagrun for example_sla_dag to 2022-10-05T09:18:00+00:00, run_after=2022-10-05T09:20:00+00:00
[2022-10-05T09:20:24.860+0000] {processor.py:178} INFO - Processing /home/airflow/.local/lib/python3.7/site-packages/airflow/example_dags/example_sla_dag.py took 0.085 seconds
[2022-10-05T09:20:55.433+0000] {processor.py:156} INFO - Started process (PID=10926) to work on /home/airflow/.local/lib/python3.7/site-packages/airflow/example_dags/example_sla_dag.py
[2022-10-05T09:20:55.434+0000] {processor.py:758} INFO - Processing file /home/airflow/.local/lib/python3.7/site-packages/airflow/example_dags/example_sla_dag.py for tasks to queue
[2022-10-05T09:20:55.434+0000] {logging_mixin.py:117} INFO - [2022-10-05T09:20:55.434+0000] {dagbag.py:525} INFO - Filling up the DagBag from /home/airflow/.local/lib/python3.7/site-packages/airflow/example_dags/example_sla_dag.py
[2022-10-05T09:20:55.453+0000] {processor.py:768} INFO - DAG(s) dict_keys(['example_sla_dag']) retrieved from /home/airflow/.local/lib/python3.7/site-packages/airflow/example_dags/example_sla_dag.py
[2022-10-05T09:20:55.484+0000] {logging_mixin.py:117} INFO - [2022-10-05T09:20:55.484+0000] {dag.py:2573} INFO - Sync 1 DAGs
[2022-10-05T09:20:55.505+0000] {logging_mixin.py:117} INFO - [2022-10-05T09:20:55.505+0000] {dag.py:3328} INFO - Setting next_dagrun for example_sla_dag to 2022-10-05T09:18:00+00:00, run_after=2022-10-05T09:20:00+00:00
[2022-10-05T09:20:55.519+0000] {processor.py:178} INFO - Processing /home/airflow/.local/lib/python3.7/site-packages/airflow/example_dags/example_sla_dag.py took 0.088 seconds
[2022-10-05T09:21:26.033+0000] {processor.py:156} INFO - Started process (PID=11133) to work on /home/airflow/.local/lib/python3.7/site-packages/airflow/example_dags/example_sla_dag.py
[2022-10-05T09:21:26.034+0000] {processor.py:758} INFO - Processing file /home/airflow/.local/lib/python3.7/site-packages/airflow/example_dags/example_sla_dag.py for tasks to queue
[2022-10-05T09:21:26.035+0000] {logging_mixin.py:117} INFO - [2022-10-05T09:21:26.035+0000] {dagbag.py:525} INFO - Filling up the DagBag from /home/airflow/.local/lib/python3.7/site-packages/airflow/example_dags/example_sla_dag.py
[2022-10-05T09:21:26.053+0000] {processor.py:768} INFO - DAG(s) dict_keys(['example_sla_dag']) retrieved from /home/airflow/.local/lib/python3.7/site-packages/airflow/example_dags/example_sla_dag.py
[2022-10-05T09:21:26.083+0000] {logging_mixin.py:117} INFO - [2022-10-05T09:21:26.083+0000] {dag.py:2573} INFO - Sync 1 DAGs
[2022-10-05T09:21:26.104+0000] {logging_mixin.py:117} INFO - [2022-10-05T09:21:26.104+0000] {dag.py:3328} INFO - Setting next_dagrun for example_sla_dag to 2022-10-05T09:18:00+00:00, run_after=2022-10-05T09:20:00+00:00
[2022-10-05T09:21:26.116+0000] {processor.py:178} INFO - Processing /home/airflow/.local/lib/python3.7/site-packages/airflow/example_dags/example_sla_dag.py took 0.085 seconds
[2022-10-05T09:21:56.695+0000] {processor.py:156} INFO - Started process (PID=11340) to work on /home/airflow/.local/lib/python3.7/site-packages/airflow/example_dags/example_sla_dag.py
[2022-10-05T09:21:56.696+0000] {processor.py:758} INFO - Processing file /home/airflow/.local/lib/python3.7/site-packages/airflow/example_dags/example_sla_dag.py for tasks to queue
[2022-10-05T09:21:56.697+0000] {logging_mixin.py:117} INFO - [2022-10-05T09:21:56.697+0000] {dagbag.py:525} INFO - Filling up the DagBag from /home/airflow/.local/lib/python3.7/site-packages/airflow/example_dags/example_sla_dag.py
[2022-10-05T09:21:56.715+0000] {processor.py:768} INFO - DAG(s) dict_keys(['example_sla_dag']) retrieved from /home/airflow/.local/lib/python3.7/site-packages/airflow/example_dags/example_sla_dag.py
[2022-10-05T09:21:56.745+0000] {logging_mixin.py:117} INFO - [2022-10-05T09:21:56.745+0000] {dag.py:2573} INFO - Sync 1 DAGs
[2022-10-05T09:21:56.767+0000] {logging_mixin.py:117} INFO - [2022-10-05T09:21:56.767+0000] {dag.py:3328} INFO - Setting next_dagrun for example_sla_dag to 2022-10-05T09:18:00+00:00, run_after=2022-10-05T09:20:00+00:00
[2022-10-05T09:21:56.781+0000] {processor.py:178} INFO - Processing /home/airflow/.local/lib/python3.7/site-packages/airflow/example_dags/example_sla_dag.py took 0.088 seconds
[2022-10-05T09:22:27.184+0000] {processor.py:156} INFO - Started process (PID=11547) to work on /home/airflow/.local/lib/python3.7/site-packages/airflow/example_dags/example_sla_dag.py
[2022-10-05T09:22:27.185+0000] {processor.py:758} INFO - Processing file /home/airflow/.local/lib/python3.7/site-packages/airflow/example_dags/example_sla_dag.py for tasks to queue
[2022-10-05T09:22:27.186+0000] {logging_mixin.py:117} INFO - [2022-10-05T09:22:27.185+0000] {dagbag.py:525} INFO - Filling up the DagBag from /home/airflow/.local/lib/python3.7/site-packages/airflow/example_dags/example_sla_dag.py
[2022-10-05T09:22:27.205+0000] {processor.py:768} INFO - DAG(s) dict_keys(['example_sla_dag']) retrieved from /home/airflow/.local/lib/python3.7/site-packages/airflow/example_dags/example_sla_dag.py
[2022-10-05T09:22:27.236+0000] {logging_mixin.py:117} INFO - [2022-10-05T09:22:27.236+0000] {dag.py:2573} INFO - Sync 1 DAGs
[2022-10-05T09:22:27.260+0000] {logging_mixin.py:117} INFO - [2022-10-05T09:22:27.260+0000] {dag.py:3328} INFO - Setting next_dagrun for example_sla_dag to 2022-10-05T09:20:00+00:00, run_after=2022-10-05T09:22:00+00:00
[2022-10-05T09:22:27.273+0000] {processor.py:178} INFO - Processing /home/airflow/.local/lib/python3.7/site-packages/airflow/example_dags/example_sla_dag.py took 0.091 seconds
[2022-10-05T09:22:57.680+0000] {processor.py:156} INFO - Started process (PID=11745) to work on /home/airflow/.local/lib/python3.7/site-packages/airflow/example_dags/example_sla_dag.py
[2022-10-05T09:22:57.681+0000] {processor.py:758} INFO - Processing file /home/airflow/.local/lib/python3.7/site-packages/airflow/example_dags/example_sla_dag.py for tasks to queue
[2022-10-05T09:22:57.681+0000] {logging_mixin.py:117} INFO - [2022-10-05T09:22:57.681+0000] {dagbag.py:525} INFO - Filling up the DagBag from /home/airflow/.local/lib/python3.7/site-packages/airflow/example_dags/example_sla_dag.py
[2022-10-05T09:22:57.700+0000] {processor.py:768} INFO - DAG(s) dict_keys(['example_sla_dag']) retrieved from /home/airflow/.local/lib/python3.7/site-packages/airflow/example_dags/example_sla_dag.py
[2022-10-05T09:22:57.731+0000] {logging_mixin.py:117} INFO - [2022-10-05T09:22:57.731+0000] {dag.py:2573} INFO - Sync 1 DAGs
[2022-10-05T09:22:57.752+0000] {logging_mixin.py:117} INFO - [2022-10-05T09:22:57.752+0000] {dag.py:3328} INFO - Setting next_dagrun for example_sla_dag to 2022-10-05T09:20:00+00:00, run_after=2022-10-05T09:22:00+00:00
[2022-10-05T09:22:57.766+0000] {processor.py:178} INFO - Processing /home/airflow/.local/lib/python3.7/site-packages/airflow/example_dags/example_sla_dag.py took 0.088 seconds
[2022-10-05T09:23:28.038+0000] {processor.py:156} INFO - Started process (PID=11952) to work on /home/airflow/.local/lib/python3.7/site-packages/airflow/example_dags/example_sla_dag.py
[2022-10-05T09:23:28.039+0000] {processor.py:758} INFO - Processing file /home/airflow/.local/lib/python3.7/site-packages/airflow/example_dags/example_sla_dag.py for tasks to queue
[2022-10-05T09:23:28.039+0000] {logging_mixin.py:117} INFO - [2022-10-05T09:23:28.039+0000] {dagbag.py:525} INFO - Filling up the DagBag from /home/airflow/.local/lib/python3.7/site-packages/airflow/example_dags/example_sla_dag.py
[2022-10-05T09:23:28.057+0000] {processor.py:768} INFO - DAG(s) dict_keys(['example_sla_dag']) retrieved from /home/airflow/.local/lib/python3.7/site-packages/airflow/example_dags/example_sla_dag.py
[2022-10-05T09:23:28.087+0000] {logging_mixin.py:117} INFO - [2022-10-05T09:23:28.087+0000] {dag.py:2573} INFO - Sync 1 DAGs
[2022-10-05T09:23:28.108+0000] {logging_mixin.py:117} INFO - [2022-10-05T09:23:28.108+0000] {dag.py:3328} INFO - Setting next_dagrun for example_sla_dag to 2022-10-05T09:20:00+00:00, run_after=2022-10-05T09:22:00+00:00
[2022-10-05T09:23:28.121+0000] {processor.py:178} INFO - Processing /home/airflow/.local/lib/python3.7/site-packages/airflow/example_dags/example_sla_dag.py took 0.087 seconds
[2022-10-05T09:23:58.457+0000] {processor.py:156} INFO - Started process (PID=12159) to work on /home/airflow/.local/lib/python3.7/site-packages/airflow/example_dags/example_sla_dag.py
[2022-10-05T09:23:58.458+0000] {processor.py:758} INFO - Processing file /home/airflow/.local/lib/python3.7/site-packages/airflow/example_dags/example_sla_dag.py for tasks to queue
[2022-10-05T09:23:58.458+0000] {logging_mixin.py:117} INFO - [2022-10-05T09:23:58.458+0000] {dagbag.py:525} INFO - Filling up the DagBag from /home/airflow/.local/lib/python3.7/site-packages/airflow/example_dags/example_sla_dag.py
[2022-10-05T09:23:58.477+0000] {processor.py:768} INFO - DAG(s) dict_keys(['example_sla_dag']) retrieved from /home/airflow/.local/lib/python3.7/site-packages/airflow/example_dags/example_sla_dag.py
[2022-10-05T09:23:58.507+0000] {logging_mixin.py:117} INFO - [2022-10-05T09:23:58.507+0000] {dag.py:2573} INFO - Sync 1 DAGs
[2022-10-05T09:23:58.529+0000] {logging_mixin.py:117} INFO - [2022-10-05T09:23:58.529+0000] {dag.py:3328} INFO - Setting next_dagrun for example_sla_dag to 2022-10-05T09:20:00+00:00, run_after=2022-10-05T09:22:00+00:00
[2022-10-05T09:23:58.543+0000] {processor.py:178} INFO - Processing /home/airflow/.local/lib/python3.7/site-packages/airflow/example_dags/example_sla_dag.py took 0.088 seconds
[2022-10-05T09:24:28.903+0000] {processor.py:156} INFO - Started process (PID=12366) to work on /home/airflow/.local/lib/python3.7/site-packages/airflow/example_dags/example_sla_dag.py
[2022-10-05T09:24:28.903+0000] {processor.py:758} INFO - Processing file /home/airflow/.local/lib/python3.7/site-packages/airflow/example_dags/example_sla_dag.py for tasks to queue
[2022-10-05T09:24:28.904+0000] {logging_mixin.py:117} INFO - [2022-10-05T09:24:28.904+0000] {dagbag.py:525} INFO - Filling up the DagBag from /home/airflow/.local/lib/python3.7/site-packages/airflow/example_dags/example_sla_dag.py
[2022-10-05T09:24:28.922+0000] {processor.py:768} INFO - DAG(s) dict_keys(['example_sla_dag']) retrieved from /home/airflow/.local/lib/python3.7/site-packages/airflow/example_dags/example_sla_dag.py
[2022-10-05T09:24:28.951+0000] {logging_mixin.py:117} INFO - [2022-10-05T09:24:28.951+0000] {dag.py:2573} INFO - Sync 1 DAGs
[2022-10-05T09:24:28.973+0000] {logging_mixin.py:117} INFO - [2022-10-05T09:24:28.973+0000] {dag.py:3328} INFO - Setting next_dagrun for example_sla_dag to 2022-10-05T09:22:00+00:00, run_after=2022-10-05T09:24:00+00:00
[2022-10-05T09:24:28.986+0000] {processor.py:178} INFO - Processing /home/airflow/.local/lib/python3.7/site-packages/airflow/example_dags/example_sla_dag.py took 0.086 seconds
[2022-10-05T09:24:59.238+0000] {processor.py:156} INFO - Started process (PID=12564) to work on /home/airflow/.local/lib/python3.7/site-packages/airflow/example_dags/example_sla_dag.py
[2022-10-05T09:24:59.239+0000] {processor.py:758} INFO - Processing file /home/airflow/.local/lib/python3.7/site-packages/airflow/example_dags/example_sla_dag.py for tasks to queue
[2022-10-05T09:24:59.239+0000] {logging_mixin.py:117} INFO - [2022-10-05T09:24:59.239+0000] {dagbag.py:525} INFO - Filling up the DagBag from /home/airflow/.local/lib/python3.7/site-packages/airflow/example_dags/example_sla_dag.py
[2022-10-05T09:24:59.257+0000] {processor.py:768} INFO - DAG(s) dict_keys(['example_sla_dag']) retrieved from /home/airflow/.local/lib/python3.7/site-packages/airflow/example_dags/example_sla_dag.py
[2022-10-05T09:24:59.287+0000] {logging_mixin.py:117} INFO - [2022-10-05T09:24:59.287+0000] {dag.py:2573} INFO - Sync 1 DAGs
[2022-10-05T09:24:59.308+0000] {logging_mixin.py:117} INFO - [2022-10-05T09:24:59.308+0000] {dag.py:3328} INFO - Setting next_dagrun for example_sla_dag to 2022-10-05T09:22:00+00:00, run_after=2022-10-05T09:24:00+00:00
[2022-10-05T09:24:59.321+0000] {processor.py:178} INFO - Processing /home/airflow/.local/lib/python3.7/site-packages/airflow/example_dags/example_sla_dag.py took 0.086 seconds
[2022-10-05T09:25:29.626+0000] {processor.py:156} INFO - Started process (PID=12771) to work on /home/airflow/.local/lib/python3.7/site-packages/airflow/example_dags/example_sla_dag.py
[2022-10-05T09:25:29.627+0000] {processor.py:758} INFO - Processing file /home/airflow/.local/lib/python3.7/site-packages/airflow/example_dags/example_sla_dag.py for tasks to queue
[2022-10-05T09:25:29.627+0000] {logging_mixin.py:117} INFO - [2022-10-05T09:25:29.627+0000] {dagbag.py:525} INFO - Filling up the DagBag from /home/airflow/.local/lib/python3.7/site-packages/airflow/example_dags/example_sla_dag.py
[2022-10-05T09:25:29.646+0000] {processor.py:768} INFO - DAG(s) dict_keys(['example_sla_dag']) retrieved from /home/airflow/.local/lib/python3.7/site-packages/airflow/example_dags/example_sla_dag.py
[2022-10-05T09:25:29.676+0000] {logging_mixin.py:117} INFO - [2022-10-05T09:25:29.676+0000] {dag.py:2573} INFO - Sync 1 DAGs
[2022-10-05T09:25:29.697+0000] {logging_mixin.py:117} INFO - [2022-10-05T09:25:29.697+0000] {dag.py:3328} INFO - Setting next_dagrun for example_sla_dag to 2022-10-05T09:22:00+00:00, run_after=2022-10-05T09:24:00+00:00
[2022-10-05T09:25:29.710+0000] {processor.py:178} INFO - Processing /home/airflow/.local/lib/python3.7/site-packages/airflow/example_dags/example_sla_dag.py took 0.086 seconds
[2022-10-05T09:26:00.018+0000] {processor.py:156} INFO - Started process (PID=12978) to work on /home/airflow/.local/lib/python3.7/site-packages/airflow/example_dags/example_sla_dag.py
[2022-10-05T09:26:00.020+0000] {processor.py:758} INFO - Processing file /home/airflow/.local/lib/python3.7/site-packages/airflow/example_dags/example_sla_dag.py for tasks to queue
[2022-10-05T09:26:00.020+0000] {logging_mixin.py:117} INFO - [2022-10-05T09:26:00.020+0000] {dagbag.py:525} INFO - Filling up the DagBag from /home/airflow/.local/lib/python3.7/site-packages/airflow/example_dags/example_sla_dag.py
[2022-10-05T09:26:00.039+0000] {processor.py:768} INFO - DAG(s) dict_keys(['example_sla_dag']) retrieved from /home/airflow/.local/lib/python3.7/site-packages/airflow/example_dags/example_sla_dag.py
[2022-10-05T09:26:00.069+0000] {logging_mixin.py:117} INFO - [2022-10-05T09:26:00.069+0000] {dag.py:2573} INFO - Sync 1 DAGs
[2022-10-05T09:26:00.090+0000] {logging_mixin.py:117} INFO - [2022-10-05T09:26:00.090+0000] {dag.py:3328} INFO - Setting next_dagrun for example_sla_dag to 2022-10-05T09:24:00+00:00, run_after=2022-10-05T09:26:00+00:00
[2022-10-05T09:26:00.105+0000] {processor.py:178} INFO - Processing /home/airflow/.local/lib/python3.7/site-packages/airflow/example_dags/example_sla_dag.py took 0.089 seconds
[2022-10-05T09:26:30.429+0000] {processor.py:156} INFO - Started process (PID=13185) to work on /home/airflow/.local/lib/python3.7/site-packages/airflow/example_dags/example_sla_dag.py
[2022-10-05T09:26:30.430+0000] {processor.py:758} INFO - Processing file /home/airflow/.local/lib/python3.7/site-packages/airflow/example_dags/example_sla_dag.py for tasks to queue
[2022-10-05T09:26:30.431+0000] {logging_mixin.py:117} INFO - [2022-10-05T09:26:30.431+0000] {dagbag.py:525} INFO - Filling up the DagBag from /home/airflow/.local/lib/python3.7/site-packages/airflow/example_dags/example_sla_dag.py
[2022-10-05T09:26:30.449+0000] {processor.py:768} INFO - DAG(s) dict_keys(['example_sla_dag']) retrieved from /home/airflow/.local/lib/python3.7/site-packages/airflow/example_dags/example_sla_dag.py
[2022-10-05T09:26:30.479+0000] {logging_mixin.py:117} INFO - [2022-10-05T09:26:30.478+0000] {dag.py:2573} INFO - Sync 1 DAGs
[2022-10-05T09:26:30.501+0000] {logging_mixin.py:117} INFO - [2022-10-05T09:26:30.500+0000] {dag.py:3328} INFO - Setting next_dagrun for example_sla_dag to 2022-10-05T09:24:00+00:00, run_after=2022-10-05T09:26:00+00:00
[2022-10-05T09:26:30.513+0000] {processor.py:178} INFO - Processing /home/airflow/.local/lib/python3.7/site-packages/airflow/example_dags/example_sla_dag.py took 0.086 seconds
[2022-10-05T09:27:00.800+0000] {processor.py:156} INFO - Started process (PID=13383) to work on /home/airflow/.local/lib/python3.7/site-packages/airflow/example_dags/example_sla_dag.py
[2022-10-05T09:27:00.801+0000] {processor.py:758} INFO - Processing file /home/airflow/.local/lib/python3.7/site-packages/airflow/example_dags/example_sla_dag.py for tasks to queue
[2022-10-05T09:27:00.801+0000] {logging_mixin.py:117} INFO - [2022-10-05T09:27:00.801+0000] {dagbag.py:525} INFO - Filling up the DagBag from /home/airflow/.local/lib/python3.7/site-packages/airflow/example_dags/example_sla_dag.py
[2022-10-05T09:27:00.819+0000] {processor.py:768} INFO - DAG(s) dict_keys(['example_sla_dag']) retrieved from /home/airflow/.local/lib/python3.7/site-packages/airflow/example_dags/example_sla_dag.py
[2022-10-05T09:27:00.849+0000] {logging_mixin.py:117} INFO - [2022-10-05T09:27:00.849+0000] {dag.py:2573} INFO - Sync 1 DAGs
[2022-10-05T09:27:00.870+0000] {logging_mixin.py:117} INFO - [2022-10-05T09:27:00.870+0000] {dag.py:3328} INFO - Setting next_dagrun for example_sla_dag to 2022-10-05T09:24:00+00:00, run_after=2022-10-05T09:26:00+00:00
[2022-10-05T09:27:00.883+0000] {processor.py:178} INFO - Processing /home/airflow/.local/lib/python3.7/site-packages/airflow/example_dags/example_sla_dag.py took 0.085 seconds
[2022-10-05T09:27:31.171+0000] {processor.py:156} INFO - Started process (PID=13590) to work on /home/airflow/.local/lib/python3.7/site-packages/airflow/example_dags/example_sla_dag.py
[2022-10-05T09:27:31.171+0000] {processor.py:758} INFO - Processing file /home/airflow/.local/lib/python3.7/site-packages/airflow/example_dags/example_sla_dag.py for tasks to queue
[2022-10-05T09:27:31.172+0000] {logging_mixin.py:117} INFO - [2022-10-05T09:27:31.172+0000] {dagbag.py:525} INFO - Filling up the DagBag from /home/airflow/.local/lib/python3.7/site-packages/airflow/example_dags/example_sla_dag.py
[2022-10-05T09:27:31.190+0000] {processor.py:768} INFO - DAG(s) dict_keys(['example_sla_dag']) retrieved from /home/airflow/.local/lib/python3.7/site-packages/airflow/example_dags/example_sla_dag.py
[2022-10-05T09:27:31.220+0000] {logging_mixin.py:117} INFO - [2022-10-05T09:27:31.220+0000] {dag.py:2573} INFO - Sync 1 DAGs
[2022-10-05T09:27:31.241+0000] {logging_mixin.py:117} INFO - [2022-10-05T09:27:31.241+0000] {dag.py:3328} INFO - Setting next_dagrun for example_sla_dag to 2022-10-05T09:24:00+00:00, run_after=2022-10-05T09:26:00+00:00
[2022-10-05T09:27:31.254+0000] {processor.py:178} INFO - Processing /home/airflow/.local/lib/python3.7/site-packages/airflow/example_dags/example_sla_dag.py took 0.085 seconds
[2022-10-05T09:28:01.533+0000] {processor.py:156} INFO - Started process (PID=13797) to work on /home/airflow/.local/lib/python3.7/site-packages/airflow/example_dags/example_sla_dag.py
[2022-10-05T09:28:01.533+0000] {processor.py:758} INFO - Processing file /home/airflow/.local/lib/python3.7/site-packages/airflow/example_dags/example_sla_dag.py for tasks to queue
[2022-10-05T09:28:01.534+0000] {logging_mixin.py:117} INFO - [2022-10-05T09:28:01.534+0000] {dagbag.py:525} INFO - Filling up the DagBag from /home/airflow/.local/lib/python3.7/site-packages/airflow/example_dags/example_sla_dag.py
[2022-10-05T09:28:01.552+0000] {processor.py:768} INFO - DAG(s) dict_keys(['example_sla_dag']) retrieved from /home/airflow/.local/lib/python3.7/site-packages/airflow/example_dags/example_sla_dag.py
[2022-10-05T09:28:01.583+0000] {logging_mixin.py:117} INFO - [2022-10-05T09:28:01.583+0000] {dag.py:2573} INFO - Sync 1 DAGs
[2022-10-05T09:28:01.604+0000] {logging_mixin.py:117} INFO - [2022-10-05T09:28:01.604+0000] {dag.py:3328} INFO - Setting next_dagrun for example_sla_dag to 2022-10-05T09:26:00+00:00, run_after=2022-10-05T09:28:00+00:00
[2022-10-05T09:28:01.618+0000] {processor.py:178} INFO - Processing /home/airflow/.local/lib/python3.7/site-packages/airflow/example_dags/example_sla_dag.py took 0.088 seconds
[2022-10-05T09:28:31.945+0000] {processor.py:156} INFO - Started process (PID=14004) to work on /home/airflow/.local/lib/python3.7/site-packages/airflow/example_dags/example_sla_dag.py
[2022-10-05T09:28:31.945+0000] {processor.py:758} INFO - Processing file /home/airflow/.local/lib/python3.7/site-packages/airflow/example_dags/example_sla_dag.py for tasks to queue
[2022-10-05T09:28:31.946+0000] {logging_mixin.py:117} INFO - [2022-10-05T09:28:31.946+0000] {dagbag.py:525} INFO - Filling up the DagBag from /home/airflow/.local/lib/python3.7/site-packages/airflow/example_dags/example_sla_dag.py
[2022-10-05T09:28:31.964+0000] {processor.py:768} INFO - DAG(s) dict_keys(['example_sla_dag']) retrieved from /home/airflow/.local/lib/python3.7/site-packages/airflow/example_dags/example_sla_dag.py
[2022-10-05T09:28:31.994+0000] {logging_mixin.py:117} INFO - [2022-10-05T09:28:31.994+0000] {dag.py:2573} INFO - Sync 1 DAGs
[2022-10-05T09:28:32.016+0000] {logging_mixin.py:117} INFO - [2022-10-05T09:28:32.016+0000] {dag.py:3328} INFO - Setting next_dagrun for example_sla_dag to 2022-10-05T09:26:00+00:00, run_after=2022-10-05T09:28:00+00:00
[2022-10-05T09:28:32.030+0000] {processor.py:178} INFO - Processing /home/airflow/.local/lib/python3.7/site-packages/airflow/example_dags/example_sla_dag.py took 0.088 seconds
[2022-10-05T09:29:02.274+0000] {processor.py:156} INFO - Started process (PID=14202) to work on /home/airflow/.local/lib/python3.7/site-packages/airflow/example_dags/example_sla_dag.py
[2022-10-05T09:29:02.275+0000] {processor.py:758} INFO - Processing file /home/airflow/.local/lib/python3.7/site-packages/airflow/example_dags/example_sla_dag.py for tasks to queue
[2022-10-05T09:29:02.275+0000] {logging_mixin.py:117} INFO - [2022-10-05T09:29:02.275+0000] {dagbag.py:525} INFO - Filling up the DagBag from /home/airflow/.local/lib/python3.7/site-packages/airflow/example_dags/example_sla_dag.py
[2022-10-05T09:29:02.293+0000] {processor.py:768} INFO - DAG(s) dict_keys(['example_sla_dag']) retrieved from /home/airflow/.local/lib/python3.7/site-packages/airflow/example_dags/example_sla_dag.py
[2022-10-05T09:29:02.323+0000] {logging_mixin.py:117} INFO - [2022-10-05T09:29:02.323+0000] {dag.py:2573} INFO - Sync 1 DAGs
[2022-10-05T09:29:02.346+0000] {logging_mixin.py:117} INFO - [2022-10-05T09:29:02.346+0000] {dag.py:3328} INFO - Setting next_dagrun for example_sla_dag to 2022-10-05T09:26:00+00:00, run_after=2022-10-05T09:28:00+00:00
[2022-10-05T09:29:02.359+0000] {processor.py:178} INFO - Processing /home/airflow/.local/lib/python3.7/site-packages/airflow/example_dags/example_sla_dag.py took 0.088 seconds
[2022-10-05T09:29:32.846+0000] {processor.py:156} INFO - Started process (PID=14409) to work on /home/airflow/.local/lib/python3.7/site-packages/airflow/example_dags/example_sla_dag.py
[2022-10-05T09:29:32.847+0000] {processor.py:758} INFO - Processing file /home/airflow/.local/lib/python3.7/site-packages/airflow/example_dags/example_sla_dag.py for tasks to queue
[2022-10-05T09:29:32.848+0000] {logging_mixin.py:117} INFO - [2022-10-05T09:29:32.848+0000] {dagbag.py:525} INFO - Filling up the DagBag from /home/airflow/.local/lib/python3.7/site-packages/airflow/example_dags/example_sla_dag.py
[2022-10-05T09:29:32.865+0000] {processor.py:768} INFO - DAG(s) dict_keys(['example_sla_dag']) retrieved from /home/airflow/.local/lib/python3.7/site-packages/airflow/example_dags/example_sla_dag.py
[2022-10-05T09:29:32.895+0000] {logging_mixin.py:117} INFO - [2022-10-05T09:29:32.895+0000] {dag.py:2573} INFO - Sync 1 DAGs
[2022-10-05T09:29:32.916+0000] {logging_mixin.py:117} INFO - [2022-10-05T09:29:32.916+0000] {dag.py:3328} INFO - Setting next_dagrun for example_sla_dag to 2022-10-05T09:26:00+00:00, run_after=2022-10-05T09:28:00+00:00
[2022-10-05T09:29:32.929+0000] {processor.py:178} INFO - Processing /home/airflow/.local/lib/python3.7/site-packages/airflow/example_dags/example_sla_dag.py took 0.086 seconds
[2022-10-05T09:30:03.201+0000] {processor.py:156} INFO - Started process (PID=14616) to work on /home/airflow/.local/lib/python3.7/site-packages/airflow/example_dags/example_sla_dag.py
[2022-10-05T09:30:03.202+0000] {processor.py:758} INFO - Processing file /home/airflow/.local/lib/python3.7/site-packages/airflow/example_dags/example_sla_dag.py for tasks to queue
[2022-10-05T09:30:03.202+0000] {logging_mixin.py:117} INFO - [2022-10-05T09:30:03.202+0000] {dagbag.py:525} INFO - Filling up the DagBag from /home/airflow/.local/lib/python3.7/site-packages/airflow/example_dags/example_sla_dag.py
[2022-10-05T09:30:03.220+0000] {processor.py:768} INFO - DAG(s) dict_keys(['example_sla_dag']) retrieved from /home/airflow/.local/lib/python3.7/site-packages/airflow/example_dags/example_sla_dag.py
[2022-10-05T09:30:03.250+0000] {logging_mixin.py:117} INFO - [2022-10-05T09:30:03.250+0000] {dag.py:2573} INFO - Sync 1 DAGs
[2022-10-05T09:30:03.271+0000] {logging_mixin.py:117} INFO - [2022-10-05T09:30:03.271+0000] {dag.py:3328} INFO - Setting next_dagrun for example_sla_dag to 2022-10-05T09:28:00+00:00, run_after=2022-10-05T09:30:00+00:00
[2022-10-05T09:30:03.284+0000] {processor.py:178} INFO - Processing /home/airflow/.local/lib/python3.7/site-packages/airflow/example_dags/example_sla_dag.py took 0.085 seconds
[2022-10-05T09:30:33.605+0000] {processor.py:156} INFO - Started process (PID=14823) to work on /home/airflow/.local/lib/python3.7/site-packages/airflow/example_dags/example_sla_dag.py
[2022-10-05T09:30:33.606+0000] {processor.py:758} INFO - Processing file /home/airflow/.local/lib/python3.7/site-packages/airflow/example_dags/example_sla_dag.py for tasks to queue
[2022-10-05T09:30:33.606+0000] {logging_mixin.py:117} INFO - [2022-10-05T09:30:33.606+0000] {dagbag.py:525} INFO - Filling up the DagBag from /home/airflow/.local/lib/python3.7/site-packages/airflow/example_dags/example_sla_dag.py
[2022-10-05T09:30:33.625+0000] {processor.py:768} INFO - DAG(s) dict_keys(['example_sla_dag']) retrieved from /home/airflow/.local/lib/python3.7/site-packages/airflow/example_dags/example_sla_dag.py
[2022-10-05T09:30:33.655+0000] {logging_mixin.py:117} INFO - [2022-10-05T09:30:33.655+0000] {dag.py:2573} INFO - Sync 1 DAGs
[2022-10-05T09:30:33.677+0000] {logging_mixin.py:117} INFO - [2022-10-05T09:30:33.677+0000] {dag.py:3328} INFO - Setting next_dagrun for example_sla_dag to 2022-10-05T09:28:00+00:00, run_after=2022-10-05T09:30:00+00:00
[2022-10-05T09:30:33.691+0000] {processor.py:178} INFO - Processing /home/airflow/.local/lib/python3.7/site-packages/airflow/example_dags/example_sla_dag.py took 0.088 seconds
[2022-10-05T09:31:04.047+0000] {processor.py:156} INFO - Started process (PID=15021) to work on /home/airflow/.local/lib/python3.7/site-packages/airflow/example_dags/example_sla_dag.py
[2022-10-05T09:31:04.048+0000] {processor.py:758} INFO - Processing file /home/airflow/.local/lib/python3.7/site-packages/airflow/example_dags/example_sla_dag.py for tasks to queue
[2022-10-05T09:31:04.048+0000] {logging_mixin.py:117} INFO - [2022-10-05T09:31:04.048+0000] {dagbag.py:525} INFO - Filling up the DagBag from /home/airflow/.local/lib/python3.7/site-packages/airflow/example_dags/example_sla_dag.py
[2022-10-05T09:31:04.067+0000] {processor.py:768} INFO - DAG(s) dict_keys(['example_sla_dag']) retrieved from /home/airflow/.local/lib/python3.7/site-packages/airflow/example_dags/example_sla_dag.py
[2022-10-05T09:31:04.097+0000] {logging_mixin.py:117} INFO - [2022-10-05T09:31:04.096+0000] {dag.py:2573} INFO - Sync 1 DAGs
[2022-10-05T09:31:04.119+0000] {logging_mixin.py:117} INFO - [2022-10-05T09:31:04.119+0000] {dag.py:3328} INFO - Setting next_dagrun for example_sla_dag to 2022-10-05T09:28:00+00:00, run_after=2022-10-05T09:30:00+00:00
[2022-10-05T09:31:04.132+0000] {processor.py:178} INFO - Processing /home/airflow/.local/lib/python3.7/site-packages/airflow/example_dags/example_sla_dag.py took 0.088 seconds
