[2022-10-05T08:54:27.086+0000] {processor.py:156} INFO - Started process (PID=219) to work on /home/airflow/.local/lib/python3.7/site-packages/airflow/example_dags/tutorial_taskflow_api.py
[2022-10-05T08:54:27.086+0000] {processor.py:758} INFO - Processing file /home/airflow/.local/lib/python3.7/site-packages/airflow/example_dags/tutorial_taskflow_api.py for tasks to queue
[2022-10-05T08:54:27.087+0000] {logging_mixin.py:117} INFO - [2022-10-05T08:54:27.087+0000] {dagbag.py:525} INFO - Filling up the DagBag from /home/airflow/.local/lib/python3.7/site-packages/airflow/example_dags/tutorial_taskflow_api.py
[2022-10-05T08:54:27.105+0000] {processor.py:768} INFO - DAG(s) dict_keys(['tutorial_taskflow_api']) retrieved from /home/airflow/.local/lib/python3.7/site-packages/airflow/example_dags/tutorial_taskflow_api.py
[2022-10-05T08:54:27.126+0000] {logging_mixin.py:117} INFO - [2022-10-05T08:54:27.126+0000] {dag.py:2573} INFO - Sync 1 DAGs
[2022-10-05T08:54:27.145+0000] {logging_mixin.py:117} INFO - [2022-10-05T08:54:27.145+0000] {dag.py:3328} INFO - Setting next_dagrun for tutorial_taskflow_api to None, run_after=None
[2022-10-05T08:54:27.159+0000] {processor.py:178} INFO - Processing /home/airflow/.local/lib/python3.7/site-packages/airflow/example_dags/tutorial_taskflow_api.py took 0.075 seconds
[2022-10-05T08:54:58.137+0000] {processor.py:156} INFO - Started process (PID=426) to work on /home/airflow/.local/lib/python3.7/site-packages/airflow/example_dags/tutorial_taskflow_api.py
[2022-10-05T08:54:58.137+0000] {processor.py:758} INFO - Processing file /home/airflow/.local/lib/python3.7/site-packages/airflow/example_dags/tutorial_taskflow_api.py for tasks to queue
[2022-10-05T08:54:58.138+0000] {logging_mixin.py:117} INFO - [2022-10-05T08:54:58.137+0000] {dagbag.py:525} INFO - Filling up the DagBag from /home/airflow/.local/lib/python3.7/site-packages/airflow/example_dags/tutorial_taskflow_api.py
[2022-10-05T08:54:58.158+0000] {processor.py:768} INFO - DAG(s) dict_keys(['tutorial_taskflow_api']) retrieved from /home/airflow/.local/lib/python3.7/site-packages/airflow/example_dags/tutorial_taskflow_api.py
[2022-10-05T08:54:58.190+0000] {logging_mixin.py:117} INFO - [2022-10-05T08:54:58.190+0000] {dag.py:2573} INFO - Sync 1 DAGs
[2022-10-05T08:54:58.211+0000] {logging_mixin.py:117} INFO - [2022-10-05T08:54:58.211+0000] {dag.py:3328} INFO - Setting next_dagrun for tutorial_taskflow_api to None, run_after=None
[2022-10-05T08:54:58.307+0000] {processor.py:178} INFO - Processing /home/airflow/.local/lib/python3.7/site-packages/airflow/example_dags/tutorial_taskflow_api.py took 0.172 seconds
[2022-10-05T08:55:28.832+0000] {processor.py:156} INFO - Started process (PID=634) to work on /home/airflow/.local/lib/python3.7/site-packages/airflow/example_dags/tutorial_taskflow_api.py
[2022-10-05T08:55:28.833+0000] {processor.py:758} INFO - Processing file /home/airflow/.local/lib/python3.7/site-packages/airflow/example_dags/tutorial_taskflow_api.py for tasks to queue
[2022-10-05T08:55:28.834+0000] {logging_mixin.py:117} INFO - [2022-10-05T08:55:28.834+0000] {dagbag.py:525} INFO - Filling up the DagBag from /home/airflow/.local/lib/python3.7/site-packages/airflow/example_dags/tutorial_taskflow_api.py
[2022-10-05T08:55:28.852+0000] {processor.py:768} INFO - DAG(s) dict_keys(['tutorial_taskflow_api']) retrieved from /home/airflow/.local/lib/python3.7/site-packages/airflow/example_dags/tutorial_taskflow_api.py
[2022-10-05T08:55:28.883+0000] {logging_mixin.py:117} INFO - [2022-10-05T08:55:28.883+0000] {dag.py:2573} INFO - Sync 1 DAGs
[2022-10-05T08:55:28.979+0000] {logging_mixin.py:117} INFO - [2022-10-05T08:55:28.979+0000] {dag.py:3328} INFO - Setting next_dagrun for tutorial_taskflow_api to None, run_after=None
[2022-10-05T08:55:28.992+0000] {processor.py:178} INFO - Processing /home/airflow/.local/lib/python3.7/site-packages/airflow/example_dags/tutorial_taskflow_api.py took 0.162 seconds
[2022-10-05T08:55:59.805+0000] {processor.py:156} INFO - Started process (PID=841) to work on /home/airflow/.local/lib/python3.7/site-packages/airflow/example_dags/tutorial_taskflow_api.py
[2022-10-05T08:55:59.805+0000] {processor.py:758} INFO - Processing file /home/airflow/.local/lib/python3.7/site-packages/airflow/example_dags/tutorial_taskflow_api.py for tasks to queue
[2022-10-05T08:55:59.806+0000] {logging_mixin.py:117} INFO - [2022-10-05T08:55:59.805+0000] {dagbag.py:525} INFO - Filling up the DagBag from /home/airflow/.local/lib/python3.7/site-packages/airflow/example_dags/tutorial_taskflow_api.py
[2022-10-05T08:55:59.824+0000] {processor.py:768} INFO - DAG(s) dict_keys(['tutorial_taskflow_api']) retrieved from /home/airflow/.local/lib/python3.7/site-packages/airflow/example_dags/tutorial_taskflow_api.py
[2022-10-05T08:55:59.940+0000] {logging_mixin.py:117} INFO - [2022-10-05T08:55:59.940+0000] {dag.py:2573} INFO - Sync 1 DAGs
[2022-10-05T08:55:59.958+0000] {logging_mixin.py:117} INFO - [2022-10-05T08:55:59.958+0000] {dag.py:3328} INFO - Setting next_dagrun for tutorial_taskflow_api to None, run_after=None
[2022-10-05T08:55:59.972+0000] {processor.py:178} INFO - Processing /home/airflow/.local/lib/python3.7/site-packages/airflow/example_dags/tutorial_taskflow_api.py took 0.170 seconds
[2022-10-05T08:56:30.782+0000] {processor.py:156} INFO - Started process (PID=1039) to work on /home/airflow/.local/lib/python3.7/site-packages/airflow/example_dags/tutorial_taskflow_api.py
[2022-10-05T08:56:30.783+0000] {processor.py:758} INFO - Processing file /home/airflow/.local/lib/python3.7/site-packages/airflow/example_dags/tutorial_taskflow_api.py for tasks to queue
[2022-10-05T08:56:30.783+0000] {logging_mixin.py:117} INFO - [2022-10-05T08:56:30.783+0000] {dagbag.py:525} INFO - Filling up the DagBag from /home/airflow/.local/lib/python3.7/site-packages/airflow/example_dags/tutorial_taskflow_api.py
[2022-10-05T08:56:30.800+0000] {processor.py:768} INFO - DAG(s) dict_keys(['tutorial_taskflow_api']) retrieved from /home/airflow/.local/lib/python3.7/site-packages/airflow/example_dags/tutorial_taskflow_api.py
[2022-10-05T08:56:30.905+0000] {logging_mixin.py:117} INFO - [2022-10-05T08:56:30.905+0000] {dag.py:2573} INFO - Sync 1 DAGs
[2022-10-05T08:56:30.922+0000] {logging_mixin.py:117} INFO - [2022-10-05T08:56:30.922+0000] {dag.py:3328} INFO - Setting next_dagrun for tutorial_taskflow_api to None, run_after=None
[2022-10-05T08:56:30.935+0000] {processor.py:178} INFO - Processing /home/airflow/.local/lib/python3.7/site-packages/airflow/example_dags/tutorial_taskflow_api.py took 0.156 seconds
[2022-10-05T08:57:01.847+0000] {processor.py:156} INFO - Started process (PID=1246) to work on /home/airflow/.local/lib/python3.7/site-packages/airflow/example_dags/tutorial_taskflow_api.py
[2022-10-05T08:57:01.848+0000] {processor.py:758} INFO - Processing file /home/airflow/.local/lib/python3.7/site-packages/airflow/example_dags/tutorial_taskflow_api.py for tasks to queue
[2022-10-05T08:57:01.848+0000] {logging_mixin.py:117} INFO - [2022-10-05T08:57:01.848+0000] {dagbag.py:525} INFO - Filling up the DagBag from /home/airflow/.local/lib/python3.7/site-packages/airflow/example_dags/tutorial_taskflow_api.py
[2022-10-05T08:57:01.866+0000] {processor.py:768} INFO - DAG(s) dict_keys(['tutorial_taskflow_api']) retrieved from /home/airflow/.local/lib/python3.7/site-packages/airflow/example_dags/tutorial_taskflow_api.py
[2022-10-05T08:57:01.970+0000] {logging_mixin.py:117} INFO - [2022-10-05T08:57:01.970+0000] {dag.py:2573} INFO - Sync 1 DAGs
[2022-10-05T08:57:01.988+0000] {logging_mixin.py:117} INFO - [2022-10-05T08:57:01.988+0000] {dag.py:3328} INFO - Setting next_dagrun for tutorial_taskflow_api to None, run_after=None
[2022-10-05T08:57:02.002+0000] {processor.py:178} INFO - Processing /home/airflow/.local/lib/python3.7/site-packages/airflow/example_dags/tutorial_taskflow_api.py took 0.156 seconds
[2022-10-05T08:57:32.585+0000] {processor.py:156} INFO - Started process (PID=1453) to work on /home/airflow/.local/lib/python3.7/site-packages/airflow/example_dags/tutorial_taskflow_api.py
[2022-10-05T08:57:32.585+0000] {processor.py:758} INFO - Processing file /home/airflow/.local/lib/python3.7/site-packages/airflow/example_dags/tutorial_taskflow_api.py for tasks to queue
[2022-10-05T08:57:32.586+0000] {logging_mixin.py:117} INFO - [2022-10-05T08:57:32.586+0000] {dagbag.py:525} INFO - Filling up the DagBag from /home/airflow/.local/lib/python3.7/site-packages/airflow/example_dags/tutorial_taskflow_api.py
[2022-10-05T08:57:32.688+0000] {processor.py:768} INFO - DAG(s) dict_keys(['tutorial_taskflow_api']) retrieved from /home/airflow/.local/lib/python3.7/site-packages/airflow/example_dags/tutorial_taskflow_api.py
[2022-10-05T08:57:32.715+0000] {logging_mixin.py:117} INFO - [2022-10-05T08:57:32.715+0000] {dag.py:2573} INFO - Sync 1 DAGs
[2022-10-05T08:57:32.733+0000] {logging_mixin.py:117} INFO - [2022-10-05T08:57:32.733+0000] {dag.py:3328} INFO - Setting next_dagrun for tutorial_taskflow_api to None, run_after=None
[2022-10-05T08:57:32.746+0000] {processor.py:178} INFO - Processing /home/airflow/.local/lib/python3.7/site-packages/airflow/example_dags/tutorial_taskflow_api.py took 0.164 seconds
[2022-10-05T08:58:02.931+0000] {processor.py:156} INFO - Started process (PID=1660) to work on /home/airflow/.local/lib/python3.7/site-packages/airflow/example_dags/tutorial_taskflow_api.py
[2022-10-05T08:58:02.931+0000] {processor.py:758} INFO - Processing file /home/airflow/.local/lib/python3.7/site-packages/airflow/example_dags/tutorial_taskflow_api.py for tasks to queue
[2022-10-05T08:58:02.932+0000] {logging_mixin.py:117} INFO - [2022-10-05T08:58:02.932+0000] {dagbag.py:525} INFO - Filling up the DagBag from /home/airflow/.local/lib/python3.7/site-packages/airflow/example_dags/tutorial_taskflow_api.py
[2022-10-05T08:58:02.949+0000] {processor.py:768} INFO - DAG(s) dict_keys(['tutorial_taskflow_api']) retrieved from /home/airflow/.local/lib/python3.7/site-packages/airflow/example_dags/tutorial_taskflow_api.py
[2022-10-05T08:58:02.979+0000] {logging_mixin.py:117} INFO - [2022-10-05T08:58:02.979+0000] {dag.py:2573} INFO - Sync 1 DAGs
[2022-10-05T08:58:02.998+0000] {logging_mixin.py:117} INFO - [2022-10-05T08:58:02.998+0000] {dag.py:3328} INFO - Setting next_dagrun for tutorial_taskflow_api to None, run_after=None
[2022-10-05T08:58:03.011+0000] {processor.py:178} INFO - Processing /home/airflow/.local/lib/python3.7/site-packages/airflow/example_dags/tutorial_taskflow_api.py took 0.083 seconds
[2022-10-05T08:58:33.427+0000] {processor.py:156} INFO - Started process (PID=1865) to work on /home/airflow/.local/lib/python3.7/site-packages/airflow/example_dags/tutorial_taskflow_api.py
[2022-10-05T08:58:33.428+0000] {processor.py:758} INFO - Processing file /home/airflow/.local/lib/python3.7/site-packages/airflow/example_dags/tutorial_taskflow_api.py for tasks to queue
[2022-10-05T08:58:33.429+0000] {logging_mixin.py:117} INFO - [2022-10-05T08:58:33.429+0000] {dagbag.py:525} INFO - Filling up the DagBag from /home/airflow/.local/lib/python3.7/site-packages/airflow/example_dags/tutorial_taskflow_api.py
[2022-10-05T08:58:33.447+0000] {processor.py:768} INFO - DAG(s) dict_keys(['tutorial_taskflow_api']) retrieved from /home/airflow/.local/lib/python3.7/site-packages/airflow/example_dags/tutorial_taskflow_api.py
[2022-10-05T08:58:33.479+0000] {logging_mixin.py:117} INFO - [2022-10-05T08:58:33.478+0000] {dag.py:2573} INFO - Sync 1 DAGs
[2022-10-05T08:58:33.498+0000] {logging_mixin.py:117} INFO - [2022-10-05T08:58:33.498+0000] {dag.py:3328} INFO - Setting next_dagrun for tutorial_taskflow_api to None, run_after=None
[2022-10-05T08:58:33.511+0000] {processor.py:178} INFO - Processing /home/airflow/.local/lib/python3.7/site-packages/airflow/example_dags/tutorial_taskflow_api.py took 0.086 seconds
[2022-10-05T08:59:03.890+0000] {processor.py:156} INFO - Started process (PID=2065) to work on /home/airflow/.local/lib/python3.7/site-packages/airflow/example_dags/tutorial_taskflow_api.py
[2022-10-05T08:59:03.891+0000] {processor.py:758} INFO - Processing file /home/airflow/.local/lib/python3.7/site-packages/airflow/example_dags/tutorial_taskflow_api.py for tasks to queue
[2022-10-05T08:59:03.892+0000] {logging_mixin.py:117} INFO - [2022-10-05T08:59:03.891+0000] {dagbag.py:525} INFO - Filling up the DagBag from /home/airflow/.local/lib/python3.7/site-packages/airflow/example_dags/tutorial_taskflow_api.py
[2022-10-05T08:59:03.910+0000] {processor.py:768} INFO - DAG(s) dict_keys(['tutorial_taskflow_api']) retrieved from /home/airflow/.local/lib/python3.7/site-packages/airflow/example_dags/tutorial_taskflow_api.py
[2022-10-05T08:59:03.940+0000] {logging_mixin.py:117} INFO - [2022-10-05T08:59:03.940+0000] {dag.py:2573} INFO - Sync 1 DAGs
[2022-10-05T08:59:03.959+0000] {logging_mixin.py:117} INFO - [2022-10-05T08:59:03.959+0000] {dag.py:3328} INFO - Setting next_dagrun for tutorial_taskflow_api to None, run_after=None
[2022-10-05T08:59:03.973+0000] {processor.py:178} INFO - Processing /home/airflow/.local/lib/python3.7/site-packages/airflow/example_dags/tutorial_taskflow_api.py took 0.085 seconds
[2022-10-05T08:59:34.274+0000] {processor.py:156} INFO - Started process (PID=2272) to work on /home/airflow/.local/lib/python3.7/site-packages/airflow/example_dags/tutorial_taskflow_api.py
[2022-10-05T08:59:34.275+0000] {processor.py:758} INFO - Processing file /home/airflow/.local/lib/python3.7/site-packages/airflow/example_dags/tutorial_taskflow_api.py for tasks to queue
[2022-10-05T08:59:34.275+0000] {logging_mixin.py:117} INFO - [2022-10-05T08:59:34.275+0000] {dagbag.py:525} INFO - Filling up the DagBag from /home/airflow/.local/lib/python3.7/site-packages/airflow/example_dags/tutorial_taskflow_api.py
[2022-10-05T08:59:34.293+0000] {processor.py:768} INFO - DAG(s) dict_keys(['tutorial_taskflow_api']) retrieved from /home/airflow/.local/lib/python3.7/site-packages/airflow/example_dags/tutorial_taskflow_api.py
[2022-10-05T08:59:34.324+0000] {logging_mixin.py:117} INFO - [2022-10-05T08:59:34.324+0000] {dag.py:2573} INFO - Sync 1 DAGs
[2022-10-05T08:59:34.343+0000] {logging_mixin.py:117} INFO - [2022-10-05T08:59:34.343+0000] {dag.py:3328} INFO - Setting next_dagrun for tutorial_taskflow_api to None, run_after=None
[2022-10-05T08:59:34.357+0000] {processor.py:178} INFO - Processing /home/airflow/.local/lib/python3.7/site-packages/airflow/example_dags/tutorial_taskflow_api.py took 0.085 seconds
[2022-10-05T09:00:04.721+0000] {processor.py:156} INFO - Started process (PID=2479) to work on /home/airflow/.local/lib/python3.7/site-packages/airflow/example_dags/tutorial_taskflow_api.py
[2022-10-05T09:00:04.722+0000] {processor.py:758} INFO - Processing file /home/airflow/.local/lib/python3.7/site-packages/airflow/example_dags/tutorial_taskflow_api.py for tasks to queue
[2022-10-05T09:00:04.723+0000] {logging_mixin.py:117} INFO - [2022-10-05T09:00:04.723+0000] {dagbag.py:525} INFO - Filling up the DagBag from /home/airflow/.local/lib/python3.7/site-packages/airflow/example_dags/tutorial_taskflow_api.py
[2022-10-05T09:00:04.740+0000] {processor.py:768} INFO - DAG(s) dict_keys(['tutorial_taskflow_api']) retrieved from /home/airflow/.local/lib/python3.7/site-packages/airflow/example_dags/tutorial_taskflow_api.py
[2022-10-05T09:00:04.771+0000] {logging_mixin.py:117} INFO - [2022-10-05T09:00:04.771+0000] {dag.py:2573} INFO - Sync 1 DAGs
[2022-10-05T09:00:04.790+0000] {logging_mixin.py:117} INFO - [2022-10-05T09:00:04.790+0000] {dag.py:3328} INFO - Setting next_dagrun for tutorial_taskflow_api to None, run_after=None
[2022-10-05T09:00:04.803+0000] {processor.py:178} INFO - Processing /home/airflow/.local/lib/python3.7/site-packages/airflow/example_dags/tutorial_taskflow_api.py took 0.084 seconds
[2022-10-05T09:00:35.088+0000] {processor.py:156} INFO - Started process (PID=2686) to work on /home/airflow/.local/lib/python3.7/site-packages/airflow/example_dags/tutorial_taskflow_api.py
[2022-10-05T09:00:35.089+0000] {processor.py:758} INFO - Processing file /home/airflow/.local/lib/python3.7/site-packages/airflow/example_dags/tutorial_taskflow_api.py for tasks to queue
[2022-10-05T09:00:35.089+0000] {logging_mixin.py:117} INFO - [2022-10-05T09:00:35.089+0000] {dagbag.py:525} INFO - Filling up the DagBag from /home/airflow/.local/lib/python3.7/site-packages/airflow/example_dags/tutorial_taskflow_api.py
[2022-10-05T09:00:35.107+0000] {processor.py:768} INFO - DAG(s) dict_keys(['tutorial_taskflow_api']) retrieved from /home/airflow/.local/lib/python3.7/site-packages/airflow/example_dags/tutorial_taskflow_api.py
[2022-10-05T09:00:35.138+0000] {logging_mixin.py:117} INFO - [2022-10-05T09:00:35.138+0000] {dag.py:2573} INFO - Sync 1 DAGs
[2022-10-05T09:00:35.157+0000] {logging_mixin.py:117} INFO - [2022-10-05T09:00:35.157+0000] {dag.py:3328} INFO - Setting next_dagrun for tutorial_taskflow_api to None, run_after=None
[2022-10-05T09:00:35.171+0000] {processor.py:178} INFO - Processing /home/airflow/.local/lib/python3.7/site-packages/airflow/example_dags/tutorial_taskflow_api.py took 0.085 seconds
[2022-10-05T09:01:05.456+0000] {processor.py:156} INFO - Started process (PID=2884) to work on /home/airflow/.local/lib/python3.7/site-packages/airflow/example_dags/tutorial_taskflow_api.py
[2022-10-05T09:01:05.457+0000] {processor.py:758} INFO - Processing file /home/airflow/.local/lib/python3.7/site-packages/airflow/example_dags/tutorial_taskflow_api.py for tasks to queue
[2022-10-05T09:01:05.457+0000] {logging_mixin.py:117} INFO - [2022-10-05T09:01:05.457+0000] {dagbag.py:525} INFO - Filling up the DagBag from /home/airflow/.local/lib/python3.7/site-packages/airflow/example_dags/tutorial_taskflow_api.py
[2022-10-05T09:01:05.475+0000] {processor.py:768} INFO - DAG(s) dict_keys(['tutorial_taskflow_api']) retrieved from /home/airflow/.local/lib/python3.7/site-packages/airflow/example_dags/tutorial_taskflow_api.py
[2022-10-05T09:01:05.505+0000] {logging_mixin.py:117} INFO - [2022-10-05T09:01:05.505+0000] {dag.py:2573} INFO - Sync 1 DAGs
[2022-10-05T09:01:05.525+0000] {logging_mixin.py:117} INFO - [2022-10-05T09:01:05.525+0000] {dag.py:3328} INFO - Setting next_dagrun for tutorial_taskflow_api to None, run_after=None
[2022-10-05T09:01:05.538+0000] {processor.py:178} INFO - Processing /home/airflow/.local/lib/python3.7/site-packages/airflow/example_dags/tutorial_taskflow_api.py took 0.084 seconds
[2022-10-05T09:01:36.191+0000] {processor.py:156} INFO - Started process (PID=3091) to work on /home/airflow/.local/lib/python3.7/site-packages/airflow/example_dags/tutorial_taskflow_api.py
[2022-10-05T09:01:36.191+0000] {processor.py:758} INFO - Processing file /home/airflow/.local/lib/python3.7/site-packages/airflow/example_dags/tutorial_taskflow_api.py for tasks to queue
[2022-10-05T09:01:36.192+0000] {logging_mixin.py:117} INFO - [2022-10-05T09:01:36.192+0000] {dagbag.py:525} INFO - Filling up the DagBag from /home/airflow/.local/lib/python3.7/site-packages/airflow/example_dags/tutorial_taskflow_api.py
[2022-10-05T09:01:36.210+0000] {processor.py:768} INFO - DAG(s) dict_keys(['tutorial_taskflow_api']) retrieved from /home/airflow/.local/lib/python3.7/site-packages/airflow/example_dags/tutorial_taskflow_api.py
[2022-10-05T09:01:36.240+0000] {logging_mixin.py:117} INFO - [2022-10-05T09:01:36.240+0000] {dag.py:2573} INFO - Sync 1 DAGs
[2022-10-05T09:01:36.260+0000] {logging_mixin.py:117} INFO - [2022-10-05T09:01:36.260+0000] {dag.py:3328} INFO - Setting next_dagrun for tutorial_taskflow_api to None, run_after=None
[2022-10-05T09:01:36.273+0000] {processor.py:178} INFO - Processing /home/airflow/.local/lib/python3.7/site-packages/airflow/example_dags/tutorial_taskflow_api.py took 0.085 seconds
[2022-10-05T09:02:06.740+0000] {processor.py:156} INFO - Started process (PID=3298) to work on /home/airflow/.local/lib/python3.7/site-packages/airflow/example_dags/tutorial_taskflow_api.py
[2022-10-05T09:02:06.741+0000] {processor.py:758} INFO - Processing file /home/airflow/.local/lib/python3.7/site-packages/airflow/example_dags/tutorial_taskflow_api.py for tasks to queue
[2022-10-05T09:02:06.742+0000] {logging_mixin.py:117} INFO - [2022-10-05T09:02:06.741+0000] {dagbag.py:525} INFO - Filling up the DagBag from /home/airflow/.local/lib/python3.7/site-packages/airflow/example_dags/tutorial_taskflow_api.py
[2022-10-05T09:02:06.759+0000] {processor.py:768} INFO - DAG(s) dict_keys(['tutorial_taskflow_api']) retrieved from /home/airflow/.local/lib/python3.7/site-packages/airflow/example_dags/tutorial_taskflow_api.py
[2022-10-05T09:02:06.790+0000] {logging_mixin.py:117} INFO - [2022-10-05T09:02:06.790+0000] {dag.py:2573} INFO - Sync 1 DAGs
[2022-10-05T09:02:06.809+0000] {logging_mixin.py:117} INFO - [2022-10-05T09:02:06.809+0000] {dag.py:3328} INFO - Setting next_dagrun for tutorial_taskflow_api to None, run_after=None
[2022-10-05T09:02:06.825+0000] {processor.py:178} INFO - Processing /home/airflow/.local/lib/python3.7/site-packages/airflow/example_dags/tutorial_taskflow_api.py took 0.086 seconds
[2022-10-05T09:02:37.359+0000] {processor.py:156} INFO - Started process (PID=3505) to work on /home/airflow/.local/lib/python3.7/site-packages/airflow/example_dags/tutorial_taskflow_api.py
[2022-10-05T09:02:37.360+0000] {processor.py:758} INFO - Processing file /home/airflow/.local/lib/python3.7/site-packages/airflow/example_dags/tutorial_taskflow_api.py for tasks to queue
[2022-10-05T09:02:37.360+0000] {logging_mixin.py:117} INFO - [2022-10-05T09:02:37.360+0000] {dagbag.py:525} INFO - Filling up the DagBag from /home/airflow/.local/lib/python3.7/site-packages/airflow/example_dags/tutorial_taskflow_api.py
[2022-10-05T09:02:37.378+0000] {processor.py:768} INFO - DAG(s) dict_keys(['tutorial_taskflow_api']) retrieved from /home/airflow/.local/lib/python3.7/site-packages/airflow/example_dags/tutorial_taskflow_api.py
[2022-10-05T09:02:37.409+0000] {logging_mixin.py:117} INFO - [2022-10-05T09:02:37.409+0000] {dag.py:2573} INFO - Sync 1 DAGs
[2022-10-05T09:02:37.427+0000] {logging_mixin.py:117} INFO - [2022-10-05T09:02:37.427+0000] {dag.py:3328} INFO - Setting next_dagrun for tutorial_taskflow_api to None, run_after=None
[2022-10-05T09:02:37.441+0000] {processor.py:178} INFO - Processing /home/airflow/.local/lib/python3.7/site-packages/airflow/example_dags/tutorial_taskflow_api.py took 0.084 seconds
[2022-10-05T09:03:07.885+0000] {processor.py:156} INFO - Started process (PID=3703) to work on /home/airflow/.local/lib/python3.7/site-packages/airflow/example_dags/tutorial_taskflow_api.py
[2022-10-05T09:03:07.886+0000] {processor.py:758} INFO - Processing file /home/airflow/.local/lib/python3.7/site-packages/airflow/example_dags/tutorial_taskflow_api.py for tasks to queue
[2022-10-05T09:03:07.886+0000] {logging_mixin.py:117} INFO - [2022-10-05T09:03:07.886+0000] {dagbag.py:525} INFO - Filling up the DagBag from /home/airflow/.local/lib/python3.7/site-packages/airflow/example_dags/tutorial_taskflow_api.py
[2022-10-05T09:03:07.903+0000] {processor.py:768} INFO - DAG(s) dict_keys(['tutorial_taskflow_api']) retrieved from /home/airflow/.local/lib/python3.7/site-packages/airflow/example_dags/tutorial_taskflow_api.py
[2022-10-05T09:03:07.934+0000] {logging_mixin.py:117} INFO - [2022-10-05T09:03:07.933+0000] {dag.py:2573} INFO - Sync 1 DAGs
[2022-10-05T09:03:07.952+0000] {logging_mixin.py:117} INFO - [2022-10-05T09:03:07.952+0000] {dag.py:3328} INFO - Setting next_dagrun for tutorial_taskflow_api to None, run_after=None
[2022-10-05T09:03:07.966+0000] {processor.py:178} INFO - Processing /home/airflow/.local/lib/python3.7/site-packages/airflow/example_dags/tutorial_taskflow_api.py took 0.084 seconds
[2022-10-05T09:03:38.461+0000] {processor.py:156} INFO - Started process (PID=3910) to work on /home/airflow/.local/lib/python3.7/site-packages/airflow/example_dags/tutorial_taskflow_api.py
[2022-10-05T09:03:38.461+0000] {processor.py:758} INFO - Processing file /home/airflow/.local/lib/python3.7/site-packages/airflow/example_dags/tutorial_taskflow_api.py for tasks to queue
[2022-10-05T09:03:38.462+0000] {logging_mixin.py:117} INFO - [2022-10-05T09:03:38.462+0000] {dagbag.py:525} INFO - Filling up the DagBag from /home/airflow/.local/lib/python3.7/site-packages/airflow/example_dags/tutorial_taskflow_api.py
[2022-10-05T09:03:38.479+0000] {processor.py:768} INFO - DAG(s) dict_keys(['tutorial_taskflow_api']) retrieved from /home/airflow/.local/lib/python3.7/site-packages/airflow/example_dags/tutorial_taskflow_api.py
[2022-10-05T09:03:38.509+0000] {logging_mixin.py:117} INFO - [2022-10-05T09:03:38.509+0000] {dag.py:2573} INFO - Sync 1 DAGs
[2022-10-05T09:03:38.529+0000] {logging_mixin.py:117} INFO - [2022-10-05T09:03:38.529+0000] {dag.py:3328} INFO - Setting next_dagrun for tutorial_taskflow_api to None, run_after=None
[2022-10-05T09:03:38.542+0000] {processor.py:178} INFO - Processing /home/airflow/.local/lib/python3.7/site-packages/airflow/example_dags/tutorial_taskflow_api.py took 0.084 seconds
[2022-10-05T09:04:09.038+0000] {processor.py:156} INFO - Started process (PID=4117) to work on /home/airflow/.local/lib/python3.7/site-packages/airflow/example_dags/tutorial_taskflow_api.py
[2022-10-05T09:04:09.039+0000] {processor.py:758} INFO - Processing file /home/airflow/.local/lib/python3.7/site-packages/airflow/example_dags/tutorial_taskflow_api.py for tasks to queue
[2022-10-05T09:04:09.039+0000] {logging_mixin.py:117} INFO - [2022-10-05T09:04:09.039+0000] {dagbag.py:525} INFO - Filling up the DagBag from /home/airflow/.local/lib/python3.7/site-packages/airflow/example_dags/tutorial_taskflow_api.py
[2022-10-05T09:04:09.057+0000] {processor.py:768} INFO - DAG(s) dict_keys(['tutorial_taskflow_api']) retrieved from /home/airflow/.local/lib/python3.7/site-packages/airflow/example_dags/tutorial_taskflow_api.py
[2022-10-05T09:04:09.088+0000] {logging_mixin.py:117} INFO - [2022-10-05T09:04:09.088+0000] {dag.py:2573} INFO - Sync 1 DAGs
[2022-10-05T09:04:09.107+0000] {logging_mixin.py:117} INFO - [2022-10-05T09:04:09.107+0000] {dag.py:3328} INFO - Setting next_dagrun for tutorial_taskflow_api to None, run_after=None
[2022-10-05T09:04:09.120+0000] {processor.py:178} INFO - Processing /home/airflow/.local/lib/python3.7/site-packages/airflow/example_dags/tutorial_taskflow_api.py took 0.084 seconds
[2022-10-05T09:04:39.597+0000] {processor.py:156} INFO - Started process (PID=4324) to work on /home/airflow/.local/lib/python3.7/site-packages/airflow/example_dags/tutorial_taskflow_api.py
[2022-10-05T09:04:39.598+0000] {processor.py:758} INFO - Processing file /home/airflow/.local/lib/python3.7/site-packages/airflow/example_dags/tutorial_taskflow_api.py for tasks to queue
[2022-10-05T09:04:39.598+0000] {logging_mixin.py:117} INFO - [2022-10-05T09:04:39.598+0000] {dagbag.py:525} INFO - Filling up the DagBag from /home/airflow/.local/lib/python3.7/site-packages/airflow/example_dags/tutorial_taskflow_api.py
[2022-10-05T09:04:39.615+0000] {processor.py:768} INFO - DAG(s) dict_keys(['tutorial_taskflow_api']) retrieved from /home/airflow/.local/lib/python3.7/site-packages/airflow/example_dags/tutorial_taskflow_api.py
[2022-10-05T09:04:39.646+0000] {logging_mixin.py:117} INFO - [2022-10-05T09:04:39.646+0000] {dag.py:2573} INFO - Sync 1 DAGs
[2022-10-05T09:04:39.665+0000] {logging_mixin.py:117} INFO - [2022-10-05T09:04:39.665+0000] {dag.py:3328} INFO - Setting next_dagrun for tutorial_taskflow_api to None, run_after=None
[2022-10-05T09:04:39.678+0000] {processor.py:178} INFO - Processing /home/airflow/.local/lib/python3.7/site-packages/airflow/example_dags/tutorial_taskflow_api.py took 0.083 seconds
[2022-10-05T09:05:10.034+0000] {processor.py:156} INFO - Started process (PID=4529) to work on /home/airflow/.local/lib/python3.7/site-packages/airflow/example_dags/tutorial_taskflow_api.py
[2022-10-05T09:05:10.034+0000] {processor.py:758} INFO - Processing file /home/airflow/.local/lib/python3.7/site-packages/airflow/example_dags/tutorial_taskflow_api.py for tasks to queue
[2022-10-05T09:05:10.035+0000] {logging_mixin.py:117} INFO - [2022-10-05T09:05:10.035+0000] {dagbag.py:525} INFO - Filling up the DagBag from /home/airflow/.local/lib/python3.7/site-packages/airflow/example_dags/tutorial_taskflow_api.py
[2022-10-05T09:05:10.052+0000] {processor.py:768} INFO - DAG(s) dict_keys(['tutorial_taskflow_api']) retrieved from /home/airflow/.local/lib/python3.7/site-packages/airflow/example_dags/tutorial_taskflow_api.py
[2022-10-05T09:05:10.083+0000] {logging_mixin.py:117} INFO - [2022-10-05T09:05:10.083+0000] {dag.py:2573} INFO - Sync 1 DAGs
[2022-10-05T09:05:10.102+0000] {logging_mixin.py:117} INFO - [2022-10-05T09:05:10.102+0000] {dag.py:3328} INFO - Setting next_dagrun for tutorial_taskflow_api to None, run_after=None
[2022-10-05T09:05:10.117+0000] {processor.py:178} INFO - Processing /home/airflow/.local/lib/python3.7/site-packages/airflow/example_dags/tutorial_taskflow_api.py took 0.086 seconds
[2022-10-05T09:05:40.418+0000] {processor.py:156} INFO - Started process (PID=4729) to work on /home/airflow/.local/lib/python3.7/site-packages/airflow/example_dags/tutorial_taskflow_api.py
[2022-10-05T09:05:40.419+0000] {processor.py:758} INFO - Processing file /home/airflow/.local/lib/python3.7/site-packages/airflow/example_dags/tutorial_taskflow_api.py for tasks to queue
[2022-10-05T09:05:40.419+0000] {logging_mixin.py:117} INFO - [2022-10-05T09:05:40.419+0000] {dagbag.py:525} INFO - Filling up the DagBag from /home/airflow/.local/lib/python3.7/site-packages/airflow/example_dags/tutorial_taskflow_api.py
[2022-10-05T09:05:40.437+0000] {processor.py:768} INFO - DAG(s) dict_keys(['tutorial_taskflow_api']) retrieved from /home/airflow/.local/lib/python3.7/site-packages/airflow/example_dags/tutorial_taskflow_api.py
[2022-10-05T09:05:40.468+0000] {logging_mixin.py:117} INFO - [2022-10-05T09:05:40.468+0000] {dag.py:2573} INFO - Sync 1 DAGs
[2022-10-05T09:05:40.487+0000] {logging_mixin.py:117} INFO - [2022-10-05T09:05:40.487+0000] {dag.py:3328} INFO - Setting next_dagrun for tutorial_taskflow_api to None, run_after=None
[2022-10-05T09:05:40.501+0000] {processor.py:178} INFO - Processing /home/airflow/.local/lib/python3.7/site-packages/airflow/example_dags/tutorial_taskflow_api.py took 0.085 seconds
[2022-10-05T09:06:10.886+0000] {processor.py:156} INFO - Started process (PID=4936) to work on /home/airflow/.local/lib/python3.7/site-packages/airflow/example_dags/tutorial_taskflow_api.py
[2022-10-05T09:06:10.887+0000] {processor.py:758} INFO - Processing file /home/airflow/.local/lib/python3.7/site-packages/airflow/example_dags/tutorial_taskflow_api.py for tasks to queue
[2022-10-05T09:06:10.887+0000] {logging_mixin.py:117} INFO - [2022-10-05T09:06:10.887+0000] {dagbag.py:525} INFO - Filling up the DagBag from /home/airflow/.local/lib/python3.7/site-packages/airflow/example_dags/tutorial_taskflow_api.py
[2022-10-05T09:06:10.905+0000] {processor.py:768} INFO - DAG(s) dict_keys(['tutorial_taskflow_api']) retrieved from /home/airflow/.local/lib/python3.7/site-packages/airflow/example_dags/tutorial_taskflow_api.py
[2022-10-05T09:06:10.936+0000] {logging_mixin.py:117} INFO - [2022-10-05T09:06:10.936+0000] {dag.py:2573} INFO - Sync 1 DAGs
[2022-10-05T09:06:10.955+0000] {logging_mixin.py:117} INFO - [2022-10-05T09:06:10.954+0000] {dag.py:3328} INFO - Setting next_dagrun for tutorial_taskflow_api to None, run_after=None
[2022-10-05T09:06:10.968+0000] {processor.py:178} INFO - Processing /home/airflow/.local/lib/python3.7/site-packages/airflow/example_dags/tutorial_taskflow_api.py took 0.084 seconds
[2022-10-05T09:06:41.196+0000] {processor.py:156} INFO - Started process (PID=5143) to work on /home/airflow/.local/lib/python3.7/site-packages/airflow/example_dags/tutorial_taskflow_api.py
[2022-10-05T09:06:41.197+0000] {processor.py:758} INFO - Processing file /home/airflow/.local/lib/python3.7/site-packages/airflow/example_dags/tutorial_taskflow_api.py for tasks to queue
[2022-10-05T09:06:41.198+0000] {logging_mixin.py:117} INFO - [2022-10-05T09:06:41.198+0000] {dagbag.py:525} INFO - Filling up the DagBag from /home/airflow/.local/lib/python3.7/site-packages/airflow/example_dags/tutorial_taskflow_api.py
[2022-10-05T09:06:41.215+0000] {processor.py:768} INFO - DAG(s) dict_keys(['tutorial_taskflow_api']) retrieved from /home/airflow/.local/lib/python3.7/site-packages/airflow/example_dags/tutorial_taskflow_api.py
[2022-10-05T09:06:41.247+0000] {logging_mixin.py:117} INFO - [2022-10-05T09:06:41.247+0000] {dag.py:2573} INFO - Sync 1 DAGs
[2022-10-05T09:06:41.266+0000] {logging_mixin.py:117} INFO - [2022-10-05T09:06:41.266+0000] {dag.py:3328} INFO - Setting next_dagrun for tutorial_taskflow_api to None, run_after=None
[2022-10-05T09:06:41.279+0000] {processor.py:178} INFO - Processing /home/airflow/.local/lib/python3.7/site-packages/airflow/example_dags/tutorial_taskflow_api.py took 0.085 seconds
[2022-10-05T09:07:11.612+0000] {processor.py:156} INFO - Started process (PID=5350) to work on /home/airflow/.local/lib/python3.7/site-packages/airflow/example_dags/tutorial_taskflow_api.py
[2022-10-05T09:07:11.613+0000] {processor.py:758} INFO - Processing file /home/airflow/.local/lib/python3.7/site-packages/airflow/example_dags/tutorial_taskflow_api.py for tasks to queue
[2022-10-05T09:07:11.613+0000] {logging_mixin.py:117} INFO - [2022-10-05T09:07:11.613+0000] {dagbag.py:525} INFO - Filling up the DagBag from /home/airflow/.local/lib/python3.7/site-packages/airflow/example_dags/tutorial_taskflow_api.py
[2022-10-05T09:07:11.631+0000] {processor.py:768} INFO - DAG(s) dict_keys(['tutorial_taskflow_api']) retrieved from /home/airflow/.local/lib/python3.7/site-packages/airflow/example_dags/tutorial_taskflow_api.py
[2022-10-05T09:07:11.662+0000] {logging_mixin.py:117} INFO - [2022-10-05T09:07:11.662+0000] {dag.py:2573} INFO - Sync 1 DAGs
[2022-10-05T09:07:11.681+0000] {logging_mixin.py:117} INFO - [2022-10-05T09:07:11.681+0000] {dag.py:3328} INFO - Setting next_dagrun for tutorial_taskflow_api to None, run_after=None
[2022-10-05T09:07:11.695+0000] {processor.py:178} INFO - Processing /home/airflow/.local/lib/python3.7/site-packages/airflow/example_dags/tutorial_taskflow_api.py took 0.085 seconds
[2022-10-05T09:07:42.122+0000] {processor.py:156} INFO - Started process (PID=5546) to work on /home/airflow/.local/lib/python3.7/site-packages/airflow/example_dags/tutorial_taskflow_api.py
[2022-10-05T09:07:42.123+0000] {processor.py:758} INFO - Processing file /home/airflow/.local/lib/python3.7/site-packages/airflow/example_dags/tutorial_taskflow_api.py for tasks to queue
[2022-10-05T09:07:42.123+0000] {logging_mixin.py:117} INFO - [2022-10-05T09:07:42.123+0000] {dagbag.py:525} INFO - Filling up the DagBag from /home/airflow/.local/lib/python3.7/site-packages/airflow/example_dags/tutorial_taskflow_api.py
[2022-10-05T09:07:42.140+0000] {processor.py:768} INFO - DAG(s) dict_keys(['tutorial_taskflow_api']) retrieved from /home/airflow/.local/lib/python3.7/site-packages/airflow/example_dags/tutorial_taskflow_api.py
[2022-10-05T09:07:42.171+0000] {logging_mixin.py:117} INFO - [2022-10-05T09:07:42.171+0000] {dag.py:2573} INFO - Sync 1 DAGs
[2022-10-05T09:07:42.190+0000] {logging_mixin.py:117} INFO - [2022-10-05T09:07:42.190+0000] {dag.py:3328} INFO - Setting next_dagrun for tutorial_taskflow_api to None, run_after=None
[2022-10-05T09:07:42.204+0000] {processor.py:178} INFO - Processing /home/airflow/.local/lib/python3.7/site-packages/airflow/example_dags/tutorial_taskflow_api.py took 0.084 seconds
[2022-10-05T09:08:12.505+0000] {processor.py:156} INFO - Started process (PID=5755) to work on /home/airflow/.local/lib/python3.7/site-packages/airflow/example_dags/tutorial_taskflow_api.py
[2022-10-05T09:08:12.506+0000] {processor.py:758} INFO - Processing file /home/airflow/.local/lib/python3.7/site-packages/airflow/example_dags/tutorial_taskflow_api.py for tasks to queue
[2022-10-05T09:08:12.506+0000] {logging_mixin.py:117} INFO - [2022-10-05T09:08:12.506+0000] {dagbag.py:525} INFO - Filling up the DagBag from /home/airflow/.local/lib/python3.7/site-packages/airflow/example_dags/tutorial_taskflow_api.py
[2022-10-05T09:08:12.524+0000] {processor.py:768} INFO - DAG(s) dict_keys(['tutorial_taskflow_api']) retrieved from /home/airflow/.local/lib/python3.7/site-packages/airflow/example_dags/tutorial_taskflow_api.py
[2022-10-05T09:08:12.554+0000] {logging_mixin.py:117} INFO - [2022-10-05T09:08:12.554+0000] {dag.py:2573} INFO - Sync 1 DAGs
[2022-10-05T09:08:12.574+0000] {logging_mixin.py:117} INFO - [2022-10-05T09:08:12.573+0000] {dag.py:3328} INFO - Setting next_dagrun for tutorial_taskflow_api to None, run_after=None
[2022-10-05T09:08:12.587+0000] {processor.py:178} INFO - Processing /home/airflow/.local/lib/python3.7/site-packages/airflow/example_dags/tutorial_taskflow_api.py took 0.084 seconds
[2022-10-05T09:08:43.009+0000] {processor.py:156} INFO - Started process (PID=5960) to work on /home/airflow/.local/lib/python3.7/site-packages/airflow/example_dags/tutorial_taskflow_api.py
[2022-10-05T09:08:43.010+0000] {processor.py:758} INFO - Processing file /home/airflow/.local/lib/python3.7/site-packages/airflow/example_dags/tutorial_taskflow_api.py for tasks to queue
[2022-10-05T09:08:43.010+0000] {logging_mixin.py:117} INFO - [2022-10-05T09:08:43.010+0000] {dagbag.py:525} INFO - Filling up the DagBag from /home/airflow/.local/lib/python3.7/site-packages/airflow/example_dags/tutorial_taskflow_api.py
[2022-10-05T09:08:43.027+0000] {processor.py:768} INFO - DAG(s) dict_keys(['tutorial_taskflow_api']) retrieved from /home/airflow/.local/lib/python3.7/site-packages/airflow/example_dags/tutorial_taskflow_api.py
[2022-10-05T09:08:43.058+0000] {logging_mixin.py:117} INFO - [2022-10-05T09:08:43.057+0000] {dag.py:2573} INFO - Sync 1 DAGs
[2022-10-05T09:08:43.076+0000] {logging_mixin.py:117} INFO - [2022-10-05T09:08:43.076+0000] {dag.py:3328} INFO - Setting next_dagrun for tutorial_taskflow_api to None, run_after=None
[2022-10-05T09:08:43.089+0000] {processor.py:178} INFO - Processing /home/airflow/.local/lib/python3.7/site-packages/airflow/example_dags/tutorial_taskflow_api.py took 0.083 seconds
[2022-10-05T09:09:13.659+0000] {processor.py:156} INFO - Started process (PID=6169) to work on /home/airflow/.local/lib/python3.7/site-packages/airflow/example_dags/tutorial_taskflow_api.py
[2022-10-05T09:09:13.659+0000] {processor.py:758} INFO - Processing file /home/airflow/.local/lib/python3.7/site-packages/airflow/example_dags/tutorial_taskflow_api.py for tasks to queue
[2022-10-05T09:09:13.660+0000] {logging_mixin.py:117} INFO - [2022-10-05T09:09:13.660+0000] {dagbag.py:525} INFO - Filling up the DagBag from /home/airflow/.local/lib/python3.7/site-packages/airflow/example_dags/tutorial_taskflow_api.py
[2022-10-05T09:09:13.677+0000] {processor.py:768} INFO - DAG(s) dict_keys(['tutorial_taskflow_api']) retrieved from /home/airflow/.local/lib/python3.7/site-packages/airflow/example_dags/tutorial_taskflow_api.py
[2022-10-05T09:09:13.708+0000] {logging_mixin.py:117} INFO - [2022-10-05T09:09:13.708+0000] {dag.py:2573} INFO - Sync 1 DAGs
[2022-10-05T09:09:13.727+0000] {logging_mixin.py:117} INFO - [2022-10-05T09:09:13.727+0000] {dag.py:3328} INFO - Setting next_dagrun for tutorial_taskflow_api to None, run_after=None
[2022-10-05T09:09:13.740+0000] {processor.py:178} INFO - Processing /home/airflow/.local/lib/python3.7/site-packages/airflow/example_dags/tutorial_taskflow_api.py took 0.084 seconds
[2022-10-05T09:09:43.924+0000] {processor.py:156} INFO - Started process (PID=6367) to work on /home/airflow/.local/lib/python3.7/site-packages/airflow/example_dags/tutorial_taskflow_api.py
[2022-10-05T09:09:43.925+0000] {processor.py:758} INFO - Processing file /home/airflow/.local/lib/python3.7/site-packages/airflow/example_dags/tutorial_taskflow_api.py for tasks to queue
[2022-10-05T09:09:43.925+0000] {logging_mixin.py:117} INFO - [2022-10-05T09:09:43.925+0000] {dagbag.py:525} INFO - Filling up the DagBag from /home/airflow/.local/lib/python3.7/site-packages/airflow/example_dags/tutorial_taskflow_api.py
[2022-10-05T09:09:43.943+0000] {processor.py:768} INFO - DAG(s) dict_keys(['tutorial_taskflow_api']) retrieved from /home/airflow/.local/lib/python3.7/site-packages/airflow/example_dags/tutorial_taskflow_api.py
[2022-10-05T09:09:43.973+0000] {logging_mixin.py:117} INFO - [2022-10-05T09:09:43.973+0000] {dag.py:2573} INFO - Sync 1 DAGs
[2022-10-05T09:09:43.992+0000] {logging_mixin.py:117} INFO - [2022-10-05T09:09:43.992+0000] {dag.py:3328} INFO - Setting next_dagrun for tutorial_taskflow_api to None, run_after=None
[2022-10-05T09:09:44.006+0000] {processor.py:178} INFO - Processing /home/airflow/.local/lib/python3.7/site-packages/airflow/example_dags/tutorial_taskflow_api.py took 0.084 seconds
[2022-10-05T09:10:14.339+0000] {processor.py:156} INFO - Started process (PID=6574) to work on /home/airflow/.local/lib/python3.7/site-packages/airflow/example_dags/tutorial_taskflow_api.py
[2022-10-05T09:10:14.340+0000] {processor.py:758} INFO - Processing file /home/airflow/.local/lib/python3.7/site-packages/airflow/example_dags/tutorial_taskflow_api.py for tasks to queue
[2022-10-05T09:10:14.340+0000] {logging_mixin.py:117} INFO - [2022-10-05T09:10:14.340+0000] {dagbag.py:525} INFO - Filling up the DagBag from /home/airflow/.local/lib/python3.7/site-packages/airflow/example_dags/tutorial_taskflow_api.py
[2022-10-05T09:10:14.357+0000] {processor.py:768} INFO - DAG(s) dict_keys(['tutorial_taskflow_api']) retrieved from /home/airflow/.local/lib/python3.7/site-packages/airflow/example_dags/tutorial_taskflow_api.py
[2022-10-05T09:10:14.389+0000] {logging_mixin.py:117} INFO - [2022-10-05T09:10:14.388+0000] {dag.py:2573} INFO - Sync 1 DAGs
[2022-10-05T09:10:14.407+0000] {logging_mixin.py:117} INFO - [2022-10-05T09:10:14.407+0000] {dag.py:3328} INFO - Setting next_dagrun for tutorial_taskflow_api to None, run_after=None
[2022-10-05T09:10:14.420+0000] {processor.py:178} INFO - Processing /home/airflow/.local/lib/python3.7/site-packages/airflow/example_dags/tutorial_taskflow_api.py took 0.083 seconds
[2022-10-05T09:10:44.800+0000] {processor.py:156} INFO - Started process (PID=6781) to work on /home/airflow/.local/lib/python3.7/site-packages/airflow/example_dags/tutorial_taskflow_api.py
[2022-10-05T09:10:44.800+0000] {processor.py:758} INFO - Processing file /home/airflow/.local/lib/python3.7/site-packages/airflow/example_dags/tutorial_taskflow_api.py for tasks to queue
[2022-10-05T09:10:44.801+0000] {logging_mixin.py:117} INFO - [2022-10-05T09:10:44.801+0000] {dagbag.py:525} INFO - Filling up the DagBag from /home/airflow/.local/lib/python3.7/site-packages/airflow/example_dags/tutorial_taskflow_api.py
[2022-10-05T09:10:44.818+0000] {processor.py:768} INFO - DAG(s) dict_keys(['tutorial_taskflow_api']) retrieved from /home/airflow/.local/lib/python3.7/site-packages/airflow/example_dags/tutorial_taskflow_api.py
[2022-10-05T09:10:44.849+0000] {logging_mixin.py:117} INFO - [2022-10-05T09:10:44.848+0000] {dag.py:2573} INFO - Sync 1 DAGs
[2022-10-05T09:10:44.867+0000] {logging_mixin.py:117} INFO - [2022-10-05T09:10:44.867+0000] {dag.py:3328} INFO - Setting next_dagrun for tutorial_taskflow_api to None, run_after=None
[2022-10-05T09:10:44.880+0000] {processor.py:178} INFO - Processing /home/airflow/.local/lib/python3.7/site-packages/airflow/example_dags/tutorial_taskflow_api.py took 0.083 seconds
[2022-10-05T09:11:15.169+0000] {processor.py:156} INFO - Started process (PID=6988) to work on /home/airflow/.local/lib/python3.7/site-packages/airflow/example_dags/tutorial_taskflow_api.py
[2022-10-05T09:11:15.170+0000] {processor.py:758} INFO - Processing file /home/airflow/.local/lib/python3.7/site-packages/airflow/example_dags/tutorial_taskflow_api.py for tasks to queue
[2022-10-05T09:11:15.170+0000] {logging_mixin.py:117} INFO - [2022-10-05T09:11:15.170+0000] {dagbag.py:525} INFO - Filling up the DagBag from /home/airflow/.local/lib/python3.7/site-packages/airflow/example_dags/tutorial_taskflow_api.py
[2022-10-05T09:11:15.187+0000] {processor.py:768} INFO - DAG(s) dict_keys(['tutorial_taskflow_api']) retrieved from /home/airflow/.local/lib/python3.7/site-packages/airflow/example_dags/tutorial_taskflow_api.py
[2022-10-05T09:11:15.219+0000] {logging_mixin.py:117} INFO - [2022-10-05T09:11:15.219+0000] {dag.py:2573} INFO - Sync 1 DAGs
[2022-10-05T09:11:15.237+0000] {logging_mixin.py:117} INFO - [2022-10-05T09:11:15.237+0000] {dag.py:3328} INFO - Setting next_dagrun for tutorial_taskflow_api to None, run_after=None
[2022-10-05T09:11:15.251+0000] {processor.py:178} INFO - Processing /home/airflow/.local/lib/python3.7/site-packages/airflow/example_dags/tutorial_taskflow_api.py took 0.085 seconds
[2022-10-05T09:11:45.407+0000] {processor.py:156} INFO - Started process (PID=7186) to work on /home/airflow/.local/lib/python3.7/site-packages/airflow/example_dags/tutorial_taskflow_api.py
[2022-10-05T09:11:45.408+0000] {processor.py:758} INFO - Processing file /home/airflow/.local/lib/python3.7/site-packages/airflow/example_dags/tutorial_taskflow_api.py for tasks to queue
[2022-10-05T09:11:45.408+0000] {logging_mixin.py:117} INFO - [2022-10-05T09:11:45.408+0000] {dagbag.py:525} INFO - Filling up the DagBag from /home/airflow/.local/lib/python3.7/site-packages/airflow/example_dags/tutorial_taskflow_api.py
[2022-10-05T09:11:45.426+0000] {processor.py:768} INFO - DAG(s) dict_keys(['tutorial_taskflow_api']) retrieved from /home/airflow/.local/lib/python3.7/site-packages/airflow/example_dags/tutorial_taskflow_api.py
[2022-10-05T09:11:45.456+0000] {logging_mixin.py:117} INFO - [2022-10-05T09:11:45.456+0000] {dag.py:2573} INFO - Sync 1 DAGs
[2022-10-05T09:11:45.475+0000] {logging_mixin.py:117} INFO - [2022-10-05T09:11:45.475+0000] {dag.py:3328} INFO - Setting next_dagrun for tutorial_taskflow_api to None, run_after=None
[2022-10-05T09:11:45.489+0000] {processor.py:178} INFO - Processing /home/airflow/.local/lib/python3.7/site-packages/airflow/example_dags/tutorial_taskflow_api.py took 0.084 seconds
[2022-10-05T09:12:15.913+0000] {processor.py:156} INFO - Started process (PID=7393) to work on /home/airflow/.local/lib/python3.7/site-packages/airflow/example_dags/tutorial_taskflow_api.py
[2022-10-05T09:12:15.914+0000] {processor.py:758} INFO - Processing file /home/airflow/.local/lib/python3.7/site-packages/airflow/example_dags/tutorial_taskflow_api.py for tasks to queue
[2022-10-05T09:12:15.914+0000] {logging_mixin.py:117} INFO - [2022-10-05T09:12:15.914+0000] {dagbag.py:525} INFO - Filling up the DagBag from /home/airflow/.local/lib/python3.7/site-packages/airflow/example_dags/tutorial_taskflow_api.py
[2022-10-05T09:12:15.931+0000] {processor.py:768} INFO - DAG(s) dict_keys(['tutorial_taskflow_api']) retrieved from /home/airflow/.local/lib/python3.7/site-packages/airflow/example_dags/tutorial_taskflow_api.py
[2022-10-05T09:12:15.962+0000] {logging_mixin.py:117} INFO - [2022-10-05T09:12:15.962+0000] {dag.py:2573} INFO - Sync 1 DAGs
[2022-10-05T09:12:15.981+0000] {logging_mixin.py:117} INFO - [2022-10-05T09:12:15.981+0000] {dag.py:3328} INFO - Setting next_dagrun for tutorial_taskflow_api to None, run_after=None
[2022-10-05T09:12:15.994+0000] {processor.py:178} INFO - Processing /home/airflow/.local/lib/python3.7/site-packages/airflow/example_dags/tutorial_taskflow_api.py took 0.083 seconds
[2022-10-05T09:12:46.301+0000] {processor.py:156} INFO - Started process (PID=7600) to work on /home/airflow/.local/lib/python3.7/site-packages/airflow/example_dags/tutorial_taskflow_api.py
[2022-10-05T09:12:46.302+0000] {processor.py:758} INFO - Processing file /home/airflow/.local/lib/python3.7/site-packages/airflow/example_dags/tutorial_taskflow_api.py for tasks to queue
[2022-10-05T09:12:46.302+0000] {logging_mixin.py:117} INFO - [2022-10-05T09:12:46.302+0000] {dagbag.py:525} INFO - Filling up the DagBag from /home/airflow/.local/lib/python3.7/site-packages/airflow/example_dags/tutorial_taskflow_api.py
[2022-10-05T09:12:46.321+0000] {processor.py:768} INFO - DAG(s) dict_keys(['tutorial_taskflow_api']) retrieved from /home/airflow/.local/lib/python3.7/site-packages/airflow/example_dags/tutorial_taskflow_api.py
[2022-10-05T09:12:46.353+0000] {logging_mixin.py:117} INFO - [2022-10-05T09:12:46.352+0000] {dag.py:2573} INFO - Sync 1 DAGs
[2022-10-05T09:12:46.372+0000] {logging_mixin.py:117} INFO - [2022-10-05T09:12:46.372+0000] {dag.py:3328} INFO - Setting next_dagrun for tutorial_taskflow_api to None, run_after=None
[2022-10-05T09:12:46.386+0000] {processor.py:178} INFO - Processing /home/airflow/.local/lib/python3.7/site-packages/airflow/example_dags/tutorial_taskflow_api.py took 0.086 seconds
[2022-10-05T09:13:16.770+0000] {processor.py:156} INFO - Started process (PID=7807) to work on /home/airflow/.local/lib/python3.7/site-packages/airflow/example_dags/tutorial_taskflow_api.py
[2022-10-05T09:13:16.771+0000] {processor.py:758} INFO - Processing file /home/airflow/.local/lib/python3.7/site-packages/airflow/example_dags/tutorial_taskflow_api.py for tasks to queue
[2022-10-05T09:13:16.771+0000] {logging_mixin.py:117} INFO - [2022-10-05T09:13:16.771+0000] {dagbag.py:525} INFO - Filling up the DagBag from /home/airflow/.local/lib/python3.7/site-packages/airflow/example_dags/tutorial_taskflow_api.py
[2022-10-05T09:13:16.789+0000] {processor.py:768} INFO - DAG(s) dict_keys(['tutorial_taskflow_api']) retrieved from /home/airflow/.local/lib/python3.7/site-packages/airflow/example_dags/tutorial_taskflow_api.py
[2022-10-05T09:13:16.821+0000] {logging_mixin.py:117} INFO - [2022-10-05T09:13:16.821+0000] {dag.py:2573} INFO - Sync 1 DAGs
[2022-10-05T09:13:16.840+0000] {logging_mixin.py:117} INFO - [2022-10-05T09:13:16.840+0000] {dag.py:3328} INFO - Setting next_dagrun for tutorial_taskflow_api to None, run_after=None
[2022-10-05T09:13:16.853+0000] {processor.py:178} INFO - Processing /home/airflow/.local/lib/python3.7/site-packages/airflow/example_dags/tutorial_taskflow_api.py took 0.086 seconds
[2022-10-05T09:13:47.123+0000] {processor.py:156} INFO - Started process (PID=8005) to work on /home/airflow/.local/lib/python3.7/site-packages/airflow/example_dags/tutorial_taskflow_api.py
[2022-10-05T09:13:47.124+0000] {processor.py:758} INFO - Processing file /home/airflow/.local/lib/python3.7/site-packages/airflow/example_dags/tutorial_taskflow_api.py for tasks to queue
[2022-10-05T09:13:47.125+0000] {logging_mixin.py:117} INFO - [2022-10-05T09:13:47.124+0000] {dagbag.py:525} INFO - Filling up the DagBag from /home/airflow/.local/lib/python3.7/site-packages/airflow/example_dags/tutorial_taskflow_api.py
[2022-10-05T09:13:47.143+0000] {processor.py:768} INFO - DAG(s) dict_keys(['tutorial_taskflow_api']) retrieved from /home/airflow/.local/lib/python3.7/site-packages/airflow/example_dags/tutorial_taskflow_api.py
[2022-10-05T09:13:47.173+0000] {logging_mixin.py:117} INFO - [2022-10-05T09:13:47.173+0000] {dag.py:2573} INFO - Sync 1 DAGs
[2022-10-05T09:13:47.193+0000] {logging_mixin.py:117} INFO - [2022-10-05T09:13:47.193+0000] {dag.py:3328} INFO - Setting next_dagrun for tutorial_taskflow_api to None, run_after=None
[2022-10-05T09:13:47.207+0000] {processor.py:178} INFO - Processing /home/airflow/.local/lib/python3.7/site-packages/airflow/example_dags/tutorial_taskflow_api.py took 0.086 seconds
[2022-10-05T09:14:17.607+0000] {processor.py:156} INFO - Started process (PID=8212) to work on /home/airflow/.local/lib/python3.7/site-packages/airflow/example_dags/tutorial_taskflow_api.py
[2022-10-05T09:14:17.608+0000] {processor.py:758} INFO - Processing file /home/airflow/.local/lib/python3.7/site-packages/airflow/example_dags/tutorial_taskflow_api.py for tasks to queue
[2022-10-05T09:14:17.608+0000] {logging_mixin.py:117} INFO - [2022-10-05T09:14:17.608+0000] {dagbag.py:525} INFO - Filling up the DagBag from /home/airflow/.local/lib/python3.7/site-packages/airflow/example_dags/tutorial_taskflow_api.py
[2022-10-05T09:14:17.626+0000] {processor.py:768} INFO - DAG(s) dict_keys(['tutorial_taskflow_api']) retrieved from /home/airflow/.local/lib/python3.7/site-packages/airflow/example_dags/tutorial_taskflow_api.py
[2022-10-05T09:14:17.656+0000] {logging_mixin.py:117} INFO - [2022-10-05T09:14:17.656+0000] {dag.py:2573} INFO - Sync 1 DAGs
[2022-10-05T09:14:17.676+0000] {logging_mixin.py:117} INFO - [2022-10-05T09:14:17.676+0000] {dag.py:3328} INFO - Setting next_dagrun for tutorial_taskflow_api to None, run_after=None
[2022-10-05T09:14:17.689+0000] {processor.py:178} INFO - Processing /home/airflow/.local/lib/python3.7/site-packages/airflow/example_dags/tutorial_taskflow_api.py took 0.084 seconds
[2022-10-05T09:14:48.003+0000] {processor.py:156} INFO - Started process (PID=8419) to work on /home/airflow/.local/lib/python3.7/site-packages/airflow/example_dags/tutorial_taskflow_api.py
[2022-10-05T09:14:48.005+0000] {processor.py:758} INFO - Processing file /home/airflow/.local/lib/python3.7/site-packages/airflow/example_dags/tutorial_taskflow_api.py for tasks to queue
[2022-10-05T09:14:48.005+0000] {logging_mixin.py:117} INFO - [2022-10-05T09:14:48.005+0000] {dagbag.py:525} INFO - Filling up the DagBag from /home/airflow/.local/lib/python3.7/site-packages/airflow/example_dags/tutorial_taskflow_api.py
[2022-10-05T09:14:48.023+0000] {processor.py:768} INFO - DAG(s) dict_keys(['tutorial_taskflow_api']) retrieved from /home/airflow/.local/lib/python3.7/site-packages/airflow/example_dags/tutorial_taskflow_api.py
[2022-10-05T09:14:48.055+0000] {logging_mixin.py:117} INFO - [2022-10-05T09:14:48.055+0000] {dag.py:2573} INFO - Sync 1 DAGs
[2022-10-05T09:14:48.074+0000] {logging_mixin.py:117} INFO - [2022-10-05T09:14:48.074+0000] {dag.py:3328} INFO - Setting next_dagrun for tutorial_taskflow_api to None, run_after=None
[2022-10-05T09:14:48.087+0000] {processor.py:178} INFO - Processing /home/airflow/.local/lib/python3.7/site-packages/airflow/example_dags/tutorial_taskflow_api.py took 0.086 seconds
[2022-10-05T09:15:18.467+0000] {processor.py:156} INFO - Started process (PID=8626) to work on /home/airflow/.local/lib/python3.7/site-packages/airflow/example_dags/tutorial_taskflow_api.py
[2022-10-05T09:15:18.468+0000] {processor.py:758} INFO - Processing file /home/airflow/.local/lib/python3.7/site-packages/airflow/example_dags/tutorial_taskflow_api.py for tasks to queue
[2022-10-05T09:15:18.469+0000] {logging_mixin.py:117} INFO - [2022-10-05T09:15:18.468+0000] {dagbag.py:525} INFO - Filling up the DagBag from /home/airflow/.local/lib/python3.7/site-packages/airflow/example_dags/tutorial_taskflow_api.py
[2022-10-05T09:15:18.486+0000] {processor.py:768} INFO - DAG(s) dict_keys(['tutorial_taskflow_api']) retrieved from /home/airflow/.local/lib/python3.7/site-packages/airflow/example_dags/tutorial_taskflow_api.py
[2022-10-05T09:15:18.518+0000] {logging_mixin.py:117} INFO - [2022-10-05T09:15:18.518+0000] {dag.py:2573} INFO - Sync 1 DAGs
[2022-10-05T09:15:18.536+0000] {logging_mixin.py:117} INFO - [2022-10-05T09:15:18.536+0000] {dag.py:3328} INFO - Setting next_dagrun for tutorial_taskflow_api to None, run_after=None
[2022-10-05T09:15:18.550+0000] {processor.py:178} INFO - Processing /home/airflow/.local/lib/python3.7/site-packages/airflow/example_dags/tutorial_taskflow_api.py took 0.085 seconds
[2022-10-05T09:15:48.856+0000] {processor.py:156} INFO - Started process (PID=8824) to work on /home/airflow/.local/lib/python3.7/site-packages/airflow/example_dags/tutorial_taskflow_api.py
[2022-10-05T09:15:48.857+0000] {processor.py:758} INFO - Processing file /home/airflow/.local/lib/python3.7/site-packages/airflow/example_dags/tutorial_taskflow_api.py for tasks to queue
[2022-10-05T09:15:48.857+0000] {logging_mixin.py:117} INFO - [2022-10-05T09:15:48.857+0000] {dagbag.py:525} INFO - Filling up the DagBag from /home/airflow/.local/lib/python3.7/site-packages/airflow/example_dags/tutorial_taskflow_api.py
[2022-10-05T09:15:48.875+0000] {processor.py:768} INFO - DAG(s) dict_keys(['tutorial_taskflow_api']) retrieved from /home/airflow/.local/lib/python3.7/site-packages/airflow/example_dags/tutorial_taskflow_api.py
[2022-10-05T09:15:48.906+0000] {logging_mixin.py:117} INFO - [2022-10-05T09:15:48.906+0000] {dag.py:2573} INFO - Sync 1 DAGs
[2022-10-05T09:15:48.926+0000] {logging_mixin.py:117} INFO - [2022-10-05T09:15:48.926+0000] {dag.py:3328} INFO - Setting next_dagrun for tutorial_taskflow_api to None, run_after=None
[2022-10-05T09:15:48.940+0000] {processor.py:178} INFO - Processing /home/airflow/.local/lib/python3.7/site-packages/airflow/example_dags/tutorial_taskflow_api.py took 0.086 seconds
[2022-10-05T09:16:19.220+0000] {processor.py:156} INFO - Started process (PID=9029) to work on /home/airflow/.local/lib/python3.7/site-packages/airflow/example_dags/tutorial_taskflow_api.py
[2022-10-05T09:16:19.221+0000] {processor.py:758} INFO - Processing file /home/airflow/.local/lib/python3.7/site-packages/airflow/example_dags/tutorial_taskflow_api.py for tasks to queue
[2022-10-05T09:16:19.221+0000] {logging_mixin.py:117} INFO - [2022-10-05T09:16:19.221+0000] {dagbag.py:525} INFO - Filling up the DagBag from /home/airflow/.local/lib/python3.7/site-packages/airflow/example_dags/tutorial_taskflow_api.py
[2022-10-05T09:16:19.239+0000] {processor.py:768} INFO - DAG(s) dict_keys(['tutorial_taskflow_api']) retrieved from /home/airflow/.local/lib/python3.7/site-packages/airflow/example_dags/tutorial_taskflow_api.py
[2022-10-05T09:16:19.270+0000] {logging_mixin.py:117} INFO - [2022-10-05T09:16:19.270+0000] {dag.py:2573} INFO - Sync 1 DAGs
[2022-10-05T09:16:19.291+0000] {logging_mixin.py:117} INFO - [2022-10-05T09:16:19.290+0000] {dag.py:3328} INFO - Setting next_dagrun for tutorial_taskflow_api to None, run_after=None
[2022-10-05T09:16:19.304+0000] {processor.py:178} INFO - Processing /home/airflow/.local/lib/python3.7/site-packages/airflow/example_dags/tutorial_taskflow_api.py took 0.086 seconds
[2022-10-05T09:16:49.518+0000] {processor.py:156} INFO - Started process (PID=9236) to work on /home/airflow/.local/lib/python3.7/site-packages/airflow/example_dags/tutorial_taskflow_api.py
[2022-10-05T09:16:49.518+0000] {processor.py:758} INFO - Processing file /home/airflow/.local/lib/python3.7/site-packages/airflow/example_dags/tutorial_taskflow_api.py for tasks to queue
[2022-10-05T09:16:49.519+0000] {logging_mixin.py:117} INFO - [2022-10-05T09:16:49.519+0000] {dagbag.py:525} INFO - Filling up the DagBag from /home/airflow/.local/lib/python3.7/site-packages/airflow/example_dags/tutorial_taskflow_api.py
[2022-10-05T09:16:49.537+0000] {processor.py:768} INFO - DAG(s) dict_keys(['tutorial_taskflow_api']) retrieved from /home/airflow/.local/lib/python3.7/site-packages/airflow/example_dags/tutorial_taskflow_api.py
[2022-10-05T09:16:49.592+0000] {logging_mixin.py:117} INFO - [2022-10-05T09:16:49.592+0000] {dag.py:2573} INFO - Sync 1 DAGs
[2022-10-05T09:16:49.612+0000] {logging_mixin.py:117} INFO - [2022-10-05T09:16:49.612+0000] {dag.py:3328} INFO - Setting next_dagrun for tutorial_taskflow_api to None, run_after=None
[2022-10-05T09:16:49.627+0000] {processor.py:178} INFO - Processing /home/airflow/.local/lib/python3.7/site-packages/airflow/example_dags/tutorial_taskflow_api.py took 0.111 seconds
[2022-10-05T09:17:19.877+0000] {processor.py:156} INFO - Started process (PID=9445) to work on /home/airflow/.local/lib/python3.7/site-packages/airflow/example_dags/tutorial_taskflow_api.py
[2022-10-05T09:17:19.878+0000] {processor.py:758} INFO - Processing file /home/airflow/.local/lib/python3.7/site-packages/airflow/example_dags/tutorial_taskflow_api.py for tasks to queue
[2022-10-05T09:17:19.878+0000] {logging_mixin.py:117} INFO - [2022-10-05T09:17:19.878+0000] {dagbag.py:525} INFO - Filling up the DagBag from /home/airflow/.local/lib/python3.7/site-packages/airflow/example_dags/tutorial_taskflow_api.py
[2022-10-05T09:17:19.896+0000] {processor.py:768} INFO - DAG(s) dict_keys(['tutorial_taskflow_api']) retrieved from /home/airflow/.local/lib/python3.7/site-packages/airflow/example_dags/tutorial_taskflow_api.py
[2022-10-05T09:17:19.927+0000] {logging_mixin.py:117} INFO - [2022-10-05T09:17:19.927+0000] {dag.py:2573} INFO - Sync 1 DAGs
[2022-10-05T09:17:19.945+0000] {logging_mixin.py:117} INFO - [2022-10-05T09:17:19.945+0000] {dag.py:3328} INFO - Setting next_dagrun for tutorial_taskflow_api to None, run_after=None
[2022-10-05T09:17:19.959+0000] {processor.py:178} INFO - Processing /home/airflow/.local/lib/python3.7/site-packages/airflow/example_dags/tutorial_taskflow_api.py took 0.083 seconds
[2022-10-05T09:17:50.381+0000] {processor.py:156} INFO - Started process (PID=9643) to work on /home/airflow/.local/lib/python3.7/site-packages/airflow/example_dags/tutorial_taskflow_api.py
[2022-10-05T09:17:50.382+0000] {processor.py:758} INFO - Processing file /home/airflow/.local/lib/python3.7/site-packages/airflow/example_dags/tutorial_taskflow_api.py for tasks to queue
[2022-10-05T09:17:50.382+0000] {logging_mixin.py:117} INFO - [2022-10-05T09:17:50.382+0000] {dagbag.py:525} INFO - Filling up the DagBag from /home/airflow/.local/lib/python3.7/site-packages/airflow/example_dags/tutorial_taskflow_api.py
[2022-10-05T09:17:50.401+0000] {processor.py:768} INFO - DAG(s) dict_keys(['tutorial_taskflow_api']) retrieved from /home/airflow/.local/lib/python3.7/site-packages/airflow/example_dags/tutorial_taskflow_api.py
[2022-10-05T09:17:50.432+0000] {logging_mixin.py:117} INFO - [2022-10-05T09:17:50.432+0000] {dag.py:2573} INFO - Sync 1 DAGs
[2022-10-05T09:17:50.451+0000] {logging_mixin.py:117} INFO - [2022-10-05T09:17:50.451+0000] {dag.py:3328} INFO - Setting next_dagrun for tutorial_taskflow_api to None, run_after=None
[2022-10-05T09:17:50.466+0000] {processor.py:178} INFO - Processing /home/airflow/.local/lib/python3.7/site-packages/airflow/example_dags/tutorial_taskflow_api.py took 0.087 seconds
[2022-10-05T09:18:20.663+0000] {processor.py:156} INFO - Started process (PID=9850) to work on /home/airflow/.local/lib/python3.7/site-packages/airflow/example_dags/tutorial_taskflow_api.py
[2022-10-05T09:18:20.663+0000] {processor.py:758} INFO - Processing file /home/airflow/.local/lib/python3.7/site-packages/airflow/example_dags/tutorial_taskflow_api.py for tasks to queue
[2022-10-05T09:18:20.664+0000] {logging_mixin.py:117} INFO - [2022-10-05T09:18:20.664+0000] {dagbag.py:525} INFO - Filling up the DagBag from /home/airflow/.local/lib/python3.7/site-packages/airflow/example_dags/tutorial_taskflow_api.py
[2022-10-05T09:18:20.682+0000] {processor.py:768} INFO - DAG(s) dict_keys(['tutorial_taskflow_api']) retrieved from /home/airflow/.local/lib/python3.7/site-packages/airflow/example_dags/tutorial_taskflow_api.py
[2022-10-05T09:18:20.713+0000] {logging_mixin.py:117} INFO - [2022-10-05T09:18:20.713+0000] {dag.py:2573} INFO - Sync 1 DAGs
[2022-10-05T09:18:20.732+0000] {logging_mixin.py:117} INFO - [2022-10-05T09:18:20.732+0000] {dag.py:3328} INFO - Setting next_dagrun for tutorial_taskflow_api to None, run_after=None
[2022-10-05T09:18:20.746+0000] {processor.py:178} INFO - Processing /home/airflow/.local/lib/python3.7/site-packages/airflow/example_dags/tutorial_taskflow_api.py took 0.085 seconds
[2022-10-05T09:18:51.378+0000] {processor.py:156} INFO - Started process (PID=10057) to work on /home/airflow/.local/lib/python3.7/site-packages/airflow/example_dags/tutorial_taskflow_api.py
[2022-10-05T09:18:51.379+0000] {processor.py:758} INFO - Processing file /home/airflow/.local/lib/python3.7/site-packages/airflow/example_dags/tutorial_taskflow_api.py for tasks to queue
[2022-10-05T09:18:51.379+0000] {logging_mixin.py:117} INFO - [2022-10-05T09:18:51.379+0000] {dagbag.py:525} INFO - Filling up the DagBag from /home/airflow/.local/lib/python3.7/site-packages/airflow/example_dags/tutorial_taskflow_api.py
[2022-10-05T09:18:51.397+0000] {processor.py:768} INFO - DAG(s) dict_keys(['tutorial_taskflow_api']) retrieved from /home/airflow/.local/lib/python3.7/site-packages/airflow/example_dags/tutorial_taskflow_api.py
[2022-10-05T09:18:51.429+0000] {logging_mixin.py:117} INFO - [2022-10-05T09:18:51.429+0000] {dag.py:2573} INFO - Sync 1 DAGs
[2022-10-05T09:18:51.448+0000] {logging_mixin.py:117} INFO - [2022-10-05T09:18:51.448+0000] {dag.py:3328} INFO - Setting next_dagrun for tutorial_taskflow_api to None, run_after=None
[2022-10-05T09:18:51.462+0000] {processor.py:178} INFO - Processing /home/airflow/.local/lib/python3.7/site-packages/airflow/example_dags/tutorial_taskflow_api.py took 0.086 seconds
[2022-10-05T09:19:21.952+0000] {processor.py:156} INFO - Started process (PID=10264) to work on /home/airflow/.local/lib/python3.7/site-packages/airflow/example_dags/tutorial_taskflow_api.py
[2022-10-05T09:19:21.952+0000] {processor.py:758} INFO - Processing file /home/airflow/.local/lib/python3.7/site-packages/airflow/example_dags/tutorial_taskflow_api.py for tasks to queue
[2022-10-05T09:19:21.953+0000] {logging_mixin.py:117} INFO - [2022-10-05T09:19:21.953+0000] {dagbag.py:525} INFO - Filling up the DagBag from /home/airflow/.local/lib/python3.7/site-packages/airflow/example_dags/tutorial_taskflow_api.py
[2022-10-05T09:19:21.971+0000] {processor.py:768} INFO - DAG(s) dict_keys(['tutorial_taskflow_api']) retrieved from /home/airflow/.local/lib/python3.7/site-packages/airflow/example_dags/tutorial_taskflow_api.py
[2022-10-05T09:19:22.002+0000] {logging_mixin.py:117} INFO - [2022-10-05T09:19:22.002+0000] {dag.py:2573} INFO - Sync 1 DAGs
[2022-10-05T09:19:22.021+0000] {logging_mixin.py:117} INFO - [2022-10-05T09:19:22.021+0000] {dag.py:3328} INFO - Setting next_dagrun for tutorial_taskflow_api to None, run_after=None
[2022-10-05T09:19:22.034+0000] {processor.py:178} INFO - Processing /home/airflow/.local/lib/python3.7/site-packages/airflow/example_dags/tutorial_taskflow_api.py took 0.085 seconds
[2022-10-05T09:19:52.496+0000] {processor.py:156} INFO - Started process (PID=10471) to work on /home/airflow/.local/lib/python3.7/site-packages/airflow/example_dags/tutorial_taskflow_api.py
[2022-10-05T09:19:52.497+0000] {processor.py:758} INFO - Processing file /home/airflow/.local/lib/python3.7/site-packages/airflow/example_dags/tutorial_taskflow_api.py for tasks to queue
[2022-10-05T09:19:52.497+0000] {logging_mixin.py:117} INFO - [2022-10-05T09:19:52.497+0000] {dagbag.py:525} INFO - Filling up the DagBag from /home/airflow/.local/lib/python3.7/site-packages/airflow/example_dags/tutorial_taskflow_api.py
[2022-10-05T09:19:52.516+0000] {processor.py:768} INFO - DAG(s) dict_keys(['tutorial_taskflow_api']) retrieved from /home/airflow/.local/lib/python3.7/site-packages/airflow/example_dags/tutorial_taskflow_api.py
[2022-10-05T09:19:52.547+0000] {logging_mixin.py:117} INFO - [2022-10-05T09:19:52.547+0000] {dag.py:2573} INFO - Sync 1 DAGs
[2022-10-05T09:19:52.566+0000] {logging_mixin.py:117} INFO - [2022-10-05T09:19:52.566+0000] {dag.py:3328} INFO - Setting next_dagrun for tutorial_taskflow_api to None, run_after=None
[2022-10-05T09:19:52.581+0000] {processor.py:178} INFO - Processing /home/airflow/.local/lib/python3.7/site-packages/airflow/example_dags/tutorial_taskflow_api.py took 0.088 seconds
[2022-10-05T09:20:23.043+0000] {processor.py:156} INFO - Started process (PID=10669) to work on /home/airflow/.local/lib/python3.7/site-packages/airflow/example_dags/tutorial_taskflow_api.py
[2022-10-05T09:20:23.044+0000] {processor.py:758} INFO - Processing file /home/airflow/.local/lib/python3.7/site-packages/airflow/example_dags/tutorial_taskflow_api.py for tasks to queue
[2022-10-05T09:20:23.044+0000] {logging_mixin.py:117} INFO - [2022-10-05T09:20:23.044+0000] {dagbag.py:525} INFO - Filling up the DagBag from /home/airflow/.local/lib/python3.7/site-packages/airflow/example_dags/tutorial_taskflow_api.py
[2022-10-05T09:20:23.062+0000] {processor.py:768} INFO - DAG(s) dict_keys(['tutorial_taskflow_api']) retrieved from /home/airflow/.local/lib/python3.7/site-packages/airflow/example_dags/tutorial_taskflow_api.py
[2022-10-05T09:20:23.093+0000] {logging_mixin.py:117} INFO - [2022-10-05T09:20:23.093+0000] {dag.py:2573} INFO - Sync 1 DAGs
[2022-10-05T09:20:23.113+0000] {logging_mixin.py:117} INFO - [2022-10-05T09:20:23.113+0000] {dag.py:3328} INFO - Setting next_dagrun for tutorial_taskflow_api to None, run_after=None
[2022-10-05T09:20:23.127+0000] {processor.py:178} INFO - Processing /home/airflow/.local/lib/python3.7/site-packages/airflow/example_dags/tutorial_taskflow_api.py took 0.086 seconds
[2022-10-05T09:20:53.761+0000] {processor.py:156} INFO - Started process (PID=10876) to work on /home/airflow/.local/lib/python3.7/site-packages/airflow/example_dags/tutorial_taskflow_api.py
[2022-10-05T09:20:53.762+0000] {processor.py:758} INFO - Processing file /home/airflow/.local/lib/python3.7/site-packages/airflow/example_dags/tutorial_taskflow_api.py for tasks to queue
[2022-10-05T09:20:53.762+0000] {logging_mixin.py:117} INFO - [2022-10-05T09:20:53.762+0000] {dagbag.py:525} INFO - Filling up the DagBag from /home/airflow/.local/lib/python3.7/site-packages/airflow/example_dags/tutorial_taskflow_api.py
[2022-10-05T09:20:53.780+0000] {processor.py:768} INFO - DAG(s) dict_keys(['tutorial_taskflow_api']) retrieved from /home/airflow/.local/lib/python3.7/site-packages/airflow/example_dags/tutorial_taskflow_api.py
[2022-10-05T09:20:53.812+0000] {logging_mixin.py:117} INFO - [2022-10-05T09:20:53.812+0000] {dag.py:2573} INFO - Sync 1 DAGs
[2022-10-05T09:20:53.831+0000] {logging_mixin.py:117} INFO - [2022-10-05T09:20:53.831+0000] {dag.py:3328} INFO - Setting next_dagrun for tutorial_taskflow_api to None, run_after=None
[2022-10-05T09:20:53.845+0000] {processor.py:178} INFO - Processing /home/airflow/.local/lib/python3.7/site-packages/airflow/example_dags/tutorial_taskflow_api.py took 0.086 seconds
[2022-10-05T09:21:24.361+0000] {processor.py:156} INFO - Started process (PID=11083) to work on /home/airflow/.local/lib/python3.7/site-packages/airflow/example_dags/tutorial_taskflow_api.py
[2022-10-05T09:21:24.362+0000] {processor.py:758} INFO - Processing file /home/airflow/.local/lib/python3.7/site-packages/airflow/example_dags/tutorial_taskflow_api.py for tasks to queue
[2022-10-05T09:21:24.362+0000] {logging_mixin.py:117} INFO - [2022-10-05T09:21:24.362+0000] {dagbag.py:525} INFO - Filling up the DagBag from /home/airflow/.local/lib/python3.7/site-packages/airflow/example_dags/tutorial_taskflow_api.py
[2022-10-05T09:21:24.380+0000] {processor.py:768} INFO - DAG(s) dict_keys(['tutorial_taskflow_api']) retrieved from /home/airflow/.local/lib/python3.7/site-packages/airflow/example_dags/tutorial_taskflow_api.py
[2022-10-05T09:21:24.411+0000] {logging_mixin.py:117} INFO - [2022-10-05T09:21:24.411+0000] {dag.py:2573} INFO - Sync 1 DAGs
[2022-10-05T09:21:24.430+0000] {logging_mixin.py:117} INFO - [2022-10-05T09:21:24.430+0000] {dag.py:3328} INFO - Setting next_dagrun for tutorial_taskflow_api to None, run_after=None
[2022-10-05T09:21:24.444+0000] {processor.py:178} INFO - Processing /home/airflow/.local/lib/python3.7/site-packages/airflow/example_dags/tutorial_taskflow_api.py took 0.085 seconds
[2022-10-05T09:21:54.969+0000] {processor.py:156} INFO - Started process (PID=11290) to work on /home/airflow/.local/lib/python3.7/site-packages/airflow/example_dags/tutorial_taskflow_api.py
[2022-10-05T09:21:54.970+0000] {processor.py:758} INFO - Processing file /home/airflow/.local/lib/python3.7/site-packages/airflow/example_dags/tutorial_taskflow_api.py for tasks to queue
[2022-10-05T09:21:54.970+0000] {logging_mixin.py:117} INFO - [2022-10-05T09:21:54.970+0000] {dagbag.py:525} INFO - Filling up the DagBag from /home/airflow/.local/lib/python3.7/site-packages/airflow/example_dags/tutorial_taskflow_api.py
[2022-10-05T09:21:54.989+0000] {processor.py:768} INFO - DAG(s) dict_keys(['tutorial_taskflow_api']) retrieved from /home/airflow/.local/lib/python3.7/site-packages/airflow/example_dags/tutorial_taskflow_api.py
[2022-10-05T09:21:55.056+0000] {logging_mixin.py:117} INFO - [2022-10-05T09:21:55.056+0000] {dag.py:2573} INFO - Sync 1 DAGs
[2022-10-05T09:21:55.075+0000] {logging_mixin.py:117} INFO - [2022-10-05T09:21:55.075+0000] {dag.py:3328} INFO - Setting next_dagrun for tutorial_taskflow_api to None, run_after=None
[2022-10-05T09:21:55.090+0000] {processor.py:178} INFO - Processing /home/airflow/.local/lib/python3.7/site-packages/airflow/example_dags/tutorial_taskflow_api.py took 0.123 seconds
[2022-10-05T09:22:25.625+0000] {processor.py:156} INFO - Started process (PID=11486) to work on /home/airflow/.local/lib/python3.7/site-packages/airflow/example_dags/tutorial_taskflow_api.py
[2022-10-05T09:22:25.626+0000] {processor.py:758} INFO - Processing file /home/airflow/.local/lib/python3.7/site-packages/airflow/example_dags/tutorial_taskflow_api.py for tasks to queue
[2022-10-05T09:22:25.626+0000] {logging_mixin.py:117} INFO - [2022-10-05T09:22:25.626+0000] {dagbag.py:525} INFO - Filling up the DagBag from /home/airflow/.local/lib/python3.7/site-packages/airflow/example_dags/tutorial_taskflow_api.py
[2022-10-05T09:22:25.644+0000] {processor.py:768} INFO - DAG(s) dict_keys(['tutorial_taskflow_api']) retrieved from /home/airflow/.local/lib/python3.7/site-packages/airflow/example_dags/tutorial_taskflow_api.py
[2022-10-05T09:22:25.675+0000] {logging_mixin.py:117} INFO - [2022-10-05T09:22:25.675+0000] {dag.py:2573} INFO - Sync 1 DAGs
[2022-10-05T09:22:25.695+0000] {logging_mixin.py:117} INFO - [2022-10-05T09:22:25.695+0000] {dag.py:3328} INFO - Setting next_dagrun for tutorial_taskflow_api to None, run_after=None
[2022-10-05T09:22:25.708+0000] {processor.py:178} INFO - Processing /home/airflow/.local/lib/python3.7/site-packages/airflow/example_dags/tutorial_taskflow_api.py took 0.087 seconds
[2022-10-05T09:22:56.005+0000] {processor.py:156} INFO - Started process (PID=11695) to work on /home/airflow/.local/lib/python3.7/site-packages/airflow/example_dags/tutorial_taskflow_api.py
[2022-10-05T09:22:56.006+0000] {processor.py:758} INFO - Processing file /home/airflow/.local/lib/python3.7/site-packages/airflow/example_dags/tutorial_taskflow_api.py for tasks to queue
[2022-10-05T09:22:56.007+0000] {logging_mixin.py:117} INFO - [2022-10-05T09:22:56.007+0000] {dagbag.py:525} INFO - Filling up the DagBag from /home/airflow/.local/lib/python3.7/site-packages/airflow/example_dags/tutorial_taskflow_api.py
[2022-10-05T09:22:56.025+0000] {processor.py:768} INFO - DAG(s) dict_keys(['tutorial_taskflow_api']) retrieved from /home/airflow/.local/lib/python3.7/site-packages/airflow/example_dags/tutorial_taskflow_api.py
[2022-10-05T09:22:56.058+0000] {logging_mixin.py:117} INFO - [2022-10-05T09:22:56.058+0000] {dag.py:2573} INFO - Sync 1 DAGs
[2022-10-05T09:22:56.078+0000] {logging_mixin.py:117} INFO - [2022-10-05T09:22:56.078+0000] {dag.py:3328} INFO - Setting next_dagrun for tutorial_taskflow_api to None, run_after=None
[2022-10-05T09:22:56.093+0000] {processor.py:178} INFO - Processing /home/airflow/.local/lib/python3.7/site-packages/airflow/example_dags/tutorial_taskflow_api.py took 0.090 seconds
[2022-10-05T09:23:26.364+0000] {processor.py:156} INFO - Started process (PID=11902) to work on /home/airflow/.local/lib/python3.7/site-packages/airflow/example_dags/tutorial_taskflow_api.py
[2022-10-05T09:23:26.365+0000] {processor.py:758} INFO - Processing file /home/airflow/.local/lib/python3.7/site-packages/airflow/example_dags/tutorial_taskflow_api.py for tasks to queue
[2022-10-05T09:23:26.365+0000] {logging_mixin.py:117} INFO - [2022-10-05T09:23:26.365+0000] {dagbag.py:525} INFO - Filling up the DagBag from /home/airflow/.local/lib/python3.7/site-packages/airflow/example_dags/tutorial_taskflow_api.py
[2022-10-05T09:23:26.383+0000] {processor.py:768} INFO - DAG(s) dict_keys(['tutorial_taskflow_api']) retrieved from /home/airflow/.local/lib/python3.7/site-packages/airflow/example_dags/tutorial_taskflow_api.py
[2022-10-05T09:23:26.415+0000] {logging_mixin.py:117} INFO - [2022-10-05T09:23:26.415+0000] {dag.py:2573} INFO - Sync 1 DAGs
[2022-10-05T09:23:26.434+0000] {logging_mixin.py:117} INFO - [2022-10-05T09:23:26.434+0000] {dag.py:3328} INFO - Setting next_dagrun for tutorial_taskflow_api to None, run_after=None
[2022-10-05T09:23:26.447+0000] {processor.py:178} INFO - Processing /home/airflow/.local/lib/python3.7/site-packages/airflow/example_dags/tutorial_taskflow_api.py took 0.086 seconds
[2022-10-05T09:23:56.779+0000] {processor.py:156} INFO - Started process (PID=12109) to work on /home/airflow/.local/lib/python3.7/site-packages/airflow/example_dags/tutorial_taskflow_api.py
[2022-10-05T09:23:56.780+0000] {processor.py:758} INFO - Processing file /home/airflow/.local/lib/python3.7/site-packages/airflow/example_dags/tutorial_taskflow_api.py for tasks to queue
[2022-10-05T09:23:56.780+0000] {logging_mixin.py:117} INFO - [2022-10-05T09:23:56.780+0000] {dagbag.py:525} INFO - Filling up the DagBag from /home/airflow/.local/lib/python3.7/site-packages/airflow/example_dags/tutorial_taskflow_api.py
[2022-10-05T09:23:56.798+0000] {processor.py:768} INFO - DAG(s) dict_keys(['tutorial_taskflow_api']) retrieved from /home/airflow/.local/lib/python3.7/site-packages/airflow/example_dags/tutorial_taskflow_api.py
[2022-10-05T09:23:56.828+0000] {logging_mixin.py:117} INFO - [2022-10-05T09:23:56.828+0000] {dag.py:2573} INFO - Sync 1 DAGs
[2022-10-05T09:23:56.847+0000] {logging_mixin.py:117} INFO - [2022-10-05T09:23:56.847+0000] {dag.py:3328} INFO - Setting next_dagrun for tutorial_taskflow_api to None, run_after=None
[2022-10-05T09:23:56.861+0000] {processor.py:178} INFO - Processing /home/airflow/.local/lib/python3.7/site-packages/airflow/example_dags/tutorial_taskflow_api.py took 0.084 seconds
[2022-10-05T09:24:27.159+0000] {processor.py:156} INFO - Started process (PID=12307) to work on /home/airflow/.local/lib/python3.7/site-packages/airflow/example_dags/tutorial_taskflow_api.py
[2022-10-05T09:24:27.160+0000] {processor.py:758} INFO - Processing file /home/airflow/.local/lib/python3.7/site-packages/airflow/example_dags/tutorial_taskflow_api.py for tasks to queue
[2022-10-05T09:24:27.161+0000] {logging_mixin.py:117} INFO - [2022-10-05T09:24:27.160+0000] {dagbag.py:525} INFO - Filling up the DagBag from /home/airflow/.local/lib/python3.7/site-packages/airflow/example_dags/tutorial_taskflow_api.py
[2022-10-05T09:24:27.178+0000] {processor.py:768} INFO - DAG(s) dict_keys(['tutorial_taskflow_api']) retrieved from /home/airflow/.local/lib/python3.7/site-packages/airflow/example_dags/tutorial_taskflow_api.py
[2022-10-05T09:24:27.209+0000] {logging_mixin.py:117} INFO - [2022-10-05T09:24:27.209+0000] {dag.py:2573} INFO - Sync 1 DAGs
[2022-10-05T09:24:27.228+0000] {logging_mixin.py:117} INFO - [2022-10-05T09:24:27.228+0000] {dag.py:3328} INFO - Setting next_dagrun for tutorial_taskflow_api to None, run_after=None
[2022-10-05T09:24:27.242+0000] {processor.py:178} INFO - Processing /home/airflow/.local/lib/python3.7/site-packages/airflow/example_dags/tutorial_taskflow_api.py took 0.085 seconds
[2022-10-05T09:24:57.584+0000] {processor.py:156} INFO - Started process (PID=12514) to work on /home/airflow/.local/lib/python3.7/site-packages/airflow/example_dags/tutorial_taskflow_api.py
[2022-10-05T09:24:57.585+0000] {processor.py:758} INFO - Processing file /home/airflow/.local/lib/python3.7/site-packages/airflow/example_dags/tutorial_taskflow_api.py for tasks to queue
[2022-10-05T09:24:57.585+0000] {logging_mixin.py:117} INFO - [2022-10-05T09:24:57.585+0000] {dagbag.py:525} INFO - Filling up the DagBag from /home/airflow/.local/lib/python3.7/site-packages/airflow/example_dags/tutorial_taskflow_api.py
[2022-10-05T09:24:57.603+0000] {processor.py:768} INFO - DAG(s) dict_keys(['tutorial_taskflow_api']) retrieved from /home/airflow/.local/lib/python3.7/site-packages/airflow/example_dags/tutorial_taskflow_api.py
[2022-10-05T09:24:57.634+0000] {logging_mixin.py:117} INFO - [2022-10-05T09:24:57.634+0000] {dag.py:2573} INFO - Sync 1 DAGs
[2022-10-05T09:24:57.653+0000] {logging_mixin.py:117} INFO - [2022-10-05T09:24:57.653+0000] {dag.py:3328} INFO - Setting next_dagrun for tutorial_taskflow_api to None, run_after=None
[2022-10-05T09:24:57.667+0000] {processor.py:178} INFO - Processing /home/airflow/.local/lib/python3.7/site-packages/airflow/example_dags/tutorial_taskflow_api.py took 0.085 seconds
[2022-10-05T09:25:27.978+0000] {processor.py:156} INFO - Started process (PID=12721) to work on /home/airflow/.local/lib/python3.7/site-packages/airflow/example_dags/tutorial_taskflow_api.py
[2022-10-05T09:25:27.979+0000] {processor.py:758} INFO - Processing file /home/airflow/.local/lib/python3.7/site-packages/airflow/example_dags/tutorial_taskflow_api.py for tasks to queue
[2022-10-05T09:25:27.979+0000] {logging_mixin.py:117} INFO - [2022-10-05T09:25:27.979+0000] {dagbag.py:525} INFO - Filling up the DagBag from /home/airflow/.local/lib/python3.7/site-packages/airflow/example_dags/tutorial_taskflow_api.py
[2022-10-05T09:25:27.997+0000] {processor.py:768} INFO - DAG(s) dict_keys(['tutorial_taskflow_api']) retrieved from /home/airflow/.local/lib/python3.7/site-packages/airflow/example_dags/tutorial_taskflow_api.py
[2022-10-05T09:25:28.028+0000] {logging_mixin.py:117} INFO - [2022-10-05T09:25:28.028+0000] {dag.py:2573} INFO - Sync 1 DAGs
[2022-10-05T09:25:28.047+0000] {logging_mixin.py:117} INFO - [2022-10-05T09:25:28.047+0000] {dag.py:3328} INFO - Setting next_dagrun for tutorial_taskflow_api to None, run_after=None
[2022-10-05T09:25:28.060+0000] {processor.py:178} INFO - Processing /home/airflow/.local/lib/python3.7/site-packages/airflow/example_dags/tutorial_taskflow_api.py took 0.084 seconds
[2022-10-05T09:25:58.363+0000] {processor.py:156} INFO - Started process (PID=12928) to work on /home/airflow/.local/lib/python3.7/site-packages/airflow/example_dags/tutorial_taskflow_api.py
[2022-10-05T09:25:58.364+0000] {processor.py:758} INFO - Processing file /home/airflow/.local/lib/python3.7/site-packages/airflow/example_dags/tutorial_taskflow_api.py for tasks to queue
[2022-10-05T09:25:58.364+0000] {logging_mixin.py:117} INFO - [2022-10-05T09:25:58.364+0000] {dagbag.py:525} INFO - Filling up the DagBag from /home/airflow/.local/lib/python3.7/site-packages/airflow/example_dags/tutorial_taskflow_api.py
[2022-10-05T09:25:58.381+0000] {processor.py:768} INFO - DAG(s) dict_keys(['tutorial_taskflow_api']) retrieved from /home/airflow/.local/lib/python3.7/site-packages/airflow/example_dags/tutorial_taskflow_api.py
[2022-10-05T09:25:58.412+0000] {logging_mixin.py:117} INFO - [2022-10-05T09:25:58.412+0000] {dag.py:2573} INFO - Sync 1 DAGs
[2022-10-05T09:25:58.430+0000] {logging_mixin.py:117} INFO - [2022-10-05T09:25:58.430+0000] {dag.py:3328} INFO - Setting next_dagrun for tutorial_taskflow_api to None, run_after=None
[2022-10-05T09:25:58.444+0000] {processor.py:178} INFO - Processing /home/airflow/.local/lib/python3.7/site-packages/airflow/example_dags/tutorial_taskflow_api.py took 0.083 seconds
[2022-10-05T09:26:28.642+0000] {processor.py:156} INFO - Started process (PID=13124) to work on /home/airflow/.local/lib/python3.7/site-packages/airflow/example_dags/tutorial_taskflow_api.py
[2022-10-05T09:26:28.642+0000] {processor.py:758} INFO - Processing file /home/airflow/.local/lib/python3.7/site-packages/airflow/example_dags/tutorial_taskflow_api.py for tasks to queue
[2022-10-05T09:26:28.643+0000] {logging_mixin.py:117} INFO - [2022-10-05T09:26:28.643+0000] {dagbag.py:525} INFO - Filling up the DagBag from /home/airflow/.local/lib/python3.7/site-packages/airflow/example_dags/tutorial_taskflow_api.py
[2022-10-05T09:26:28.661+0000] {processor.py:768} INFO - DAG(s) dict_keys(['tutorial_taskflow_api']) retrieved from /home/airflow/.local/lib/python3.7/site-packages/airflow/example_dags/tutorial_taskflow_api.py
[2022-10-05T09:26:28.692+0000] {logging_mixin.py:117} INFO - [2022-10-05T09:26:28.692+0000] {dag.py:2573} INFO - Sync 1 DAGs
[2022-10-05T09:26:28.712+0000] {logging_mixin.py:117} INFO - [2022-10-05T09:26:28.711+0000] {dag.py:3328} INFO - Setting next_dagrun for tutorial_taskflow_api to None, run_after=None
[2022-10-05T09:26:28.725+0000] {processor.py:178} INFO - Processing /home/airflow/.local/lib/python3.7/site-packages/airflow/example_dags/tutorial_taskflow_api.py took 0.086 seconds
[2022-10-05T09:26:59.144+0000] {processor.py:156} INFO - Started process (PID=13333) to work on /home/airflow/.local/lib/python3.7/site-packages/airflow/example_dags/tutorial_taskflow_api.py
[2022-10-05T09:26:59.144+0000] {processor.py:758} INFO - Processing file /home/airflow/.local/lib/python3.7/site-packages/airflow/example_dags/tutorial_taskflow_api.py for tasks to queue
[2022-10-05T09:26:59.145+0000] {logging_mixin.py:117} INFO - [2022-10-05T09:26:59.145+0000] {dagbag.py:525} INFO - Filling up the DagBag from /home/airflow/.local/lib/python3.7/site-packages/airflow/example_dags/tutorial_taskflow_api.py
[2022-10-05T09:26:59.162+0000] {processor.py:768} INFO - DAG(s) dict_keys(['tutorial_taskflow_api']) retrieved from /home/airflow/.local/lib/python3.7/site-packages/airflow/example_dags/tutorial_taskflow_api.py
[2022-10-05T09:26:59.193+0000] {logging_mixin.py:117} INFO - [2022-10-05T09:26:59.193+0000] {dag.py:2573} INFO - Sync 1 DAGs
[2022-10-05T09:26:59.212+0000] {logging_mixin.py:117} INFO - [2022-10-05T09:26:59.212+0000] {dag.py:3328} INFO - Setting next_dagrun for tutorial_taskflow_api to None, run_after=None
[2022-10-05T09:26:59.226+0000] {processor.py:178} INFO - Processing /home/airflow/.local/lib/python3.7/site-packages/airflow/example_dags/tutorial_taskflow_api.py took 0.085 seconds
[2022-10-05T09:27:29.517+0000] {processor.py:156} INFO - Started process (PID=13540) to work on /home/airflow/.local/lib/python3.7/site-packages/airflow/example_dags/tutorial_taskflow_api.py
[2022-10-05T09:27:29.518+0000] {processor.py:758} INFO - Processing file /home/airflow/.local/lib/python3.7/site-packages/airflow/example_dags/tutorial_taskflow_api.py for tasks to queue
[2022-10-05T09:27:29.519+0000] {logging_mixin.py:117} INFO - [2022-10-05T09:27:29.519+0000] {dagbag.py:525} INFO - Filling up the DagBag from /home/airflow/.local/lib/python3.7/site-packages/airflow/example_dags/tutorial_taskflow_api.py
[2022-10-05T09:27:29.536+0000] {processor.py:768} INFO - DAG(s) dict_keys(['tutorial_taskflow_api']) retrieved from /home/airflow/.local/lib/python3.7/site-packages/airflow/example_dags/tutorial_taskflow_api.py
[2022-10-05T09:27:29.568+0000] {logging_mixin.py:117} INFO - [2022-10-05T09:27:29.568+0000] {dag.py:2573} INFO - Sync 1 DAGs
[2022-10-05T09:27:29.586+0000] {logging_mixin.py:117} INFO - [2022-10-05T09:27:29.586+0000] {dag.py:3328} INFO - Setting next_dagrun for tutorial_taskflow_api to None, run_after=None
[2022-10-05T09:27:29.600+0000] {processor.py:178} INFO - Processing /home/airflow/.local/lib/python3.7/site-packages/airflow/example_dags/tutorial_taskflow_api.py took 0.086 seconds
[2022-10-05T09:27:59.880+0000] {processor.py:156} INFO - Started process (PID=13747) to work on /home/airflow/.local/lib/python3.7/site-packages/airflow/example_dags/tutorial_taskflow_api.py
[2022-10-05T09:27:59.881+0000] {processor.py:758} INFO - Processing file /home/airflow/.local/lib/python3.7/site-packages/airflow/example_dags/tutorial_taskflow_api.py for tasks to queue
[2022-10-05T09:27:59.881+0000] {logging_mixin.py:117} INFO - [2022-10-05T09:27:59.881+0000] {dagbag.py:525} INFO - Filling up the DagBag from /home/airflow/.local/lib/python3.7/site-packages/airflow/example_dags/tutorial_taskflow_api.py
[2022-10-05T09:27:59.899+0000] {processor.py:768} INFO - DAG(s) dict_keys(['tutorial_taskflow_api']) retrieved from /home/airflow/.local/lib/python3.7/site-packages/airflow/example_dags/tutorial_taskflow_api.py
[2022-10-05T09:27:59.930+0000] {logging_mixin.py:117} INFO - [2022-10-05T09:27:59.930+0000] {dag.py:2573} INFO - Sync 1 DAGs
[2022-10-05T09:27:59.949+0000] {logging_mixin.py:117} INFO - [2022-10-05T09:27:59.949+0000] {dag.py:3328} INFO - Setting next_dagrun for tutorial_taskflow_api to None, run_after=None
[2022-10-05T09:27:59.962+0000] {processor.py:178} INFO - Processing /home/airflow/.local/lib/python3.7/site-packages/airflow/example_dags/tutorial_taskflow_api.py took 0.084 seconds
[2022-10-05T09:28:30.267+0000] {processor.py:156} INFO - Started process (PID=13954) to work on /home/airflow/.local/lib/python3.7/site-packages/airflow/example_dags/tutorial_taskflow_api.py
[2022-10-05T09:28:30.268+0000] {processor.py:758} INFO - Processing file /home/airflow/.local/lib/python3.7/site-packages/airflow/example_dags/tutorial_taskflow_api.py for tasks to queue
[2022-10-05T09:28:30.268+0000] {logging_mixin.py:117} INFO - [2022-10-05T09:28:30.268+0000] {dagbag.py:525} INFO - Filling up the DagBag from /home/airflow/.local/lib/python3.7/site-packages/airflow/example_dags/tutorial_taskflow_api.py
[2022-10-05T09:28:30.287+0000] {processor.py:768} INFO - DAG(s) dict_keys(['tutorial_taskflow_api']) retrieved from /home/airflow/.local/lib/python3.7/site-packages/airflow/example_dags/tutorial_taskflow_api.py
[2022-10-05T09:28:30.318+0000] {logging_mixin.py:117} INFO - [2022-10-05T09:28:30.318+0000] {dag.py:2573} INFO - Sync 1 DAGs
[2022-10-05T09:28:30.338+0000] {logging_mixin.py:117} INFO - [2022-10-05T09:28:30.338+0000] {dag.py:3328} INFO - Setting next_dagrun for tutorial_taskflow_api to None, run_after=None
[2022-10-05T09:28:30.352+0000] {processor.py:178} INFO - Processing /home/airflow/.local/lib/python3.7/site-packages/airflow/example_dags/tutorial_taskflow_api.py took 0.087 seconds
[2022-10-05T09:29:00.615+0000] {processor.py:156} INFO - Started process (PID=14152) to work on /home/airflow/.local/lib/python3.7/site-packages/airflow/example_dags/tutorial_taskflow_api.py
[2022-10-05T09:29:00.616+0000] {processor.py:758} INFO - Processing file /home/airflow/.local/lib/python3.7/site-packages/airflow/example_dags/tutorial_taskflow_api.py for tasks to queue
[2022-10-05T09:29:00.617+0000] {logging_mixin.py:117} INFO - [2022-10-05T09:29:00.617+0000] {dagbag.py:525} INFO - Filling up the DagBag from /home/airflow/.local/lib/python3.7/site-packages/airflow/example_dags/tutorial_taskflow_api.py
[2022-10-05T09:29:00.634+0000] {processor.py:768} INFO - DAG(s) dict_keys(['tutorial_taskflow_api']) retrieved from /home/airflow/.local/lib/python3.7/site-packages/airflow/example_dags/tutorial_taskflow_api.py
[2022-10-05T09:29:00.665+0000] {logging_mixin.py:117} INFO - [2022-10-05T09:29:00.665+0000] {dag.py:2573} INFO - Sync 1 DAGs
[2022-10-05T09:29:00.685+0000] {logging_mixin.py:117} INFO - [2022-10-05T09:29:00.685+0000] {dag.py:3328} INFO - Setting next_dagrun for tutorial_taskflow_api to None, run_after=None
[2022-10-05T09:29:00.699+0000] {processor.py:178} INFO - Processing /home/airflow/.local/lib/python3.7/site-packages/airflow/example_dags/tutorial_taskflow_api.py took 0.086 seconds
[2022-10-05T09:29:31.195+0000] {processor.py:156} INFO - Started process (PID=14359) to work on /home/airflow/.local/lib/python3.7/site-packages/airflow/example_dags/tutorial_taskflow_api.py
[2022-10-05T09:29:31.196+0000] {processor.py:758} INFO - Processing file /home/airflow/.local/lib/python3.7/site-packages/airflow/example_dags/tutorial_taskflow_api.py for tasks to queue
[2022-10-05T09:29:31.196+0000] {logging_mixin.py:117} INFO - [2022-10-05T09:29:31.196+0000] {dagbag.py:525} INFO - Filling up the DagBag from /home/airflow/.local/lib/python3.7/site-packages/airflow/example_dags/tutorial_taskflow_api.py
[2022-10-05T09:29:31.214+0000] {processor.py:768} INFO - DAG(s) dict_keys(['tutorial_taskflow_api']) retrieved from /home/airflow/.local/lib/python3.7/site-packages/airflow/example_dags/tutorial_taskflow_api.py
[2022-10-05T09:29:31.245+0000] {logging_mixin.py:117} INFO - [2022-10-05T09:29:31.245+0000] {dag.py:2573} INFO - Sync 1 DAGs
[2022-10-05T09:29:31.264+0000] {logging_mixin.py:117} INFO - [2022-10-05T09:29:31.264+0000] {dag.py:3328} INFO - Setting next_dagrun for tutorial_taskflow_api to None, run_after=None
[2022-10-05T09:29:31.277+0000] {processor.py:178} INFO - Processing /home/airflow/.local/lib/python3.7/site-packages/airflow/example_dags/tutorial_taskflow_api.py took 0.084 seconds
[2022-10-05T09:30:01.554+0000] {processor.py:156} INFO - Started process (PID=14566) to work on /home/airflow/.local/lib/python3.7/site-packages/airflow/example_dags/tutorial_taskflow_api.py
[2022-10-05T09:30:01.555+0000] {processor.py:758} INFO - Processing file /home/airflow/.local/lib/python3.7/site-packages/airflow/example_dags/tutorial_taskflow_api.py for tasks to queue
[2022-10-05T09:30:01.556+0000] {logging_mixin.py:117} INFO - [2022-10-05T09:30:01.556+0000] {dagbag.py:525} INFO - Filling up the DagBag from /home/airflow/.local/lib/python3.7/site-packages/airflow/example_dags/tutorial_taskflow_api.py
[2022-10-05T09:30:01.573+0000] {processor.py:768} INFO - DAG(s) dict_keys(['tutorial_taskflow_api']) retrieved from /home/airflow/.local/lib/python3.7/site-packages/airflow/example_dags/tutorial_taskflow_api.py
[2022-10-05T09:30:01.604+0000] {logging_mixin.py:117} INFO - [2022-10-05T09:30:01.604+0000] {dag.py:2573} INFO - Sync 1 DAGs
[2022-10-05T09:30:01.623+0000] {logging_mixin.py:117} INFO - [2022-10-05T09:30:01.623+0000] {dag.py:3328} INFO - Setting next_dagrun for tutorial_taskflow_api to None, run_after=None
[2022-10-05T09:30:01.636+0000] {processor.py:178} INFO - Processing /home/airflow/.local/lib/python3.7/site-packages/airflow/example_dags/tutorial_taskflow_api.py took 0.084 seconds
[2022-10-05T09:30:31.933+0000] {processor.py:156} INFO - Started process (PID=14773) to work on /home/airflow/.local/lib/python3.7/site-packages/airflow/example_dags/tutorial_taskflow_api.py
[2022-10-05T09:30:31.934+0000] {processor.py:758} INFO - Processing file /home/airflow/.local/lib/python3.7/site-packages/airflow/example_dags/tutorial_taskflow_api.py for tasks to queue
[2022-10-05T09:30:31.934+0000] {logging_mixin.py:117} INFO - [2022-10-05T09:30:31.934+0000] {dagbag.py:525} INFO - Filling up the DagBag from /home/airflow/.local/lib/python3.7/site-packages/airflow/example_dags/tutorial_taskflow_api.py
[2022-10-05T09:30:31.952+0000] {processor.py:768} INFO - DAG(s) dict_keys(['tutorial_taskflow_api']) retrieved from /home/airflow/.local/lib/python3.7/site-packages/airflow/example_dags/tutorial_taskflow_api.py
[2022-10-05T09:30:31.983+0000] {logging_mixin.py:117} INFO - [2022-10-05T09:30:31.983+0000] {dag.py:2573} INFO - Sync 1 DAGs
[2022-10-05T09:30:32.002+0000] {logging_mixin.py:117} INFO - [2022-10-05T09:30:32.002+0000] {dag.py:3328} INFO - Setting next_dagrun for tutorial_taskflow_api to None, run_after=None
[2022-10-05T09:30:32.016+0000] {processor.py:178} INFO - Processing /home/airflow/.local/lib/python3.7/site-packages/airflow/example_dags/tutorial_taskflow_api.py took 0.086 seconds
[2022-10-05T09:31:02.401+0000] {processor.py:156} INFO - Started process (PID=14971) to work on /home/airflow/.local/lib/python3.7/site-packages/airflow/example_dags/tutorial_taskflow_api.py
[2022-10-05T09:31:02.402+0000] {processor.py:758} INFO - Processing file /home/airflow/.local/lib/python3.7/site-packages/airflow/example_dags/tutorial_taskflow_api.py for tasks to queue
[2022-10-05T09:31:02.402+0000] {logging_mixin.py:117} INFO - [2022-10-05T09:31:02.402+0000] {dagbag.py:525} INFO - Filling up the DagBag from /home/airflow/.local/lib/python3.7/site-packages/airflow/example_dags/tutorial_taskflow_api.py
[2022-10-05T09:31:02.419+0000] {processor.py:768} INFO - DAG(s) dict_keys(['tutorial_taskflow_api']) retrieved from /home/airflow/.local/lib/python3.7/site-packages/airflow/example_dags/tutorial_taskflow_api.py
[2022-10-05T09:31:02.450+0000] {logging_mixin.py:117} INFO - [2022-10-05T09:31:02.450+0000] {dag.py:2573} INFO - Sync 1 DAGs
[2022-10-05T09:31:02.469+0000] {logging_mixin.py:117} INFO - [2022-10-05T09:31:02.469+0000] {dag.py:3328} INFO - Setting next_dagrun for tutorial_taskflow_api to None, run_after=None
[2022-10-05T09:31:02.482+0000] {processor.py:178} INFO - Processing /home/airflow/.local/lib/python3.7/site-packages/airflow/example_dags/tutorial_taskflow_api.py took 0.083 seconds
