[2022-10-05T08:54:26.829+0000] {processor.py:156} INFO - Started process (PID=194) to work on /home/airflow/.local/lib/python3.7/site-packages/airflow/example_dags/tutorial.py
[2022-10-05T08:54:26.830+0000] {processor.py:758} INFO - Processing file /home/airflow/.local/lib/python3.7/site-packages/airflow/example_dags/tutorial.py for tasks to queue
[2022-10-05T08:54:26.830+0000] {logging_mixin.py:117} INFO - [2022-10-05T08:54:26.830+0000] {dagbag.py:525} INFO - Filling up the DagBag from /home/airflow/.local/lib/python3.7/site-packages/airflow/example_dags/tutorial.py
[2022-10-05T08:54:26.843+0000] {processor.py:768} INFO - DAG(s) dict_keys(['tutorial']) retrieved from /home/airflow/.local/lib/python3.7/site-packages/airflow/example_dags/tutorial.py
[2022-10-05T08:54:26.866+0000] {logging_mixin.py:117} INFO - [2022-10-05T08:54:26.866+0000] {dag.py:2573} INFO - Sync 1 DAGs
[2022-10-05T08:54:26.885+0000] {logging_mixin.py:117} INFO - [2022-10-05T08:54:26.885+0000] {dag.py:3328} INFO - Setting next_dagrun for tutorial to 2022-10-04T08:54:26.885496+00:00, run_after=2022-10-05T08:54:26.885496+00:00
[2022-10-05T08:54:26.899+0000] {processor.py:178} INFO - Processing /home/airflow/.local/lib/python3.7/site-packages/airflow/example_dags/tutorial.py took 0.072 seconds
[2022-10-05T08:54:57.845+0000] {processor.py:156} INFO - Started process (PID=401) to work on /home/airflow/.local/lib/python3.7/site-packages/airflow/example_dags/tutorial.py
[2022-10-05T08:54:57.846+0000] {processor.py:758} INFO - Processing file /home/airflow/.local/lib/python3.7/site-packages/airflow/example_dags/tutorial.py for tasks to queue
[2022-10-05T08:54:57.846+0000] {logging_mixin.py:117} INFO - [2022-10-05T08:54:57.846+0000] {dagbag.py:525} INFO - Filling up the DagBag from /home/airflow/.local/lib/python3.7/site-packages/airflow/example_dags/tutorial.py
[2022-10-05T08:54:57.859+0000] {processor.py:768} INFO - DAG(s) dict_keys(['tutorial']) retrieved from /home/airflow/.local/lib/python3.7/site-packages/airflow/example_dags/tutorial.py
[2022-10-05T08:54:57.890+0000] {logging_mixin.py:117} INFO - [2022-10-05T08:54:57.890+0000] {dag.py:2573} INFO - Sync 1 DAGs
[2022-10-05T08:54:57.909+0000] {logging_mixin.py:117} INFO - [2022-10-05T08:54:57.909+0000] {dag.py:3328} INFO - Setting next_dagrun for tutorial to 2022-10-04T08:54:57.909241+00:00, run_after=2022-10-05T08:54:57.909241+00:00
[2022-10-05T08:54:57.924+0000] {processor.py:178} INFO - Processing /home/airflow/.local/lib/python3.7/site-packages/airflow/example_dags/tutorial.py took 0.081 seconds
[2022-10-05T08:55:28.294+0000] {processor.py:156} INFO - Started process (PID=609) to work on /home/airflow/.local/lib/python3.7/site-packages/airflow/example_dags/tutorial.py
[2022-10-05T08:55:28.295+0000] {processor.py:758} INFO - Processing file /home/airflow/.local/lib/python3.7/site-packages/airflow/example_dags/tutorial.py for tasks to queue
[2022-10-05T08:55:28.295+0000] {logging_mixin.py:117} INFO - [2022-10-05T08:55:28.295+0000] {dagbag.py:525} INFO - Filling up the DagBag from /home/airflow/.local/lib/python3.7/site-packages/airflow/example_dags/tutorial.py
[2022-10-05T08:55:28.306+0000] {processor.py:768} INFO - DAG(s) dict_keys(['tutorial']) retrieved from /home/airflow/.local/lib/python3.7/site-packages/airflow/example_dags/tutorial.py
[2022-10-05T08:55:28.338+0000] {logging_mixin.py:117} INFO - [2022-10-05T08:55:28.338+0000] {dag.py:2573} INFO - Sync 1 DAGs
[2022-10-05T08:55:28.440+0000] {logging_mixin.py:117} INFO - [2022-10-05T08:55:28.440+0000] {dag.py:3328} INFO - Setting next_dagrun for tutorial to 2022-10-04T08:55:28.440536+00:00, run_after=2022-10-05T08:55:28.440536+00:00
[2022-10-05T08:55:28.454+0000] {processor.py:178} INFO - Processing /home/airflow/.local/lib/python3.7/site-packages/airflow/example_dags/tutorial.py took 0.163 seconds
[2022-10-05T08:55:59.257+0000] {processor.py:156} INFO - Started process (PID=816) to work on /home/airflow/.local/lib/python3.7/site-packages/airflow/example_dags/tutorial.py
[2022-10-05T08:55:59.258+0000] {processor.py:758} INFO - Processing file /home/airflow/.local/lib/python3.7/site-packages/airflow/example_dags/tutorial.py for tasks to queue
[2022-10-05T08:55:59.258+0000] {logging_mixin.py:117} INFO - [2022-10-05T08:55:59.258+0000] {dagbag.py:525} INFO - Filling up the DagBag from /home/airflow/.local/lib/python3.7/site-packages/airflow/example_dags/tutorial.py
[2022-10-05T08:55:59.269+0000] {processor.py:768} INFO - DAG(s) dict_keys(['tutorial']) retrieved from /home/airflow/.local/lib/python3.7/site-packages/airflow/example_dags/tutorial.py
[2022-10-05T08:55:59.301+0000] {logging_mixin.py:117} INFO - [2022-10-05T08:55:59.301+0000] {dag.py:2573} INFO - Sync 1 DAGs
[2022-10-05T08:55:59.407+0000] {logging_mixin.py:117} INFO - [2022-10-05T08:55:59.407+0000] {dag.py:3328} INFO - Setting next_dagrun for tutorial to 2022-10-04T08:55:59.406972+00:00, run_after=2022-10-05T08:55:59.406972+00:00
[2022-10-05T08:55:59.421+0000] {processor.py:178} INFO - Processing /home/airflow/.local/lib/python3.7/site-packages/airflow/example_dags/tutorial.py took 0.166 seconds
[2022-10-05T08:56:30.248+0000] {processor.py:156} INFO - Started process (PID=1014) to work on /home/airflow/.local/lib/python3.7/site-packages/airflow/example_dags/tutorial.py
[2022-10-05T08:56:30.249+0000] {processor.py:758} INFO - Processing file /home/airflow/.local/lib/python3.7/site-packages/airflow/example_dags/tutorial.py for tasks to queue
[2022-10-05T08:56:30.250+0000] {logging_mixin.py:117} INFO - [2022-10-05T08:56:30.250+0000] {dagbag.py:525} INFO - Filling up the DagBag from /home/airflow/.local/lib/python3.7/site-packages/airflow/example_dags/tutorial.py
[2022-10-05T08:56:30.261+0000] {processor.py:768} INFO - DAG(s) dict_keys(['tutorial']) retrieved from /home/airflow/.local/lib/python3.7/site-packages/airflow/example_dags/tutorial.py
[2022-10-05T08:56:30.378+0000] {logging_mixin.py:117} INFO - [2022-10-05T08:56:30.378+0000] {dag.py:2573} INFO - Sync 1 DAGs
[2022-10-05T08:56:30.396+0000] {logging_mixin.py:117} INFO - [2022-10-05T08:56:30.396+0000] {dag.py:3328} INFO - Setting next_dagrun for tutorial to 2022-10-04T08:56:30.396519+00:00, run_after=2022-10-05T08:56:30.396519+00:00
[2022-10-05T08:56:30.410+0000] {processor.py:178} INFO - Processing /home/airflow/.local/lib/python3.7/site-packages/airflow/example_dags/tutorial.py took 0.164 seconds
[2022-10-05T08:57:01.326+0000] {processor.py:156} INFO - Started process (PID=1221) to work on /home/airflow/.local/lib/python3.7/site-packages/airflow/example_dags/tutorial.py
[2022-10-05T08:57:01.327+0000] {processor.py:758} INFO - Processing file /home/airflow/.local/lib/python3.7/site-packages/airflow/example_dags/tutorial.py for tasks to queue
[2022-10-05T08:57:01.327+0000] {logging_mixin.py:117} INFO - [2022-10-05T08:57:01.327+0000] {dagbag.py:525} INFO - Filling up the DagBag from /home/airflow/.local/lib/python3.7/site-packages/airflow/example_dags/tutorial.py
[2022-10-05T08:57:01.338+0000] {processor.py:768} INFO - DAG(s) dict_keys(['tutorial']) retrieved from /home/airflow/.local/lib/python3.7/site-packages/airflow/example_dags/tutorial.py
[2022-10-05T08:57:01.452+0000] {logging_mixin.py:117} INFO - [2022-10-05T08:57:01.452+0000] {dag.py:2573} INFO - Sync 1 DAGs
[2022-10-05T08:57:01.470+0000] {logging_mixin.py:117} INFO - [2022-10-05T08:57:01.470+0000] {dag.py:3328} INFO - Setting next_dagrun for tutorial to 2022-10-04T08:57:01.470247+00:00, run_after=2022-10-05T08:57:01.470247+00:00
[2022-10-05T08:57:01.483+0000] {processor.py:178} INFO - Processing /home/airflow/.local/lib/python3.7/site-packages/airflow/example_dags/tutorial.py took 0.159 seconds
[2022-10-05T08:57:32.058+0000] {processor.py:156} INFO - Started process (PID=1426) to work on /home/airflow/.local/lib/python3.7/site-packages/airflow/example_dags/tutorial.py
[2022-10-05T08:57:32.060+0000] {processor.py:758} INFO - Processing file /home/airflow/.local/lib/python3.7/site-packages/airflow/example_dags/tutorial.py for tasks to queue
[2022-10-05T08:57:32.060+0000] {logging_mixin.py:117} INFO - [2022-10-05T08:57:32.060+0000] {dagbag.py:525} INFO - Filling up the DagBag from /home/airflow/.local/lib/python3.7/site-packages/airflow/example_dags/tutorial.py
[2022-10-05T08:57:32.153+0000] {processor.py:768} INFO - DAG(s) dict_keys(['tutorial']) retrieved from /home/airflow/.local/lib/python3.7/site-packages/airflow/example_dags/tutorial.py
[2022-10-05T08:57:32.180+0000] {logging_mixin.py:117} INFO - [2022-10-05T08:57:32.180+0000] {dag.py:2573} INFO - Sync 1 DAGs
[2022-10-05T08:57:32.199+0000] {logging_mixin.py:117} INFO - [2022-10-05T08:57:32.199+0000] {dag.py:3328} INFO - Setting next_dagrun for tutorial to 2022-10-04T08:57:32.199263+00:00, run_after=2022-10-05T08:57:32.199263+00:00
[2022-10-05T08:57:32.212+0000] {processor.py:178} INFO - Processing /home/airflow/.local/lib/python3.7/site-packages/airflow/example_dags/tutorial.py took 0.156 seconds
[2022-10-05T08:58:02.639+0000] {processor.py:156} INFO - Started process (PID=1635) to work on /home/airflow/.local/lib/python3.7/site-packages/airflow/example_dags/tutorial.py
[2022-10-05T08:58:02.640+0000] {processor.py:758} INFO - Processing file /home/airflow/.local/lib/python3.7/site-packages/airflow/example_dags/tutorial.py for tasks to queue
[2022-10-05T08:58:02.640+0000] {logging_mixin.py:117} INFO - [2022-10-05T08:58:02.640+0000] {dagbag.py:525} INFO - Filling up the DagBag from /home/airflow/.local/lib/python3.7/site-packages/airflow/example_dags/tutorial.py
[2022-10-05T08:58:02.651+0000] {processor.py:768} INFO - DAG(s) dict_keys(['tutorial']) retrieved from /home/airflow/.local/lib/python3.7/site-packages/airflow/example_dags/tutorial.py
[2022-10-05T08:58:02.684+0000] {logging_mixin.py:117} INFO - [2022-10-05T08:58:02.684+0000] {dag.py:2573} INFO - Sync 1 DAGs
[2022-10-05T08:58:02.703+0000] {logging_mixin.py:117} INFO - [2022-10-05T08:58:02.703+0000] {dag.py:3328} INFO - Setting next_dagrun for tutorial to 2022-10-04T08:58:02.703667+00:00, run_after=2022-10-05T08:58:02.703667+00:00
[2022-10-05T08:58:02.717+0000] {processor.py:178} INFO - Processing /home/airflow/.local/lib/python3.7/site-packages/airflow/example_dags/tutorial.py took 0.081 seconds
[2022-10-05T08:58:33.108+0000] {processor.py:156} INFO - Started process (PID=1833) to work on /home/airflow/.local/lib/python3.7/site-packages/airflow/example_dags/tutorial.py
[2022-10-05T08:58:33.110+0000] {processor.py:758} INFO - Processing file /home/airflow/.local/lib/python3.7/site-packages/airflow/example_dags/tutorial.py for tasks to queue
[2022-10-05T08:58:33.110+0000] {logging_mixin.py:117} INFO - [2022-10-05T08:58:33.110+0000] {dagbag.py:525} INFO - Filling up the DagBag from /home/airflow/.local/lib/python3.7/site-packages/airflow/example_dags/tutorial.py
[2022-10-05T08:58:33.121+0000] {processor.py:768} INFO - DAG(s) dict_keys(['tutorial']) retrieved from /home/airflow/.local/lib/python3.7/site-packages/airflow/example_dags/tutorial.py
[2022-10-05T08:58:33.153+0000] {logging_mixin.py:117} INFO - [2022-10-05T08:58:33.153+0000] {dag.py:2573} INFO - Sync 1 DAGs
[2022-10-05T08:58:33.172+0000] {logging_mixin.py:117} INFO - [2022-10-05T08:58:33.172+0000] {dag.py:3328} INFO - Setting next_dagrun for tutorial to 2022-10-04T08:58:33.172651+00:00, run_after=2022-10-05T08:58:33.172651+00:00
[2022-10-05T08:58:33.186+0000] {processor.py:178} INFO - Processing /home/airflow/.local/lib/python3.7/site-packages/airflow/example_dags/tutorial.py took 0.080 seconds
[2022-10-05T08:59:03.602+0000] {processor.py:156} INFO - Started process (PID=2040) to work on /home/airflow/.local/lib/python3.7/site-packages/airflow/example_dags/tutorial.py
[2022-10-05T08:59:03.602+0000] {processor.py:758} INFO - Processing file /home/airflow/.local/lib/python3.7/site-packages/airflow/example_dags/tutorial.py for tasks to queue
[2022-10-05T08:59:03.603+0000] {logging_mixin.py:117} INFO - [2022-10-05T08:59:03.603+0000] {dagbag.py:525} INFO - Filling up the DagBag from /home/airflow/.local/lib/python3.7/site-packages/airflow/example_dags/tutorial.py
[2022-10-05T08:59:03.614+0000] {processor.py:768} INFO - DAG(s) dict_keys(['tutorial']) retrieved from /home/airflow/.local/lib/python3.7/site-packages/airflow/example_dags/tutorial.py
[2022-10-05T08:59:03.646+0000] {logging_mixin.py:117} INFO - [2022-10-05T08:59:03.646+0000] {dag.py:2573} INFO - Sync 1 DAGs
[2022-10-05T08:59:03.665+0000] {logging_mixin.py:117} INFO - [2022-10-05T08:59:03.665+0000] {dag.py:3328} INFO - Setting next_dagrun for tutorial to 2022-10-04T08:59:03.664830+00:00, run_after=2022-10-05T08:59:03.664830+00:00
[2022-10-05T08:59:03.679+0000] {processor.py:178} INFO - Processing /home/airflow/.local/lib/python3.7/site-packages/airflow/example_dags/tutorial.py took 0.080 seconds
[2022-10-05T08:59:33.985+0000] {processor.py:156} INFO - Started process (PID=2247) to work on /home/airflow/.local/lib/python3.7/site-packages/airflow/example_dags/tutorial.py
[2022-10-05T08:59:33.986+0000] {processor.py:758} INFO - Processing file /home/airflow/.local/lib/python3.7/site-packages/airflow/example_dags/tutorial.py for tasks to queue
[2022-10-05T08:59:33.986+0000] {logging_mixin.py:117} INFO - [2022-10-05T08:59:33.986+0000] {dagbag.py:525} INFO - Filling up the DagBag from /home/airflow/.local/lib/python3.7/site-packages/airflow/example_dags/tutorial.py
[2022-10-05T08:59:33.998+0000] {processor.py:768} INFO - DAG(s) dict_keys(['tutorial']) retrieved from /home/airflow/.local/lib/python3.7/site-packages/airflow/example_dags/tutorial.py
[2022-10-05T08:59:34.029+0000] {logging_mixin.py:117} INFO - [2022-10-05T08:59:34.029+0000] {dag.py:2573} INFO - Sync 1 DAGs
[2022-10-05T08:59:34.049+0000] {logging_mixin.py:117} INFO - [2022-10-05T08:59:34.049+0000] {dag.py:3328} INFO - Setting next_dagrun for tutorial to 2022-10-04T08:59:34.049580+00:00, run_after=2022-10-05T08:59:34.049580+00:00
[2022-10-05T08:59:34.063+0000] {processor.py:178} INFO - Processing /home/airflow/.local/lib/python3.7/site-packages/airflow/example_dags/tutorial.py took 0.080 seconds
[2022-10-05T09:00:04.432+0000] {processor.py:156} INFO - Started process (PID=2454) to work on /home/airflow/.local/lib/python3.7/site-packages/airflow/example_dags/tutorial.py
[2022-10-05T09:00:04.433+0000] {processor.py:758} INFO - Processing file /home/airflow/.local/lib/python3.7/site-packages/airflow/example_dags/tutorial.py for tasks to queue
[2022-10-05T09:00:04.433+0000] {logging_mixin.py:117} INFO - [2022-10-05T09:00:04.433+0000] {dagbag.py:525} INFO - Filling up the DagBag from /home/airflow/.local/lib/python3.7/site-packages/airflow/example_dags/tutorial.py
[2022-10-05T09:00:04.444+0000] {processor.py:768} INFO - DAG(s) dict_keys(['tutorial']) retrieved from /home/airflow/.local/lib/python3.7/site-packages/airflow/example_dags/tutorial.py
[2022-10-05T09:00:04.477+0000] {logging_mixin.py:117} INFO - [2022-10-05T09:00:04.477+0000] {dag.py:2573} INFO - Sync 1 DAGs
[2022-10-05T09:00:04.496+0000] {logging_mixin.py:117} INFO - [2022-10-05T09:00:04.496+0000] {dag.py:3328} INFO - Setting next_dagrun for tutorial to 2022-10-04T09:00:04.496378+00:00, run_after=2022-10-05T09:00:04.496378+00:00
[2022-10-05T09:00:04.510+0000] {processor.py:178} INFO - Processing /home/airflow/.local/lib/python3.7/site-packages/airflow/example_dags/tutorial.py took 0.081 seconds
[2022-10-05T09:00:34.791+0000] {processor.py:156} INFO - Started process (PID=2661) to work on /home/airflow/.local/lib/python3.7/site-packages/airflow/example_dags/tutorial.py
[2022-10-05T09:00:34.792+0000] {processor.py:758} INFO - Processing file /home/airflow/.local/lib/python3.7/site-packages/airflow/example_dags/tutorial.py for tasks to queue
[2022-10-05T09:00:34.793+0000] {logging_mixin.py:117} INFO - [2022-10-05T09:00:34.792+0000] {dagbag.py:525} INFO - Filling up the DagBag from /home/airflow/.local/lib/python3.7/site-packages/airflow/example_dags/tutorial.py
[2022-10-05T09:00:34.804+0000] {processor.py:768} INFO - DAG(s) dict_keys(['tutorial']) retrieved from /home/airflow/.local/lib/python3.7/site-packages/airflow/example_dags/tutorial.py
[2022-10-05T09:00:34.837+0000] {logging_mixin.py:117} INFO - [2022-10-05T09:00:34.837+0000] {dag.py:2573} INFO - Sync 1 DAGs
[2022-10-05T09:00:34.857+0000] {logging_mixin.py:117} INFO - [2022-10-05T09:00:34.857+0000] {dag.py:3328} INFO - Setting next_dagrun for tutorial to 2022-10-04T09:00:34.856996+00:00, run_after=2022-10-05T09:00:34.856996+00:00
[2022-10-05T09:00:34.871+0000] {processor.py:178} INFO - Processing /home/airflow/.local/lib/python3.7/site-packages/airflow/example_dags/tutorial.py took 0.082 seconds
[2022-10-05T09:01:05.167+0000] {processor.py:156} INFO - Started process (PID=2859) to work on /home/airflow/.local/lib/python3.7/site-packages/airflow/example_dags/tutorial.py
[2022-10-05T09:01:05.168+0000] {processor.py:758} INFO - Processing file /home/airflow/.local/lib/python3.7/site-packages/airflow/example_dags/tutorial.py for tasks to queue
[2022-10-05T09:01:05.168+0000] {logging_mixin.py:117} INFO - [2022-10-05T09:01:05.168+0000] {dagbag.py:525} INFO - Filling up the DagBag from /home/airflow/.local/lib/python3.7/site-packages/airflow/example_dags/tutorial.py
[2022-10-05T09:01:05.180+0000] {processor.py:768} INFO - DAG(s) dict_keys(['tutorial']) retrieved from /home/airflow/.local/lib/python3.7/site-packages/airflow/example_dags/tutorial.py
[2022-10-05T09:01:05.212+0000] {logging_mixin.py:117} INFO - [2022-10-05T09:01:05.212+0000] {dag.py:2573} INFO - Sync 1 DAGs
[2022-10-05T09:01:05.231+0000] {logging_mixin.py:117} INFO - [2022-10-05T09:01:05.231+0000] {dag.py:3328} INFO - Setting next_dagrun for tutorial to 2022-10-04T09:01:05.231373+00:00, run_after=2022-10-05T09:01:05.231373+00:00
[2022-10-05T09:01:05.245+0000] {processor.py:178} INFO - Processing /home/airflow/.local/lib/python3.7/site-packages/airflow/example_dags/tutorial.py took 0.080 seconds
[2022-10-05T09:01:35.896+0000] {processor.py:156} INFO - Started process (PID=3066) to work on /home/airflow/.local/lib/python3.7/site-packages/airflow/example_dags/tutorial.py
[2022-10-05T09:01:35.897+0000] {processor.py:758} INFO - Processing file /home/airflow/.local/lib/python3.7/site-packages/airflow/example_dags/tutorial.py for tasks to queue
[2022-10-05T09:01:35.898+0000] {logging_mixin.py:117} INFO - [2022-10-05T09:01:35.897+0000] {dagbag.py:525} INFO - Filling up the DagBag from /home/airflow/.local/lib/python3.7/site-packages/airflow/example_dags/tutorial.py
[2022-10-05T09:01:35.909+0000] {processor.py:768} INFO - DAG(s) dict_keys(['tutorial']) retrieved from /home/airflow/.local/lib/python3.7/site-packages/airflow/example_dags/tutorial.py
[2022-10-05T09:01:35.941+0000] {logging_mixin.py:117} INFO - [2022-10-05T09:01:35.941+0000] {dag.py:2573} INFO - Sync 1 DAGs
[2022-10-05T09:01:35.961+0000] {logging_mixin.py:117} INFO - [2022-10-05T09:01:35.961+0000] {dag.py:3328} INFO - Setting next_dagrun for tutorial to 2022-10-04T09:01:35.961260+00:00, run_after=2022-10-05T09:01:35.961260+00:00
[2022-10-05T09:01:35.975+0000] {processor.py:178} INFO - Processing /home/airflow/.local/lib/python3.7/site-packages/airflow/example_dags/tutorial.py took 0.081 seconds
[2022-10-05T09:02:06.448+0000] {processor.py:156} INFO - Started process (PID=3273) to work on /home/airflow/.local/lib/python3.7/site-packages/airflow/example_dags/tutorial.py
[2022-10-05T09:02:06.448+0000] {processor.py:758} INFO - Processing file /home/airflow/.local/lib/python3.7/site-packages/airflow/example_dags/tutorial.py for tasks to queue
[2022-10-05T09:02:06.449+0000] {logging_mixin.py:117} INFO - [2022-10-05T09:02:06.449+0000] {dagbag.py:525} INFO - Filling up the DagBag from /home/airflow/.local/lib/python3.7/site-packages/airflow/example_dags/tutorial.py
[2022-10-05T09:02:06.460+0000] {processor.py:768} INFO - DAG(s) dict_keys(['tutorial']) retrieved from /home/airflow/.local/lib/python3.7/site-packages/airflow/example_dags/tutorial.py
[2022-10-05T09:02:06.491+0000] {logging_mixin.py:117} INFO - [2022-10-05T09:02:06.491+0000] {dag.py:2573} INFO - Sync 1 DAGs
[2022-10-05T09:02:06.512+0000] {logging_mixin.py:117} INFO - [2022-10-05T09:02:06.512+0000] {dag.py:3328} INFO - Setting next_dagrun for tutorial to 2022-10-04T09:02:06.512135+00:00, run_after=2022-10-05T09:02:06.512135+00:00
[2022-10-05T09:02:06.528+0000] {processor.py:178} INFO - Processing /home/airflow/.local/lib/python3.7/site-packages/airflow/example_dags/tutorial.py took 0.082 seconds
[2022-10-05T09:02:37.073+0000] {processor.py:156} INFO - Started process (PID=3480) to work on /home/airflow/.local/lib/python3.7/site-packages/airflow/example_dags/tutorial.py
[2022-10-05T09:02:37.073+0000] {processor.py:758} INFO - Processing file /home/airflow/.local/lib/python3.7/site-packages/airflow/example_dags/tutorial.py for tasks to queue
[2022-10-05T09:02:37.074+0000] {logging_mixin.py:117} INFO - [2022-10-05T09:02:37.074+0000] {dagbag.py:525} INFO - Filling up the DagBag from /home/airflow/.local/lib/python3.7/site-packages/airflow/example_dags/tutorial.py
[2022-10-05T09:02:37.084+0000] {processor.py:768} INFO - DAG(s) dict_keys(['tutorial']) retrieved from /home/airflow/.local/lib/python3.7/site-packages/airflow/example_dags/tutorial.py
[2022-10-05T09:02:37.116+0000] {logging_mixin.py:117} INFO - [2022-10-05T09:02:37.116+0000] {dag.py:2573} INFO - Sync 1 DAGs
[2022-10-05T09:02:37.135+0000] {logging_mixin.py:117} INFO - [2022-10-05T09:02:37.135+0000] {dag.py:3328} INFO - Setting next_dagrun for tutorial to 2022-10-04T09:02:37.135187+00:00, run_after=2022-10-05T09:02:37.135187+00:00
[2022-10-05T09:02:37.149+0000] {processor.py:178} INFO - Processing /home/airflow/.local/lib/python3.7/site-packages/airflow/example_dags/tutorial.py took 0.079 seconds
[2022-10-05T09:03:07.598+0000] {processor.py:156} INFO - Started process (PID=3678) to work on /home/airflow/.local/lib/python3.7/site-packages/airflow/example_dags/tutorial.py
[2022-10-05T09:03:07.599+0000] {processor.py:758} INFO - Processing file /home/airflow/.local/lib/python3.7/site-packages/airflow/example_dags/tutorial.py for tasks to queue
[2022-10-05T09:03:07.599+0000] {logging_mixin.py:117} INFO - [2022-10-05T09:03:07.599+0000] {dagbag.py:525} INFO - Filling up the DagBag from /home/airflow/.local/lib/python3.7/site-packages/airflow/example_dags/tutorial.py
[2022-10-05T09:03:07.610+0000] {processor.py:768} INFO - DAG(s) dict_keys(['tutorial']) retrieved from /home/airflow/.local/lib/python3.7/site-packages/airflow/example_dags/tutorial.py
[2022-10-05T09:03:07.642+0000] {logging_mixin.py:117} INFO - [2022-10-05T09:03:07.642+0000] {dag.py:2573} INFO - Sync 1 DAGs
[2022-10-05T09:03:07.661+0000] {logging_mixin.py:117} INFO - [2022-10-05T09:03:07.661+0000] {dag.py:3328} INFO - Setting next_dagrun for tutorial to 2022-10-04T09:03:07.661518+00:00, run_after=2022-10-05T09:03:07.661518+00:00
[2022-10-05T09:03:07.675+0000] {processor.py:178} INFO - Processing /home/airflow/.local/lib/python3.7/site-packages/airflow/example_dags/tutorial.py took 0.080 seconds
[2022-10-05T09:03:38.169+0000] {processor.py:156} INFO - Started process (PID=3885) to work on /home/airflow/.local/lib/python3.7/site-packages/airflow/example_dags/tutorial.py
[2022-10-05T09:03:38.170+0000] {processor.py:758} INFO - Processing file /home/airflow/.local/lib/python3.7/site-packages/airflow/example_dags/tutorial.py for tasks to queue
[2022-10-05T09:03:38.170+0000] {logging_mixin.py:117} INFO - [2022-10-05T09:03:38.170+0000] {dagbag.py:525} INFO - Filling up the DagBag from /home/airflow/.local/lib/python3.7/site-packages/airflow/example_dags/tutorial.py
[2022-10-05T09:03:38.182+0000] {processor.py:768} INFO - DAG(s) dict_keys(['tutorial']) retrieved from /home/airflow/.local/lib/python3.7/site-packages/airflow/example_dags/tutorial.py
[2022-10-05T09:03:38.213+0000] {logging_mixin.py:117} INFO - [2022-10-05T09:03:38.213+0000] {dag.py:2573} INFO - Sync 1 DAGs
[2022-10-05T09:03:38.233+0000] {logging_mixin.py:117} INFO - [2022-10-05T09:03:38.233+0000] {dag.py:3328} INFO - Setting next_dagrun for tutorial to 2022-10-04T09:03:38.232799+00:00, run_after=2022-10-05T09:03:38.232799+00:00
[2022-10-05T09:03:38.248+0000] {processor.py:178} INFO - Processing /home/airflow/.local/lib/python3.7/site-packages/airflow/example_dags/tutorial.py took 0.080 seconds
[2022-10-05T09:04:08.747+0000] {processor.py:156} INFO - Started process (PID=4092) to work on /home/airflow/.local/lib/python3.7/site-packages/airflow/example_dags/tutorial.py
[2022-10-05T09:04:08.747+0000] {processor.py:758} INFO - Processing file /home/airflow/.local/lib/python3.7/site-packages/airflow/example_dags/tutorial.py for tasks to queue
[2022-10-05T09:04:08.748+0000] {logging_mixin.py:117} INFO - [2022-10-05T09:04:08.748+0000] {dagbag.py:525} INFO - Filling up the DagBag from /home/airflow/.local/lib/python3.7/site-packages/airflow/example_dags/tutorial.py
[2022-10-05T09:04:08.759+0000] {processor.py:768} INFO - DAG(s) dict_keys(['tutorial']) retrieved from /home/airflow/.local/lib/python3.7/site-packages/airflow/example_dags/tutorial.py
[2022-10-05T09:04:08.791+0000] {logging_mixin.py:117} INFO - [2022-10-05T09:04:08.790+0000] {dag.py:2573} INFO - Sync 1 DAGs
[2022-10-05T09:04:08.811+0000] {logging_mixin.py:117} INFO - [2022-10-05T09:04:08.811+0000] {dag.py:3328} INFO - Setting next_dagrun for tutorial to 2022-10-04T09:04:08.811159+00:00, run_after=2022-10-05T09:04:08.811159+00:00
[2022-10-05T09:04:08.825+0000] {processor.py:178} INFO - Processing /home/airflow/.local/lib/python3.7/site-packages/airflow/example_dags/tutorial.py took 0.081 seconds
[2022-10-05T09:04:39.308+0000] {processor.py:156} INFO - Started process (PID=4299) to work on /home/airflow/.local/lib/python3.7/site-packages/airflow/example_dags/tutorial.py
[2022-10-05T09:04:39.309+0000] {processor.py:758} INFO - Processing file /home/airflow/.local/lib/python3.7/site-packages/airflow/example_dags/tutorial.py for tasks to queue
[2022-10-05T09:04:39.309+0000] {logging_mixin.py:117} INFO - [2022-10-05T09:04:39.309+0000] {dagbag.py:525} INFO - Filling up the DagBag from /home/airflow/.local/lib/python3.7/site-packages/airflow/example_dags/tutorial.py
[2022-10-05T09:04:39.320+0000] {processor.py:768} INFO - DAG(s) dict_keys(['tutorial']) retrieved from /home/airflow/.local/lib/python3.7/site-packages/airflow/example_dags/tutorial.py
[2022-10-05T09:04:39.352+0000] {logging_mixin.py:117} INFO - [2022-10-05T09:04:39.352+0000] {dag.py:2573} INFO - Sync 1 DAGs
[2022-10-05T09:04:39.371+0000] {logging_mixin.py:117} INFO - [2022-10-05T09:04:39.371+0000] {dag.py:3328} INFO - Setting next_dagrun for tutorial to 2022-10-04T09:04:39.371662+00:00, run_after=2022-10-05T09:04:39.371662+00:00
[2022-10-05T09:04:39.386+0000] {processor.py:178} INFO - Processing /home/airflow/.local/lib/python3.7/site-packages/airflow/example_dags/tutorial.py took 0.080 seconds
[2022-10-05T09:05:09.720+0000] {processor.py:156} INFO - Started process (PID=4497) to work on /home/airflow/.local/lib/python3.7/site-packages/airflow/example_dags/tutorial.py
[2022-10-05T09:05:09.721+0000] {processor.py:758} INFO - Processing file /home/airflow/.local/lib/python3.7/site-packages/airflow/example_dags/tutorial.py for tasks to queue
[2022-10-05T09:05:09.721+0000] {logging_mixin.py:117} INFO - [2022-10-05T09:05:09.721+0000] {dagbag.py:525} INFO - Filling up the DagBag from /home/airflow/.local/lib/python3.7/site-packages/airflow/example_dags/tutorial.py
[2022-10-05T09:05:09.733+0000] {processor.py:768} INFO - DAG(s) dict_keys(['tutorial']) retrieved from /home/airflow/.local/lib/python3.7/site-packages/airflow/example_dags/tutorial.py
[2022-10-05T09:05:09.764+0000] {logging_mixin.py:117} INFO - [2022-10-05T09:05:09.764+0000] {dag.py:2573} INFO - Sync 1 DAGs
[2022-10-05T09:05:09.784+0000] {logging_mixin.py:117} INFO - [2022-10-05T09:05:09.783+0000] {dag.py:3328} INFO - Setting next_dagrun for tutorial to 2022-10-04T09:05:09.783758+00:00, run_after=2022-10-05T09:05:09.783758+00:00
[2022-10-05T09:05:09.798+0000] {processor.py:178} INFO - Processing /home/airflow/.local/lib/python3.7/site-packages/airflow/example_dags/tutorial.py took 0.080 seconds
[2022-10-05T09:05:40.128+0000] {processor.py:156} INFO - Started process (PID=4704) to work on /home/airflow/.local/lib/python3.7/site-packages/airflow/example_dags/tutorial.py
[2022-10-05T09:05:40.129+0000] {processor.py:758} INFO - Processing file /home/airflow/.local/lib/python3.7/site-packages/airflow/example_dags/tutorial.py for tasks to queue
[2022-10-05T09:05:40.129+0000] {logging_mixin.py:117} INFO - [2022-10-05T09:05:40.129+0000] {dagbag.py:525} INFO - Filling up the DagBag from /home/airflow/.local/lib/python3.7/site-packages/airflow/example_dags/tutorial.py
[2022-10-05T09:05:40.140+0000] {processor.py:768} INFO - DAG(s) dict_keys(['tutorial']) retrieved from /home/airflow/.local/lib/python3.7/site-packages/airflow/example_dags/tutorial.py
[2022-10-05T09:05:40.172+0000] {logging_mixin.py:117} INFO - [2022-10-05T09:05:40.172+0000] {dag.py:2573} INFO - Sync 1 DAGs
[2022-10-05T09:05:40.191+0000] {logging_mixin.py:117} INFO - [2022-10-05T09:05:40.191+0000] {dag.py:3328} INFO - Setting next_dagrun for tutorial to 2022-10-04T09:05:40.191140+00:00, run_after=2022-10-05T09:05:40.191140+00:00
[2022-10-05T09:05:40.206+0000] {processor.py:178} INFO - Processing /home/airflow/.local/lib/python3.7/site-packages/airflow/example_dags/tutorial.py took 0.080 seconds
[2022-10-05T09:06:10.597+0000] {processor.py:156} INFO - Started process (PID=4911) to work on /home/airflow/.local/lib/python3.7/site-packages/airflow/example_dags/tutorial.py
[2022-10-05T09:06:10.597+0000] {processor.py:758} INFO - Processing file /home/airflow/.local/lib/python3.7/site-packages/airflow/example_dags/tutorial.py for tasks to queue
[2022-10-05T09:06:10.598+0000] {logging_mixin.py:117} INFO - [2022-10-05T09:06:10.598+0000] {dagbag.py:525} INFO - Filling up the DagBag from /home/airflow/.local/lib/python3.7/site-packages/airflow/example_dags/tutorial.py
[2022-10-05T09:06:10.609+0000] {processor.py:768} INFO - DAG(s) dict_keys(['tutorial']) retrieved from /home/airflow/.local/lib/python3.7/site-packages/airflow/example_dags/tutorial.py
[2022-10-05T09:06:10.641+0000] {logging_mixin.py:117} INFO - [2022-10-05T09:06:10.641+0000] {dag.py:2573} INFO - Sync 1 DAGs
[2022-10-05T09:06:10.661+0000] {logging_mixin.py:117} INFO - [2022-10-05T09:06:10.661+0000] {dag.py:3328} INFO - Setting next_dagrun for tutorial to 2022-10-04T09:06:10.661113+00:00, run_after=2022-10-05T09:06:10.661113+00:00
[2022-10-05T09:06:10.675+0000] {processor.py:178} INFO - Processing /home/airflow/.local/lib/python3.7/site-packages/airflow/example_dags/tutorial.py took 0.080 seconds
[2022-10-05T09:06:40.907+0000] {processor.py:156} INFO - Started process (PID=5118) to work on /home/airflow/.local/lib/python3.7/site-packages/airflow/example_dags/tutorial.py
[2022-10-05T09:06:40.907+0000] {processor.py:758} INFO - Processing file /home/airflow/.local/lib/python3.7/site-packages/airflow/example_dags/tutorial.py for tasks to queue
[2022-10-05T09:06:40.908+0000] {logging_mixin.py:117} INFO - [2022-10-05T09:06:40.908+0000] {dagbag.py:525} INFO - Filling up the DagBag from /home/airflow/.local/lib/python3.7/site-packages/airflow/example_dags/tutorial.py
[2022-10-05T09:06:40.919+0000] {processor.py:768} INFO - DAG(s) dict_keys(['tutorial']) retrieved from /home/airflow/.local/lib/python3.7/site-packages/airflow/example_dags/tutorial.py
[2022-10-05T09:06:40.951+0000] {logging_mixin.py:117} INFO - [2022-10-05T09:06:40.951+0000] {dag.py:2573} INFO - Sync 1 DAGs
[2022-10-05T09:06:40.970+0000] {logging_mixin.py:117} INFO - [2022-10-05T09:06:40.970+0000] {dag.py:3328} INFO - Setting next_dagrun for tutorial to 2022-10-04T09:06:40.970489+00:00, run_after=2022-10-05T09:06:40.970489+00:00
[2022-10-05T09:06:40.984+0000] {processor.py:178} INFO - Processing /home/airflow/.local/lib/python3.7/site-packages/airflow/example_dags/tutorial.py took 0.080 seconds
[2022-10-05T09:07:11.316+0000] {processor.py:156} INFO - Started process (PID=5323) to work on /home/airflow/.local/lib/python3.7/site-packages/airflow/example_dags/tutorial.py
[2022-10-05T09:07:11.317+0000] {processor.py:758} INFO - Processing file /home/airflow/.local/lib/python3.7/site-packages/airflow/example_dags/tutorial.py for tasks to queue
[2022-10-05T09:07:11.317+0000] {logging_mixin.py:117} INFO - [2022-10-05T09:07:11.317+0000] {dagbag.py:525} INFO - Filling up the DagBag from /home/airflow/.local/lib/python3.7/site-packages/airflow/example_dags/tutorial.py
[2022-10-05T09:07:11.329+0000] {processor.py:768} INFO - DAG(s) dict_keys(['tutorial']) retrieved from /home/airflow/.local/lib/python3.7/site-packages/airflow/example_dags/tutorial.py
[2022-10-05T09:07:11.361+0000] {logging_mixin.py:117} INFO - [2022-10-05T09:07:11.361+0000] {dag.py:2573} INFO - Sync 1 DAGs
[2022-10-05T09:07:11.381+0000] {logging_mixin.py:117} INFO - [2022-10-05T09:07:11.381+0000] {dag.py:3328} INFO - Setting next_dagrun for tutorial to 2022-10-04T09:07:11.380910+00:00, run_after=2022-10-05T09:07:11.380910+00:00
[2022-10-05T09:07:11.395+0000] {processor.py:178} INFO - Processing /home/airflow/.local/lib/python3.7/site-packages/airflow/example_dags/tutorial.py took 0.081 seconds
[2022-10-05T09:07:41.830+0000] {processor.py:156} INFO - Started process (PID=5523) to work on /home/airflow/.local/lib/python3.7/site-packages/airflow/example_dags/tutorial.py
[2022-10-05T09:07:41.831+0000] {processor.py:758} INFO - Processing file /home/airflow/.local/lib/python3.7/site-packages/airflow/example_dags/tutorial.py for tasks to queue
[2022-10-05T09:07:41.832+0000] {logging_mixin.py:117} INFO - [2022-10-05T09:07:41.832+0000] {dagbag.py:525} INFO - Filling up the DagBag from /home/airflow/.local/lib/python3.7/site-packages/airflow/example_dags/tutorial.py
[2022-10-05T09:07:41.843+0000] {processor.py:768} INFO - DAG(s) dict_keys(['tutorial']) retrieved from /home/airflow/.local/lib/python3.7/site-packages/airflow/example_dags/tutorial.py
[2022-10-05T09:07:41.874+0000] {logging_mixin.py:117} INFO - [2022-10-05T09:07:41.874+0000] {dag.py:2573} INFO - Sync 1 DAGs
[2022-10-05T09:07:41.894+0000] {logging_mixin.py:117} INFO - [2022-10-05T09:07:41.893+0000] {dag.py:3328} INFO - Setting next_dagrun for tutorial to 2022-10-04T09:07:41.893719+00:00, run_after=2022-10-05T09:07:41.893719+00:00
[2022-10-05T09:07:41.908+0000] {processor.py:178} INFO - Processing /home/airflow/.local/lib/python3.7/site-packages/airflow/example_dags/tutorial.py took 0.080 seconds
[2022-10-05T09:08:12.215+0000] {processor.py:156} INFO - Started process (PID=5730) to work on /home/airflow/.local/lib/python3.7/site-packages/airflow/example_dags/tutorial.py
[2022-10-05T09:08:12.216+0000] {processor.py:758} INFO - Processing file /home/airflow/.local/lib/python3.7/site-packages/airflow/example_dags/tutorial.py for tasks to queue
[2022-10-05T09:08:12.216+0000] {logging_mixin.py:117} INFO - [2022-10-05T09:08:12.216+0000] {dagbag.py:525} INFO - Filling up the DagBag from /home/airflow/.local/lib/python3.7/site-packages/airflow/example_dags/tutorial.py
[2022-10-05T09:08:12.227+0000] {processor.py:768} INFO - DAG(s) dict_keys(['tutorial']) retrieved from /home/airflow/.local/lib/python3.7/site-packages/airflow/example_dags/tutorial.py
[2022-10-05T09:08:12.259+0000] {logging_mixin.py:117} INFO - [2022-10-05T09:08:12.259+0000] {dag.py:2573} INFO - Sync 1 DAGs
[2022-10-05T09:08:12.279+0000] {logging_mixin.py:117} INFO - [2022-10-05T09:08:12.279+0000] {dag.py:3328} INFO - Setting next_dagrun for tutorial to 2022-10-04T09:08:12.279444+00:00, run_after=2022-10-05T09:08:12.279444+00:00
[2022-10-05T09:08:12.293+0000] {processor.py:178} INFO - Processing /home/airflow/.local/lib/python3.7/site-packages/airflow/example_dags/tutorial.py took 0.080 seconds
[2022-10-05T09:08:42.720+0000] {processor.py:156} INFO - Started process (PID=5937) to work on /home/airflow/.local/lib/python3.7/site-packages/airflow/example_dags/tutorial.py
[2022-10-05T09:08:42.721+0000] {processor.py:758} INFO - Processing file /home/airflow/.local/lib/python3.7/site-packages/airflow/example_dags/tutorial.py for tasks to queue
[2022-10-05T09:08:42.721+0000] {logging_mixin.py:117} INFO - [2022-10-05T09:08:42.721+0000] {dagbag.py:525} INFO - Filling up the DagBag from /home/airflow/.local/lib/python3.7/site-packages/airflow/example_dags/tutorial.py
[2022-10-05T09:08:42.732+0000] {processor.py:768} INFO - DAG(s) dict_keys(['tutorial']) retrieved from /home/airflow/.local/lib/python3.7/site-packages/airflow/example_dags/tutorial.py
[2022-10-05T09:08:42.765+0000] {logging_mixin.py:117} INFO - [2022-10-05T09:08:42.765+0000] {dag.py:2573} INFO - Sync 1 DAGs
[2022-10-05T09:08:42.784+0000] {logging_mixin.py:117} INFO - [2022-10-05T09:08:42.784+0000] {dag.py:3328} INFO - Setting next_dagrun for tutorial to 2022-10-04T09:08:42.784138+00:00, run_after=2022-10-05T09:08:42.784138+00:00
[2022-10-05T09:08:42.798+0000] {processor.py:178} INFO - Processing /home/airflow/.local/lib/python3.7/site-packages/airflow/example_dags/tutorial.py took 0.081 seconds
[2022-10-05T09:09:13.362+0000] {processor.py:156} INFO - Started process (PID=6144) to work on /home/airflow/.local/lib/python3.7/site-packages/airflow/example_dags/tutorial.py
[2022-10-05T09:09:13.363+0000] {processor.py:758} INFO - Processing file /home/airflow/.local/lib/python3.7/site-packages/airflow/example_dags/tutorial.py for tasks to queue
[2022-10-05T09:09:13.363+0000] {logging_mixin.py:117} INFO - [2022-10-05T09:09:13.363+0000] {dagbag.py:525} INFO - Filling up the DagBag from /home/airflow/.local/lib/python3.7/site-packages/airflow/example_dags/tutorial.py
[2022-10-05T09:09:13.374+0000] {processor.py:768} INFO - DAG(s) dict_keys(['tutorial']) retrieved from /home/airflow/.local/lib/python3.7/site-packages/airflow/example_dags/tutorial.py
[2022-10-05T09:09:13.406+0000] {logging_mixin.py:117} INFO - [2022-10-05T09:09:13.406+0000] {dag.py:2573} INFO - Sync 1 DAGs
[2022-10-05T09:09:13.426+0000] {logging_mixin.py:117} INFO - [2022-10-05T09:09:13.426+0000] {dag.py:3328} INFO - Setting next_dagrun for tutorial to 2022-10-04T09:09:13.426113+00:00, run_after=2022-10-05T09:09:13.426113+00:00
[2022-10-05T09:09:13.440+0000] {processor.py:178} INFO - Processing /home/airflow/.local/lib/python3.7/site-packages/airflow/example_dags/tutorial.py took 0.081 seconds
[2022-10-05T09:09:43.632+0000] {processor.py:156} INFO - Started process (PID=6342) to work on /home/airflow/.local/lib/python3.7/site-packages/airflow/example_dags/tutorial.py
[2022-10-05T09:09:43.633+0000] {processor.py:758} INFO - Processing file /home/airflow/.local/lib/python3.7/site-packages/airflow/example_dags/tutorial.py for tasks to queue
[2022-10-05T09:09:43.634+0000] {logging_mixin.py:117} INFO - [2022-10-05T09:09:43.634+0000] {dagbag.py:525} INFO - Filling up the DagBag from /home/airflow/.local/lib/python3.7/site-packages/airflow/example_dags/tutorial.py
[2022-10-05T09:09:43.645+0000] {processor.py:768} INFO - DAG(s) dict_keys(['tutorial']) retrieved from /home/airflow/.local/lib/python3.7/site-packages/airflow/example_dags/tutorial.py
[2022-10-05T09:09:43.677+0000] {logging_mixin.py:117} INFO - [2022-10-05T09:09:43.677+0000] {dag.py:2573} INFO - Sync 1 DAGs
[2022-10-05T09:09:43.696+0000] {logging_mixin.py:117} INFO - [2022-10-05T09:09:43.696+0000] {dag.py:3328} INFO - Setting next_dagrun for tutorial to 2022-10-04T09:09:43.696046+00:00, run_after=2022-10-05T09:09:43.696046+00:00
[2022-10-05T09:09:43.711+0000] {processor.py:178} INFO - Processing /home/airflow/.local/lib/python3.7/site-packages/airflow/example_dags/tutorial.py took 0.081 seconds
[2022-10-05T09:10:14.047+0000] {processor.py:156} INFO - Started process (PID=6549) to work on /home/airflow/.local/lib/python3.7/site-packages/airflow/example_dags/tutorial.py
[2022-10-05T09:10:14.048+0000] {processor.py:758} INFO - Processing file /home/airflow/.local/lib/python3.7/site-packages/airflow/example_dags/tutorial.py for tasks to queue
[2022-10-05T09:10:14.048+0000] {logging_mixin.py:117} INFO - [2022-10-05T09:10:14.048+0000] {dagbag.py:525} INFO - Filling up the DagBag from /home/airflow/.local/lib/python3.7/site-packages/airflow/example_dags/tutorial.py
[2022-10-05T09:10:14.059+0000] {processor.py:768} INFO - DAG(s) dict_keys(['tutorial']) retrieved from /home/airflow/.local/lib/python3.7/site-packages/airflow/example_dags/tutorial.py
[2022-10-05T09:10:14.091+0000] {logging_mixin.py:117} INFO - [2022-10-05T09:10:14.091+0000] {dag.py:2573} INFO - Sync 1 DAGs
[2022-10-05T09:10:14.111+0000] {logging_mixin.py:117} INFO - [2022-10-05T09:10:14.111+0000] {dag.py:3328} INFO - Setting next_dagrun for tutorial to 2022-10-04T09:10:14.111327+00:00, run_after=2022-10-05T09:10:14.111327+00:00
[2022-10-05T09:10:14.125+0000] {processor.py:178} INFO - Processing /home/airflow/.local/lib/python3.7/site-packages/airflow/example_dags/tutorial.py took 0.080 seconds
[2022-10-05T09:10:44.511+0000] {processor.py:156} INFO - Started process (PID=6756) to work on /home/airflow/.local/lib/python3.7/site-packages/airflow/example_dags/tutorial.py
[2022-10-05T09:10:44.511+0000] {processor.py:758} INFO - Processing file /home/airflow/.local/lib/python3.7/site-packages/airflow/example_dags/tutorial.py for tasks to queue
[2022-10-05T09:10:44.512+0000] {logging_mixin.py:117} INFO - [2022-10-05T09:10:44.512+0000] {dagbag.py:525} INFO - Filling up the DagBag from /home/airflow/.local/lib/python3.7/site-packages/airflow/example_dags/tutorial.py
[2022-10-05T09:10:44.522+0000] {processor.py:768} INFO - DAG(s) dict_keys(['tutorial']) retrieved from /home/airflow/.local/lib/python3.7/site-packages/airflow/example_dags/tutorial.py
[2022-10-05T09:10:44.554+0000] {logging_mixin.py:117} INFO - [2022-10-05T09:10:44.554+0000] {dag.py:2573} INFO - Sync 1 DAGs
[2022-10-05T09:10:44.573+0000] {logging_mixin.py:117} INFO - [2022-10-05T09:10:44.573+0000] {dag.py:3328} INFO - Setting next_dagrun for tutorial to 2022-10-04T09:10:44.573590+00:00, run_after=2022-10-05T09:10:44.573590+00:00
[2022-10-05T09:10:44.587+0000] {processor.py:178} INFO - Processing /home/airflow/.local/lib/python3.7/site-packages/airflow/example_dags/tutorial.py took 0.079 seconds
[2022-10-05T09:11:14.865+0000] {processor.py:156} INFO - Started process (PID=6963) to work on /home/airflow/.local/lib/python3.7/site-packages/airflow/example_dags/tutorial.py
[2022-10-05T09:11:14.866+0000] {processor.py:758} INFO - Processing file /home/airflow/.local/lib/python3.7/site-packages/airflow/example_dags/tutorial.py for tasks to queue
[2022-10-05T09:11:14.866+0000] {logging_mixin.py:117} INFO - [2022-10-05T09:11:14.866+0000] {dagbag.py:525} INFO - Filling up the DagBag from /home/airflow/.local/lib/python3.7/site-packages/airflow/example_dags/tutorial.py
[2022-10-05T09:11:14.878+0000] {processor.py:768} INFO - DAG(s) dict_keys(['tutorial']) retrieved from /home/airflow/.local/lib/python3.7/site-packages/airflow/example_dags/tutorial.py
[2022-10-05T09:11:14.912+0000] {logging_mixin.py:117} INFO - [2022-10-05T09:11:14.912+0000] {dag.py:2573} INFO - Sync 1 DAGs
[2022-10-05T09:11:14.932+0000] {logging_mixin.py:117} INFO - [2022-10-05T09:11:14.932+0000] {dag.py:3328} INFO - Setting next_dagrun for tutorial to 2022-10-04T09:11:14.932226+00:00, run_after=2022-10-05T09:11:14.932226+00:00
[2022-10-05T09:11:14.947+0000] {processor.py:178} INFO - Processing /home/airflow/.local/lib/python3.7/site-packages/airflow/example_dags/tutorial.py took 0.084 seconds
[2022-10-05T09:11:45.116+0000] {processor.py:156} INFO - Started process (PID=7161) to work on /home/airflow/.local/lib/python3.7/site-packages/airflow/example_dags/tutorial.py
[2022-10-05T09:11:45.117+0000] {processor.py:758} INFO - Processing file /home/airflow/.local/lib/python3.7/site-packages/airflow/example_dags/tutorial.py for tasks to queue
[2022-10-05T09:11:45.117+0000] {logging_mixin.py:117} INFO - [2022-10-05T09:11:45.117+0000] {dagbag.py:525} INFO - Filling up the DagBag from /home/airflow/.local/lib/python3.7/site-packages/airflow/example_dags/tutorial.py
[2022-10-05T09:11:45.129+0000] {processor.py:768} INFO - DAG(s) dict_keys(['tutorial']) retrieved from /home/airflow/.local/lib/python3.7/site-packages/airflow/example_dags/tutorial.py
[2022-10-05T09:11:45.160+0000] {logging_mixin.py:117} INFO - [2022-10-05T09:11:45.160+0000] {dag.py:2573} INFO - Sync 1 DAGs
[2022-10-05T09:11:45.179+0000] {logging_mixin.py:117} INFO - [2022-10-05T09:11:45.179+0000] {dag.py:3328} INFO - Setting next_dagrun for tutorial to 2022-10-04T09:11:45.179372+00:00, run_after=2022-10-05T09:11:45.179372+00:00
[2022-10-05T09:11:45.194+0000] {processor.py:178} INFO - Processing /home/airflow/.local/lib/python3.7/site-packages/airflow/example_dags/tutorial.py took 0.080 seconds
[2022-10-05T09:12:15.618+0000] {processor.py:156} INFO - Started process (PID=7368) to work on /home/airflow/.local/lib/python3.7/site-packages/airflow/example_dags/tutorial.py
[2022-10-05T09:12:15.619+0000] {processor.py:758} INFO - Processing file /home/airflow/.local/lib/python3.7/site-packages/airflow/example_dags/tutorial.py for tasks to queue
[2022-10-05T09:12:15.619+0000] {logging_mixin.py:117} INFO - [2022-10-05T09:12:15.619+0000] {dagbag.py:525} INFO - Filling up the DagBag from /home/airflow/.local/lib/python3.7/site-packages/airflow/example_dags/tutorial.py
[2022-10-05T09:12:15.630+0000] {processor.py:768} INFO - DAG(s) dict_keys(['tutorial']) retrieved from /home/airflow/.local/lib/python3.7/site-packages/airflow/example_dags/tutorial.py
[2022-10-05T09:12:15.663+0000] {logging_mixin.py:117} INFO - [2022-10-05T09:12:15.663+0000] {dag.py:2573} INFO - Sync 1 DAGs
[2022-10-05T09:12:15.683+0000] {logging_mixin.py:117} INFO - [2022-10-05T09:12:15.683+0000] {dag.py:3328} INFO - Setting next_dagrun for tutorial to 2022-10-04T09:12:15.683312+00:00, run_after=2022-10-05T09:12:15.683312+00:00
[2022-10-05T09:12:15.697+0000] {processor.py:178} INFO - Processing /home/airflow/.local/lib/python3.7/site-packages/airflow/example_dags/tutorial.py took 0.082 seconds
[2022-10-05T09:12:46.005+0000] {processor.py:156} INFO - Started process (PID=7575) to work on /home/airflow/.local/lib/python3.7/site-packages/airflow/example_dags/tutorial.py
[2022-10-05T09:12:46.006+0000] {processor.py:758} INFO - Processing file /home/airflow/.local/lib/python3.7/site-packages/airflow/example_dags/tutorial.py for tasks to queue
[2022-10-05T09:12:46.007+0000] {logging_mixin.py:117} INFO - [2022-10-05T09:12:46.007+0000] {dagbag.py:525} INFO - Filling up the DagBag from /home/airflow/.local/lib/python3.7/site-packages/airflow/example_dags/tutorial.py
[2022-10-05T09:12:46.018+0000] {processor.py:768} INFO - DAG(s) dict_keys(['tutorial']) retrieved from /home/airflow/.local/lib/python3.7/site-packages/airflow/example_dags/tutorial.py
[2022-10-05T09:12:46.051+0000] {logging_mixin.py:117} INFO - [2022-10-05T09:12:46.051+0000] {dag.py:2573} INFO - Sync 1 DAGs
[2022-10-05T09:12:46.071+0000] {logging_mixin.py:117} INFO - [2022-10-05T09:12:46.071+0000] {dag.py:3328} INFO - Setting next_dagrun for tutorial to 2022-10-04T09:12:46.070852+00:00, run_after=2022-10-05T09:12:46.070852+00:00
[2022-10-05T09:12:46.085+0000] {processor.py:178} INFO - Processing /home/airflow/.local/lib/python3.7/site-packages/airflow/example_dags/tutorial.py took 0.082 seconds
[2022-10-05T09:13:16.480+0000] {processor.py:156} INFO - Started process (PID=7782) to work on /home/airflow/.local/lib/python3.7/site-packages/airflow/example_dags/tutorial.py
[2022-10-05T09:13:16.481+0000] {processor.py:758} INFO - Processing file /home/airflow/.local/lib/python3.7/site-packages/airflow/example_dags/tutorial.py for tasks to queue
[2022-10-05T09:13:16.481+0000] {logging_mixin.py:117} INFO - [2022-10-05T09:13:16.481+0000] {dagbag.py:525} INFO - Filling up the DagBag from /home/airflow/.local/lib/python3.7/site-packages/airflow/example_dags/tutorial.py
[2022-10-05T09:13:16.492+0000] {processor.py:768} INFO - DAG(s) dict_keys(['tutorial']) retrieved from /home/airflow/.local/lib/python3.7/site-packages/airflow/example_dags/tutorial.py
[2022-10-05T09:13:16.525+0000] {logging_mixin.py:117} INFO - [2022-10-05T09:13:16.525+0000] {dag.py:2573} INFO - Sync 1 DAGs
[2022-10-05T09:13:16.544+0000] {logging_mixin.py:117} INFO - [2022-10-05T09:13:16.544+0000] {dag.py:3328} INFO - Setting next_dagrun for tutorial to 2022-10-04T09:13:16.544105+00:00, run_after=2022-10-05T09:13:16.544105+00:00
[2022-10-05T09:13:16.558+0000] {processor.py:178} INFO - Processing /home/airflow/.local/lib/python3.7/site-packages/airflow/example_dags/tutorial.py took 0.080 seconds
[2022-10-05T09:13:46.834+0000] {processor.py:156} INFO - Started process (PID=7980) to work on /home/airflow/.local/lib/python3.7/site-packages/airflow/example_dags/tutorial.py
[2022-10-05T09:13:46.834+0000] {processor.py:758} INFO - Processing file /home/airflow/.local/lib/python3.7/site-packages/airflow/example_dags/tutorial.py for tasks to queue
[2022-10-05T09:13:46.835+0000] {logging_mixin.py:117} INFO - [2022-10-05T09:13:46.835+0000] {dagbag.py:525} INFO - Filling up the DagBag from /home/airflow/.local/lib/python3.7/site-packages/airflow/example_dags/tutorial.py
[2022-10-05T09:13:46.847+0000] {processor.py:768} INFO - DAG(s) dict_keys(['tutorial']) retrieved from /home/airflow/.local/lib/python3.7/site-packages/airflow/example_dags/tutorial.py
[2022-10-05T09:13:46.879+0000] {logging_mixin.py:117} INFO - [2022-10-05T09:13:46.878+0000] {dag.py:2573} INFO - Sync 1 DAGs
[2022-10-05T09:13:46.898+0000] {logging_mixin.py:117} INFO - [2022-10-05T09:13:46.898+0000] {dag.py:3328} INFO - Setting next_dagrun for tutorial to 2022-10-04T09:13:46.898049+00:00, run_after=2022-10-05T09:13:46.898049+00:00
[2022-10-05T09:13:46.912+0000] {processor.py:178} INFO - Processing /home/airflow/.local/lib/python3.7/site-packages/airflow/example_dags/tutorial.py took 0.080 seconds
[2022-10-05T09:14:17.319+0000] {processor.py:156} INFO - Started process (PID=8187) to work on /home/airflow/.local/lib/python3.7/site-packages/airflow/example_dags/tutorial.py
[2022-10-05T09:14:17.319+0000] {processor.py:758} INFO - Processing file /home/airflow/.local/lib/python3.7/site-packages/airflow/example_dags/tutorial.py for tasks to queue
[2022-10-05T09:14:17.320+0000] {logging_mixin.py:117} INFO - [2022-10-05T09:14:17.320+0000] {dagbag.py:525} INFO - Filling up the DagBag from /home/airflow/.local/lib/python3.7/site-packages/airflow/example_dags/tutorial.py
[2022-10-05T09:14:17.331+0000] {processor.py:768} INFO - DAG(s) dict_keys(['tutorial']) retrieved from /home/airflow/.local/lib/python3.7/site-packages/airflow/example_dags/tutorial.py
[2022-10-05T09:14:17.362+0000] {logging_mixin.py:117} INFO - [2022-10-05T09:14:17.362+0000] {dag.py:2573} INFO - Sync 1 DAGs
[2022-10-05T09:14:17.383+0000] {logging_mixin.py:117} INFO - [2022-10-05T09:14:17.382+0000] {dag.py:3328} INFO - Setting next_dagrun for tutorial to 2022-10-04T09:14:17.382686+00:00, run_after=2022-10-05T09:14:17.382686+00:00
[2022-10-05T09:14:17.396+0000] {processor.py:178} INFO - Processing /home/airflow/.local/lib/python3.7/site-packages/airflow/example_dags/tutorial.py took 0.080 seconds
[2022-10-05T09:14:47.709+0000] {processor.py:156} INFO - Started process (PID=8394) to work on /home/airflow/.local/lib/python3.7/site-packages/airflow/example_dags/tutorial.py
[2022-10-05T09:14:47.710+0000] {processor.py:758} INFO - Processing file /home/airflow/.local/lib/python3.7/site-packages/airflow/example_dags/tutorial.py for tasks to queue
[2022-10-05T09:14:47.711+0000] {logging_mixin.py:117} INFO - [2022-10-05T09:14:47.710+0000] {dagbag.py:525} INFO - Filling up the DagBag from /home/airflow/.local/lib/python3.7/site-packages/airflow/example_dags/tutorial.py
[2022-10-05T09:14:47.722+0000] {processor.py:768} INFO - DAG(s) dict_keys(['tutorial']) retrieved from /home/airflow/.local/lib/python3.7/site-packages/airflow/example_dags/tutorial.py
[2022-10-05T09:14:47.756+0000] {logging_mixin.py:117} INFO - [2022-10-05T09:14:47.755+0000] {dag.py:2573} INFO - Sync 1 DAGs
[2022-10-05T09:14:47.775+0000] {logging_mixin.py:117} INFO - [2022-10-05T09:14:47.775+0000] {dag.py:3328} INFO - Setting next_dagrun for tutorial to 2022-10-04T09:14:47.775524+00:00, run_after=2022-10-05T09:14:47.775524+00:00
[2022-10-05T09:14:47.790+0000] {processor.py:178} INFO - Processing /home/airflow/.local/lib/python3.7/site-packages/airflow/example_dags/tutorial.py took 0.083 seconds
[2022-10-05T09:15:18.178+0000] {processor.py:156} INFO - Started process (PID=8601) to work on /home/airflow/.local/lib/python3.7/site-packages/airflow/example_dags/tutorial.py
[2022-10-05T09:15:18.179+0000] {processor.py:758} INFO - Processing file /home/airflow/.local/lib/python3.7/site-packages/airflow/example_dags/tutorial.py for tasks to queue
[2022-10-05T09:15:18.179+0000] {logging_mixin.py:117} INFO - [2022-10-05T09:15:18.179+0000] {dagbag.py:525} INFO - Filling up the DagBag from /home/airflow/.local/lib/python3.7/site-packages/airflow/example_dags/tutorial.py
[2022-10-05T09:15:18.191+0000] {processor.py:768} INFO - DAG(s) dict_keys(['tutorial']) retrieved from /home/airflow/.local/lib/python3.7/site-packages/airflow/example_dags/tutorial.py
[2022-10-05T09:15:18.223+0000] {logging_mixin.py:117} INFO - [2022-10-05T09:15:18.223+0000] {dag.py:2573} INFO - Sync 1 DAGs
[2022-10-05T09:15:18.242+0000] {logging_mixin.py:117} INFO - [2022-10-05T09:15:18.242+0000] {dag.py:3328} INFO - Setting next_dagrun for tutorial to 2022-10-04T09:15:18.242456+00:00, run_after=2022-10-05T09:15:18.242456+00:00
[2022-10-05T09:15:18.256+0000] {processor.py:178} INFO - Processing /home/airflow/.local/lib/python3.7/site-packages/airflow/example_dags/tutorial.py took 0.081 seconds
[2022-10-05T09:15:48.566+0000] {processor.py:156} INFO - Started process (PID=8799) to work on /home/airflow/.local/lib/python3.7/site-packages/airflow/example_dags/tutorial.py
[2022-10-05T09:15:48.567+0000] {processor.py:758} INFO - Processing file /home/airflow/.local/lib/python3.7/site-packages/airflow/example_dags/tutorial.py for tasks to queue
[2022-10-05T09:15:48.567+0000] {logging_mixin.py:117} INFO - [2022-10-05T09:15:48.567+0000] {dagbag.py:525} INFO - Filling up the DagBag from /home/airflow/.local/lib/python3.7/site-packages/airflow/example_dags/tutorial.py
[2022-10-05T09:15:48.579+0000] {processor.py:768} INFO - DAG(s) dict_keys(['tutorial']) retrieved from /home/airflow/.local/lib/python3.7/site-packages/airflow/example_dags/tutorial.py
[2022-10-05T09:15:48.610+0000] {logging_mixin.py:117} INFO - [2022-10-05T09:15:48.610+0000] {dag.py:2573} INFO - Sync 1 DAGs
[2022-10-05T09:15:48.630+0000] {logging_mixin.py:117} INFO - [2022-10-05T09:15:48.629+0000] {dag.py:3328} INFO - Setting next_dagrun for tutorial to 2022-10-04T09:15:48.629752+00:00, run_after=2022-10-05T09:15:48.629752+00:00
[2022-10-05T09:15:48.644+0000] {processor.py:178} INFO - Processing /home/airflow/.local/lib/python3.7/site-packages/airflow/example_dags/tutorial.py took 0.080 seconds
[2022-10-05T09:16:18.991+0000] {processor.py:156} INFO - Started process (PID=9006) to work on /home/airflow/.local/lib/python3.7/site-packages/airflow/example_dags/tutorial.py
[2022-10-05T09:16:18.992+0000] {processor.py:758} INFO - Processing file /home/airflow/.local/lib/python3.7/site-packages/airflow/example_dags/tutorial.py for tasks to queue
[2022-10-05T09:16:18.992+0000] {logging_mixin.py:117} INFO - [2022-10-05T09:16:18.992+0000] {dagbag.py:525} INFO - Filling up the DagBag from /home/airflow/.local/lib/python3.7/site-packages/airflow/example_dags/tutorial.py
[2022-10-05T09:16:19.003+0000] {processor.py:768} INFO - DAG(s) dict_keys(['tutorial']) retrieved from /home/airflow/.local/lib/python3.7/site-packages/airflow/example_dags/tutorial.py
[2022-10-05T09:16:19.036+0000] {logging_mixin.py:117} INFO - [2022-10-05T09:16:19.036+0000] {dag.py:2573} INFO - Sync 1 DAGs
[2022-10-05T09:16:19.057+0000] {logging_mixin.py:117} INFO - [2022-10-05T09:16:19.057+0000] {dag.py:3328} INFO - Setting next_dagrun for tutorial to 2022-10-04T09:16:19.057097+00:00, run_after=2022-10-05T09:16:19.057097+00:00
[2022-10-05T09:16:19.071+0000] {processor.py:178} INFO - Processing /home/airflow/.local/lib/python3.7/site-packages/airflow/example_dags/tutorial.py took 0.082 seconds
[2022-10-05T09:16:49.225+0000] {processor.py:156} INFO - Started process (PID=9213) to work on /home/airflow/.local/lib/python3.7/site-packages/airflow/example_dags/tutorial.py
[2022-10-05T09:16:49.226+0000] {processor.py:758} INFO - Processing file /home/airflow/.local/lib/python3.7/site-packages/airflow/example_dags/tutorial.py for tasks to queue
[2022-10-05T09:16:49.226+0000] {logging_mixin.py:117} INFO - [2022-10-05T09:16:49.226+0000] {dagbag.py:525} INFO - Filling up the DagBag from /home/airflow/.local/lib/python3.7/site-packages/airflow/example_dags/tutorial.py
[2022-10-05T09:16:49.237+0000] {processor.py:768} INFO - DAG(s) dict_keys(['tutorial']) retrieved from /home/airflow/.local/lib/python3.7/site-packages/airflow/example_dags/tutorial.py
[2022-10-05T09:16:49.269+0000] {logging_mixin.py:117} INFO - [2022-10-05T09:16:49.269+0000] {dag.py:2573} INFO - Sync 1 DAGs
[2022-10-05T09:16:49.288+0000] {logging_mixin.py:117} INFO - [2022-10-05T09:16:49.288+0000] {dag.py:3328} INFO - Setting next_dagrun for tutorial to 2022-10-04T09:16:49.288365+00:00, run_after=2022-10-05T09:16:49.288365+00:00
[2022-10-05T09:16:49.302+0000] {processor.py:178} INFO - Processing /home/airflow/.local/lib/python3.7/site-packages/airflow/example_dags/tutorial.py took 0.080 seconds
[2022-10-05T09:17:19.586+0000] {processor.py:156} INFO - Started process (PID=9420) to work on /home/airflow/.local/lib/python3.7/site-packages/airflow/example_dags/tutorial.py
[2022-10-05T09:17:19.587+0000] {processor.py:758} INFO - Processing file /home/airflow/.local/lib/python3.7/site-packages/airflow/example_dags/tutorial.py for tasks to queue
[2022-10-05T09:17:19.587+0000] {logging_mixin.py:117} INFO - [2022-10-05T09:17:19.587+0000] {dagbag.py:525} INFO - Filling up the DagBag from /home/airflow/.local/lib/python3.7/site-packages/airflow/example_dags/tutorial.py
[2022-10-05T09:17:19.599+0000] {processor.py:768} INFO - DAG(s) dict_keys(['tutorial']) retrieved from /home/airflow/.local/lib/python3.7/site-packages/airflow/example_dags/tutorial.py
[2022-10-05T09:17:19.631+0000] {logging_mixin.py:117} INFO - [2022-10-05T09:17:19.631+0000] {dag.py:2573} INFO - Sync 1 DAGs
[2022-10-05T09:17:19.650+0000] {logging_mixin.py:117} INFO - [2022-10-05T09:17:19.650+0000] {dag.py:3328} INFO - Setting next_dagrun for tutorial to 2022-10-04T09:17:19.650501+00:00, run_after=2022-10-05T09:17:19.650501+00:00
[2022-10-05T09:17:19.665+0000] {processor.py:178} INFO - Processing /home/airflow/.local/lib/python3.7/site-packages/airflow/example_dags/tutorial.py took 0.080 seconds
[2022-10-05T09:17:50.091+0000] {processor.py:156} INFO - Started process (PID=9618) to work on /home/airflow/.local/lib/python3.7/site-packages/airflow/example_dags/tutorial.py
[2022-10-05T09:17:50.092+0000] {processor.py:758} INFO - Processing file /home/airflow/.local/lib/python3.7/site-packages/airflow/example_dags/tutorial.py for tasks to queue
[2022-10-05T09:17:50.092+0000] {logging_mixin.py:117} INFO - [2022-10-05T09:17:50.092+0000] {dagbag.py:525} INFO - Filling up the DagBag from /home/airflow/.local/lib/python3.7/site-packages/airflow/example_dags/tutorial.py
[2022-10-05T09:17:50.103+0000] {processor.py:768} INFO - DAG(s) dict_keys(['tutorial']) retrieved from /home/airflow/.local/lib/python3.7/site-packages/airflow/example_dags/tutorial.py
[2022-10-05T09:17:50.136+0000] {logging_mixin.py:117} INFO - [2022-10-05T09:17:50.135+0000] {dag.py:2573} INFO - Sync 1 DAGs
[2022-10-05T09:17:50.155+0000] {logging_mixin.py:117} INFO - [2022-10-05T09:17:50.155+0000] {dag.py:3328} INFO - Setting next_dagrun for tutorial to 2022-10-04T09:17:50.154924+00:00, run_after=2022-10-05T09:17:50.154924+00:00
[2022-10-05T09:17:50.169+0000] {processor.py:178} INFO - Processing /home/airflow/.local/lib/python3.7/site-packages/airflow/example_dags/tutorial.py took 0.080 seconds
[2022-10-05T09:18:20.371+0000] {processor.py:156} INFO - Started process (PID=9825) to work on /home/airflow/.local/lib/python3.7/site-packages/airflow/example_dags/tutorial.py
[2022-10-05T09:18:20.372+0000] {processor.py:758} INFO - Processing file /home/airflow/.local/lib/python3.7/site-packages/airflow/example_dags/tutorial.py for tasks to queue
[2022-10-05T09:18:20.372+0000] {logging_mixin.py:117} INFO - [2022-10-05T09:18:20.372+0000] {dagbag.py:525} INFO - Filling up the DagBag from /home/airflow/.local/lib/python3.7/site-packages/airflow/example_dags/tutorial.py
[2022-10-05T09:18:20.384+0000] {processor.py:768} INFO - DAG(s) dict_keys(['tutorial']) retrieved from /home/airflow/.local/lib/python3.7/site-packages/airflow/example_dags/tutorial.py
[2022-10-05T09:18:20.416+0000] {logging_mixin.py:117} INFO - [2022-10-05T09:18:20.415+0000] {dag.py:2573} INFO - Sync 1 DAGs
[2022-10-05T09:18:20.436+0000] {logging_mixin.py:117} INFO - [2022-10-05T09:18:20.436+0000] {dag.py:3328} INFO - Setting next_dagrun for tutorial to 2022-10-04T09:18:20.436107+00:00, run_after=2022-10-05T09:18:20.436107+00:00
[2022-10-05T09:18:20.450+0000] {processor.py:178} INFO - Processing /home/airflow/.local/lib/python3.7/site-packages/airflow/example_dags/tutorial.py took 0.082 seconds
[2022-10-05T09:18:51.086+0000] {processor.py:156} INFO - Started process (PID=10032) to work on /home/airflow/.local/lib/python3.7/site-packages/airflow/example_dags/tutorial.py
[2022-10-05T09:18:51.086+0000] {processor.py:758} INFO - Processing file /home/airflow/.local/lib/python3.7/site-packages/airflow/example_dags/tutorial.py for tasks to queue
[2022-10-05T09:18:51.087+0000] {logging_mixin.py:117} INFO - [2022-10-05T09:18:51.087+0000] {dagbag.py:525} INFO - Filling up the DagBag from /home/airflow/.local/lib/python3.7/site-packages/airflow/example_dags/tutorial.py
[2022-10-05T09:18:51.098+0000] {processor.py:768} INFO - DAG(s) dict_keys(['tutorial']) retrieved from /home/airflow/.local/lib/python3.7/site-packages/airflow/example_dags/tutorial.py
[2022-10-05T09:18:51.131+0000] {logging_mixin.py:117} INFO - [2022-10-05T09:18:51.130+0000] {dag.py:2573} INFO - Sync 1 DAGs
[2022-10-05T09:18:51.151+0000] {logging_mixin.py:117} INFO - [2022-10-05T09:18:51.151+0000] {dag.py:3328} INFO - Setting next_dagrun for tutorial to 2022-10-04T09:18:51.151235+00:00, run_after=2022-10-05T09:18:51.151235+00:00
[2022-10-05T09:18:51.165+0000] {processor.py:178} INFO - Processing /home/airflow/.local/lib/python3.7/site-packages/airflow/example_dags/tutorial.py took 0.082 seconds
[2022-10-05T09:19:21.659+0000] {processor.py:156} INFO - Started process (PID=10239) to work on /home/airflow/.local/lib/python3.7/site-packages/airflow/example_dags/tutorial.py
[2022-10-05T09:19:21.660+0000] {processor.py:758} INFO - Processing file /home/airflow/.local/lib/python3.7/site-packages/airflow/example_dags/tutorial.py for tasks to queue
[2022-10-05T09:19:21.660+0000] {logging_mixin.py:117} INFO - [2022-10-05T09:19:21.660+0000] {dagbag.py:525} INFO - Filling up the DagBag from /home/airflow/.local/lib/python3.7/site-packages/airflow/example_dags/tutorial.py
[2022-10-05T09:19:21.671+0000] {processor.py:768} INFO - DAG(s) dict_keys(['tutorial']) retrieved from /home/airflow/.local/lib/python3.7/site-packages/airflow/example_dags/tutorial.py
[2022-10-05T09:19:21.704+0000] {logging_mixin.py:117} INFO - [2022-10-05T09:19:21.704+0000] {dag.py:2573} INFO - Sync 1 DAGs
[2022-10-05T09:19:21.724+0000] {logging_mixin.py:117} INFO - [2022-10-05T09:19:21.724+0000] {dag.py:3328} INFO - Setting next_dagrun for tutorial to 2022-10-04T09:19:21.724095+00:00, run_after=2022-10-05T09:19:21.724095+00:00
[2022-10-05T09:19:21.738+0000] {processor.py:178} INFO - Processing /home/airflow/.local/lib/python3.7/site-packages/airflow/example_dags/tutorial.py took 0.082 seconds
[2022-10-05T09:19:52.199+0000] {processor.py:156} INFO - Started process (PID=10446) to work on /home/airflow/.local/lib/python3.7/site-packages/airflow/example_dags/tutorial.py
[2022-10-05T09:19:52.200+0000] {processor.py:758} INFO - Processing file /home/airflow/.local/lib/python3.7/site-packages/airflow/example_dags/tutorial.py for tasks to queue
[2022-10-05T09:19:52.201+0000] {logging_mixin.py:117} INFO - [2022-10-05T09:19:52.201+0000] {dagbag.py:525} INFO - Filling up the DagBag from /home/airflow/.local/lib/python3.7/site-packages/airflow/example_dags/tutorial.py
[2022-10-05T09:19:52.212+0000] {processor.py:768} INFO - DAG(s) dict_keys(['tutorial']) retrieved from /home/airflow/.local/lib/python3.7/site-packages/airflow/example_dags/tutorial.py
[2022-10-05T09:19:52.245+0000] {logging_mixin.py:117} INFO - [2022-10-05T09:19:52.245+0000] {dag.py:2573} INFO - Sync 1 DAGs
[2022-10-05T09:19:52.265+0000] {logging_mixin.py:117} INFO - [2022-10-05T09:19:52.265+0000] {dag.py:3328} INFO - Setting next_dagrun for tutorial to 2022-10-04T09:19:52.264917+00:00, run_after=2022-10-05T09:19:52.264917+00:00
[2022-10-05T09:19:52.279+0000] {processor.py:178} INFO - Processing /home/airflow/.local/lib/python3.7/site-packages/airflow/example_dags/tutorial.py took 0.082 seconds
[2022-10-05T09:20:22.752+0000] {processor.py:156} INFO - Started process (PID=10644) to work on /home/airflow/.local/lib/python3.7/site-packages/airflow/example_dags/tutorial.py
[2022-10-05T09:20:22.753+0000] {processor.py:758} INFO - Processing file /home/airflow/.local/lib/python3.7/site-packages/airflow/example_dags/tutorial.py for tasks to queue
[2022-10-05T09:20:22.754+0000] {logging_mixin.py:117} INFO - [2022-10-05T09:20:22.754+0000] {dagbag.py:525} INFO - Filling up the DagBag from /home/airflow/.local/lib/python3.7/site-packages/airflow/example_dags/tutorial.py
[2022-10-05T09:20:22.765+0000] {processor.py:768} INFO - DAG(s) dict_keys(['tutorial']) retrieved from /home/airflow/.local/lib/python3.7/site-packages/airflow/example_dags/tutorial.py
[2022-10-05T09:20:22.796+0000] {logging_mixin.py:117} INFO - [2022-10-05T09:20:22.796+0000] {dag.py:2573} INFO - Sync 1 DAGs
[2022-10-05T09:20:22.816+0000] {logging_mixin.py:117} INFO - [2022-10-05T09:20:22.816+0000] {dag.py:3328} INFO - Setting next_dagrun for tutorial to 2022-10-04T09:20:22.816490+00:00, run_after=2022-10-05T09:20:22.816490+00:00
[2022-10-05T09:20:22.830+0000] {processor.py:178} INFO - Processing /home/airflow/.local/lib/python3.7/site-packages/airflow/example_dags/tutorial.py took 0.080 seconds
[2022-10-05T09:20:53.466+0000] {processor.py:156} INFO - Started process (PID=10851) to work on /home/airflow/.local/lib/python3.7/site-packages/airflow/example_dags/tutorial.py
[2022-10-05T09:20:53.467+0000] {processor.py:758} INFO - Processing file /home/airflow/.local/lib/python3.7/site-packages/airflow/example_dags/tutorial.py for tasks to queue
[2022-10-05T09:20:53.467+0000] {logging_mixin.py:117} INFO - [2022-10-05T09:20:53.467+0000] {dagbag.py:525} INFO - Filling up the DagBag from /home/airflow/.local/lib/python3.7/site-packages/airflow/example_dags/tutorial.py
[2022-10-05T09:20:53.479+0000] {processor.py:768} INFO - DAG(s) dict_keys(['tutorial']) retrieved from /home/airflow/.local/lib/python3.7/site-packages/airflow/example_dags/tutorial.py
[2022-10-05T09:20:53.511+0000] {logging_mixin.py:117} INFO - [2022-10-05T09:20:53.510+0000] {dag.py:2573} INFO - Sync 1 DAGs
[2022-10-05T09:20:53.531+0000] {logging_mixin.py:117} INFO - [2022-10-05T09:20:53.531+0000] {dag.py:3328} INFO - Setting next_dagrun for tutorial to 2022-10-04T09:20:53.531070+00:00, run_after=2022-10-05T09:20:53.531070+00:00
[2022-10-05T09:20:53.545+0000] {processor.py:178} INFO - Processing /home/airflow/.local/lib/python3.7/site-packages/airflow/example_dags/tutorial.py took 0.081 seconds
[2022-10-05T09:21:24.068+0000] {processor.py:156} INFO - Started process (PID=11058) to work on /home/airflow/.local/lib/python3.7/site-packages/airflow/example_dags/tutorial.py
[2022-10-05T09:21:24.068+0000] {processor.py:758} INFO - Processing file /home/airflow/.local/lib/python3.7/site-packages/airflow/example_dags/tutorial.py for tasks to queue
[2022-10-05T09:21:24.069+0000] {logging_mixin.py:117} INFO - [2022-10-05T09:21:24.069+0000] {dagbag.py:525} INFO - Filling up the DagBag from /home/airflow/.local/lib/python3.7/site-packages/airflow/example_dags/tutorial.py
[2022-10-05T09:21:24.080+0000] {processor.py:768} INFO - DAG(s) dict_keys(['tutorial']) retrieved from /home/airflow/.local/lib/python3.7/site-packages/airflow/example_dags/tutorial.py
[2022-10-05T09:21:24.113+0000] {logging_mixin.py:117} INFO - [2022-10-05T09:21:24.113+0000] {dag.py:2573} INFO - Sync 1 DAGs
[2022-10-05T09:21:24.132+0000] {logging_mixin.py:117} INFO - [2022-10-05T09:21:24.132+0000] {dag.py:3328} INFO - Setting next_dagrun for tutorial to 2022-10-04T09:21:24.132110+00:00, run_after=2022-10-05T09:21:24.132110+00:00
[2022-10-05T09:21:24.146+0000] {processor.py:178} INFO - Processing /home/airflow/.local/lib/python3.7/site-packages/airflow/example_dags/tutorial.py took 0.080 seconds
[2022-10-05T09:21:54.677+0000] {processor.py:156} INFO - Started process (PID=11265) to work on /home/airflow/.local/lib/python3.7/site-packages/airflow/example_dags/tutorial.py
[2022-10-05T09:21:54.677+0000] {processor.py:758} INFO - Processing file /home/airflow/.local/lib/python3.7/site-packages/airflow/example_dags/tutorial.py for tasks to queue
[2022-10-05T09:21:54.678+0000] {logging_mixin.py:117} INFO - [2022-10-05T09:21:54.678+0000] {dagbag.py:525} INFO - Filling up the DagBag from /home/airflow/.local/lib/python3.7/site-packages/airflow/example_dags/tutorial.py
[2022-10-05T09:21:54.688+0000] {processor.py:768} INFO - DAG(s) dict_keys(['tutorial']) retrieved from /home/airflow/.local/lib/python3.7/site-packages/airflow/example_dags/tutorial.py
[2022-10-05T09:21:54.721+0000] {logging_mixin.py:117} INFO - [2022-10-05T09:21:54.721+0000] {dag.py:2573} INFO - Sync 1 DAGs
[2022-10-05T09:21:54.740+0000] {logging_mixin.py:117} INFO - [2022-10-05T09:21:54.740+0000] {dag.py:3328} INFO - Setting next_dagrun for tutorial to 2022-10-04T09:21:54.740424+00:00, run_after=2022-10-05T09:21:54.740424+00:00
[2022-10-05T09:21:54.754+0000] {processor.py:178} INFO - Processing /home/airflow/.local/lib/python3.7/site-packages/airflow/example_dags/tutorial.py took 0.081 seconds
[2022-10-05T09:22:25.302+0000] {processor.py:156} INFO - Started process (PID=11463) to work on /home/airflow/.local/lib/python3.7/site-packages/airflow/example_dags/tutorial.py
[2022-10-05T09:22:25.303+0000] {processor.py:758} INFO - Processing file /home/airflow/.local/lib/python3.7/site-packages/airflow/example_dags/tutorial.py for tasks to queue
[2022-10-05T09:22:25.304+0000] {logging_mixin.py:117} INFO - [2022-10-05T09:22:25.303+0000] {dagbag.py:525} INFO - Filling up the DagBag from /home/airflow/.local/lib/python3.7/site-packages/airflow/example_dags/tutorial.py
[2022-10-05T09:22:25.315+0000] {processor.py:768} INFO - DAG(s) dict_keys(['tutorial']) retrieved from /home/airflow/.local/lib/python3.7/site-packages/airflow/example_dags/tutorial.py
[2022-10-05T09:22:25.372+0000] {logging_mixin.py:117} INFO - [2022-10-05T09:22:25.372+0000] {dag.py:2573} INFO - Sync 1 DAGs
[2022-10-05T09:22:25.392+0000] {logging_mixin.py:117} INFO - [2022-10-05T09:22:25.392+0000] {dag.py:3328} INFO - Setting next_dagrun for tutorial to 2022-10-04T09:22:25.392049+00:00, run_after=2022-10-05T09:22:25.392049+00:00
[2022-10-05T09:22:25.407+0000] {processor.py:178} INFO - Processing /home/airflow/.local/lib/python3.7/site-packages/airflow/example_dags/tutorial.py took 0.107 seconds
[2022-10-05T09:22:55.712+0000] {processor.py:156} INFO - Started process (PID=11670) to work on /home/airflow/.local/lib/python3.7/site-packages/airflow/example_dags/tutorial.py
[2022-10-05T09:22:55.713+0000] {processor.py:758} INFO - Processing file /home/airflow/.local/lib/python3.7/site-packages/airflow/example_dags/tutorial.py for tasks to queue
[2022-10-05T09:22:55.713+0000] {logging_mixin.py:117} INFO - [2022-10-05T09:22:55.713+0000] {dagbag.py:525} INFO - Filling up the DagBag from /home/airflow/.local/lib/python3.7/site-packages/airflow/example_dags/tutorial.py
[2022-10-05T09:22:55.724+0000] {processor.py:768} INFO - DAG(s) dict_keys(['tutorial']) retrieved from /home/airflow/.local/lib/python3.7/site-packages/airflow/example_dags/tutorial.py
[2022-10-05T09:22:55.756+0000] {logging_mixin.py:117} INFO - [2022-10-05T09:22:55.756+0000] {dag.py:2573} INFO - Sync 1 DAGs
[2022-10-05T09:22:55.776+0000] {logging_mixin.py:117} INFO - [2022-10-05T09:22:55.776+0000] {dag.py:3328} INFO - Setting next_dagrun for tutorial to 2022-10-04T09:22:55.776097+00:00, run_after=2022-10-05T09:22:55.776097+00:00
[2022-10-05T09:22:55.790+0000] {processor.py:178} INFO - Processing /home/airflow/.local/lib/python3.7/site-packages/airflow/example_dags/tutorial.py took 0.080 seconds
[2022-10-05T09:23:26.073+0000] {processor.py:156} INFO - Started process (PID=11877) to work on /home/airflow/.local/lib/python3.7/site-packages/airflow/example_dags/tutorial.py
[2022-10-05T09:23:26.074+0000] {processor.py:758} INFO - Processing file /home/airflow/.local/lib/python3.7/site-packages/airflow/example_dags/tutorial.py for tasks to queue
[2022-10-05T09:23:26.075+0000] {logging_mixin.py:117} INFO - [2022-10-05T09:23:26.074+0000] {dagbag.py:525} INFO - Filling up the DagBag from /home/airflow/.local/lib/python3.7/site-packages/airflow/example_dags/tutorial.py
[2022-10-05T09:23:26.086+0000] {processor.py:768} INFO - DAG(s) dict_keys(['tutorial']) retrieved from /home/airflow/.local/lib/python3.7/site-packages/airflow/example_dags/tutorial.py
[2022-10-05T09:23:26.118+0000] {logging_mixin.py:117} INFO - [2022-10-05T09:23:26.118+0000] {dag.py:2573} INFO - Sync 1 DAGs
[2022-10-05T09:23:26.137+0000] {logging_mixin.py:117} INFO - [2022-10-05T09:23:26.137+0000] {dag.py:3328} INFO - Setting next_dagrun for tutorial to 2022-10-04T09:23:26.137631+00:00, run_after=2022-10-05T09:23:26.137631+00:00
[2022-10-05T09:23:26.151+0000] {processor.py:178} INFO - Processing /home/airflow/.local/lib/python3.7/site-packages/airflow/example_dags/tutorial.py took 0.080 seconds
[2022-10-05T09:23:56.490+0000] {processor.py:156} INFO - Started process (PID=12084) to work on /home/airflow/.local/lib/python3.7/site-packages/airflow/example_dags/tutorial.py
[2022-10-05T09:23:56.491+0000] {processor.py:758} INFO - Processing file /home/airflow/.local/lib/python3.7/site-packages/airflow/example_dags/tutorial.py for tasks to queue
[2022-10-05T09:23:56.491+0000] {logging_mixin.py:117} INFO - [2022-10-05T09:23:56.491+0000] {dagbag.py:525} INFO - Filling up the DagBag from /home/airflow/.local/lib/python3.7/site-packages/airflow/example_dags/tutorial.py
[2022-10-05T09:23:56.502+0000] {processor.py:768} INFO - DAG(s) dict_keys(['tutorial']) retrieved from /home/airflow/.local/lib/python3.7/site-packages/airflow/example_dags/tutorial.py
[2022-10-05T09:23:56.535+0000] {logging_mixin.py:117} INFO - [2022-10-05T09:23:56.535+0000] {dag.py:2573} INFO - Sync 1 DAGs
[2022-10-05T09:23:56.554+0000] {logging_mixin.py:117} INFO - [2022-10-05T09:23:56.554+0000] {dag.py:3328} INFO - Setting next_dagrun for tutorial to 2022-10-04T09:23:56.554328+00:00, run_after=2022-10-05T09:23:56.554328+00:00
[2022-10-05T09:23:56.568+0000] {processor.py:178} INFO - Processing /home/airflow/.local/lib/python3.7/site-packages/airflow/example_dags/tutorial.py took 0.080 seconds
[2022-10-05T09:24:26.866+0000] {processor.py:156} INFO - Started process (PID=12282) to work on /home/airflow/.local/lib/python3.7/site-packages/airflow/example_dags/tutorial.py
[2022-10-05T09:24:26.867+0000] {processor.py:758} INFO - Processing file /home/airflow/.local/lib/python3.7/site-packages/airflow/example_dags/tutorial.py for tasks to queue
[2022-10-05T09:24:26.868+0000] {logging_mixin.py:117} INFO - [2022-10-05T09:24:26.868+0000] {dagbag.py:525} INFO - Filling up the DagBag from /home/airflow/.local/lib/python3.7/site-packages/airflow/example_dags/tutorial.py
[2022-10-05T09:24:26.879+0000] {processor.py:768} INFO - DAG(s) dict_keys(['tutorial']) retrieved from /home/airflow/.local/lib/python3.7/site-packages/airflow/example_dags/tutorial.py
[2022-10-05T09:24:26.911+0000] {logging_mixin.py:117} INFO - [2022-10-05T09:24:26.911+0000] {dag.py:2573} INFO - Sync 1 DAGs
[2022-10-05T09:24:26.931+0000] {logging_mixin.py:117} INFO - [2022-10-05T09:24:26.931+0000] {dag.py:3328} INFO - Setting next_dagrun for tutorial to 2022-10-04T09:24:26.930923+00:00, run_after=2022-10-05T09:24:26.930923+00:00
[2022-10-05T09:24:26.946+0000] {processor.py:178} INFO - Processing /home/airflow/.local/lib/python3.7/site-packages/airflow/example_dags/tutorial.py took 0.082 seconds
[2022-10-05T09:24:57.292+0000] {processor.py:156} INFO - Started process (PID=12489) to work on /home/airflow/.local/lib/python3.7/site-packages/airflow/example_dags/tutorial.py
[2022-10-05T09:24:57.292+0000] {processor.py:758} INFO - Processing file /home/airflow/.local/lib/python3.7/site-packages/airflow/example_dags/tutorial.py for tasks to queue
[2022-10-05T09:24:57.293+0000] {logging_mixin.py:117} INFO - [2022-10-05T09:24:57.293+0000] {dagbag.py:525} INFO - Filling up the DagBag from /home/airflow/.local/lib/python3.7/site-packages/airflow/example_dags/tutorial.py
[2022-10-05T09:24:57.304+0000] {processor.py:768} INFO - DAG(s) dict_keys(['tutorial']) retrieved from /home/airflow/.local/lib/python3.7/site-packages/airflow/example_dags/tutorial.py
[2022-10-05T09:24:57.336+0000] {logging_mixin.py:117} INFO - [2022-10-05T09:24:57.336+0000] {dag.py:2573} INFO - Sync 1 DAGs
[2022-10-05T09:24:57.357+0000] {logging_mixin.py:117} INFO - [2022-10-05T09:24:57.357+0000] {dag.py:3328} INFO - Setting next_dagrun for tutorial to 2022-10-04T09:24:57.356990+00:00, run_after=2022-10-05T09:24:57.356990+00:00
[2022-10-05T09:24:57.371+0000] {processor.py:178} INFO - Processing /home/airflow/.local/lib/python3.7/site-packages/airflow/example_dags/tutorial.py took 0.082 seconds
[2022-10-05T09:25:27.689+0000] {processor.py:156} INFO - Started process (PID=12696) to work on /home/airflow/.local/lib/python3.7/site-packages/airflow/example_dags/tutorial.py
[2022-10-05T09:25:27.690+0000] {processor.py:758} INFO - Processing file /home/airflow/.local/lib/python3.7/site-packages/airflow/example_dags/tutorial.py for tasks to queue
[2022-10-05T09:25:27.691+0000] {logging_mixin.py:117} INFO - [2022-10-05T09:25:27.691+0000] {dagbag.py:525} INFO - Filling up the DagBag from /home/airflow/.local/lib/python3.7/site-packages/airflow/example_dags/tutorial.py
[2022-10-05T09:25:27.702+0000] {processor.py:768} INFO - DAG(s) dict_keys(['tutorial']) retrieved from /home/airflow/.local/lib/python3.7/site-packages/airflow/example_dags/tutorial.py
[2022-10-05T09:25:27.734+0000] {logging_mixin.py:117} INFO - [2022-10-05T09:25:27.734+0000] {dag.py:2573} INFO - Sync 1 DAGs
[2022-10-05T09:25:27.754+0000] {logging_mixin.py:117} INFO - [2022-10-05T09:25:27.754+0000] {dag.py:3328} INFO - Setting next_dagrun for tutorial to 2022-10-04T09:25:27.753802+00:00, run_after=2022-10-05T09:25:27.753802+00:00
[2022-10-05T09:25:27.767+0000] {processor.py:178} INFO - Processing /home/airflow/.local/lib/python3.7/site-packages/airflow/example_dags/tutorial.py took 0.080 seconds
[2022-10-05T09:25:58.073+0000] {processor.py:156} INFO - Started process (PID=12903) to work on /home/airflow/.local/lib/python3.7/site-packages/airflow/example_dags/tutorial.py
[2022-10-05T09:25:58.073+0000] {processor.py:758} INFO - Processing file /home/airflow/.local/lib/python3.7/site-packages/airflow/example_dags/tutorial.py for tasks to queue
[2022-10-05T09:25:58.074+0000] {logging_mixin.py:117} INFO - [2022-10-05T09:25:58.074+0000] {dagbag.py:525} INFO - Filling up the DagBag from /home/airflow/.local/lib/python3.7/site-packages/airflow/example_dags/tutorial.py
[2022-10-05T09:25:58.085+0000] {processor.py:768} INFO - DAG(s) dict_keys(['tutorial']) retrieved from /home/airflow/.local/lib/python3.7/site-packages/airflow/example_dags/tutorial.py
[2022-10-05T09:25:58.117+0000] {logging_mixin.py:117} INFO - [2022-10-05T09:25:58.117+0000] {dag.py:2573} INFO - Sync 1 DAGs
[2022-10-05T09:25:58.137+0000] {logging_mixin.py:117} INFO - [2022-10-05T09:25:58.137+0000] {dag.py:3328} INFO - Setting next_dagrun for tutorial to 2022-10-04T09:25:58.136976+00:00, run_after=2022-10-05T09:25:58.136976+00:00
[2022-10-05T09:25:58.150+0000] {processor.py:178} INFO - Processing /home/airflow/.local/lib/python3.7/site-packages/airflow/example_dags/tutorial.py took 0.080 seconds
[2022-10-05T09:26:28.350+0000] {processor.py:156} INFO - Started process (PID=13101) to work on /home/airflow/.local/lib/python3.7/site-packages/airflow/example_dags/tutorial.py
[2022-10-05T09:26:28.351+0000] {processor.py:758} INFO - Processing file /home/airflow/.local/lib/python3.7/site-packages/airflow/example_dags/tutorial.py for tasks to queue
[2022-10-05T09:26:28.352+0000] {logging_mixin.py:117} INFO - [2022-10-05T09:26:28.351+0000] {dagbag.py:525} INFO - Filling up the DagBag from /home/airflow/.local/lib/python3.7/site-packages/airflow/example_dags/tutorial.py
[2022-10-05T09:26:28.363+0000] {processor.py:768} INFO - DAG(s) dict_keys(['tutorial']) retrieved from /home/airflow/.local/lib/python3.7/site-packages/airflow/example_dags/tutorial.py
[2022-10-05T09:26:28.395+0000] {logging_mixin.py:117} INFO - [2022-10-05T09:26:28.395+0000] {dag.py:2573} INFO - Sync 1 DAGs
[2022-10-05T09:26:28.414+0000] {logging_mixin.py:117} INFO - [2022-10-05T09:26:28.414+0000] {dag.py:3328} INFO - Setting next_dagrun for tutorial to 2022-10-04T09:26:28.414112+00:00, run_after=2022-10-05T09:26:28.414112+00:00
[2022-10-05T09:26:28.429+0000] {processor.py:178} INFO - Processing /home/airflow/.local/lib/python3.7/site-packages/airflow/example_dags/tutorial.py took 0.080 seconds
[2022-10-05T09:26:58.853+0000] {processor.py:156} INFO - Started process (PID=13308) to work on /home/airflow/.local/lib/python3.7/site-packages/airflow/example_dags/tutorial.py
[2022-10-05T09:26:58.854+0000] {processor.py:758} INFO - Processing file /home/airflow/.local/lib/python3.7/site-packages/airflow/example_dags/tutorial.py for tasks to queue
[2022-10-05T09:26:58.854+0000] {logging_mixin.py:117} INFO - [2022-10-05T09:26:58.854+0000] {dagbag.py:525} INFO - Filling up the DagBag from /home/airflow/.local/lib/python3.7/site-packages/airflow/example_dags/tutorial.py
[2022-10-05T09:26:58.865+0000] {processor.py:768} INFO - DAG(s) dict_keys(['tutorial']) retrieved from /home/airflow/.local/lib/python3.7/site-packages/airflow/example_dags/tutorial.py
[2022-10-05T09:26:58.896+0000] {logging_mixin.py:117} INFO - [2022-10-05T09:26:58.896+0000] {dag.py:2573} INFO - Sync 1 DAGs
[2022-10-05T09:26:58.917+0000] {logging_mixin.py:117} INFO - [2022-10-05T09:26:58.916+0000] {dag.py:3328} INFO - Setting next_dagrun for tutorial to 2022-10-04T09:26:58.916728+00:00, run_after=2022-10-05T09:26:58.916728+00:00
[2022-10-05T09:26:58.930+0000] {processor.py:178} INFO - Processing /home/airflow/.local/lib/python3.7/site-packages/airflow/example_dags/tutorial.py took 0.080 seconds
[2022-10-05T09:27:29.224+0000] {processor.py:156} INFO - Started process (PID=13515) to work on /home/airflow/.local/lib/python3.7/site-packages/airflow/example_dags/tutorial.py
[2022-10-05T09:27:29.225+0000] {processor.py:758} INFO - Processing file /home/airflow/.local/lib/python3.7/site-packages/airflow/example_dags/tutorial.py for tasks to queue
[2022-10-05T09:27:29.226+0000] {logging_mixin.py:117} INFO - [2022-10-05T09:27:29.225+0000] {dagbag.py:525} INFO - Filling up the DagBag from /home/airflow/.local/lib/python3.7/site-packages/airflow/example_dags/tutorial.py
[2022-10-05T09:27:29.237+0000] {processor.py:768} INFO - DAG(s) dict_keys(['tutorial']) retrieved from /home/airflow/.local/lib/python3.7/site-packages/airflow/example_dags/tutorial.py
[2022-10-05T09:27:29.270+0000] {logging_mixin.py:117} INFO - [2022-10-05T09:27:29.270+0000] {dag.py:2573} INFO - Sync 1 DAGs
[2022-10-05T09:27:29.289+0000] {logging_mixin.py:117} INFO - [2022-10-05T09:27:29.289+0000] {dag.py:3328} INFO - Setting next_dagrun for tutorial to 2022-10-04T09:27:29.289513+00:00, run_after=2022-10-05T09:27:29.289513+00:00
[2022-10-05T09:27:29.303+0000] {processor.py:178} INFO - Processing /home/airflow/.local/lib/python3.7/site-packages/airflow/example_dags/tutorial.py took 0.081 seconds
[2022-10-05T09:27:59.591+0000] {processor.py:156} INFO - Started process (PID=13722) to work on /home/airflow/.local/lib/python3.7/site-packages/airflow/example_dags/tutorial.py
[2022-10-05T09:27:59.592+0000] {processor.py:758} INFO - Processing file /home/airflow/.local/lib/python3.7/site-packages/airflow/example_dags/tutorial.py for tasks to queue
[2022-10-05T09:27:59.592+0000] {logging_mixin.py:117} INFO - [2022-10-05T09:27:59.592+0000] {dagbag.py:525} INFO - Filling up the DagBag from /home/airflow/.local/lib/python3.7/site-packages/airflow/example_dags/tutorial.py
[2022-10-05T09:27:59.603+0000] {processor.py:768} INFO - DAG(s) dict_keys(['tutorial']) retrieved from /home/airflow/.local/lib/python3.7/site-packages/airflow/example_dags/tutorial.py
[2022-10-05T09:27:59.635+0000] {logging_mixin.py:117} INFO - [2022-10-05T09:27:59.635+0000] {dag.py:2573} INFO - Sync 1 DAGs
[2022-10-05T09:27:59.655+0000] {logging_mixin.py:117} INFO - [2022-10-05T09:27:59.654+0000] {dag.py:3328} INFO - Setting next_dagrun for tutorial to 2022-10-04T09:27:59.654757+00:00, run_after=2022-10-05T09:27:59.654757+00:00
[2022-10-05T09:27:59.668+0000] {processor.py:178} INFO - Processing /home/airflow/.local/lib/python3.7/site-packages/airflow/example_dags/tutorial.py took 0.080 seconds
[2022-10-05T09:28:29.971+0000] {processor.py:156} INFO - Started process (PID=13927) to work on /home/airflow/.local/lib/python3.7/site-packages/airflow/example_dags/tutorial.py
[2022-10-05T09:28:29.971+0000] {processor.py:758} INFO - Processing file /home/airflow/.local/lib/python3.7/site-packages/airflow/example_dags/tutorial.py for tasks to queue
[2022-10-05T09:28:29.972+0000] {logging_mixin.py:117} INFO - [2022-10-05T09:28:29.972+0000] {dagbag.py:525} INFO - Filling up the DagBag from /home/airflow/.local/lib/python3.7/site-packages/airflow/example_dags/tutorial.py
[2022-10-05T09:28:29.984+0000] {processor.py:768} INFO - DAG(s) dict_keys(['tutorial']) retrieved from /home/airflow/.local/lib/python3.7/site-packages/airflow/example_dags/tutorial.py
[2022-10-05T09:28:30.016+0000] {logging_mixin.py:117} INFO - [2022-10-05T09:28:30.015+0000] {dag.py:2573} INFO - Sync 1 DAGs
[2022-10-05T09:28:30.035+0000] {logging_mixin.py:117} INFO - [2022-10-05T09:28:30.035+0000] {dag.py:3328} INFO - Setting next_dagrun for tutorial to 2022-10-04T09:28:30.035306+00:00, run_after=2022-10-05T09:28:30.035306+00:00
[2022-10-05T09:28:30.050+0000] {processor.py:178} INFO - Processing /home/airflow/.local/lib/python3.7/site-packages/airflow/example_dags/tutorial.py took 0.082 seconds
[2022-10-05T09:29:00.323+0000] {processor.py:156} INFO - Started process (PID=14127) to work on /home/airflow/.local/lib/python3.7/site-packages/airflow/example_dags/tutorial.py
[2022-10-05T09:29:00.324+0000] {processor.py:758} INFO - Processing file /home/airflow/.local/lib/python3.7/site-packages/airflow/example_dags/tutorial.py for tasks to queue
[2022-10-05T09:29:00.324+0000] {logging_mixin.py:117} INFO - [2022-10-05T09:29:00.324+0000] {dagbag.py:525} INFO - Filling up the DagBag from /home/airflow/.local/lib/python3.7/site-packages/airflow/example_dags/tutorial.py
[2022-10-05T09:29:00.335+0000] {processor.py:768} INFO - DAG(s) dict_keys(['tutorial']) retrieved from /home/airflow/.local/lib/python3.7/site-packages/airflow/example_dags/tutorial.py
[2022-10-05T09:29:00.368+0000] {logging_mixin.py:117} INFO - [2022-10-05T09:29:00.367+0000] {dag.py:2573} INFO - Sync 1 DAGs
[2022-10-05T09:29:00.388+0000] {logging_mixin.py:117} INFO - [2022-10-05T09:29:00.388+0000] {dag.py:3328} INFO - Setting next_dagrun for tutorial to 2022-10-04T09:29:00.388189+00:00, run_after=2022-10-05T09:29:00.388189+00:00
[2022-10-05T09:29:00.402+0000] {processor.py:178} INFO - Processing /home/airflow/.local/lib/python3.7/site-packages/airflow/example_dags/tutorial.py took 0.081 seconds
[2022-10-05T09:29:30.902+0000] {processor.py:156} INFO - Started process (PID=14334) to work on /home/airflow/.local/lib/python3.7/site-packages/airflow/example_dags/tutorial.py
[2022-10-05T09:29:30.903+0000] {processor.py:758} INFO - Processing file /home/airflow/.local/lib/python3.7/site-packages/airflow/example_dags/tutorial.py for tasks to queue
[2022-10-05T09:29:30.904+0000] {logging_mixin.py:117} INFO - [2022-10-05T09:29:30.904+0000] {dagbag.py:525} INFO - Filling up the DagBag from /home/airflow/.local/lib/python3.7/site-packages/airflow/example_dags/tutorial.py
[2022-10-05T09:29:30.915+0000] {processor.py:768} INFO - DAG(s) dict_keys(['tutorial']) retrieved from /home/airflow/.local/lib/python3.7/site-packages/airflow/example_dags/tutorial.py
[2022-10-05T09:29:30.948+0000] {logging_mixin.py:117} INFO - [2022-10-05T09:29:30.948+0000] {dag.py:2573} INFO - Sync 1 DAGs
[2022-10-05T09:29:30.968+0000] {logging_mixin.py:117} INFO - [2022-10-05T09:29:30.968+0000] {dag.py:3328} INFO - Setting next_dagrun for tutorial to 2022-10-04T09:29:30.967941+00:00, run_after=2022-10-05T09:29:30.967941+00:00
[2022-10-05T09:29:30.982+0000] {processor.py:178} INFO - Processing /home/airflow/.local/lib/python3.7/site-packages/airflow/example_dags/tutorial.py took 0.082 seconds
[2022-10-05T09:30:01.266+0000] {processor.py:156} INFO - Started process (PID=14541) to work on /home/airflow/.local/lib/python3.7/site-packages/airflow/example_dags/tutorial.py
[2022-10-05T09:30:01.267+0000] {processor.py:758} INFO - Processing file /home/airflow/.local/lib/python3.7/site-packages/airflow/example_dags/tutorial.py for tasks to queue
[2022-10-05T09:30:01.267+0000] {logging_mixin.py:117} INFO - [2022-10-05T09:30:01.267+0000] {dagbag.py:525} INFO - Filling up the DagBag from /home/airflow/.local/lib/python3.7/site-packages/airflow/example_dags/tutorial.py
[2022-10-05T09:30:01.279+0000] {processor.py:768} INFO - DAG(s) dict_keys(['tutorial']) retrieved from /home/airflow/.local/lib/python3.7/site-packages/airflow/example_dags/tutorial.py
[2022-10-05T09:30:01.310+0000] {logging_mixin.py:117} INFO - [2022-10-05T09:30:01.310+0000] {dag.py:2573} INFO - Sync 1 DAGs
[2022-10-05T09:30:01.329+0000] {logging_mixin.py:117} INFO - [2022-10-05T09:30:01.329+0000] {dag.py:3328} INFO - Setting next_dagrun for tutorial to 2022-10-04T09:30:01.329604+00:00, run_after=2022-10-05T09:30:01.329604+00:00
[2022-10-05T09:30:01.343+0000] {processor.py:178} INFO - Processing /home/airflow/.local/lib/python3.7/site-packages/airflow/example_dags/tutorial.py took 0.079 seconds
[2022-10-05T09:30:31.640+0000] {processor.py:156} INFO - Started process (PID=14748) to work on /home/airflow/.local/lib/python3.7/site-packages/airflow/example_dags/tutorial.py
[2022-10-05T09:30:31.640+0000] {processor.py:758} INFO - Processing file /home/airflow/.local/lib/python3.7/site-packages/airflow/example_dags/tutorial.py for tasks to queue
[2022-10-05T09:30:31.641+0000] {logging_mixin.py:117} INFO - [2022-10-05T09:30:31.641+0000] {dagbag.py:525} INFO - Filling up the DagBag from /home/airflow/.local/lib/python3.7/site-packages/airflow/example_dags/tutorial.py
[2022-10-05T09:30:31.653+0000] {processor.py:768} INFO - DAG(s) dict_keys(['tutorial']) retrieved from /home/airflow/.local/lib/python3.7/site-packages/airflow/example_dags/tutorial.py
[2022-10-05T09:30:31.685+0000] {logging_mixin.py:117} INFO - [2022-10-05T09:30:31.685+0000] {dag.py:2573} INFO - Sync 1 DAGs
[2022-10-05T09:30:31.705+0000] {logging_mixin.py:117} INFO - [2022-10-05T09:30:31.705+0000] {dag.py:3328} INFO - Setting next_dagrun for tutorial to 2022-10-04T09:30:31.704831+00:00, run_after=2022-10-05T09:30:31.704831+00:00
[2022-10-05T09:30:31.719+0000] {processor.py:178} INFO - Processing /home/airflow/.local/lib/python3.7/site-packages/airflow/example_dags/tutorial.py took 0.081 seconds
[2022-10-05T09:31:02.111+0000] {processor.py:156} INFO - Started process (PID=14946) to work on /home/airflow/.local/lib/python3.7/site-packages/airflow/example_dags/tutorial.py
[2022-10-05T09:31:02.112+0000] {processor.py:758} INFO - Processing file /home/airflow/.local/lib/python3.7/site-packages/airflow/example_dags/tutorial.py for tasks to queue
[2022-10-05T09:31:02.112+0000] {logging_mixin.py:117} INFO - [2022-10-05T09:31:02.112+0000] {dagbag.py:525} INFO - Filling up the DagBag from /home/airflow/.local/lib/python3.7/site-packages/airflow/example_dags/tutorial.py
[2022-10-05T09:31:02.123+0000] {processor.py:768} INFO - DAG(s) dict_keys(['tutorial']) retrieved from /home/airflow/.local/lib/python3.7/site-packages/airflow/example_dags/tutorial.py
[2022-10-05T09:31:02.154+0000] {logging_mixin.py:117} INFO - [2022-10-05T09:31:02.154+0000] {dag.py:2573} INFO - Sync 1 DAGs
[2022-10-05T09:31:02.175+0000] {logging_mixin.py:117} INFO - [2022-10-05T09:31:02.174+0000] {dag.py:3328} INFO - Setting next_dagrun for tutorial to 2022-10-04T09:31:02.174695+00:00, run_after=2022-10-05T09:31:02.174695+00:00
[2022-10-05T09:31:02.188+0000] {processor.py:178} INFO - Processing /home/airflow/.local/lib/python3.7/site-packages/airflow/example_dags/tutorial.py took 0.080 seconds
[2022-10-05T09:31:32.523+0000] {processor.py:156} INFO - Started process (PID=15153) to work on /home/airflow/.local/lib/python3.7/site-packages/airflow/example_dags/tutorial.py
[2022-10-05T09:31:32.524+0000] {processor.py:758} INFO - Processing file /home/airflow/.local/lib/python3.7/site-packages/airflow/example_dags/tutorial.py for tasks to queue
[2022-10-05T09:31:32.524+0000] {logging_mixin.py:117} INFO - [2022-10-05T09:31:32.524+0000] {dagbag.py:525} INFO - Filling up the DagBag from /home/airflow/.local/lib/python3.7/site-packages/airflow/example_dags/tutorial.py
[2022-10-05T09:31:32.535+0000] {processor.py:768} INFO - DAG(s) dict_keys(['tutorial']) retrieved from /home/airflow/.local/lib/python3.7/site-packages/airflow/example_dags/tutorial.py
[2022-10-05T09:31:32.567+0000] {logging_mixin.py:117} INFO - [2022-10-05T09:31:32.567+0000] {dag.py:2573} INFO - Sync 1 DAGs
[2022-10-05T09:31:32.587+0000] {logging_mixin.py:117} INFO - [2022-10-05T09:31:32.587+0000] {dag.py:3328} INFO - Setting next_dagrun for tutorial to 2022-10-04T09:31:32.587630+00:00, run_after=2022-10-05T09:31:32.587630+00:00
[2022-10-05T09:31:32.602+0000] {processor.py:178} INFO - Processing /home/airflow/.local/lib/python3.7/site-packages/airflow/example_dags/tutorial.py took 0.081 seconds
[2022-10-05T09:32:02.940+0000] {processor.py:156} INFO - Started process (PID=15360) to work on /home/airflow/.local/lib/python3.7/site-packages/airflow/example_dags/tutorial.py
[2022-10-05T09:32:02.940+0000] {processor.py:758} INFO - Processing file /home/airflow/.local/lib/python3.7/site-packages/airflow/example_dags/tutorial.py for tasks to queue
[2022-10-05T09:32:02.941+0000] {logging_mixin.py:117} INFO - [2022-10-05T09:32:02.941+0000] {dagbag.py:525} INFO - Filling up the DagBag from /home/airflow/.local/lib/python3.7/site-packages/airflow/example_dags/tutorial.py
[2022-10-05T09:32:02.952+0000] {processor.py:768} INFO - DAG(s) dict_keys(['tutorial']) retrieved from /home/airflow/.local/lib/python3.7/site-packages/airflow/example_dags/tutorial.py
[2022-10-05T09:32:02.984+0000] {logging_mixin.py:117} INFO - [2022-10-05T09:32:02.984+0000] {dag.py:2573} INFO - Sync 1 DAGs
[2022-10-05T09:32:03.003+0000] {logging_mixin.py:117} INFO - [2022-10-05T09:32:03.003+0000] {dag.py:3328} INFO - Setting next_dagrun for tutorial to 2022-10-04T09:32:03.003307+00:00, run_after=2022-10-05T09:32:03.003307+00:00
[2022-10-05T09:32:03.017+0000] {processor.py:178} INFO - Processing /home/airflow/.local/lib/python3.7/site-packages/airflow/example_dags/tutorial.py took 0.079 seconds
