[2022-10-05T08:54:27.672+0000] {processor.py:156} INFO - Started process (PID=272) to work on /home/airflow/.local/lib/python3.7/site-packages/airflow/example_dags/tutorial_dag.py
[2022-10-05T08:54:27.672+0000] {processor.py:758} INFO - Processing file /home/airflow/.local/lib/python3.7/site-packages/airflow/example_dags/tutorial_dag.py for tasks to queue
[2022-10-05T08:54:27.672+0000] {logging_mixin.py:117} INFO - [2022-10-05T08:54:27.672+0000] {dagbag.py:525} INFO - Filling up the DagBag from /home/airflow/.local/lib/python3.7/site-packages/airflow/example_dags/tutorial_dag.py
[2022-10-05T08:54:27.684+0000] {processor.py:768} INFO - DAG(s) dict_keys(['tutorial_dag']) retrieved from /home/airflow/.local/lib/python3.7/site-packages/airflow/example_dags/tutorial_dag.py
[2022-10-05T08:54:27.706+0000] {logging_mixin.py:117} INFO - [2022-10-05T08:54:27.706+0000] {dag.py:2573} INFO - Sync 1 DAGs
[2022-10-05T08:54:27.726+0000] {logging_mixin.py:117} INFO - [2022-10-05T08:54:27.726+0000] {dag.py:3328} INFO - Setting next_dagrun for tutorial_dag to None, run_after=None
[2022-10-05T08:54:27.741+0000] {processor.py:178} INFO - Processing /home/airflow/.local/lib/python3.7/site-packages/airflow/example_dags/tutorial_dag.py took 0.071 seconds
[2022-10-05T08:54:59.344+0000] {processor.py:156} INFO - Started process (PID=479) to work on /home/airflow/.local/lib/python3.7/site-packages/airflow/example_dags/tutorial_dag.py
[2022-10-05T08:54:59.345+0000] {processor.py:758} INFO - Processing file /home/airflow/.local/lib/python3.7/site-packages/airflow/example_dags/tutorial_dag.py for tasks to queue
[2022-10-05T08:54:59.345+0000] {logging_mixin.py:117} INFO - [2022-10-05T08:54:59.345+0000] {dagbag.py:525} INFO - Filling up the DagBag from /home/airflow/.local/lib/python3.7/site-packages/airflow/example_dags/tutorial_dag.py
[2022-10-05T08:54:59.358+0000] {processor.py:768} INFO - DAG(s) dict_keys(['tutorial_dag']) retrieved from /home/airflow/.local/lib/python3.7/site-packages/airflow/example_dags/tutorial_dag.py
[2022-10-05T08:54:59.389+0000] {logging_mixin.py:117} INFO - [2022-10-05T08:54:59.389+0000] {dag.py:2573} INFO - Sync 1 DAGs
[2022-10-05T08:54:59.408+0000] {logging_mixin.py:117} INFO - [2022-10-05T08:54:59.408+0000] {dag.py:3328} INFO - Setting next_dagrun for tutorial_dag to None, run_after=None
[2022-10-05T08:54:59.423+0000] {processor.py:178} INFO - Processing /home/airflow/.local/lib/python3.7/site-packages/airflow/example_dags/tutorial_dag.py took 0.081 seconds
[2022-10-05T08:55:29.984+0000] {processor.py:156} INFO - Started process (PID=687) to work on /home/airflow/.local/lib/python3.7/site-packages/airflow/example_dags/tutorial_dag.py
[2022-10-05T08:55:29.985+0000] {processor.py:758} INFO - Processing file /home/airflow/.local/lib/python3.7/site-packages/airflow/example_dags/tutorial_dag.py for tasks to queue
[2022-10-05T08:55:29.986+0000] {logging_mixin.py:117} INFO - [2022-10-05T08:55:29.985+0000] {dagbag.py:525} INFO - Filling up the DagBag from /home/airflow/.local/lib/python3.7/site-packages/airflow/example_dags/tutorial_dag.py
[2022-10-05T08:55:29.997+0000] {processor.py:768} INFO - DAG(s) dict_keys(['tutorial_dag']) retrieved from /home/airflow/.local/lib/python3.7/site-packages/airflow/example_dags/tutorial_dag.py
[2022-10-05T08:55:30.027+0000] {logging_mixin.py:117} INFO - [2022-10-05T08:55:30.027+0000] {dag.py:2573} INFO - Sync 1 DAGs
[2022-10-05T08:55:30.129+0000] {logging_mixin.py:117} INFO - [2022-10-05T08:55:30.129+0000] {dag.py:3328} INFO - Setting next_dagrun for tutorial_dag to None, run_after=None
[2022-10-05T08:55:30.143+0000] {processor.py:178} INFO - Processing /home/airflow/.local/lib/python3.7/site-packages/airflow/example_dags/tutorial_dag.py took 0.161 seconds
[2022-10-05T08:56:00.959+0000] {processor.py:156} INFO - Started process (PID=894) to work on /home/airflow/.local/lib/python3.7/site-packages/airflow/example_dags/tutorial_dag.py
[2022-10-05T08:56:00.959+0000] {processor.py:758} INFO - Processing file /home/airflow/.local/lib/python3.7/site-packages/airflow/example_dags/tutorial_dag.py for tasks to queue
[2022-10-05T08:56:00.960+0000] {logging_mixin.py:117} INFO - [2022-10-05T08:56:00.960+0000] {dagbag.py:525} INFO - Filling up the DagBag from /home/airflow/.local/lib/python3.7/site-packages/airflow/example_dags/tutorial_dag.py
[2022-10-05T08:56:00.971+0000] {processor.py:768} INFO - DAG(s) dict_keys(['tutorial_dag']) retrieved from /home/airflow/.local/lib/python3.7/site-packages/airflow/example_dags/tutorial_dag.py
[2022-10-05T08:56:01.002+0000] {logging_mixin.py:117} INFO - [2022-10-05T08:56:01.002+0000] {dag.py:2573} INFO - Sync 1 DAGs
[2022-10-05T08:56:01.101+0000] {logging_mixin.py:117} INFO - [2022-10-05T08:56:01.101+0000] {dag.py:3328} INFO - Setting next_dagrun for tutorial_dag to None, run_after=None
[2022-10-05T08:56:01.114+0000] {processor.py:178} INFO - Processing /home/airflow/.local/lib/python3.7/site-packages/airflow/example_dags/tutorial_dag.py took 0.157 seconds
[2022-10-05T08:56:31.925+0000] {processor.py:156} INFO - Started process (PID=1092) to work on /home/airflow/.local/lib/python3.7/site-packages/airflow/example_dags/tutorial_dag.py
[2022-10-05T08:56:31.926+0000] {processor.py:758} INFO - Processing file /home/airflow/.local/lib/python3.7/site-packages/airflow/example_dags/tutorial_dag.py for tasks to queue
[2022-10-05T08:56:31.926+0000] {logging_mixin.py:117} INFO - [2022-10-05T08:56:31.926+0000] {dagbag.py:525} INFO - Filling up the DagBag from /home/airflow/.local/lib/python3.7/site-packages/airflow/example_dags/tutorial_dag.py
[2022-10-05T08:56:31.937+0000] {processor.py:768} INFO - DAG(s) dict_keys(['tutorial_dag']) retrieved from /home/airflow/.local/lib/python3.7/site-packages/airflow/example_dags/tutorial_dag.py
[2022-10-05T08:56:32.052+0000] {logging_mixin.py:117} INFO - [2022-10-05T08:56:32.052+0000] {dag.py:2573} INFO - Sync 1 DAGs
[2022-10-05T08:56:32.070+0000] {logging_mixin.py:117} INFO - [2022-10-05T08:56:32.070+0000] {dag.py:3328} INFO - Setting next_dagrun for tutorial_dag to None, run_after=None
[2022-10-05T08:56:32.084+0000] {processor.py:178} INFO - Processing /home/airflow/.local/lib/python3.7/site-packages/airflow/example_dags/tutorial_dag.py took 0.161 seconds
[2022-10-05T08:57:02.975+0000] {processor.py:156} INFO - Started process (PID=1299) to work on /home/airflow/.local/lib/python3.7/site-packages/airflow/example_dags/tutorial_dag.py
[2022-10-05T08:57:02.976+0000] {processor.py:758} INFO - Processing file /home/airflow/.local/lib/python3.7/site-packages/airflow/example_dags/tutorial_dag.py for tasks to queue
[2022-10-05T08:57:02.976+0000] {logging_mixin.py:117} INFO - [2022-10-05T08:57:02.976+0000] {dagbag.py:525} INFO - Filling up the DagBag from /home/airflow/.local/lib/python3.7/site-packages/airflow/example_dags/tutorial_dag.py
[2022-10-05T08:57:02.988+0000] {processor.py:768} INFO - DAG(s) dict_keys(['tutorial_dag']) retrieved from /home/airflow/.local/lib/python3.7/site-packages/airflow/example_dags/tutorial_dag.py
[2022-10-05T08:57:03.098+0000] {logging_mixin.py:117} INFO - [2022-10-05T08:57:03.098+0000] {dag.py:2573} INFO - Sync 1 DAGs
[2022-10-05T08:57:03.116+0000] {logging_mixin.py:117} INFO - [2022-10-05T08:57:03.116+0000] {dag.py:3328} INFO - Setting next_dagrun for tutorial_dag to None, run_after=None
[2022-10-05T08:57:03.129+0000] {processor.py:178} INFO - Processing /home/airflow/.local/lib/python3.7/site-packages/airflow/example_dags/tutorial_dag.py took 0.156 seconds
[2022-10-05T08:57:33.558+0000] {processor.py:156} INFO - Started process (PID=1506) to work on /home/airflow/.local/lib/python3.7/site-packages/airflow/example_dags/tutorial_dag.py
[2022-10-05T08:57:33.558+0000] {processor.py:758} INFO - Processing file /home/airflow/.local/lib/python3.7/site-packages/airflow/example_dags/tutorial_dag.py for tasks to queue
[2022-10-05T08:57:33.559+0000] {logging_mixin.py:117} INFO - [2022-10-05T08:57:33.559+0000] {dagbag.py:525} INFO - Filling up the DagBag from /home/airflow/.local/lib/python3.7/site-packages/airflow/example_dags/tutorial_dag.py
[2022-10-05T08:57:33.653+0000] {processor.py:768} INFO - DAG(s) dict_keys(['tutorial_dag']) retrieved from /home/airflow/.local/lib/python3.7/site-packages/airflow/example_dags/tutorial_dag.py
[2022-10-05T08:57:33.679+0000] {logging_mixin.py:117} INFO - [2022-10-05T08:57:33.679+0000] {dag.py:2573} INFO - Sync 1 DAGs
[2022-10-05T08:57:33.698+0000] {logging_mixin.py:117} INFO - [2022-10-05T08:57:33.698+0000] {dag.py:3328} INFO - Setting next_dagrun for tutorial_dag to None, run_after=None
[2022-10-05T08:57:33.711+0000] {processor.py:178} INFO - Processing /home/airflow/.local/lib/python3.7/site-packages/airflow/example_dags/tutorial_dag.py took 0.155 seconds
[2022-10-05T08:58:04.700+0000] {processor.py:156} INFO - Started process (PID=1713) to work on /home/airflow/.local/lib/python3.7/site-packages/airflow/example_dags/tutorial_dag.py
[2022-10-05T08:58:04.701+0000] {processor.py:758} INFO - Processing file /home/airflow/.local/lib/python3.7/site-packages/airflow/example_dags/tutorial_dag.py for tasks to queue
[2022-10-05T08:58:04.701+0000] {logging_mixin.py:117} INFO - [2022-10-05T08:58:04.701+0000] {dagbag.py:525} INFO - Filling up the DagBag from /home/airflow/.local/lib/python3.7/site-packages/airflow/example_dags/tutorial_dag.py
[2022-10-05T08:58:04.712+0000] {processor.py:768} INFO - DAG(s) dict_keys(['tutorial_dag']) retrieved from /home/airflow/.local/lib/python3.7/site-packages/airflow/example_dags/tutorial_dag.py
[2022-10-05T08:58:04.745+0000] {logging_mixin.py:117} INFO - [2022-10-05T08:58:04.744+0000] {dag.py:2573} INFO - Sync 1 DAGs
[2022-10-05T08:58:04.764+0000] {logging_mixin.py:117} INFO - [2022-10-05T08:58:04.764+0000] {dag.py:3328} INFO - Setting next_dagrun for tutorial_dag to None, run_after=None
[2022-10-05T08:58:04.778+0000] {processor.py:178} INFO - Processing /home/airflow/.local/lib/python3.7/site-packages/airflow/example_dags/tutorial_dag.py took 0.080 seconds
[2022-10-05T08:58:35.096+0000] {processor.py:156} INFO - Started process (PID=1920) to work on /home/airflow/.local/lib/python3.7/site-packages/airflow/example_dags/tutorial_dag.py
[2022-10-05T08:58:35.097+0000] {processor.py:758} INFO - Processing file /home/airflow/.local/lib/python3.7/site-packages/airflow/example_dags/tutorial_dag.py for tasks to queue
[2022-10-05T08:58:35.098+0000] {logging_mixin.py:117} INFO - [2022-10-05T08:58:35.098+0000] {dagbag.py:525} INFO - Filling up the DagBag from /home/airflow/.local/lib/python3.7/site-packages/airflow/example_dags/tutorial_dag.py
[2022-10-05T08:58:35.108+0000] {processor.py:768} INFO - DAG(s) dict_keys(['tutorial_dag']) retrieved from /home/airflow/.local/lib/python3.7/site-packages/airflow/example_dags/tutorial_dag.py
[2022-10-05T08:58:35.140+0000] {logging_mixin.py:117} INFO - [2022-10-05T08:58:35.140+0000] {dag.py:2573} INFO - Sync 1 DAGs
[2022-10-05T08:58:35.160+0000] {logging_mixin.py:117} INFO - [2022-10-05T08:58:35.159+0000] {dag.py:3328} INFO - Setting next_dagrun for tutorial_dag to None, run_after=None
[2022-10-05T08:58:35.174+0000] {processor.py:178} INFO - Processing /home/airflow/.local/lib/python3.7/site-packages/airflow/example_dags/tutorial_dag.py took 0.080 seconds
[2022-10-05T08:59:05.543+0000] {processor.py:156} INFO - Started process (PID=2118) to work on /home/airflow/.local/lib/python3.7/site-packages/airflow/example_dags/tutorial_dag.py
[2022-10-05T08:59:05.544+0000] {processor.py:758} INFO - Processing file /home/airflow/.local/lib/python3.7/site-packages/airflow/example_dags/tutorial_dag.py for tasks to queue
[2022-10-05T08:59:05.544+0000] {logging_mixin.py:117} INFO - [2022-10-05T08:59:05.544+0000] {dagbag.py:525} INFO - Filling up the DagBag from /home/airflow/.local/lib/python3.7/site-packages/airflow/example_dags/tutorial_dag.py
[2022-10-05T08:59:05.555+0000] {processor.py:768} INFO - DAG(s) dict_keys(['tutorial_dag']) retrieved from /home/airflow/.local/lib/python3.7/site-packages/airflow/example_dags/tutorial_dag.py
[2022-10-05T08:59:05.587+0000] {logging_mixin.py:117} INFO - [2022-10-05T08:59:05.587+0000] {dag.py:2573} INFO - Sync 1 DAGs
[2022-10-05T08:59:05.606+0000] {logging_mixin.py:117} INFO - [2022-10-05T08:59:05.606+0000] {dag.py:3328} INFO - Setting next_dagrun for tutorial_dag to None, run_after=None
[2022-10-05T08:59:05.620+0000] {processor.py:178} INFO - Processing /home/airflow/.local/lib/python3.7/site-packages/airflow/example_dags/tutorial_dag.py took 0.080 seconds
[2022-10-05T08:59:35.925+0000] {processor.py:156} INFO - Started process (PID=2325) to work on /home/airflow/.local/lib/python3.7/site-packages/airflow/example_dags/tutorial_dag.py
[2022-10-05T08:59:35.926+0000] {processor.py:758} INFO - Processing file /home/airflow/.local/lib/python3.7/site-packages/airflow/example_dags/tutorial_dag.py for tasks to queue
[2022-10-05T08:59:35.927+0000] {logging_mixin.py:117} INFO - [2022-10-05T08:59:35.926+0000] {dagbag.py:525} INFO - Filling up the DagBag from /home/airflow/.local/lib/python3.7/site-packages/airflow/example_dags/tutorial_dag.py
[2022-10-05T08:59:35.938+0000] {processor.py:768} INFO - DAG(s) dict_keys(['tutorial_dag']) retrieved from /home/airflow/.local/lib/python3.7/site-packages/airflow/example_dags/tutorial_dag.py
[2022-10-05T08:59:35.969+0000] {logging_mixin.py:117} INFO - [2022-10-05T08:59:35.969+0000] {dag.py:2573} INFO - Sync 1 DAGs
[2022-10-05T08:59:35.990+0000] {logging_mixin.py:117} INFO - [2022-10-05T08:59:35.990+0000] {dag.py:3328} INFO - Setting next_dagrun for tutorial_dag to None, run_after=None
[2022-10-05T08:59:36.004+0000] {processor.py:178} INFO - Processing /home/airflow/.local/lib/python3.7/site-packages/airflow/example_dags/tutorial_dag.py took 0.080 seconds
[2022-10-05T09:00:06.375+0000] {processor.py:156} INFO - Started process (PID=2532) to work on /home/airflow/.local/lib/python3.7/site-packages/airflow/example_dags/tutorial_dag.py
[2022-10-05T09:00:06.375+0000] {processor.py:758} INFO - Processing file /home/airflow/.local/lib/python3.7/site-packages/airflow/example_dags/tutorial_dag.py for tasks to queue
[2022-10-05T09:00:06.376+0000] {logging_mixin.py:117} INFO - [2022-10-05T09:00:06.376+0000] {dagbag.py:525} INFO - Filling up the DagBag from /home/airflow/.local/lib/python3.7/site-packages/airflow/example_dags/tutorial_dag.py
[2022-10-05T09:00:06.387+0000] {processor.py:768} INFO - DAG(s) dict_keys(['tutorial_dag']) retrieved from /home/airflow/.local/lib/python3.7/site-packages/airflow/example_dags/tutorial_dag.py
[2022-10-05T09:00:06.419+0000] {logging_mixin.py:117} INFO - [2022-10-05T09:00:06.419+0000] {dag.py:2573} INFO - Sync 1 DAGs
[2022-10-05T09:00:06.438+0000] {logging_mixin.py:117} INFO - [2022-10-05T09:00:06.438+0000] {dag.py:3328} INFO - Setting next_dagrun for tutorial_dag to None, run_after=None
[2022-10-05T09:00:06.451+0000] {processor.py:178} INFO - Processing /home/airflow/.local/lib/python3.7/site-packages/airflow/example_dags/tutorial_dag.py took 0.079 seconds
[2022-10-05T09:00:36.776+0000] {processor.py:156} INFO - Started process (PID=2739) to work on /home/airflow/.local/lib/python3.7/site-packages/airflow/example_dags/tutorial_dag.py
[2022-10-05T09:00:36.777+0000] {processor.py:758} INFO - Processing file /home/airflow/.local/lib/python3.7/site-packages/airflow/example_dags/tutorial_dag.py for tasks to queue
[2022-10-05T09:00:36.777+0000] {logging_mixin.py:117} INFO - [2022-10-05T09:00:36.777+0000] {dagbag.py:525} INFO - Filling up the DagBag from /home/airflow/.local/lib/python3.7/site-packages/airflow/example_dags/tutorial_dag.py
[2022-10-05T09:00:36.788+0000] {processor.py:768} INFO - DAG(s) dict_keys(['tutorial_dag']) retrieved from /home/airflow/.local/lib/python3.7/site-packages/airflow/example_dags/tutorial_dag.py
[2022-10-05T09:00:36.820+0000] {logging_mixin.py:117} INFO - [2022-10-05T09:00:36.819+0000] {dag.py:2573} INFO - Sync 1 DAGs
[2022-10-05T09:00:36.839+0000] {logging_mixin.py:117} INFO - [2022-10-05T09:00:36.839+0000] {dag.py:3328} INFO - Setting next_dagrun for tutorial_dag to None, run_after=None
[2022-10-05T09:00:36.853+0000] {processor.py:178} INFO - Processing /home/airflow/.local/lib/python3.7/site-packages/airflow/example_dags/tutorial_dag.py took 0.080 seconds
[2022-10-05T09:01:07.252+0000] {processor.py:156} INFO - Started process (PID=2937) to work on /home/airflow/.local/lib/python3.7/site-packages/airflow/example_dags/tutorial_dag.py
[2022-10-05T09:01:07.253+0000] {processor.py:758} INFO - Processing file /home/airflow/.local/lib/python3.7/site-packages/airflow/example_dags/tutorial_dag.py for tasks to queue
[2022-10-05T09:01:07.254+0000] {logging_mixin.py:117} INFO - [2022-10-05T09:01:07.254+0000] {dagbag.py:525} INFO - Filling up the DagBag from /home/airflow/.local/lib/python3.7/site-packages/airflow/example_dags/tutorial_dag.py
[2022-10-05T09:01:07.265+0000] {processor.py:768} INFO - DAG(s) dict_keys(['tutorial_dag']) retrieved from /home/airflow/.local/lib/python3.7/site-packages/airflow/example_dags/tutorial_dag.py
[2022-10-05T09:01:07.296+0000] {logging_mixin.py:117} INFO - [2022-10-05T09:01:07.296+0000] {dag.py:2573} INFO - Sync 1 DAGs
[2022-10-05T09:01:07.315+0000] {logging_mixin.py:117} INFO - [2022-10-05T09:01:07.315+0000] {dag.py:3328} INFO - Setting next_dagrun for tutorial_dag to None, run_after=None
[2022-10-05T09:01:07.330+0000] {processor.py:178} INFO - Processing /home/airflow/.local/lib/python3.7/site-packages/airflow/example_dags/tutorial_dag.py took 0.080 seconds
[2022-10-05T09:01:37.841+0000] {processor.py:156} INFO - Started process (PID=3144) to work on /home/airflow/.local/lib/python3.7/site-packages/airflow/example_dags/tutorial_dag.py
[2022-10-05T09:01:37.841+0000] {processor.py:758} INFO - Processing file /home/airflow/.local/lib/python3.7/site-packages/airflow/example_dags/tutorial_dag.py for tasks to queue
[2022-10-05T09:01:37.842+0000] {logging_mixin.py:117} INFO - [2022-10-05T09:01:37.842+0000] {dagbag.py:525} INFO - Filling up the DagBag from /home/airflow/.local/lib/python3.7/site-packages/airflow/example_dags/tutorial_dag.py
[2022-10-05T09:01:37.853+0000] {processor.py:768} INFO - DAG(s) dict_keys(['tutorial_dag']) retrieved from /home/airflow/.local/lib/python3.7/site-packages/airflow/example_dags/tutorial_dag.py
[2022-10-05T09:01:37.884+0000] {logging_mixin.py:117} INFO - [2022-10-05T09:01:37.884+0000] {dag.py:2573} INFO - Sync 1 DAGs
[2022-10-05T09:01:37.904+0000] {logging_mixin.py:117} INFO - [2022-10-05T09:01:37.904+0000] {dag.py:3328} INFO - Setting next_dagrun for tutorial_dag to None, run_after=None
[2022-10-05T09:01:37.917+0000] {processor.py:178} INFO - Processing /home/airflow/.local/lib/python3.7/site-packages/airflow/example_dags/tutorial_dag.py took 0.079 seconds
[2022-10-05T09:02:08.393+0000] {processor.py:156} INFO - Started process (PID=3351) to work on /home/airflow/.local/lib/python3.7/site-packages/airflow/example_dags/tutorial_dag.py
[2022-10-05T09:02:08.394+0000] {processor.py:758} INFO - Processing file /home/airflow/.local/lib/python3.7/site-packages/airflow/example_dags/tutorial_dag.py for tasks to queue
[2022-10-05T09:02:08.394+0000] {logging_mixin.py:117} INFO - [2022-10-05T09:02:08.394+0000] {dagbag.py:525} INFO - Filling up the DagBag from /home/airflow/.local/lib/python3.7/site-packages/airflow/example_dags/tutorial_dag.py
[2022-10-05T09:02:08.405+0000] {processor.py:768} INFO - DAG(s) dict_keys(['tutorial_dag']) retrieved from /home/airflow/.local/lib/python3.7/site-packages/airflow/example_dags/tutorial_dag.py
[2022-10-05T09:02:08.437+0000] {logging_mixin.py:117} INFO - [2022-10-05T09:02:08.437+0000] {dag.py:2573} INFO - Sync 1 DAGs
[2022-10-05T09:02:08.457+0000] {logging_mixin.py:117} INFO - [2022-10-05T09:02:08.457+0000] {dag.py:3328} INFO - Setting next_dagrun for tutorial_dag to None, run_after=None
[2022-10-05T09:02:08.474+0000] {processor.py:178} INFO - Processing /home/airflow/.local/lib/python3.7/site-packages/airflow/example_dags/tutorial_dag.py took 0.083 seconds
[2022-10-05T09:02:39.005+0000] {processor.py:156} INFO - Started process (PID=3558) to work on /home/airflow/.local/lib/python3.7/site-packages/airflow/example_dags/tutorial_dag.py
[2022-10-05T09:02:39.005+0000] {processor.py:758} INFO - Processing file /home/airflow/.local/lib/python3.7/site-packages/airflow/example_dags/tutorial_dag.py for tasks to queue
[2022-10-05T09:02:39.006+0000] {logging_mixin.py:117} INFO - [2022-10-05T09:02:39.006+0000] {dagbag.py:525} INFO - Filling up the DagBag from /home/airflow/.local/lib/python3.7/site-packages/airflow/example_dags/tutorial_dag.py
[2022-10-05T09:02:39.017+0000] {processor.py:768} INFO - DAG(s) dict_keys(['tutorial_dag']) retrieved from /home/airflow/.local/lib/python3.7/site-packages/airflow/example_dags/tutorial_dag.py
[2022-10-05T09:02:39.049+0000] {logging_mixin.py:117} INFO - [2022-10-05T09:02:39.048+0000] {dag.py:2573} INFO - Sync 1 DAGs
[2022-10-05T09:02:39.067+0000] {logging_mixin.py:117} INFO - [2022-10-05T09:02:39.067+0000] {dag.py:3328} INFO - Setting next_dagrun for tutorial_dag to None, run_after=None
[2022-10-05T09:02:39.081+0000] {processor.py:178} INFO - Processing /home/airflow/.local/lib/python3.7/site-packages/airflow/example_dags/tutorial_dag.py took 0.079 seconds
[2022-10-05T09:03:09.541+0000] {processor.py:156} INFO - Started process (PID=3765) to work on /home/airflow/.local/lib/python3.7/site-packages/airflow/example_dags/tutorial_dag.py
[2022-10-05T09:03:09.542+0000] {processor.py:758} INFO - Processing file /home/airflow/.local/lib/python3.7/site-packages/airflow/example_dags/tutorial_dag.py for tasks to queue
[2022-10-05T09:03:09.542+0000] {logging_mixin.py:117} INFO - [2022-10-05T09:03:09.542+0000] {dagbag.py:525} INFO - Filling up the DagBag from /home/airflow/.local/lib/python3.7/site-packages/airflow/example_dags/tutorial_dag.py
[2022-10-05T09:03:09.553+0000] {processor.py:768} INFO - DAG(s) dict_keys(['tutorial_dag']) retrieved from /home/airflow/.local/lib/python3.7/site-packages/airflow/example_dags/tutorial_dag.py
[2022-10-05T09:03:09.586+0000] {logging_mixin.py:117} INFO - [2022-10-05T09:03:09.586+0000] {dag.py:2573} INFO - Sync 1 DAGs
[2022-10-05T09:03:09.606+0000] {logging_mixin.py:117} INFO - [2022-10-05T09:03:09.606+0000] {dag.py:3328} INFO - Setting next_dagrun for tutorial_dag to None, run_after=None
[2022-10-05T09:03:09.620+0000] {processor.py:178} INFO - Processing /home/airflow/.local/lib/python3.7/site-packages/airflow/example_dags/tutorial_dag.py took 0.081 seconds
[2022-10-05T09:03:40.112+0000] {processor.py:156} INFO - Started process (PID=3963) to work on /home/airflow/.local/lib/python3.7/site-packages/airflow/example_dags/tutorial_dag.py
[2022-10-05T09:03:40.112+0000] {processor.py:758} INFO - Processing file /home/airflow/.local/lib/python3.7/site-packages/airflow/example_dags/tutorial_dag.py for tasks to queue
[2022-10-05T09:03:40.113+0000] {logging_mixin.py:117} INFO - [2022-10-05T09:03:40.113+0000] {dagbag.py:525} INFO - Filling up the DagBag from /home/airflow/.local/lib/python3.7/site-packages/airflow/example_dags/tutorial_dag.py
[2022-10-05T09:03:40.124+0000] {processor.py:768} INFO - DAG(s) dict_keys(['tutorial_dag']) retrieved from /home/airflow/.local/lib/python3.7/site-packages/airflow/example_dags/tutorial_dag.py
[2022-10-05T09:03:40.155+0000] {logging_mixin.py:117} INFO - [2022-10-05T09:03:40.155+0000] {dag.py:2573} INFO - Sync 1 DAGs
[2022-10-05T09:03:40.176+0000] {logging_mixin.py:117} INFO - [2022-10-05T09:03:40.175+0000] {dag.py:3328} INFO - Setting next_dagrun for tutorial_dag to None, run_after=None
[2022-10-05T09:03:40.189+0000] {processor.py:178} INFO - Processing /home/airflow/.local/lib/python3.7/site-packages/airflow/example_dags/tutorial_dag.py took 0.080 seconds
[2022-10-05T09:04:10.689+0000] {processor.py:156} INFO - Started process (PID=4170) to work on /home/airflow/.local/lib/python3.7/site-packages/airflow/example_dags/tutorial_dag.py
[2022-10-05T09:04:10.690+0000] {processor.py:758} INFO - Processing file /home/airflow/.local/lib/python3.7/site-packages/airflow/example_dags/tutorial_dag.py for tasks to queue
[2022-10-05T09:04:10.690+0000] {logging_mixin.py:117} INFO - [2022-10-05T09:04:10.690+0000] {dagbag.py:525} INFO - Filling up the DagBag from /home/airflow/.local/lib/python3.7/site-packages/airflow/example_dags/tutorial_dag.py
[2022-10-05T09:04:10.701+0000] {processor.py:768} INFO - DAG(s) dict_keys(['tutorial_dag']) retrieved from /home/airflow/.local/lib/python3.7/site-packages/airflow/example_dags/tutorial_dag.py
[2022-10-05T09:04:10.732+0000] {logging_mixin.py:117} INFO - [2022-10-05T09:04:10.732+0000] {dag.py:2573} INFO - Sync 1 DAGs
[2022-10-05T09:04:10.752+0000] {logging_mixin.py:117} INFO - [2022-10-05T09:04:10.752+0000] {dag.py:3328} INFO - Setting next_dagrun for tutorial_dag to None, run_after=None
[2022-10-05T09:04:10.766+0000] {processor.py:178} INFO - Processing /home/airflow/.local/lib/python3.7/site-packages/airflow/example_dags/tutorial_dag.py took 0.079 seconds
[2022-10-05T09:04:41.242+0000] {processor.py:156} INFO - Started process (PID=4377) to work on /home/airflow/.local/lib/python3.7/site-packages/airflow/example_dags/tutorial_dag.py
[2022-10-05T09:04:41.243+0000] {processor.py:758} INFO - Processing file /home/airflow/.local/lib/python3.7/site-packages/airflow/example_dags/tutorial_dag.py for tasks to queue
[2022-10-05T09:04:41.243+0000] {logging_mixin.py:117} INFO - [2022-10-05T09:04:41.243+0000] {dagbag.py:525} INFO - Filling up the DagBag from /home/airflow/.local/lib/python3.7/site-packages/airflow/example_dags/tutorial_dag.py
[2022-10-05T09:04:41.254+0000] {processor.py:768} INFO - DAG(s) dict_keys(['tutorial_dag']) retrieved from /home/airflow/.local/lib/python3.7/site-packages/airflow/example_dags/tutorial_dag.py
[2022-10-05T09:04:41.286+0000] {logging_mixin.py:117} INFO - [2022-10-05T09:04:41.286+0000] {dag.py:2573} INFO - Sync 1 DAGs
[2022-10-05T09:04:41.305+0000] {logging_mixin.py:117} INFO - [2022-10-05T09:04:41.305+0000] {dag.py:3328} INFO - Setting next_dagrun for tutorial_dag to None, run_after=None
[2022-10-05T09:04:41.319+0000] {processor.py:178} INFO - Processing /home/airflow/.local/lib/python3.7/site-packages/airflow/example_dags/tutorial_dag.py took 0.079 seconds
[2022-10-05T09:05:11.704+0000] {processor.py:156} INFO - Started process (PID=4584) to work on /home/airflow/.local/lib/python3.7/site-packages/airflow/example_dags/tutorial_dag.py
[2022-10-05T09:05:11.705+0000] {processor.py:758} INFO - Processing file /home/airflow/.local/lib/python3.7/site-packages/airflow/example_dags/tutorial_dag.py for tasks to queue
[2022-10-05T09:05:11.705+0000] {logging_mixin.py:117} INFO - [2022-10-05T09:05:11.705+0000] {dagbag.py:525} INFO - Filling up the DagBag from /home/airflow/.local/lib/python3.7/site-packages/airflow/example_dags/tutorial_dag.py
[2022-10-05T09:05:11.716+0000] {processor.py:768} INFO - DAG(s) dict_keys(['tutorial_dag']) retrieved from /home/airflow/.local/lib/python3.7/site-packages/airflow/example_dags/tutorial_dag.py
[2022-10-05T09:05:11.747+0000] {logging_mixin.py:117} INFO - [2022-10-05T09:05:11.747+0000] {dag.py:2573} INFO - Sync 1 DAGs
[2022-10-05T09:05:11.766+0000] {logging_mixin.py:117} INFO - [2022-10-05T09:05:11.766+0000] {dag.py:3328} INFO - Setting next_dagrun for tutorial_dag to None, run_after=None
[2022-10-05T09:05:11.780+0000] {processor.py:178} INFO - Processing /home/airflow/.local/lib/python3.7/site-packages/airflow/example_dags/tutorial_dag.py took 0.078 seconds
[2022-10-05T09:05:42.069+0000] {processor.py:156} INFO - Started process (PID=4782) to work on /home/airflow/.local/lib/python3.7/site-packages/airflow/example_dags/tutorial_dag.py
[2022-10-05T09:05:42.070+0000] {processor.py:758} INFO - Processing file /home/airflow/.local/lib/python3.7/site-packages/airflow/example_dags/tutorial_dag.py for tasks to queue
[2022-10-05T09:05:42.070+0000] {logging_mixin.py:117} INFO - [2022-10-05T09:05:42.070+0000] {dagbag.py:525} INFO - Filling up the DagBag from /home/airflow/.local/lib/python3.7/site-packages/airflow/example_dags/tutorial_dag.py
[2022-10-05T09:05:42.082+0000] {processor.py:768} INFO - DAG(s) dict_keys(['tutorial_dag']) retrieved from /home/airflow/.local/lib/python3.7/site-packages/airflow/example_dags/tutorial_dag.py
[2022-10-05T09:05:42.113+0000] {logging_mixin.py:117} INFO - [2022-10-05T09:05:42.113+0000] {dag.py:2573} INFO - Sync 1 DAGs
[2022-10-05T09:05:42.133+0000] {logging_mixin.py:117} INFO - [2022-10-05T09:05:42.133+0000] {dag.py:3328} INFO - Setting next_dagrun for tutorial_dag to None, run_after=None
[2022-10-05T09:05:42.147+0000] {processor.py:178} INFO - Processing /home/airflow/.local/lib/python3.7/site-packages/airflow/example_dags/tutorial_dag.py took 0.080 seconds
[2022-10-05T09:06:12.538+0000] {processor.py:156} INFO - Started process (PID=4989) to work on /home/airflow/.local/lib/python3.7/site-packages/airflow/example_dags/tutorial_dag.py
[2022-10-05T09:06:12.538+0000] {processor.py:758} INFO - Processing file /home/airflow/.local/lib/python3.7/site-packages/airflow/example_dags/tutorial_dag.py for tasks to queue
[2022-10-05T09:06:12.539+0000] {logging_mixin.py:117} INFO - [2022-10-05T09:06:12.539+0000] {dagbag.py:525} INFO - Filling up the DagBag from /home/airflow/.local/lib/python3.7/site-packages/airflow/example_dags/tutorial_dag.py
[2022-10-05T09:06:12.550+0000] {processor.py:768} INFO - DAG(s) dict_keys(['tutorial_dag']) retrieved from /home/airflow/.local/lib/python3.7/site-packages/airflow/example_dags/tutorial_dag.py
[2022-10-05T09:06:12.581+0000] {logging_mixin.py:117} INFO - [2022-10-05T09:06:12.580+0000] {dag.py:2573} INFO - Sync 1 DAGs
[2022-10-05T09:06:12.600+0000] {logging_mixin.py:117} INFO - [2022-10-05T09:06:12.600+0000] {dag.py:3328} INFO - Setting next_dagrun for tutorial_dag to None, run_after=None
[2022-10-05T09:06:12.614+0000] {processor.py:178} INFO - Processing /home/airflow/.local/lib/python3.7/site-packages/airflow/example_dags/tutorial_dag.py took 0.078 seconds
[2022-10-05T09:06:42.853+0000] {processor.py:156} INFO - Started process (PID=5196) to work on /home/airflow/.local/lib/python3.7/site-packages/airflow/example_dags/tutorial_dag.py
[2022-10-05T09:06:42.853+0000] {processor.py:758} INFO - Processing file /home/airflow/.local/lib/python3.7/site-packages/airflow/example_dags/tutorial_dag.py for tasks to queue
[2022-10-05T09:06:42.854+0000] {logging_mixin.py:117} INFO - [2022-10-05T09:06:42.854+0000] {dagbag.py:525} INFO - Filling up the DagBag from /home/airflow/.local/lib/python3.7/site-packages/airflow/example_dags/tutorial_dag.py
[2022-10-05T09:06:42.865+0000] {processor.py:768} INFO - DAG(s) dict_keys(['tutorial_dag']) retrieved from /home/airflow/.local/lib/python3.7/site-packages/airflow/example_dags/tutorial_dag.py
[2022-10-05T09:06:42.897+0000] {logging_mixin.py:117} INFO - [2022-10-05T09:06:42.897+0000] {dag.py:2573} INFO - Sync 1 DAGs
[2022-10-05T09:06:42.916+0000] {logging_mixin.py:117} INFO - [2022-10-05T09:06:42.916+0000] {dag.py:3328} INFO - Setting next_dagrun for tutorial_dag to None, run_after=None
[2022-10-05T09:06:42.930+0000] {processor.py:178} INFO - Processing /home/airflow/.local/lib/python3.7/site-packages/airflow/example_dags/tutorial_dag.py took 0.080 seconds
[2022-10-05T09:07:13.283+0000] {processor.py:156} INFO - Started process (PID=5403) to work on /home/airflow/.local/lib/python3.7/site-packages/airflow/example_dags/tutorial_dag.py
[2022-10-05T09:07:13.285+0000] {processor.py:758} INFO - Processing file /home/airflow/.local/lib/python3.7/site-packages/airflow/example_dags/tutorial_dag.py for tasks to queue
[2022-10-05T09:07:13.285+0000] {logging_mixin.py:117} INFO - [2022-10-05T09:07:13.285+0000] {dagbag.py:525} INFO - Filling up the DagBag from /home/airflow/.local/lib/python3.7/site-packages/airflow/example_dags/tutorial_dag.py
[2022-10-05T09:07:13.296+0000] {processor.py:768} INFO - DAG(s) dict_keys(['tutorial_dag']) retrieved from /home/airflow/.local/lib/python3.7/site-packages/airflow/example_dags/tutorial_dag.py
[2022-10-05T09:07:13.328+0000] {logging_mixin.py:117} INFO - [2022-10-05T09:07:13.328+0000] {dag.py:2573} INFO - Sync 1 DAGs
[2022-10-05T09:07:13.347+0000] {logging_mixin.py:117} INFO - [2022-10-05T09:07:13.347+0000] {dag.py:3328} INFO - Setting next_dagrun for tutorial_dag to None, run_after=None
[2022-10-05T09:07:13.361+0000] {processor.py:178} INFO - Processing /home/airflow/.local/lib/python3.7/site-packages/airflow/example_dags/tutorial_dag.py took 0.079 seconds
[2022-10-05T09:07:43.786+0000] {processor.py:156} INFO - Started process (PID=5601) to work on /home/airflow/.local/lib/python3.7/site-packages/airflow/example_dags/tutorial_dag.py
[2022-10-05T09:07:43.786+0000] {processor.py:758} INFO - Processing file /home/airflow/.local/lib/python3.7/site-packages/airflow/example_dags/tutorial_dag.py for tasks to queue
[2022-10-05T09:07:43.787+0000] {logging_mixin.py:117} INFO - [2022-10-05T09:07:43.787+0000] {dagbag.py:525} INFO - Filling up the DagBag from /home/airflow/.local/lib/python3.7/site-packages/airflow/example_dags/tutorial_dag.py
[2022-10-05T09:07:43.798+0000] {processor.py:768} INFO - DAG(s) dict_keys(['tutorial_dag']) retrieved from /home/airflow/.local/lib/python3.7/site-packages/airflow/example_dags/tutorial_dag.py
[2022-10-05T09:07:43.829+0000] {logging_mixin.py:117} INFO - [2022-10-05T09:07:43.829+0000] {dag.py:2573} INFO - Sync 1 DAGs
[2022-10-05T09:07:43.847+0000] {logging_mixin.py:117} INFO - [2022-10-05T09:07:43.847+0000] {dag.py:3328} INFO - Setting next_dagrun for tutorial_dag to None, run_after=None
[2022-10-05T09:07:43.862+0000] {processor.py:178} INFO - Processing /home/airflow/.local/lib/python3.7/site-packages/airflow/example_dags/tutorial_dag.py took 0.078 seconds
[2022-10-05T09:08:14.161+0000] {processor.py:156} INFO - Started process (PID=5808) to work on /home/airflow/.local/lib/python3.7/site-packages/airflow/example_dags/tutorial_dag.py
[2022-10-05T09:08:14.161+0000] {processor.py:758} INFO - Processing file /home/airflow/.local/lib/python3.7/site-packages/airflow/example_dags/tutorial_dag.py for tasks to queue
[2022-10-05T09:08:14.162+0000] {logging_mixin.py:117} INFO - [2022-10-05T09:08:14.162+0000] {dagbag.py:525} INFO - Filling up the DagBag from /home/airflow/.local/lib/python3.7/site-packages/airflow/example_dags/tutorial_dag.py
[2022-10-05T09:08:14.173+0000] {processor.py:768} INFO - DAG(s) dict_keys(['tutorial_dag']) retrieved from /home/airflow/.local/lib/python3.7/site-packages/airflow/example_dags/tutorial_dag.py
[2022-10-05T09:08:14.204+0000] {logging_mixin.py:117} INFO - [2022-10-05T09:08:14.204+0000] {dag.py:2573} INFO - Sync 1 DAGs
[2022-10-05T09:08:14.223+0000] {logging_mixin.py:117} INFO - [2022-10-05T09:08:14.223+0000] {dag.py:3328} INFO - Setting next_dagrun for tutorial_dag to None, run_after=None
[2022-10-05T09:08:14.237+0000] {processor.py:178} INFO - Processing /home/airflow/.local/lib/python3.7/site-packages/airflow/example_dags/tutorial_dag.py took 0.079 seconds
[2022-10-05T09:08:44.767+0000] {processor.py:156} INFO - Started process (PID=6015) to work on /home/airflow/.local/lib/python3.7/site-packages/airflow/example_dags/tutorial_dag.py
[2022-10-05T09:08:44.768+0000] {processor.py:758} INFO - Processing file /home/airflow/.local/lib/python3.7/site-packages/airflow/example_dags/tutorial_dag.py for tasks to queue
[2022-10-05T09:08:44.769+0000] {logging_mixin.py:117} INFO - [2022-10-05T09:08:44.768+0000] {dagbag.py:525} INFO - Filling up the DagBag from /home/airflow/.local/lib/python3.7/site-packages/airflow/example_dags/tutorial_dag.py
[2022-10-05T09:08:44.780+0000] {processor.py:768} INFO - DAG(s) dict_keys(['tutorial_dag']) retrieved from /home/airflow/.local/lib/python3.7/site-packages/airflow/example_dags/tutorial_dag.py
[2022-10-05T09:08:44.812+0000] {logging_mixin.py:117} INFO - [2022-10-05T09:08:44.812+0000] {dag.py:2573} INFO - Sync 1 DAGs
[2022-10-05T09:08:44.831+0000] {logging_mixin.py:117} INFO - [2022-10-05T09:08:44.831+0000] {dag.py:3328} INFO - Setting next_dagrun for tutorial_dag to None, run_after=None
[2022-10-05T09:08:44.845+0000] {processor.py:178} INFO - Processing /home/airflow/.local/lib/python3.7/site-packages/airflow/example_dags/tutorial_dag.py took 0.079 seconds
[2022-10-05T09:09:15.304+0000] {processor.py:156} INFO - Started process (PID=6222) to work on /home/airflow/.local/lib/python3.7/site-packages/airflow/example_dags/tutorial_dag.py
[2022-10-05T09:09:15.305+0000] {processor.py:758} INFO - Processing file /home/airflow/.local/lib/python3.7/site-packages/airflow/example_dags/tutorial_dag.py for tasks to queue
[2022-10-05T09:09:15.305+0000] {logging_mixin.py:117} INFO - [2022-10-05T09:09:15.305+0000] {dagbag.py:525} INFO - Filling up the DagBag from /home/airflow/.local/lib/python3.7/site-packages/airflow/example_dags/tutorial_dag.py
[2022-10-05T09:09:15.317+0000] {processor.py:768} INFO - DAG(s) dict_keys(['tutorial_dag']) retrieved from /home/airflow/.local/lib/python3.7/site-packages/airflow/example_dags/tutorial_dag.py
[2022-10-05T09:09:15.348+0000] {logging_mixin.py:117} INFO - [2022-10-05T09:09:15.348+0000] {dag.py:2573} INFO - Sync 1 DAGs
[2022-10-05T09:09:15.368+0000] {logging_mixin.py:117} INFO - [2022-10-05T09:09:15.367+0000] {dag.py:3328} INFO - Setting next_dagrun for tutorial_dag to None, run_after=None
[2022-10-05T09:09:15.381+0000] {processor.py:178} INFO - Processing /home/airflow/.local/lib/python3.7/site-packages/airflow/example_dags/tutorial_dag.py took 0.079 seconds
[2022-10-05T09:09:45.595+0000] {processor.py:156} INFO - Started process (PID=6420) to work on /home/airflow/.local/lib/python3.7/site-packages/airflow/example_dags/tutorial_dag.py
[2022-10-05T09:09:45.596+0000] {processor.py:758} INFO - Processing file /home/airflow/.local/lib/python3.7/site-packages/airflow/example_dags/tutorial_dag.py for tasks to queue
[2022-10-05T09:09:45.596+0000] {logging_mixin.py:117} INFO - [2022-10-05T09:09:45.596+0000] {dagbag.py:525} INFO - Filling up the DagBag from /home/airflow/.local/lib/python3.7/site-packages/airflow/example_dags/tutorial_dag.py
[2022-10-05T09:09:45.607+0000] {processor.py:768} INFO - DAG(s) dict_keys(['tutorial_dag']) retrieved from /home/airflow/.local/lib/python3.7/site-packages/airflow/example_dags/tutorial_dag.py
[2022-10-05T09:09:45.640+0000] {logging_mixin.py:117} INFO - [2022-10-05T09:09:45.640+0000] {dag.py:2573} INFO - Sync 1 DAGs
[2022-10-05T09:09:45.659+0000] {logging_mixin.py:117} INFO - [2022-10-05T09:09:45.659+0000] {dag.py:3328} INFO - Setting next_dagrun for tutorial_dag to None, run_after=None
[2022-10-05T09:09:45.674+0000] {processor.py:178} INFO - Processing /home/airflow/.local/lib/python3.7/site-packages/airflow/example_dags/tutorial_dag.py took 0.081 seconds
[2022-10-05T09:10:15.992+0000] {processor.py:156} INFO - Started process (PID=6627) to work on /home/airflow/.local/lib/python3.7/site-packages/airflow/example_dags/tutorial_dag.py
[2022-10-05T09:10:15.992+0000] {processor.py:758} INFO - Processing file /home/airflow/.local/lib/python3.7/site-packages/airflow/example_dags/tutorial_dag.py for tasks to queue
[2022-10-05T09:10:15.993+0000] {logging_mixin.py:117} INFO - [2022-10-05T09:10:15.993+0000] {dagbag.py:525} INFO - Filling up the DagBag from /home/airflow/.local/lib/python3.7/site-packages/airflow/example_dags/tutorial_dag.py
[2022-10-05T09:10:16.004+0000] {processor.py:768} INFO - DAG(s) dict_keys(['tutorial_dag']) retrieved from /home/airflow/.local/lib/python3.7/site-packages/airflow/example_dags/tutorial_dag.py
[2022-10-05T09:10:16.035+0000] {logging_mixin.py:117} INFO - [2022-10-05T09:10:16.035+0000] {dag.py:2573} INFO - Sync 1 DAGs
[2022-10-05T09:10:16.054+0000] {logging_mixin.py:117} INFO - [2022-10-05T09:10:16.054+0000] {dag.py:3328} INFO - Setting next_dagrun for tutorial_dag to None, run_after=None
[2022-10-05T09:10:16.068+0000] {processor.py:178} INFO - Processing /home/airflow/.local/lib/python3.7/site-packages/airflow/example_dags/tutorial_dag.py took 0.078 seconds
[2022-10-05T09:10:46.450+0000] {processor.py:156} INFO - Started process (PID=6834) to work on /home/airflow/.local/lib/python3.7/site-packages/airflow/example_dags/tutorial_dag.py
[2022-10-05T09:10:46.451+0000] {processor.py:758} INFO - Processing file /home/airflow/.local/lib/python3.7/site-packages/airflow/example_dags/tutorial_dag.py for tasks to queue
[2022-10-05T09:10:46.451+0000] {logging_mixin.py:117} INFO - [2022-10-05T09:10:46.451+0000] {dagbag.py:525} INFO - Filling up the DagBag from /home/airflow/.local/lib/python3.7/site-packages/airflow/example_dags/tutorial_dag.py
[2022-10-05T09:10:46.462+0000] {processor.py:768} INFO - DAG(s) dict_keys(['tutorial_dag']) retrieved from /home/airflow/.local/lib/python3.7/site-packages/airflow/example_dags/tutorial_dag.py
[2022-10-05T09:10:46.494+0000] {logging_mixin.py:117} INFO - [2022-10-05T09:10:46.494+0000] {dag.py:2573} INFO - Sync 1 DAGs
[2022-10-05T09:10:46.513+0000] {logging_mixin.py:117} INFO - [2022-10-05T09:10:46.513+0000] {dag.py:3328} INFO - Setting next_dagrun for tutorial_dag to None, run_after=None
[2022-10-05T09:10:46.527+0000] {processor.py:178} INFO - Processing /home/airflow/.local/lib/python3.7/site-packages/airflow/example_dags/tutorial_dag.py took 0.078 seconds
[2022-10-05T09:11:16.825+0000] {processor.py:156} INFO - Started process (PID=7041) to work on /home/airflow/.local/lib/python3.7/site-packages/airflow/example_dags/tutorial_dag.py
[2022-10-05T09:11:16.825+0000] {processor.py:758} INFO - Processing file /home/airflow/.local/lib/python3.7/site-packages/airflow/example_dags/tutorial_dag.py for tasks to queue
[2022-10-05T09:11:16.826+0000] {logging_mixin.py:117} INFO - [2022-10-05T09:11:16.826+0000] {dagbag.py:525} INFO - Filling up the DagBag from /home/airflow/.local/lib/python3.7/site-packages/airflow/example_dags/tutorial_dag.py
[2022-10-05T09:11:16.837+0000] {processor.py:768} INFO - DAG(s) dict_keys(['tutorial_dag']) retrieved from /home/airflow/.local/lib/python3.7/site-packages/airflow/example_dags/tutorial_dag.py
[2022-10-05T09:11:16.870+0000] {logging_mixin.py:117} INFO - [2022-10-05T09:11:16.870+0000] {dag.py:2573} INFO - Sync 1 DAGs
[2022-10-05T09:11:16.889+0000] {logging_mixin.py:117} INFO - [2022-10-05T09:11:16.889+0000] {dag.py:3328} INFO - Setting next_dagrun for tutorial_dag to None, run_after=None
[2022-10-05T09:11:16.904+0000] {processor.py:178} INFO - Processing /home/airflow/.local/lib/python3.7/site-packages/airflow/example_dags/tutorial_dag.py took 0.082 seconds
[2022-10-05T09:11:47.066+0000] {processor.py:156} INFO - Started process (PID=7248) to work on /home/airflow/.local/lib/python3.7/site-packages/airflow/example_dags/tutorial_dag.py
[2022-10-05T09:11:47.067+0000] {processor.py:758} INFO - Processing file /home/airflow/.local/lib/python3.7/site-packages/airflow/example_dags/tutorial_dag.py for tasks to queue
[2022-10-05T09:11:47.067+0000] {logging_mixin.py:117} INFO - [2022-10-05T09:11:47.067+0000] {dagbag.py:525} INFO - Filling up the DagBag from /home/airflow/.local/lib/python3.7/site-packages/airflow/example_dags/tutorial_dag.py
[2022-10-05T09:11:47.079+0000] {processor.py:768} INFO - DAG(s) dict_keys(['tutorial_dag']) retrieved from /home/airflow/.local/lib/python3.7/site-packages/airflow/example_dags/tutorial_dag.py
[2022-10-05T09:11:47.112+0000] {logging_mixin.py:117} INFO - [2022-10-05T09:11:47.112+0000] {dag.py:2573} INFO - Sync 1 DAGs
[2022-10-05T09:11:47.131+0000] {logging_mixin.py:117} INFO - [2022-10-05T09:11:47.131+0000] {dag.py:3328} INFO - Setting next_dagrun for tutorial_dag to None, run_after=None
[2022-10-05T09:11:47.146+0000] {processor.py:178} INFO - Processing /home/airflow/.local/lib/python3.7/site-packages/airflow/example_dags/tutorial_dag.py took 0.082 seconds
[2022-10-05T09:12:17.570+0000] {processor.py:156} INFO - Started process (PID=7446) to work on /home/airflow/.local/lib/python3.7/site-packages/airflow/example_dags/tutorial_dag.py
[2022-10-05T09:12:17.571+0000] {processor.py:758} INFO - Processing file /home/airflow/.local/lib/python3.7/site-packages/airflow/example_dags/tutorial_dag.py for tasks to queue
[2022-10-05T09:12:17.571+0000] {logging_mixin.py:117} INFO - [2022-10-05T09:12:17.571+0000] {dagbag.py:525} INFO - Filling up the DagBag from /home/airflow/.local/lib/python3.7/site-packages/airflow/example_dags/tutorial_dag.py
[2022-10-05T09:12:17.582+0000] {processor.py:768} INFO - DAG(s) dict_keys(['tutorial_dag']) retrieved from /home/airflow/.local/lib/python3.7/site-packages/airflow/example_dags/tutorial_dag.py
[2022-10-05T09:12:17.614+0000] {logging_mixin.py:117} INFO - [2022-10-05T09:12:17.614+0000] {dag.py:2573} INFO - Sync 1 DAGs
[2022-10-05T09:12:17.634+0000] {logging_mixin.py:117} INFO - [2022-10-05T09:12:17.634+0000] {dag.py:3328} INFO - Setting next_dagrun for tutorial_dag to None, run_after=None
[2022-10-05T09:12:17.648+0000] {processor.py:178} INFO - Processing /home/airflow/.local/lib/python3.7/site-packages/airflow/example_dags/tutorial_dag.py took 0.081 seconds
[2022-10-05T09:12:47.962+0000] {processor.py:156} INFO - Started process (PID=7653) to work on /home/airflow/.local/lib/python3.7/site-packages/airflow/example_dags/tutorial_dag.py
[2022-10-05T09:12:47.963+0000] {processor.py:758} INFO - Processing file /home/airflow/.local/lib/python3.7/site-packages/airflow/example_dags/tutorial_dag.py for tasks to queue
[2022-10-05T09:12:47.963+0000] {logging_mixin.py:117} INFO - [2022-10-05T09:12:47.963+0000] {dagbag.py:525} INFO - Filling up the DagBag from /home/airflow/.local/lib/python3.7/site-packages/airflow/example_dags/tutorial_dag.py
[2022-10-05T09:12:47.974+0000] {processor.py:768} INFO - DAG(s) dict_keys(['tutorial_dag']) retrieved from /home/airflow/.local/lib/python3.7/site-packages/airflow/example_dags/tutorial_dag.py
[2022-10-05T09:12:48.007+0000] {logging_mixin.py:117} INFO - [2022-10-05T09:12:48.006+0000] {dag.py:2573} INFO - Sync 1 DAGs
[2022-10-05T09:12:48.026+0000] {logging_mixin.py:117} INFO - [2022-10-05T09:12:48.026+0000] {dag.py:3328} INFO - Setting next_dagrun for tutorial_dag to None, run_after=None
[2022-10-05T09:12:48.039+0000] {processor.py:178} INFO - Processing /home/airflow/.local/lib/python3.7/site-packages/airflow/example_dags/tutorial_dag.py took 0.080 seconds
[2022-10-05T09:13:18.423+0000] {processor.py:156} INFO - Started process (PID=7860) to work on /home/airflow/.local/lib/python3.7/site-packages/airflow/example_dags/tutorial_dag.py
[2022-10-05T09:13:18.424+0000] {processor.py:758} INFO - Processing file /home/airflow/.local/lib/python3.7/site-packages/airflow/example_dags/tutorial_dag.py for tasks to queue
[2022-10-05T09:13:18.424+0000] {logging_mixin.py:117} INFO - [2022-10-05T09:13:18.424+0000] {dagbag.py:525} INFO - Filling up the DagBag from /home/airflow/.local/lib/python3.7/site-packages/airflow/example_dags/tutorial_dag.py
[2022-10-05T09:13:18.435+0000] {processor.py:768} INFO - DAG(s) dict_keys(['tutorial_dag']) retrieved from /home/airflow/.local/lib/python3.7/site-packages/airflow/example_dags/tutorial_dag.py
[2022-10-05T09:13:18.468+0000] {logging_mixin.py:117} INFO - [2022-10-05T09:13:18.467+0000] {dag.py:2573} INFO - Sync 1 DAGs
[2022-10-05T09:13:18.487+0000] {logging_mixin.py:117} INFO - [2022-10-05T09:13:18.486+0000] {dag.py:3328} INFO - Setting next_dagrun for tutorial_dag to None, run_after=None
[2022-10-05T09:13:18.501+0000] {processor.py:178} INFO - Processing /home/airflow/.local/lib/python3.7/site-packages/airflow/example_dags/tutorial_dag.py took 0.080 seconds
[2022-10-05T09:13:48.782+0000] {processor.py:156} INFO - Started process (PID=8067) to work on /home/airflow/.local/lib/python3.7/site-packages/airflow/example_dags/tutorial_dag.py
[2022-10-05T09:13:48.783+0000] {processor.py:758} INFO - Processing file /home/airflow/.local/lib/python3.7/site-packages/airflow/example_dags/tutorial_dag.py for tasks to queue
[2022-10-05T09:13:48.784+0000] {logging_mixin.py:117} INFO - [2022-10-05T09:13:48.784+0000] {dagbag.py:525} INFO - Filling up the DagBag from /home/airflow/.local/lib/python3.7/site-packages/airflow/example_dags/tutorial_dag.py
[2022-10-05T09:13:48.795+0000] {processor.py:768} INFO - DAG(s) dict_keys(['tutorial_dag']) retrieved from /home/airflow/.local/lib/python3.7/site-packages/airflow/example_dags/tutorial_dag.py
[2022-10-05T09:13:48.828+0000] {logging_mixin.py:117} INFO - [2022-10-05T09:13:48.827+0000] {dag.py:2573} INFO - Sync 1 DAGs
[2022-10-05T09:13:48.847+0000] {logging_mixin.py:117} INFO - [2022-10-05T09:13:48.847+0000] {dag.py:3328} INFO - Setting next_dagrun for tutorial_dag to None, run_after=None
[2022-10-05T09:13:48.862+0000] {processor.py:178} INFO - Processing /home/airflow/.local/lib/python3.7/site-packages/airflow/example_dags/tutorial_dag.py took 0.082 seconds
[2022-10-05T09:14:19.265+0000] {processor.py:156} INFO - Started process (PID=8265) to work on /home/airflow/.local/lib/python3.7/site-packages/airflow/example_dags/tutorial_dag.py
[2022-10-05T09:14:19.266+0000] {processor.py:758} INFO - Processing file /home/airflow/.local/lib/python3.7/site-packages/airflow/example_dags/tutorial_dag.py for tasks to queue
[2022-10-05T09:14:19.266+0000] {logging_mixin.py:117} INFO - [2022-10-05T09:14:19.266+0000] {dagbag.py:525} INFO - Filling up the DagBag from /home/airflow/.local/lib/python3.7/site-packages/airflow/example_dags/tutorial_dag.py
[2022-10-05T09:14:19.278+0000] {processor.py:768} INFO - DAG(s) dict_keys(['tutorial_dag']) retrieved from /home/airflow/.local/lib/python3.7/site-packages/airflow/example_dags/tutorial_dag.py
[2022-10-05T09:14:19.309+0000] {logging_mixin.py:117} INFO - [2022-10-05T09:14:19.309+0000] {dag.py:2573} INFO - Sync 1 DAGs
[2022-10-05T09:14:19.329+0000] {logging_mixin.py:117} INFO - [2022-10-05T09:14:19.329+0000] {dag.py:3328} INFO - Setting next_dagrun for tutorial_dag to None, run_after=None
[2022-10-05T09:14:19.343+0000] {processor.py:178} INFO - Processing /home/airflow/.local/lib/python3.7/site-packages/airflow/example_dags/tutorial_dag.py took 0.080 seconds
[2022-10-05T09:14:49.666+0000] {processor.py:156} INFO - Started process (PID=8472) to work on /home/airflow/.local/lib/python3.7/site-packages/airflow/example_dags/tutorial_dag.py
[2022-10-05T09:14:49.667+0000] {processor.py:758} INFO - Processing file /home/airflow/.local/lib/python3.7/site-packages/airflow/example_dags/tutorial_dag.py for tasks to queue
[2022-10-05T09:14:49.668+0000] {logging_mixin.py:117} INFO - [2022-10-05T09:14:49.667+0000] {dagbag.py:525} INFO - Filling up the DagBag from /home/airflow/.local/lib/python3.7/site-packages/airflow/example_dags/tutorial_dag.py
[2022-10-05T09:14:49.679+0000] {processor.py:768} INFO - DAG(s) dict_keys(['tutorial_dag']) retrieved from /home/airflow/.local/lib/python3.7/site-packages/airflow/example_dags/tutorial_dag.py
[2022-10-05T09:14:49.711+0000] {logging_mixin.py:117} INFO - [2022-10-05T09:14:49.711+0000] {dag.py:2573} INFO - Sync 1 DAGs
[2022-10-05T09:14:49.730+0000] {logging_mixin.py:117} INFO - [2022-10-05T09:14:49.730+0000] {dag.py:3328} INFO - Setting next_dagrun for tutorial_dag to None, run_after=None
[2022-10-05T09:14:49.744+0000] {processor.py:178} INFO - Processing /home/airflow/.local/lib/python3.7/site-packages/airflow/example_dags/tutorial_dag.py took 0.080 seconds
[2022-10-05T09:15:20.121+0000] {processor.py:156} INFO - Started process (PID=8679) to work on /home/airflow/.local/lib/python3.7/site-packages/airflow/example_dags/tutorial_dag.py
[2022-10-05T09:15:20.122+0000] {processor.py:758} INFO - Processing file /home/airflow/.local/lib/python3.7/site-packages/airflow/example_dags/tutorial_dag.py for tasks to queue
[2022-10-05T09:15:20.122+0000] {logging_mixin.py:117} INFO - [2022-10-05T09:15:20.122+0000] {dagbag.py:525} INFO - Filling up the DagBag from /home/airflow/.local/lib/python3.7/site-packages/airflow/example_dags/tutorial_dag.py
[2022-10-05T09:15:20.133+0000] {processor.py:768} INFO - DAG(s) dict_keys(['tutorial_dag']) retrieved from /home/airflow/.local/lib/python3.7/site-packages/airflow/example_dags/tutorial_dag.py
[2022-10-05T09:15:20.164+0000] {logging_mixin.py:117} INFO - [2022-10-05T09:15:20.164+0000] {dag.py:2573} INFO - Sync 1 DAGs
[2022-10-05T09:15:20.183+0000] {logging_mixin.py:117} INFO - [2022-10-05T09:15:20.183+0000] {dag.py:3328} INFO - Setting next_dagrun for tutorial_dag to None, run_after=None
[2022-10-05T09:15:20.196+0000] {processor.py:178} INFO - Processing /home/airflow/.local/lib/python3.7/site-packages/airflow/example_dags/tutorial_dag.py took 0.078 seconds
[2022-10-05T09:15:50.568+0000] {processor.py:156} INFO - Started process (PID=8886) to work on /home/airflow/.local/lib/python3.7/site-packages/airflow/example_dags/tutorial_dag.py
[2022-10-05T09:15:50.568+0000] {processor.py:758} INFO - Processing file /home/airflow/.local/lib/python3.7/site-packages/airflow/example_dags/tutorial_dag.py for tasks to queue
[2022-10-05T09:15:50.569+0000] {logging_mixin.py:117} INFO - [2022-10-05T09:15:50.569+0000] {dagbag.py:525} INFO - Filling up the DagBag from /home/airflow/.local/lib/python3.7/site-packages/airflow/example_dags/tutorial_dag.py
[2022-10-05T09:15:50.580+0000] {processor.py:768} INFO - DAG(s) dict_keys(['tutorial_dag']) retrieved from /home/airflow/.local/lib/python3.7/site-packages/airflow/example_dags/tutorial_dag.py
[2022-10-05T09:15:50.612+0000] {logging_mixin.py:117} INFO - [2022-10-05T09:15:50.612+0000] {dag.py:2573} INFO - Sync 1 DAGs
[2022-10-05T09:15:50.631+0000] {logging_mixin.py:117} INFO - [2022-10-05T09:15:50.631+0000] {dag.py:3328} INFO - Setting next_dagrun for tutorial_dag to None, run_after=None
[2022-10-05T09:15:50.646+0000] {processor.py:178} INFO - Processing /home/airflow/.local/lib/python3.7/site-packages/airflow/example_dags/tutorial_dag.py took 0.081 seconds
[2022-10-05T09:16:20.771+0000] {processor.py:156} INFO - Started process (PID=9084) to work on /home/airflow/.local/lib/python3.7/site-packages/airflow/example_dags/tutorial_dag.py
[2022-10-05T09:16:20.772+0000] {processor.py:758} INFO - Processing file /home/airflow/.local/lib/python3.7/site-packages/airflow/example_dags/tutorial_dag.py for tasks to queue
[2022-10-05T09:16:20.773+0000] {logging_mixin.py:117} INFO - [2022-10-05T09:16:20.772+0000] {dagbag.py:525} INFO - Filling up the DagBag from /home/airflow/.local/lib/python3.7/site-packages/airflow/example_dags/tutorial_dag.py
[2022-10-05T09:16:20.784+0000] {processor.py:768} INFO - DAG(s) dict_keys(['tutorial_dag']) retrieved from /home/airflow/.local/lib/python3.7/site-packages/airflow/example_dags/tutorial_dag.py
[2022-10-05T09:16:20.816+0000] {logging_mixin.py:117} INFO - [2022-10-05T09:16:20.816+0000] {dag.py:2573} INFO - Sync 1 DAGs
[2022-10-05T09:16:20.836+0000] {logging_mixin.py:117} INFO - [2022-10-05T09:16:20.836+0000] {dag.py:3328} INFO - Setting next_dagrun for tutorial_dag to None, run_after=None
[2022-10-05T09:16:20.850+0000] {processor.py:178} INFO - Processing /home/airflow/.local/lib/python3.7/site-packages/airflow/example_dags/tutorial_dag.py took 0.081 seconds
[2022-10-05T09:16:51.205+0000] {processor.py:156} INFO - Started process (PID=9291) to work on /home/airflow/.local/lib/python3.7/site-packages/airflow/example_dags/tutorial_dag.py
[2022-10-05T09:16:51.206+0000] {processor.py:758} INFO - Processing file /home/airflow/.local/lib/python3.7/site-packages/airflow/example_dags/tutorial_dag.py for tasks to queue
[2022-10-05T09:16:51.206+0000] {logging_mixin.py:117} INFO - [2022-10-05T09:16:51.206+0000] {dagbag.py:525} INFO - Filling up the DagBag from /home/airflow/.local/lib/python3.7/site-packages/airflow/example_dags/tutorial_dag.py
[2022-10-05T09:16:51.217+0000] {processor.py:768} INFO - DAG(s) dict_keys(['tutorial_dag']) retrieved from /home/airflow/.local/lib/python3.7/site-packages/airflow/example_dags/tutorial_dag.py
[2022-10-05T09:16:51.250+0000] {logging_mixin.py:117} INFO - [2022-10-05T09:16:51.250+0000] {dag.py:2573} INFO - Sync 1 DAGs
[2022-10-05T09:16:51.269+0000] {logging_mixin.py:117} INFO - [2022-10-05T09:16:51.269+0000] {dag.py:3328} INFO - Setting next_dagrun for tutorial_dag to None, run_after=None
[2022-10-05T09:16:51.282+0000] {processor.py:178} INFO - Processing /home/airflow/.local/lib/python3.7/site-packages/airflow/example_dags/tutorial_dag.py took 0.080 seconds
[2022-10-05T09:17:21.577+0000] {processor.py:156} INFO - Started process (PID=9498) to work on /home/airflow/.local/lib/python3.7/site-packages/airflow/example_dags/tutorial_dag.py
[2022-10-05T09:17:21.578+0000] {processor.py:758} INFO - Processing file /home/airflow/.local/lib/python3.7/site-packages/airflow/example_dags/tutorial_dag.py for tasks to queue
[2022-10-05T09:17:21.578+0000] {logging_mixin.py:117} INFO - [2022-10-05T09:17:21.578+0000] {dagbag.py:525} INFO - Filling up the DagBag from /home/airflow/.local/lib/python3.7/site-packages/airflow/example_dags/tutorial_dag.py
[2022-10-05T09:17:21.589+0000] {processor.py:768} INFO - DAG(s) dict_keys(['tutorial_dag']) retrieved from /home/airflow/.local/lib/python3.7/site-packages/airflow/example_dags/tutorial_dag.py
[2022-10-05T09:17:21.622+0000] {logging_mixin.py:117} INFO - [2022-10-05T09:17:21.622+0000] {dag.py:2573} INFO - Sync 1 DAGs
[2022-10-05T09:17:21.641+0000] {logging_mixin.py:117} INFO - [2022-10-05T09:17:21.641+0000] {dag.py:3328} INFO - Setting next_dagrun for tutorial_dag to None, run_after=None
[2022-10-05T09:17:21.654+0000] {processor.py:178} INFO - Processing /home/airflow/.local/lib/python3.7/site-packages/airflow/example_dags/tutorial_dag.py took 0.080 seconds
[2022-10-05T09:17:52.127+0000] {processor.py:156} INFO - Started process (PID=9705) to work on /home/airflow/.local/lib/python3.7/site-packages/airflow/example_dags/tutorial_dag.py
[2022-10-05T09:17:52.128+0000] {processor.py:758} INFO - Processing file /home/airflow/.local/lib/python3.7/site-packages/airflow/example_dags/tutorial_dag.py for tasks to queue
[2022-10-05T09:17:52.128+0000] {logging_mixin.py:117} INFO - [2022-10-05T09:17:52.128+0000] {dagbag.py:525} INFO - Filling up the DagBag from /home/airflow/.local/lib/python3.7/site-packages/airflow/example_dags/tutorial_dag.py
[2022-10-05T09:17:52.139+0000] {processor.py:768} INFO - DAG(s) dict_keys(['tutorial_dag']) retrieved from /home/airflow/.local/lib/python3.7/site-packages/airflow/example_dags/tutorial_dag.py
[2022-10-05T09:17:52.171+0000] {logging_mixin.py:117} INFO - [2022-10-05T09:17:52.171+0000] {dag.py:2573} INFO - Sync 1 DAGs
[2022-10-05T09:17:52.190+0000] {logging_mixin.py:117} INFO - [2022-10-05T09:17:52.190+0000] {dag.py:3328} INFO - Setting next_dagrun for tutorial_dag to None, run_after=None
[2022-10-05T09:17:52.203+0000] {processor.py:178} INFO - Processing /home/airflow/.local/lib/python3.7/site-packages/airflow/example_dags/tutorial_dag.py took 0.078 seconds
[2022-10-05T09:18:22.465+0000] {processor.py:156} INFO - Started process (PID=9903) to work on /home/airflow/.local/lib/python3.7/site-packages/airflow/example_dags/tutorial_dag.py
[2022-10-05T09:18:22.466+0000] {processor.py:758} INFO - Processing file /home/airflow/.local/lib/python3.7/site-packages/airflow/example_dags/tutorial_dag.py for tasks to queue
[2022-10-05T09:18:22.466+0000] {logging_mixin.py:117} INFO - [2022-10-05T09:18:22.466+0000] {dagbag.py:525} INFO - Filling up the DagBag from /home/airflow/.local/lib/python3.7/site-packages/airflow/example_dags/tutorial_dag.py
[2022-10-05T09:18:22.477+0000] {processor.py:768} INFO - DAG(s) dict_keys(['tutorial_dag']) retrieved from /home/airflow/.local/lib/python3.7/site-packages/airflow/example_dags/tutorial_dag.py
[2022-10-05T09:18:22.509+0000] {logging_mixin.py:117} INFO - [2022-10-05T09:18:22.509+0000] {dag.py:2573} INFO - Sync 1 DAGs
[2022-10-05T09:18:22.529+0000] {logging_mixin.py:117} INFO - [2022-10-05T09:18:22.529+0000] {dag.py:3328} INFO - Setting next_dagrun for tutorial_dag to None, run_after=None
[2022-10-05T09:18:22.543+0000] {processor.py:178} INFO - Processing /home/airflow/.local/lib/python3.7/site-packages/airflow/example_dags/tutorial_dag.py took 0.081 seconds
[2022-10-05T09:18:53.058+0000] {processor.py:156} INFO - Started process (PID=10110) to work on /home/airflow/.local/lib/python3.7/site-packages/airflow/example_dags/tutorial_dag.py
[2022-10-05T09:18:53.058+0000] {processor.py:758} INFO - Processing file /home/airflow/.local/lib/python3.7/site-packages/airflow/example_dags/tutorial_dag.py for tasks to queue
[2022-10-05T09:18:53.059+0000] {logging_mixin.py:117} INFO - [2022-10-05T09:18:53.059+0000] {dagbag.py:525} INFO - Filling up the DagBag from /home/airflow/.local/lib/python3.7/site-packages/airflow/example_dags/tutorial_dag.py
[2022-10-05T09:18:53.070+0000] {processor.py:768} INFO - DAG(s) dict_keys(['tutorial_dag']) retrieved from /home/airflow/.local/lib/python3.7/site-packages/airflow/example_dags/tutorial_dag.py
[2022-10-05T09:18:53.103+0000] {logging_mixin.py:117} INFO - [2022-10-05T09:18:53.103+0000] {dag.py:2573} INFO - Sync 1 DAGs
[2022-10-05T09:18:53.122+0000] {logging_mixin.py:117} INFO - [2022-10-05T09:18:53.122+0000] {dag.py:3328} INFO - Setting next_dagrun for tutorial_dag to None, run_after=None
[2022-10-05T09:18:53.136+0000] {processor.py:178} INFO - Processing /home/airflow/.local/lib/python3.7/site-packages/airflow/example_dags/tutorial_dag.py took 0.081 seconds
[2022-10-05T09:19:23.653+0000] {processor.py:156} INFO - Started process (PID=10317) to work on /home/airflow/.local/lib/python3.7/site-packages/airflow/example_dags/tutorial_dag.py
[2022-10-05T09:19:23.654+0000] {processor.py:758} INFO - Processing file /home/airflow/.local/lib/python3.7/site-packages/airflow/example_dags/tutorial_dag.py for tasks to queue
[2022-10-05T09:19:23.654+0000] {logging_mixin.py:117} INFO - [2022-10-05T09:19:23.654+0000] {dagbag.py:525} INFO - Filling up the DagBag from /home/airflow/.local/lib/python3.7/site-packages/airflow/example_dags/tutorial_dag.py
[2022-10-05T09:19:23.665+0000] {processor.py:768} INFO - DAG(s) dict_keys(['tutorial_dag']) retrieved from /home/airflow/.local/lib/python3.7/site-packages/airflow/example_dags/tutorial_dag.py
[2022-10-05T09:19:23.698+0000] {logging_mixin.py:117} INFO - [2022-10-05T09:19:23.698+0000] {dag.py:2573} INFO - Sync 1 DAGs
[2022-10-05T09:19:23.717+0000] {logging_mixin.py:117} INFO - [2022-10-05T09:19:23.717+0000] {dag.py:3328} INFO - Setting next_dagrun for tutorial_dag to None, run_after=None
[2022-10-05T09:19:23.731+0000] {processor.py:178} INFO - Processing /home/airflow/.local/lib/python3.7/site-packages/airflow/example_dags/tutorial_dag.py took 0.080 seconds
[2022-10-05T09:19:54.220+0000] {processor.py:156} INFO - Started process (PID=10524) to work on /home/airflow/.local/lib/python3.7/site-packages/airflow/example_dags/tutorial_dag.py
[2022-10-05T09:19:54.221+0000] {processor.py:758} INFO - Processing file /home/airflow/.local/lib/python3.7/site-packages/airflow/example_dags/tutorial_dag.py for tasks to queue
[2022-10-05T09:19:54.222+0000] {logging_mixin.py:117} INFO - [2022-10-05T09:19:54.221+0000] {dagbag.py:525} INFO - Filling up the DagBag from /home/airflow/.local/lib/python3.7/site-packages/airflow/example_dags/tutorial_dag.py
[2022-10-05T09:19:54.233+0000] {processor.py:768} INFO - DAG(s) dict_keys(['tutorial_dag']) retrieved from /home/airflow/.local/lib/python3.7/site-packages/airflow/example_dags/tutorial_dag.py
[2022-10-05T09:19:54.264+0000] {logging_mixin.py:117} INFO - [2022-10-05T09:19:54.264+0000] {dag.py:2573} INFO - Sync 1 DAGs
[2022-10-05T09:19:54.283+0000] {logging_mixin.py:117} INFO - [2022-10-05T09:19:54.283+0000] {dag.py:3328} INFO - Setting next_dagrun for tutorial_dag to None, run_after=None
[2022-10-05T09:19:54.298+0000] {processor.py:178} INFO - Processing /home/airflow/.local/lib/python3.7/site-packages/airflow/example_dags/tutorial_dag.py took 0.080 seconds
[2022-10-05T09:20:24.780+0000] {processor.py:156} INFO - Started process (PID=10722) to work on /home/airflow/.local/lib/python3.7/site-packages/airflow/example_dags/tutorial_dag.py
[2022-10-05T09:20:24.780+0000] {processor.py:758} INFO - Processing file /home/airflow/.local/lib/python3.7/site-packages/airflow/example_dags/tutorial_dag.py for tasks to queue
[2022-10-05T09:20:24.781+0000] {logging_mixin.py:117} INFO - [2022-10-05T09:20:24.781+0000] {dagbag.py:525} INFO - Filling up the DagBag from /home/airflow/.local/lib/python3.7/site-packages/airflow/example_dags/tutorial_dag.py
[2022-10-05T09:20:24.791+0000] {processor.py:768} INFO - DAG(s) dict_keys(['tutorial_dag']) retrieved from /home/airflow/.local/lib/python3.7/site-packages/airflow/example_dags/tutorial_dag.py
[2022-10-05T09:20:24.823+0000] {logging_mixin.py:117} INFO - [2022-10-05T09:20:24.823+0000] {dag.py:2573} INFO - Sync 1 DAGs
[2022-10-05T09:20:24.843+0000] {logging_mixin.py:117} INFO - [2022-10-05T09:20:24.843+0000] {dag.py:3328} INFO - Setting next_dagrun for tutorial_dag to None, run_after=None
[2022-10-05T09:20:24.858+0000] {processor.py:178} INFO - Processing /home/airflow/.local/lib/python3.7/site-packages/airflow/example_dags/tutorial_dag.py took 0.080 seconds
[2022-10-05T09:20:55.437+0000] {processor.py:156} INFO - Started process (PID=10929) to work on /home/airflow/.local/lib/python3.7/site-packages/airflow/example_dags/tutorial_dag.py
[2022-10-05T09:20:55.437+0000] {processor.py:758} INFO - Processing file /home/airflow/.local/lib/python3.7/site-packages/airflow/example_dags/tutorial_dag.py for tasks to queue
[2022-10-05T09:20:55.438+0000] {logging_mixin.py:117} INFO - [2022-10-05T09:20:55.438+0000] {dagbag.py:525} INFO - Filling up the DagBag from /home/airflow/.local/lib/python3.7/site-packages/airflow/example_dags/tutorial_dag.py
[2022-10-05T09:20:55.449+0000] {processor.py:768} INFO - DAG(s) dict_keys(['tutorial_dag']) retrieved from /home/airflow/.local/lib/python3.7/site-packages/airflow/example_dags/tutorial_dag.py
[2022-10-05T09:20:55.482+0000] {logging_mixin.py:117} INFO - [2022-10-05T09:20:55.482+0000] {dag.py:2573} INFO - Sync 1 DAGs
[2022-10-05T09:20:55.501+0000] {logging_mixin.py:117} INFO - [2022-10-05T09:20:55.501+0000] {dag.py:3328} INFO - Setting next_dagrun for tutorial_dag to None, run_after=None
[2022-10-05T09:20:55.515+0000] {processor.py:178} INFO - Processing /home/airflow/.local/lib/python3.7/site-packages/airflow/example_dags/tutorial_dag.py took 0.081 seconds
[2022-10-05T09:21:26.037+0000] {processor.py:156} INFO - Started process (PID=11136) to work on /home/airflow/.local/lib/python3.7/site-packages/airflow/example_dags/tutorial_dag.py
[2022-10-05T09:21:26.037+0000] {processor.py:758} INFO - Processing file /home/airflow/.local/lib/python3.7/site-packages/airflow/example_dags/tutorial_dag.py for tasks to queue
[2022-10-05T09:21:26.038+0000] {logging_mixin.py:117} INFO - [2022-10-05T09:21:26.038+0000] {dagbag.py:525} INFO - Filling up the DagBag from /home/airflow/.local/lib/python3.7/site-packages/airflow/example_dags/tutorial_dag.py
[2022-10-05T09:21:26.049+0000] {processor.py:768} INFO - DAG(s) dict_keys(['tutorial_dag']) retrieved from /home/airflow/.local/lib/python3.7/site-packages/airflow/example_dags/tutorial_dag.py
[2022-10-05T09:21:26.082+0000] {logging_mixin.py:117} INFO - [2022-10-05T09:21:26.081+0000] {dag.py:2573} INFO - Sync 1 DAGs
[2022-10-05T09:21:26.101+0000] {logging_mixin.py:117} INFO - [2022-10-05T09:21:26.100+0000] {dag.py:3328} INFO - Setting next_dagrun for tutorial_dag to None, run_after=None
[2022-10-05T09:21:26.115+0000] {processor.py:178} INFO - Processing /home/airflow/.local/lib/python3.7/site-packages/airflow/example_dags/tutorial_dag.py took 0.080 seconds
[2022-10-05T09:21:56.699+0000] {processor.py:156} INFO - Started process (PID=11343) to work on /home/airflow/.local/lib/python3.7/site-packages/airflow/example_dags/tutorial_dag.py
[2022-10-05T09:21:56.699+0000] {processor.py:758} INFO - Processing file /home/airflow/.local/lib/python3.7/site-packages/airflow/example_dags/tutorial_dag.py for tasks to queue
[2022-10-05T09:21:56.700+0000] {logging_mixin.py:117} INFO - [2022-10-05T09:21:56.700+0000] {dagbag.py:525} INFO - Filling up the DagBag from /home/airflow/.local/lib/python3.7/site-packages/airflow/example_dags/tutorial_dag.py
[2022-10-05T09:21:56.711+0000] {processor.py:768} INFO - DAG(s) dict_keys(['tutorial_dag']) retrieved from /home/airflow/.local/lib/python3.7/site-packages/airflow/example_dags/tutorial_dag.py
[2022-10-05T09:21:56.743+0000] {logging_mixin.py:117} INFO - [2022-10-05T09:21:56.743+0000] {dag.py:2573} INFO - Sync 1 DAGs
[2022-10-05T09:21:56.763+0000] {logging_mixin.py:117} INFO - [2022-10-05T09:21:56.762+0000] {dag.py:3328} INFO - Setting next_dagrun for tutorial_dag to None, run_after=None
[2022-10-05T09:21:56.776+0000] {processor.py:178} INFO - Processing /home/airflow/.local/lib/python3.7/site-packages/airflow/example_dags/tutorial_dag.py took 0.080 seconds
[2022-10-05T09:22:27.189+0000] {processor.py:156} INFO - Started process (PID=11550) to work on /home/airflow/.local/lib/python3.7/site-packages/airflow/example_dags/tutorial_dag.py
[2022-10-05T09:22:27.190+0000] {processor.py:758} INFO - Processing file /home/airflow/.local/lib/python3.7/site-packages/airflow/example_dags/tutorial_dag.py for tasks to queue
[2022-10-05T09:22:27.191+0000] {logging_mixin.py:117} INFO - [2022-10-05T09:22:27.190+0000] {dagbag.py:525} INFO - Filling up the DagBag from /home/airflow/.local/lib/python3.7/site-packages/airflow/example_dags/tutorial_dag.py
[2022-10-05T09:22:27.203+0000] {processor.py:768} INFO - DAG(s) dict_keys(['tutorial_dag']) retrieved from /home/airflow/.local/lib/python3.7/site-packages/airflow/example_dags/tutorial_dag.py
[2022-10-05T09:22:27.237+0000] {logging_mixin.py:117} INFO - [2022-10-05T09:22:27.236+0000] {dag.py:2573} INFO - Sync 1 DAGs
[2022-10-05T09:22:27.257+0000] {logging_mixin.py:117} INFO - [2022-10-05T09:22:27.257+0000] {dag.py:3328} INFO - Setting next_dagrun for tutorial_dag to None, run_after=None
[2022-10-05T09:22:27.271+0000] {processor.py:178} INFO - Processing /home/airflow/.local/lib/python3.7/site-packages/airflow/example_dags/tutorial_dag.py took 0.084 seconds
[2022-10-05T09:22:57.683+0000] {processor.py:156} INFO - Started process (PID=11748) to work on /home/airflow/.local/lib/python3.7/site-packages/airflow/example_dags/tutorial_dag.py
[2022-10-05T09:22:57.684+0000] {processor.py:758} INFO - Processing file /home/airflow/.local/lib/python3.7/site-packages/airflow/example_dags/tutorial_dag.py for tasks to queue
[2022-10-05T09:22:57.684+0000] {logging_mixin.py:117} INFO - [2022-10-05T09:22:57.684+0000] {dagbag.py:525} INFO - Filling up the DagBag from /home/airflow/.local/lib/python3.7/site-packages/airflow/example_dags/tutorial_dag.py
[2022-10-05T09:22:57.695+0000] {processor.py:768} INFO - DAG(s) dict_keys(['tutorial_dag']) retrieved from /home/airflow/.local/lib/python3.7/site-packages/airflow/example_dags/tutorial_dag.py
[2022-10-05T09:22:57.727+0000] {logging_mixin.py:117} INFO - [2022-10-05T09:22:57.727+0000] {dag.py:2573} INFO - Sync 1 DAGs
[2022-10-05T09:22:57.747+0000] {logging_mixin.py:117} INFO - [2022-10-05T09:22:57.746+0000] {dag.py:3328} INFO - Setting next_dagrun for tutorial_dag to None, run_after=None
[2022-10-05T09:22:57.760+0000] {processor.py:178} INFO - Processing /home/airflow/.local/lib/python3.7/site-packages/airflow/example_dags/tutorial_dag.py took 0.079 seconds
[2022-10-05T09:23:28.041+0000] {processor.py:156} INFO - Started process (PID=11955) to work on /home/airflow/.local/lib/python3.7/site-packages/airflow/example_dags/tutorial_dag.py
[2022-10-05T09:23:28.042+0000] {processor.py:758} INFO - Processing file /home/airflow/.local/lib/python3.7/site-packages/airflow/example_dags/tutorial_dag.py for tasks to queue
[2022-10-05T09:23:28.042+0000] {logging_mixin.py:117} INFO - [2022-10-05T09:23:28.042+0000] {dagbag.py:525} INFO - Filling up the DagBag from /home/airflow/.local/lib/python3.7/site-packages/airflow/example_dags/tutorial_dag.py
[2022-10-05T09:23:28.053+0000] {processor.py:768} INFO - DAG(s) dict_keys(['tutorial_dag']) retrieved from /home/airflow/.local/lib/python3.7/site-packages/airflow/example_dags/tutorial_dag.py
[2022-10-05T09:23:28.085+0000] {logging_mixin.py:117} INFO - [2022-10-05T09:23:28.084+0000] {dag.py:2573} INFO - Sync 1 DAGs
[2022-10-05T09:23:28.104+0000] {logging_mixin.py:117} INFO - [2022-10-05T09:23:28.103+0000] {dag.py:3328} INFO - Setting next_dagrun for tutorial_dag to None, run_after=None
[2022-10-05T09:23:28.117+0000] {processor.py:178} INFO - Processing /home/airflow/.local/lib/python3.7/site-packages/airflow/example_dags/tutorial_dag.py took 0.079 seconds
[2022-10-05T09:23:58.460+0000] {processor.py:156} INFO - Started process (PID=12162) to work on /home/airflow/.local/lib/python3.7/site-packages/airflow/example_dags/tutorial_dag.py
[2022-10-05T09:23:58.461+0000] {processor.py:758} INFO - Processing file /home/airflow/.local/lib/python3.7/site-packages/airflow/example_dags/tutorial_dag.py for tasks to queue
[2022-10-05T09:23:58.462+0000] {logging_mixin.py:117} INFO - [2022-10-05T09:23:58.461+0000] {dagbag.py:525} INFO - Filling up the DagBag from /home/airflow/.local/lib/python3.7/site-packages/airflow/example_dags/tutorial_dag.py
[2022-10-05T09:23:58.473+0000] {processor.py:768} INFO - DAG(s) dict_keys(['tutorial_dag']) retrieved from /home/airflow/.local/lib/python3.7/site-packages/airflow/example_dags/tutorial_dag.py
[2022-10-05T09:23:58.505+0000] {logging_mixin.py:117} INFO - [2022-10-05T09:23:58.505+0000] {dag.py:2573} INFO - Sync 1 DAGs
[2022-10-05T09:23:58.524+0000] {logging_mixin.py:117} INFO - [2022-10-05T09:23:58.524+0000] {dag.py:3328} INFO - Setting next_dagrun for tutorial_dag to None, run_after=None
[2022-10-05T09:23:58.538+0000] {processor.py:178} INFO - Processing /home/airflow/.local/lib/python3.7/site-packages/airflow/example_dags/tutorial_dag.py took 0.079 seconds
[2022-10-05T09:24:28.906+0000] {processor.py:156} INFO - Started process (PID=12369) to work on /home/airflow/.local/lib/python3.7/site-packages/airflow/example_dags/tutorial_dag.py
[2022-10-05T09:24:28.907+0000] {processor.py:758} INFO - Processing file /home/airflow/.local/lib/python3.7/site-packages/airflow/example_dags/tutorial_dag.py for tasks to queue
[2022-10-05T09:24:28.907+0000] {logging_mixin.py:117} INFO - [2022-10-05T09:24:28.907+0000] {dagbag.py:525} INFO - Filling up the DagBag from /home/airflow/.local/lib/python3.7/site-packages/airflow/example_dags/tutorial_dag.py
[2022-10-05T09:24:28.918+0000] {processor.py:768} INFO - DAG(s) dict_keys(['tutorial_dag']) retrieved from /home/airflow/.local/lib/python3.7/site-packages/airflow/example_dags/tutorial_dag.py
[2022-10-05T09:24:28.950+0000] {logging_mixin.py:117} INFO - [2022-10-05T09:24:28.950+0000] {dag.py:2573} INFO - Sync 1 DAGs
[2022-10-05T09:24:28.970+0000] {logging_mixin.py:117} INFO - [2022-10-05T09:24:28.970+0000] {dag.py:3328} INFO - Setting next_dagrun for tutorial_dag to None, run_after=None
[2022-10-05T09:24:28.984+0000] {processor.py:178} INFO - Processing /home/airflow/.local/lib/python3.7/site-packages/airflow/example_dags/tutorial_dag.py took 0.080 seconds
[2022-10-05T09:24:59.241+0000] {processor.py:156} INFO - Started process (PID=12567) to work on /home/airflow/.local/lib/python3.7/site-packages/airflow/example_dags/tutorial_dag.py
[2022-10-05T09:24:59.242+0000] {processor.py:758} INFO - Processing file /home/airflow/.local/lib/python3.7/site-packages/airflow/example_dags/tutorial_dag.py for tasks to queue
[2022-10-05T09:24:59.242+0000] {logging_mixin.py:117} INFO - [2022-10-05T09:24:59.242+0000] {dagbag.py:525} INFO - Filling up the DagBag from /home/airflow/.local/lib/python3.7/site-packages/airflow/example_dags/tutorial_dag.py
[2022-10-05T09:24:59.253+0000] {processor.py:768} INFO - DAG(s) dict_keys(['tutorial_dag']) retrieved from /home/airflow/.local/lib/python3.7/site-packages/airflow/example_dags/tutorial_dag.py
[2022-10-05T09:24:59.285+0000] {logging_mixin.py:117} INFO - [2022-10-05T09:24:59.285+0000] {dag.py:2573} INFO - Sync 1 DAGs
[2022-10-05T09:24:59.305+0000] {logging_mixin.py:117} INFO - [2022-10-05T09:24:59.305+0000] {dag.py:3328} INFO - Setting next_dagrun for tutorial_dag to None, run_after=None
[2022-10-05T09:24:59.319+0000] {processor.py:178} INFO - Processing /home/airflow/.local/lib/python3.7/site-packages/airflow/example_dags/tutorial_dag.py took 0.081 seconds
[2022-10-05T09:25:29.629+0000] {processor.py:156} INFO - Started process (PID=12774) to work on /home/airflow/.local/lib/python3.7/site-packages/airflow/example_dags/tutorial_dag.py
[2022-10-05T09:25:29.630+0000] {processor.py:758} INFO - Processing file /home/airflow/.local/lib/python3.7/site-packages/airflow/example_dags/tutorial_dag.py for tasks to queue
[2022-10-05T09:25:29.630+0000] {logging_mixin.py:117} INFO - [2022-10-05T09:25:29.630+0000] {dagbag.py:525} INFO - Filling up the DagBag from /home/airflow/.local/lib/python3.7/site-packages/airflow/example_dags/tutorial_dag.py
[2022-10-05T09:25:29.642+0000] {processor.py:768} INFO - DAG(s) dict_keys(['tutorial_dag']) retrieved from /home/airflow/.local/lib/python3.7/site-packages/airflow/example_dags/tutorial_dag.py
[2022-10-05T09:25:29.674+0000] {logging_mixin.py:117} INFO - [2022-10-05T09:25:29.674+0000] {dag.py:2573} INFO - Sync 1 DAGs
[2022-10-05T09:25:29.693+0000] {logging_mixin.py:117} INFO - [2022-10-05T09:25:29.692+0000] {dag.py:3328} INFO - Setting next_dagrun for tutorial_dag to None, run_after=None
[2022-10-05T09:25:29.706+0000] {processor.py:178} INFO - Processing /home/airflow/.local/lib/python3.7/site-packages/airflow/example_dags/tutorial_dag.py took 0.079 seconds
[2022-10-05T09:26:00.021+0000] {processor.py:156} INFO - Started process (PID=12981) to work on /home/airflow/.local/lib/python3.7/site-packages/airflow/example_dags/tutorial_dag.py
[2022-10-05T09:26:00.022+0000] {processor.py:758} INFO - Processing file /home/airflow/.local/lib/python3.7/site-packages/airflow/example_dags/tutorial_dag.py for tasks to queue
[2022-10-05T09:26:00.023+0000] {logging_mixin.py:117} INFO - [2022-10-05T09:26:00.022+0000] {dagbag.py:525} INFO - Filling up the DagBag from /home/airflow/.local/lib/python3.7/site-packages/airflow/example_dags/tutorial_dag.py
[2022-10-05T09:26:00.034+0000] {processor.py:768} INFO - DAG(s) dict_keys(['tutorial_dag']) retrieved from /home/airflow/.local/lib/python3.7/site-packages/airflow/example_dags/tutorial_dag.py
[2022-10-05T09:26:00.066+0000] {logging_mixin.py:117} INFO - [2022-10-05T09:26:00.066+0000] {dag.py:2573} INFO - Sync 1 DAGs
[2022-10-05T09:26:00.085+0000] {logging_mixin.py:117} INFO - [2022-10-05T09:26:00.085+0000] {dag.py:3328} INFO - Setting next_dagrun for tutorial_dag to None, run_after=None
[2022-10-05T09:26:00.099+0000] {processor.py:178} INFO - Processing /home/airflow/.local/lib/python3.7/site-packages/airflow/example_dags/tutorial_dag.py took 0.080 seconds
[2022-10-05T09:26:30.433+0000] {processor.py:156} INFO - Started process (PID=13188) to work on /home/airflow/.local/lib/python3.7/site-packages/airflow/example_dags/tutorial_dag.py
[2022-10-05T09:26:30.434+0000] {processor.py:758} INFO - Processing file /home/airflow/.local/lib/python3.7/site-packages/airflow/example_dags/tutorial_dag.py for tasks to queue
[2022-10-05T09:26:30.434+0000] {logging_mixin.py:117} INFO - [2022-10-05T09:26:30.434+0000] {dagbag.py:525} INFO - Filling up the DagBag from /home/airflow/.local/lib/python3.7/site-packages/airflow/example_dags/tutorial_dag.py
[2022-10-05T09:26:30.446+0000] {processor.py:768} INFO - DAG(s) dict_keys(['tutorial_dag']) retrieved from /home/airflow/.local/lib/python3.7/site-packages/airflow/example_dags/tutorial_dag.py
[2022-10-05T09:26:30.477+0000] {logging_mixin.py:117} INFO - [2022-10-05T09:26:30.477+0000] {dag.py:2573} INFO - Sync 1 DAGs
[2022-10-05T09:26:30.496+0000] {logging_mixin.py:117} INFO - [2022-10-05T09:26:30.496+0000] {dag.py:3328} INFO - Setting next_dagrun for tutorial_dag to None, run_after=None
[2022-10-05T09:26:30.511+0000] {processor.py:178} INFO - Processing /home/airflow/.local/lib/python3.7/site-packages/airflow/example_dags/tutorial_dag.py took 0.080 seconds
[2022-10-05T09:27:00.804+0000] {processor.py:156} INFO - Started process (PID=13386) to work on /home/airflow/.local/lib/python3.7/site-packages/airflow/example_dags/tutorial_dag.py
[2022-10-05T09:27:00.804+0000] {processor.py:758} INFO - Processing file /home/airflow/.local/lib/python3.7/site-packages/airflow/example_dags/tutorial_dag.py for tasks to queue
[2022-10-05T09:27:00.805+0000] {logging_mixin.py:117} INFO - [2022-10-05T09:27:00.805+0000] {dagbag.py:525} INFO - Filling up the DagBag from /home/airflow/.local/lib/python3.7/site-packages/airflow/example_dags/tutorial_dag.py
[2022-10-05T09:27:00.816+0000] {processor.py:768} INFO - DAG(s) dict_keys(['tutorial_dag']) retrieved from /home/airflow/.local/lib/python3.7/site-packages/airflow/example_dags/tutorial_dag.py
[2022-10-05T09:27:00.847+0000] {logging_mixin.py:117} INFO - [2022-10-05T09:27:00.847+0000] {dag.py:2573} INFO - Sync 1 DAGs
[2022-10-05T09:27:00.867+0000] {logging_mixin.py:117} INFO - [2022-10-05T09:27:00.867+0000] {dag.py:3328} INFO - Setting next_dagrun for tutorial_dag to None, run_after=None
[2022-10-05T09:27:00.881+0000] {processor.py:178} INFO - Processing /home/airflow/.local/lib/python3.7/site-packages/airflow/example_dags/tutorial_dag.py took 0.079 seconds
[2022-10-05T09:27:31.174+0000] {processor.py:156} INFO - Started process (PID=13593) to work on /home/airflow/.local/lib/python3.7/site-packages/airflow/example_dags/tutorial_dag.py
[2022-10-05T09:27:31.175+0000] {processor.py:758} INFO - Processing file /home/airflow/.local/lib/python3.7/site-packages/airflow/example_dags/tutorial_dag.py for tasks to queue
[2022-10-05T09:27:31.175+0000] {logging_mixin.py:117} INFO - [2022-10-05T09:27:31.175+0000] {dagbag.py:525} INFO - Filling up the DagBag from /home/airflow/.local/lib/python3.7/site-packages/airflow/example_dags/tutorial_dag.py
[2022-10-05T09:27:31.187+0000] {processor.py:768} INFO - DAG(s) dict_keys(['tutorial_dag']) retrieved from /home/airflow/.local/lib/python3.7/site-packages/airflow/example_dags/tutorial_dag.py
[2022-10-05T09:27:31.219+0000] {logging_mixin.py:117} INFO - [2022-10-05T09:27:31.219+0000] {dag.py:2573} INFO - Sync 1 DAGs
[2022-10-05T09:27:31.238+0000] {logging_mixin.py:117} INFO - [2022-10-05T09:27:31.238+0000] {dag.py:3328} INFO - Setting next_dagrun for tutorial_dag to None, run_after=None
[2022-10-05T09:27:31.251+0000] {processor.py:178} INFO - Processing /home/airflow/.local/lib/python3.7/site-packages/airflow/example_dags/tutorial_dag.py took 0.080 seconds
[2022-10-05T09:28:01.536+0000] {processor.py:156} INFO - Started process (PID=13800) to work on /home/airflow/.local/lib/python3.7/site-packages/airflow/example_dags/tutorial_dag.py
[2022-10-05T09:28:01.537+0000] {processor.py:758} INFO - Processing file /home/airflow/.local/lib/python3.7/site-packages/airflow/example_dags/tutorial_dag.py for tasks to queue
[2022-10-05T09:28:01.537+0000] {logging_mixin.py:117} INFO - [2022-10-05T09:28:01.537+0000] {dagbag.py:525} INFO - Filling up the DagBag from /home/airflow/.local/lib/python3.7/site-packages/airflow/example_dags/tutorial_dag.py
[2022-10-05T09:28:01.549+0000] {processor.py:768} INFO - DAG(s) dict_keys(['tutorial_dag']) retrieved from /home/airflow/.local/lib/python3.7/site-packages/airflow/example_dags/tutorial_dag.py
[2022-10-05T09:28:01.581+0000] {logging_mixin.py:117} INFO - [2022-10-05T09:28:01.581+0000] {dag.py:2573} INFO - Sync 1 DAGs
[2022-10-05T09:28:01.600+0000] {logging_mixin.py:117} INFO - [2022-10-05T09:28:01.600+0000] {dag.py:3328} INFO - Setting next_dagrun for tutorial_dag to None, run_after=None
[2022-10-05T09:28:01.614+0000] {processor.py:178} INFO - Processing /home/airflow/.local/lib/python3.7/site-packages/airflow/example_dags/tutorial_dag.py took 0.081 seconds
[2022-10-05T09:28:31.947+0000] {processor.py:156} INFO - Started process (PID=14007) to work on /home/airflow/.local/lib/python3.7/site-packages/airflow/example_dags/tutorial_dag.py
[2022-10-05T09:28:31.948+0000] {processor.py:758} INFO - Processing file /home/airflow/.local/lib/python3.7/site-packages/airflow/example_dags/tutorial_dag.py for tasks to queue
[2022-10-05T09:28:31.948+0000] {logging_mixin.py:117} INFO - [2022-10-05T09:28:31.948+0000] {dagbag.py:525} INFO - Filling up the DagBag from /home/airflow/.local/lib/python3.7/site-packages/airflow/example_dags/tutorial_dag.py
[2022-10-05T09:28:31.959+0000] {processor.py:768} INFO - DAG(s) dict_keys(['tutorial_dag']) retrieved from /home/airflow/.local/lib/python3.7/site-packages/airflow/example_dags/tutorial_dag.py
[2022-10-05T09:28:31.991+0000] {logging_mixin.py:117} INFO - [2022-10-05T09:28:31.990+0000] {dag.py:2573} INFO - Sync 1 DAGs
[2022-10-05T09:28:32.009+0000] {logging_mixin.py:117} INFO - [2022-10-05T09:28:32.009+0000] {dag.py:3328} INFO - Setting next_dagrun for tutorial_dag to None, run_after=None
[2022-10-05T09:28:32.024+0000] {processor.py:178} INFO - Processing /home/airflow/.local/lib/python3.7/site-packages/airflow/example_dags/tutorial_dag.py took 0.080 seconds
[2022-10-05T09:29:02.277+0000] {processor.py:156} INFO - Started process (PID=14205) to work on /home/airflow/.local/lib/python3.7/site-packages/airflow/example_dags/tutorial_dag.py
[2022-10-05T09:29:02.278+0000] {processor.py:758} INFO - Processing file /home/airflow/.local/lib/python3.7/site-packages/airflow/example_dags/tutorial_dag.py for tasks to queue
[2022-10-05T09:29:02.278+0000] {logging_mixin.py:117} INFO - [2022-10-05T09:29:02.278+0000] {dagbag.py:525} INFO - Filling up the DagBag from /home/airflow/.local/lib/python3.7/site-packages/airflow/example_dags/tutorial_dag.py
[2022-10-05T09:29:02.288+0000] {processor.py:768} INFO - DAG(s) dict_keys(['tutorial_dag']) retrieved from /home/airflow/.local/lib/python3.7/site-packages/airflow/example_dags/tutorial_dag.py
[2022-10-05T09:29:02.320+0000] {logging_mixin.py:117} INFO - [2022-10-05T09:29:02.320+0000] {dag.py:2573} INFO - Sync 1 DAGs
[2022-10-05T09:29:02.340+0000] {logging_mixin.py:117} INFO - [2022-10-05T09:29:02.340+0000] {dag.py:3328} INFO - Setting next_dagrun for tutorial_dag to None, run_after=None
[2022-10-05T09:29:02.353+0000] {processor.py:178} INFO - Processing /home/airflow/.local/lib/python3.7/site-packages/airflow/example_dags/tutorial_dag.py took 0.079 seconds
[2022-10-05T09:29:32.850+0000] {processor.py:156} INFO - Started process (PID=14412) to work on /home/airflow/.local/lib/python3.7/site-packages/airflow/example_dags/tutorial_dag.py
[2022-10-05T09:29:32.851+0000] {processor.py:758} INFO - Processing file /home/airflow/.local/lib/python3.7/site-packages/airflow/example_dags/tutorial_dag.py for tasks to queue
[2022-10-05T09:29:32.851+0000] {logging_mixin.py:117} INFO - [2022-10-05T09:29:32.851+0000] {dagbag.py:525} INFO - Filling up the DagBag from /home/airflow/.local/lib/python3.7/site-packages/airflow/example_dags/tutorial_dag.py
[2022-10-05T09:29:32.862+0000] {processor.py:768} INFO - DAG(s) dict_keys(['tutorial_dag']) retrieved from /home/airflow/.local/lib/python3.7/site-packages/airflow/example_dags/tutorial_dag.py
[2022-10-05T09:29:32.895+0000] {logging_mixin.py:117} INFO - [2022-10-05T09:29:32.894+0000] {dag.py:2573} INFO - Sync 1 DAGs
[2022-10-05T09:29:32.914+0000] {logging_mixin.py:117} INFO - [2022-10-05T09:29:32.913+0000] {dag.py:3328} INFO - Setting next_dagrun for tutorial_dag to None, run_after=None
[2022-10-05T09:29:32.927+0000] {processor.py:178} INFO - Processing /home/airflow/.local/lib/python3.7/site-packages/airflow/example_dags/tutorial_dag.py took 0.080 seconds
[2022-10-05T09:30:03.204+0000] {processor.py:156} INFO - Started process (PID=14619) to work on /home/airflow/.local/lib/python3.7/site-packages/airflow/example_dags/tutorial_dag.py
[2022-10-05T09:30:03.205+0000] {processor.py:758} INFO - Processing file /home/airflow/.local/lib/python3.7/site-packages/airflow/example_dags/tutorial_dag.py for tasks to queue
[2022-10-05T09:30:03.206+0000] {logging_mixin.py:117} INFO - [2022-10-05T09:30:03.205+0000] {dagbag.py:525} INFO - Filling up the DagBag from /home/airflow/.local/lib/python3.7/site-packages/airflow/example_dags/tutorial_dag.py
[2022-10-05T09:30:03.217+0000] {processor.py:768} INFO - DAG(s) dict_keys(['tutorial_dag']) retrieved from /home/airflow/.local/lib/python3.7/site-packages/airflow/example_dags/tutorial_dag.py
[2022-10-05T09:30:03.249+0000] {logging_mixin.py:117} INFO - [2022-10-05T09:30:03.248+0000] {dag.py:2573} INFO - Sync 1 DAGs
[2022-10-05T09:30:03.267+0000] {logging_mixin.py:117} INFO - [2022-10-05T09:30:03.267+0000] {dag.py:3328} INFO - Setting next_dagrun for tutorial_dag to None, run_after=None
[2022-10-05T09:30:03.281+0000] {processor.py:178} INFO - Processing /home/airflow/.local/lib/python3.7/site-packages/airflow/example_dags/tutorial_dag.py took 0.079 seconds
[2022-10-05T09:30:33.608+0000] {processor.py:156} INFO - Started process (PID=14826) to work on /home/airflow/.local/lib/python3.7/site-packages/airflow/example_dags/tutorial_dag.py
[2022-10-05T09:30:33.609+0000] {processor.py:758} INFO - Processing file /home/airflow/.local/lib/python3.7/site-packages/airflow/example_dags/tutorial_dag.py for tasks to queue
[2022-10-05T09:30:33.609+0000] {logging_mixin.py:117} INFO - [2022-10-05T09:30:33.609+0000] {dagbag.py:525} INFO - Filling up the DagBag from /home/airflow/.local/lib/python3.7/site-packages/airflow/example_dags/tutorial_dag.py
[2022-10-05T09:30:33.621+0000] {processor.py:768} INFO - DAG(s) dict_keys(['tutorial_dag']) retrieved from /home/airflow/.local/lib/python3.7/site-packages/airflow/example_dags/tutorial_dag.py
[2022-10-05T09:30:33.652+0000] {logging_mixin.py:117} INFO - [2022-10-05T09:30:33.652+0000] {dag.py:2573} INFO - Sync 1 DAGs
[2022-10-05T09:30:33.671+0000] {logging_mixin.py:117} INFO - [2022-10-05T09:30:33.671+0000] {dag.py:3328} INFO - Setting next_dagrun for tutorial_dag to None, run_after=None
[2022-10-05T09:30:33.685+0000] {processor.py:178} INFO - Processing /home/airflow/.local/lib/python3.7/site-packages/airflow/example_dags/tutorial_dag.py took 0.079 seconds
[2022-10-05T09:31:04.050+0000] {processor.py:156} INFO - Started process (PID=15024) to work on /home/airflow/.local/lib/python3.7/site-packages/airflow/example_dags/tutorial_dag.py
[2022-10-05T09:31:04.051+0000] {processor.py:758} INFO - Processing file /home/airflow/.local/lib/python3.7/site-packages/airflow/example_dags/tutorial_dag.py for tasks to queue
[2022-10-05T09:31:04.051+0000] {logging_mixin.py:117} INFO - [2022-10-05T09:31:04.051+0000] {dagbag.py:525} INFO - Filling up the DagBag from /home/airflow/.local/lib/python3.7/site-packages/airflow/example_dags/tutorial_dag.py
[2022-10-05T09:31:04.062+0000] {processor.py:768} INFO - DAG(s) dict_keys(['tutorial_dag']) retrieved from /home/airflow/.local/lib/python3.7/site-packages/airflow/example_dags/tutorial_dag.py
[2022-10-05T09:31:04.094+0000] {logging_mixin.py:117} INFO - [2022-10-05T09:31:04.094+0000] {dag.py:2573} INFO - Sync 1 DAGs
[2022-10-05T09:31:04.114+0000] {logging_mixin.py:117} INFO - [2022-10-05T09:31:04.114+0000] {dag.py:3328} INFO - Setting next_dagrun for tutorial_dag to None, run_after=None
[2022-10-05T09:31:04.127+0000] {processor.py:178} INFO - Processing /home/airflow/.local/lib/python3.7/site-packages/airflow/example_dags/tutorial_dag.py took 0.080 seconds
